Starting performance analysis at Tue Jul 22 05:16:45 PM PDT 2025
=============================================================
Extracting queries from analyze_refresh_static_refs_performance.sql...

EXECUTING: 1. TRUNCATE static_refs_1m_actives_stage
=============================================================
QUERY:
EXPLAIN (ANALYZE, BUFFERS, VERBOSE) TRUNCATE static_refs_1m_actives_stage;
-------------------------------------------------------------
RESULTS:
ERROR:  syntax error at or near "TRUNCATE"
LINE 1: EXPLAIN (ANALYZE, BUFFERS, VERBOSE) TRUNCATE static_refs_1m_...
                                            ^
=============================================================

EXECUTING: 2. INSERT INTO static_refs_1m_actives_stage
=============================================================
QUERY:
EXPLAIN (ANALYZE, BUFFERS, VERBOSE) 
INSERT INTO static_refs_1m_actives_stage (ticker)
SELECT DISTINCT s.ticker
FROM securities s
WHERE s.active = TRUE;
-------------------------------------------------------------
RESULTS:
                                                                                  QUERY PLAN                                                                                  
------------------------------------------------------------------------------------------------------------------------------------------------------------------------------
 Insert on public.static_refs_1m_actives_stage  (cost=0.29..1602.35 rows=0 width=0) (actual time=512.106..512.109 rows=0 loops=1)
   Buffers: shared hit=100269 read=1 dirtied=202 written=202
   I/O Timings: shared read=0.874 write=11.498
   ->  Subquery Scan on "*SELECT*"  (cost=0.29..1602.35 rows=26950 width=32) (actual time=0.230..236.631 rows=27834 loops=1)
         Output: "*SELECT*".ticker
         Buffers: shared hit=16835
         ->  Unique  (cost=0.29..1602.35 rows=26950 width=4) (actual time=0.226..176.544 rows=27834 loops=1)
               Output: s.ticker
               Buffers: shared hit=16835
               ->  Index Only Scan using unique_ticker_active on public.securities s  (cost=0.29..1532.62 rows=27892 width=4) (actual time=0.224..112.459 rows=27834 loops=1)
                     Output: s.ticker
                     Index Cond: (s.active = true)
                     Heap Fetches: 17239
                     Buffers: shared hit=16835
 Query Identifier: -3230826026695631893
 Planning:
   Buffers: shared hit=768 read=32 dirtied=1
   I/O Timings: shared read=6.956
 Planning Time: 83.970 ms
 Execution Time: 512.459 ms
(20 rows)

=============================================================

EXECUTING: 3. TRUNCATE static_refs_1m_prices_stage
=============================================================
QUERY:
EXPLAIN (ANALYZE, BUFFERS, VERBOSE) TRUNCATE static_refs_1m_prices_stage;
-------------------------------------------------------------
RESULTS:
ERROR:  syntax error at or near "TRUNCATE"
LINE 1: EXPLAIN (ANALYZE, BUFFERS, VERBOSE) TRUNCATE static_refs_1m_...
                                            ^
=============================================================

EXECUTING: 4. Complex 1m prices population (simplified test)
=============================================================
QUERY:
EXPLAIN (ANALYZE, BUFFERS, VERBOSE) 
SELECT 
    s.ticker,
    p1.close
FROM static_refs_1m_actives_stage s
LEFT JOIN LATERAL (
    SELECT close / NULLIF(1000.0, 0) AS close
    FROM ohlcv_1m
    WHERE ticker = s.ticker
      AND "timestamp" >= (now() - INTERVAL '5 days')
    ORDER BY ABS(EXTRACT(EPOCH FROM ("timestamp" - (now() - INTERVAL '1 minute')))) ASC
    LIMIT 1
) p1 ON TRUE
LIMIT 10;
-------------------------------------------------------------
RESULTS:
                                                                                                     QUERY PLAN                                                                                                     
--------------------------------------------------------------------------------------------------------------------------------------------------------------------------------------------------------------------
 Limit  (cost=3252.05..35770.97 rows=10 width=64) (actual time=21.125..47.699 rows=10 loops=1)
   Output: s.ticker, (((ohlcv_1m.close)::numeric / 1000.0))
   Buffers: shared hit=267 read=70
   I/O Timings: shared read=23.940
   ->  Nested Loop Left Join  (cost=3252.05..54843162.37 rows=16864 width=64) (actual time=21.122..47.686 rows=10 loops=1)
         Output: s.ticker, (((ohlcv_1m.close)::numeric / 1000.0))
         Buffers: shared hit=267 read=70
         I/O Timings: shared read=23.940
         ->  Seq Scan on public.static_refs_1m_actives_stage s  (cost=0.00..292.64 rows=16864 width=32) (actual time=0.141..0.157 rows=10 loops=1)
               Output: s.ticker
               Buffers: shared hit=2
         ->  Limit  (cost=3252.05..3252.05 rows=1 width=64) (actual time=4.747..4.748 rows=1 loops=10)
               Output: (((ohlcv_1m.close)::numeric / 1000.0)), (abs(EXTRACT(epoch FROM (ohlcv_1m."timestamp" - (now() - '00:01:00'::interval)))))
               Buffers: shared hit=265 read=70
               I/O Timings: shared read=23.940
               ->  Sort  (cost=3252.05..3259.17 rows=2849 width=64) (actual time=4.707..4.708 rows=1 loops=10)
                     Output: (((ohlcv_1m.close)::numeric / 1000.0)), (abs(EXTRACT(epoch FROM (ohlcv_1m."timestamp" - (now() - '00:01:00'::interval)))))
                     Sort Key: (abs(EXTRACT(epoch FROM (ohlcv_1m."timestamp" - (now() - '00:01:00'::interval)))))
                     Sort Method: quicksort  Memory: 25kB
                     Buffers: shared hit=265 read=70
                     I/O Timings: shared read=23.940
                     ->  Result  (cost=0.43..3237.80 rows=2849 width=64) (actual time=0.765..4.414 rows=240 loops=10)
                           Output: ((ohlcv_1m.close)::numeric / 1000.0), abs(EXTRACT(epoch FROM (ohlcv_1m."timestamp" - (now() - '00:01:00'::interval))))
                           Buffers: shared hit=262 read=70
                           I/O Timings: shared read=23.940
                           ->  Custom Scan (ChunkAppend) on public.ohlcv_1m  (cost=0.43..3159.45 rows=2849 width=16) (actual time=0.739..3.890 rows=240 loops=10)
                                 Output: ohlcv_1m.close, ohlcv_1m."timestamp"
                                 Startup Exclusion: true
                                 Runtime Exclusion: true
                                 Chunks excluded during startup: 0
                                 Chunks excluded during runtime: 0
                                 Buffers: shared hit=262 read=70
                                 I/O Timings: shared read=23.940
                                 ->  Index Scan using "10149_8270_ohlcv_1m_pkey" on _timescaledb_internal._hyper_153_10149_chunk  (cost=0.43..393.44 rows=359 width=16) (actual time=0.160..0.371 rows=77 loops=10)
                                       Output: _hyper_153_10149_chunk.close, _hyper_153_10149_chunk."timestamp"
                                       Index Cond: ((_hyper_153_10149_chunk.ticker = s.ticker) AND (_hyper_153_10149_chunk."timestamp" >= (now() - '5 days'::interval)))
                                       Buffers: shared hit=39 read=19
                                       I/O Timings: shared read=2.322
                                 ->  Index Scan using "10150_8271_ohlcv_1m_pkey" on _timescaledb_internal._hyper_153_10150_chunk  (cost=0.43..407.45 rows=369 width=16) (actual time=0.228..0.703 rows=66 loops=10)
                                       Output: _hyper_153_10150_chunk.close, _hyper_153_10150_chunk."timestamp"
                                       Index Cond: ((_hyper_153_10150_chunk.ticker = s.ticker) AND (_hyper_153_10150_chunk."timestamp" >= (now() - '5 days'::interval)))
                                       Buffers: shared hit=32 read=17
                                       I/O Timings: shared read=3.938
                                 ->  Index Scan using "10151_8272_ohlcv_1m_pkey" on _timescaledb_internal._hyper_153_10151_chunk  (cost=0.43..393.38 rows=357 width=16) (actual time=0.169..0.169 rows=0 loops=10)
                                       Output: _hyper_153_10151_chunk.close, _hyper_153_10151_chunk."timestamp"
                                       Index Cond: ((_hyper_153_10151_chunk.ticker = s.ticker) AND (_hyper_153_10151_chunk."timestamp" >= (now() - '5 days'::interval)))
                                       Buffers: shared hit=28 read=2
                                       I/O Timings: shared read=1.450
                                 ->  Index Scan using "10152_8273_ohlcv_1m_pkey" on _timescaledb_internal._hyper_153_10152_chunk  (cost=0.43..384.94 rows=346 width=16) (actual time=0.196..0.196 rows=0 loops=10)
                                       Output: _hyper_153_10152_chunk.close, _hyper_153_10152_chunk."timestamp"
                                       Index Cond: ((_hyper_153_10152_chunk.ticker = s.ticker) AND (_hyper_153_10152_chunk."timestamp" >= (now() - '5 days'::interval)))
                                       Buffers: shared hit=28 read=2
                                       I/O Timings: shared read=1.665
                                 ->  Index Scan using "10153_8274_ohlcv_1m_pkey" on _timescaledb_internal._hyper_153_10153_chunk  (cost=0.43..397.88 rows=358 width=16) (actual time=0.156..0.156 rows=0 loops=10)
                                       Output: _hyper_153_10153_chunk.close, _hyper_153_10153_chunk."timestamp"
                                       Index Cond: ((_hyper_153_10153_chunk.ticker = s.ticker) AND (_hyper_153_10153_chunk."timestamp" >= (now() - '5 days'::interval)))
                                       Buffers: shared hit=28 read=2
                                       I/O Timings: shared read=1.347
                                 ->  Index Scan using "10154_8275_ohlcv_1m_pkey" on _timescaledb_internal._hyper_153_10154_chunk  (cost=0.43..409.69 rows=368 width=16) (actual time=0.171..0.171 rows=0 loops=10)
                                       Output: _hyper_153_10154_chunk.close, _hyper_153_10154_chunk."timestamp"
                                       Index Cond: ((_hyper_153_10154_chunk.ticker = s.ticker) AND (_hyper_153_10154_chunk."timestamp" >= (now() - '5 days'::interval)))
                                       Buffers: shared hit=28 read=2
                                       I/O Timings: shared read=1.426
                                 ->  Index Scan using "10155_8276_ohlcv_1m_pkey" on _timescaledb_internal._hyper_153_10155_chunk  (cost=0.43..392.80 rows=352 width=16) (actual time=0.780..1.124 rows=97 loops=10)
                                       Output: _hyper_153_10155_chunk.close, _hyper_153_10155_chunk."timestamp"
                                       Index Cond: ((_hyper_153_10155_chunk.ticker = s.ticker) AND (_hyper_153_10155_chunk."timestamp" >= (now() - '5 days'::interval)))
                                       Buffers: shared hit=51 read=24
                                       I/O Timings: shared read=9.021
                                 ->  Index Scan using "10156_8277_ohlcv_1m_pkey" on _timescaledb_internal._hyper_153_10156_chunk  (cost=0.43..379.87 rows=340 width=16) (actual time=0.307..0.307 rows=0 loops=10)
                                       Output: _hyper_153_10156_chunk.close, _hyper_153_10156_chunk."timestamp"
                                       Index Cond: ((_hyper_153_10156_chunk.ticker = s.ticker) AND (_hyper_153_10156_chunk."timestamp" >= (now() - '5 days'::interval)))
                                       Buffers: shared hit=28 read=2
                                       I/O Timings: shared read=2.772
 Query Identifier: -5035764010509729479
 Planning:
   Buffers: shared hit=1628 read=48
   I/O Timings: shared read=23.918
 Planning Time: 123.970 ms
 Execution Time: 93.735 ms
(79 rows)

=============================================================

EXECUTING: 5. Full refresh_static_refs_1m() function
=============================================================
QUERY:
EXPLAIN (ANALYZE, BUFFERS, VERBOSE) SELECT refresh_static_refs_1m();
-------------------------------------------------------------
RESULTS:
=============================================================

EXECUTING: 6. TRUNCATE static_refs_daily_actives_stage
=============================================================
QUERY:
EXPLAIN (ANALYZE, BUFFERS, VERBOSE) TRUNCATE static_refs_daily_actives_stage;
-------------------------------------------------------------
RESULTS:
ERROR:  syntax error at or near "TRUNCATE"
LINE 1: EXPLAIN (ANALYZE, BUFFERS, VERBOSE) TRUNCATE static_refs_dai...
                                            ^
=============================================================

EXECUTING: 7. INSERT INTO static_refs_daily_actives_stage
=============================================================
QUERY:
EXPLAIN (ANALYZE, BUFFERS, VERBOSE) 
INSERT INTO static_refs_daily_actives_stage (ticker)
SELECT DISTINCT s.ticker
FROM securities s
WHERE s.active = TRUE;
-------------------------------------------------------------
RESULTS:
                                                                                  QUERY PLAN                                                                                  
------------------------------------------------------------------------------------------------------------------------------------------------------------------------------
 Insert on public.static_refs_daily_actives_stage  (cost=0.29..1602.35 rows=0 width=0) (actual time=588.483..588.486 rows=0 loops=1)
   Buffers: shared hit=100757 dirtied=278 written=200
   I/O Timings: shared write=11.933
   ->  Subquery Scan on "*SELECT*"  (cost=0.29..1602.35 rows=26950 width=32) (actual time=0.449..130.146 rows=27834 loops=1)
         Output: "*SELECT*".ticker
         Buffers: shared hit=16835
         ->  Unique  (cost=0.29..1602.35 rows=26950 width=4) (actual time=0.445..122.622 rows=27834 loops=1)
               Output: s.ticker
               Buffers: shared hit=16835
               ->  Index Only Scan using unique_ticker_active on public.securities s  (cost=0.29..1532.62 rows=27892 width=4) (actual time=0.442..108.962 rows=27834 loops=1)
                     Output: s.ticker
                     Index Cond: (s.active = true)
                     Heap Fetches: 17239
                     Buffers: shared hit=16835
 Query Identifier: 4767590415157341698
 Planning:
   Buffers: shared hit=800
 Planning Time: 69.634 ms
 Execution Time: 589.153 ms
(19 rows)

=============================================================

EXECUTING: 8. Full refresh_static_refs() function
=============================================================
QUERY:
EXPLAIN (ANALYZE, BUFFERS, VERBOSE) SELECT refresh_static_refs();
-------------------------------------------------------------
RESULTS:
ERROR:  canceling statement due to lock timeout
CONTEXT:  SQL statement "TRUNCATE static_refs_daily_actives_stage"
PL/pgSQL function refresh_static_refs() line 6 at SQL statement
=============================================================

EXECUTING: 9. Index analysis on critical tables
=============================================================
QUERY:
SELECT 
    schemaname,
    tablename,
    indexname,
    indexdef
FROM pg_indexes 
WHERE tablename IN ('ohlcv_1m', 'ohlcv_1d', 'static_refs_1m', 'static_refs_daily', 'securities')
ORDER BY tablename, indexname;
-------------------------------------------------------------
RESULTS:
 schemaname |     tablename     |              indexname               |                                                                  indexdef                                                                   
------------+-------------------+--------------------------------------+---------------------------------------------------------------------------------------------------------------------------------------------
 public     | ohlcv_1d          | ohlcv_1d_pkey                        | CREATE UNIQUE INDEX ohlcv_1d_pkey ON public.ohlcv_1d USING btree (ticker, "timestamp")
 public     | ohlcv_1d          | ohlcv_1d_ticker_ts_desc_inc          | CREATE INDEX ohlcv_1d_ticker_ts_desc_inc ON public.ohlcv_1d USING btree (ticker, "timestamp" DESC) INCLUDE (open, high, low, close, volume)
 public     | ohlcv_1m          | ohlcv_1m_pkey                        | CREATE UNIQUE INDEX ohlcv_1m_pkey ON public.ohlcv_1m USING btree (ticker, "timestamp")
 public     | securities        | btree_securities_ticker_norm_pattern | CREATE INDEX btree_securities_ticker_norm_pattern ON public.securities USING btree (ticker_norm text_pattern_ops) WHERE (maxdate IS NULL)
 public     | securities        | btree_securities_upper_name_pattern  | CREATE INDEX btree_securities_upper_name_pattern ON public.securities USING btree (upper(name) text_pattern_ops) WHERE (maxdate IS NULL)
 public     | securities        | gin_securities_ticker_norm_trgm      | CREATE INDEX gin_securities_ticker_norm_trgm ON public.securities USING gin (ticker_norm gin_trgm_ops) WHERE (maxdate IS NULL)
 public     | securities        | gin_securities_upper_name_trgm       | CREATE INDEX gin_securities_upper_name_trgm ON public.securities USING gin (upper(name) gin_trgm_ops) WHERE (maxdate IS NULL)
 public     | securities        | idx_securities_active                | CREATE INDEX idx_securities_active ON public.securities USING btree (securityid) WHERE (maxdate IS NULL)
 public     | securities        | idx_securities_share_class_figi      | CREATE INDEX idx_securities_share_class_figi ON public.securities USING btree (share_class_figi)
 public     | securities        | idx_securities_sic_code              | CREATE INDEX idx_securities_sic_code ON public.securities USING btree (sic_code)
 public     | securities        | idx_securities_ticker_norm           | CREATE INDEX idx_securities_ticker_norm ON public.securities USING btree (ticker_norm)
 public     | securities        | idxtickerdaterange                   | CREATE INDEX idxtickerdaterange ON public.securities USING btree (ticker, mindate, maxdate)
 public     | securities        | securities_securityid_maxdate_key    | CREATE UNIQUE INDEX securities_securityid_maxdate_key ON public.securities USING btree (securityid, maxdate)
 public     | securities        | securities_securityid_mindate_key    | CREATE UNIQUE INDEX securities_securityid_mindate_key ON public.securities USING btree (securityid, mindate)
 public     | securities        | securities_ticker_maxdate_key        | CREATE UNIQUE INDEX securities_ticker_maxdate_key ON public.securities USING btree (ticker, maxdate)
 public     | securities        | securities_ticker_mindate_key        | CREATE UNIQUE INDEX securities_ticker_mindate_key ON public.securities USING btree (ticker, mindate)
 public     | securities        | trgm_idx_securities_name             | CREATE INDEX trgm_idx_securities_name ON public.securities USING gin (name gin_trgm_ops)
 public     | securities        | trgm_idx_securities_ticker           | CREATE INDEX trgm_idx_securities_ticker ON public.securities USING gin (ticker gin_trgm_ops)
 public     | securities        | unique_ticker_active                 | CREATE UNIQUE INDEX unique_ticker_active ON public.securities USING btree (ticker, active)
 public     | static_refs_1m    | static_refs_1m_pkey                  | CREATE UNIQUE INDEX static_refs_1m_pkey ON public.static_refs_1m USING btree (ticker)
 public     | static_refs_daily | static_refs_daily_pkey               | CREATE UNIQUE INDEX static_refs_daily_pkey ON public.static_refs_daily USING btree (ticker)
(21 rows)

=============================================================

EXECUTING: 10. Table statistics for data volume analysis
=============================================================
QUERY:
SELECT 
    schemaname,
    tablename,
    n_tup_ins as inserts,
    n_tup_upd as updates,
    n_tup_del as deletes,
    n_live_tup as live_rows,
    n_dead_tup as dead_rows,
    last_vacuum,
    last_autovacuum,
    last_analyze,
    last_autoanalyze
FROM pg_stat_user_tables 
WHERE tablename IN ('ohlcv_1m', 'ohlcv_1d', 'static_refs_1m', 'static_refs_daily', 'securities',
                    'static_refs_1m_actives_stage', 'static_refs_1m_prices_stage', 
                    'static_refs_daily_actives_stage', 'static_refs_daily_prices_stage')
ORDER BY tablename;
-------------------------------------------------------------
RESULTS:
ERROR:  column "tablename" does not exist
LINE 3:     tablename,
            ^
=============================================================

Performance analysis completed at Tue Jul 22 05:22:00 PM PDT 2025
Results saved to: performance_analysis_results.txt


=============================================================
EXECUTING: 10. Table statistics for data volume analysis (CORRECTED)
=============================================================
QUERY:
SELECT 
    schemaname,
    relname as tablename,
    n_tup_ins as inserts,
    n_tup_upd as updates,
    n_tup_del as deletes,
    n_live_tup as live_rows,
    n_dead_tup as dead_rows,
    last_vacuum,
    last_autovacuum,
    last_analyze,
    last_autoanalyze
FROM pg_stat_user_tables 
WHERE relname IN ('ohlcv_1m', 'ohlcv_1d', 'static_refs_1m', 'static_refs_daily', 'securities',
                  'static_refs_1m_actives_stage', 'static_refs_1m_prices_stage', 
                  'static_refs_daily_actives_stage', 'static_refs_daily_prices_stage')
ORDER BY relname;
-------------------------------------------------------------
RESULTS:
 schemaname |            tablename            | inserts | updates | deletes | live_rows | dead_rows | last_vacuum |        last_autovacuum        |         last_analyze          |       last_autoanalyze        
------------+---------------------------------+---------+---------+---------+-----------+-----------+-------------+-------------------------------+-------------------------------+-------------------------------
 public     | ohlcv_1d                        |       0 |       0 |       0 |         0 |         0 |             |                               | 2025-07-22 23:46:32.033287+00 | 
 public     | ohlcv_1m                        |       0 |       0 |       0 |         0 |         0 |             |                               | 2025-07-22 05:15:20.582876+00 | 
 public     | securities                      |    1445 |    4041 |     272 |     29257 |      3283 |             | 2025-07-22 15:41:08.682789+00 |                               | 2025-07-22 15:39:06.267897+00
 public     | static_refs_1m                  |   27834 |   55668 |       0 |     27834 |     55668 |             | 2025-07-23 00:21:07.04367+00  |                               | 2025-07-23 00:21:07.322377+00
 public     | static_refs_1m_actives_stage    |   55668 |       0 |       0 |         0 |         0 |             |                               |                               | 
 public     | static_refs_1m_prices_stage     |   83502 |       0 |       0 |     27834 |         0 |             |                               |                               | 
 public     | static_refs_daily               |   27835 |       0 |       0 |     27835 |         0 |             | 2025-07-23 00:07:21.178223+00 |                               | 2025-07-23 00:07:21.956624+00
 public     | static_refs_daily_actives_stage |   27834 |       0 |       0 |     27834 |         0 |             |                               |                               | 
 public     | static_refs_daily_prices_stage  |   27835 |       0 |       0 |     27835 |         0 |             |                               |                               | 
(9 rows)

                                                                                                                                                                                                                                                                                                                                                                                                                                                                                                                                                                                                                                                                                                                                                                                                                                                                                                                                                                                                                                                                                                                                                                                                                                                                                                                                                                                                                                                                                                                                                                                                                                                                                                                                                                                                                                                                                                                                                                                                                                                                                                                                                                                                                                                                                                                                                                                                                                                                                                                                                                                                                                                                                                                                                                                                                                                                                                                                                                                                                                                                                                                                                                                                                                                                                                                                                                                                                                                                                                                                                                                                                                                                                                                                                                                                                                                                                                                                                                                                                                                                                                                                                                                                                                                                                                                                                                                                                                                                                                                                                                                                                                                                                                                                                                                                                                                                                                                                                                                                                                                                                                                                                                                                                                                                                                                                                                                                                                                                                                                                                                                                                                                                                                                                                                                                                                                                                                                                                                                                                                                                                                                                                                                                                                                                                                                                                                                                                                                                                                                                                                                                                                                                                                                                                                                                                                                                                                                                                                                                                                                                                                                                                                                                                                                                                                                                                                                                                                                                                                                                                                                                                                                                                                                                                                                                                                                                                                                                                                                                                                                                                                                                                                                                                                                                                                                                                                                                                                                                                                                                                                                                                                                                                                                                                                                                                                                                                                                                                                                                                                                                                                                                                                                                                                                                                                                                                                                                                                                                                                                                                                                                                                                                                                                                                                                                                                                                                                                                                                                                                                                                                                                                                                                                                                                                                                                                                                                                                                                                                                                                                                                                                                                                                                                                                                                                                                                                                                                                                                                                                                                                                                                                                                                                                                                                                                                                                                                                                                                                                                                                                                                                                                                                                                                                                                                                                                                                                                                                                                                                                                                                                                                                                                                                                                                                                                                                                                                                                                                                                                                                                                                                                                                                                                                                                                                                                                                                                                                                                                                                                                                                                                                                                                                                                                                                                                                                                                                                                                                                                                                                                                                                                                                                                                                                                                                                                                                                                                                                                                                                                                                                                                                                                                                                                                                                                                                                                                                                                                                                                                                                                                                                                                                                                                                                                                                                                                                                                                                                                                                                                                                                                                                                                                                                                                                                                                                                                                                                                                                                                                                                                                                                                                                                                                                                                                                                                                                                                                                                                                                                                                                                                                                                                                                                                                                                                                                                                                                                                                                                                                                                                                                                                                                                                                                                                                                                                                                                                                                                                                                                                                                                                                                                                                                                                                                                                                                                                                                                                                                                                                                                                                                                                                                                                                                                                                                                                                                                                                                                                                                                                                                                                                                                                                                                                                                                                                                                                                                                                                                                                                                                                                                                                                                                                                                                                                                                                                                                                                                                                                                                                                                                                                                                                                                                                                                                                                                                                                                                                                                                                                                                                                                                                                                                                                                                                                                                                                                                                                                                                                                                                                                                                                                                                                                                                                                                                                                                                                                                                                                                                                                                                                                                                                                                                                                                                                                                                                                                                                                                                                                                                                                                                                                                                                                                                                                                                                                                                                                                                                                                                                                                                                                                                                                                                                                                                                                                                                                                                                                                                                                                                                                                                                                                                                                                                                                                                                                                                                                                                                                                                                                                                                                                                                                                                                                                                                                                                                                                                                                                                                                                                                                                                                                                                                                                                                                                                                                                                                                                                                                                                                                                                                                                                                                                                                                                                                                                                                                                                                                                                                                                                                                                                                                                                                                                                                                                                                                                                                                                                                                                                                                                                                                                                                                                                                                                                                                                                                                                                                                                                                                                                                                                                                                                                                                                                                                                                                                                                                                                                                                                                                                                                                                                                                                                                                                                                                                                                                                                                                                                                                                                                                                                                                                                                                                                                                                                                                                                                                                                                                                                                                                                                                                                                                                                                                                                                                                                                                                                                                                                                                                                                                                                                                                                                                                                                                                                                                                                                                                                                                                                                                                                                                                                                                                                                                                                                                                                                                                                                                                                                                                                                                                                                                                                                                                                                                                                                                                                                                                                                                                                                                                                                                                                                                                                                                                                                                                                                                                                                                                                                                                                                                                                                                                                                                                                                                                                                                                                                                                                                                                                                                                                                                                                                                                                                                                                                                                                                                                                                                                                                                                                                                                                                                                                                                                                                                                                                                                                                                                                                                                                                                                                                                                                                                                                                                                                                                                                                                                                                                                                                                                                                                                                                                                                                                                                                                                                                                                                                                                                                                                                                                                                                                                                                                                                                                                                                                                                                                                                                                                                                                                                                                                                                                                                                                                                                                                                                                                                                                                                                                                                                                                                                                                                                                                                                                                                                                                                                                                                                                                                                                                                                                                                                                                                                                                                                                                                                                                                                                                                                                                                                                                                                                                                                                                                                                                                                                                                                                                                                                                                                                                                                                                                                                                                                                                                                                                                                                                                                                                                                                                                                                                                                                                                                                                                                                                                                                                                                                                                                                                                                                                                                                                                                                                                                                                                                                                                                                                                                                                                                                                                                                                                                                                                                                                                                                                                                                                                                                                                                                                                                                                                                                                                                                                                                                                                                                                                                                                                                                                                                                                                                                                                                                                                                                                                                                                                                                                                                                                                                                                                                                                                                                                                                                                                                                                                                                                                                                                                                                                                                                                                                                                                                                                                                                                                                                                                                                                                                                                                                                                                                                                                                                                                                                                                                                                                                                                                                                                                                                                                                                                                                                                                                                                                                                                                                                                                                                                                                                                                                                                                                                                                                                                                                                                                                                                                                                                                                                                                                                                                                                                                                                                                                                                                                                                                                                                                                                                                                                                                                                                                                                                                                                                                                                                                                                                                                                      QUERY PLAN                                                                                                                                                                                                                                                                                                                                                                                                                                                                                                                                                                                                                                                                                                                                                                                                                                                                                               
--------------------------------------------------------------------------------------------------------------------------------------------------------------------------------------------------------------------------------------------------------------------------------------------------------------------------------------------------------------------------------------------------------------------------------------------------------------------------------------------------------------------------------------------------------------------------------------------------------------------------------------------------------------------------------------------------------------------------------------------------------------------------------------------------------------------------------------------------------------------------------------------------------------------------------------------------------------------------------------------------------------------------------------------------------------------------------------------------------------------------------------------------------------------------------------------------------------------------------------------------------------------------------------------------------------------------------------------------------------------------------------------------------------------------------------------------------------------------------------------------------------------------------------------------------------------------------------------------------------------------------------------------------------------------------------------------------------------------------------------------------------------------------------------------------
 Insert on public.static_refs_daily_prices_stage  (cost=4939.22..83304494.46 rows=0 width=0) (actual time=1151735.617..1151738.166 rows=0 loops=1)
   Buffers: shared hit=20001711 read=116716 dirtied=706 written=525
   I/O Timings: shared read=135517.473 write=49.833
   ->  Nested Loop Left Join  (cost=4939.22..83304494.46 rows=16864 width=640) (actual time=190.562..1149426.579 rows=27834 loops=1)
         Output: s.ticker, (((ohlcv_1d.close)::numeric / 1000.0)), (((ohlcv_1d_1.close)::numeric / 1000.0)), (((ohlcv_1d_2.close)::numeric / 1000.0)), (((ohlcv_1d_3.close)::numeric / 1000.0)), (((ohlcv_1d_4.close)::numeric / 1000.0)), (((ohlcv_1d_5.close)::numeric / 1000.0)), (((ohlcv_1d_6.close)::numeric / 1000.0)), (((ohlcv_1d_7.close)::numeric / 1000.0)), (((ohlcv_1d_8.close)::numeric / 1000.0)), (((ohlcv_1d_9.open)::numeric / 1000.0)), (((ohlcv_1d_10.open)::numeric / 1000.0)), (min(((ohlcv_1d_11.low)::numeric / 1000.0))), (max(((ohlcv_1d_11.high)::numeric / 1000.0))), (avg(daily_prices.close) FILTER (WHERE ((row_number() OVER (?)) <= 50))), (avg(daily_prices.close) FILTER (WHERE ((row_number() OVER (?)) <= 200))), (CASE WHEN (count(*) FILTER (WHERE ((row_number() OVER (?)) <= 7)) < 7) THEN NULL::numeric WHEN (avg((((ohlcv_1d_13.close)::numeric / 1000.0))) FILTER (WHERE ((row_number() OVER (?)) <= 7)) = '0'::numeric) THEN NULL::numeric ELSE ((stddev_samp((((ohlcv_1d_13.close)::numeric / 1000.0))) FILTER (WHERE ((row_number() OVER (?)) <= 7)) / avg((((ohlcv_1d_13.close)::numeric / 1000.0))) FILTER (WHERE ((row_number() OVER (?)) <= 7))) * '100'::numeric) END), (CASE WHEN (count(*) FILTER (WHERE ((row_number() OVER (?)) <= 30)) < 30) THEN NULL::numeric WHEN (avg((((ohlcv_1d_13.close)::numeric / 1000.0))) FILTER (WHERE ((row_number() OVER (?)) <= 30)) = '0'::numeric) THEN NULL::numeric ELSE ((stddev_samp((((ohlcv_1d_13.close)::numeric / 1000.0))) FILTER (WHERE ((row_number() OVER (?)) <= 30)) / avg((((ohlcv_1d_13.close)::numeric / 1000.0))) FILTER (WHERE ((row_number() OVER (?)) <= 30))) * '100'::numeric) END), (avg(ohlcv_1d_14.volume)), (avg((((ohlcv_1d_14.volume * ohlcv_1d_14.close))::numeric / 1000.0)))
         Buffers: shared hit=19916732 read=116614 dirtied=79
         I/O Timings: shared read=135461.314
         ->  Nested Loop Left Join  (cost=4933.27..83203732.06 rows=16864 width=576) (actual time=189.434..1144498.360 rows=27834 loops=1)
               Output: s.ticker, (((ohlcv_1d.close)::numeric / 1000.0)), (((ohlcv_1d_1.close)::numeric / 1000.0)), (((ohlcv_1d_2.close)::numeric / 1000.0)), (((ohlcv_1d_3.close)::numeric / 1000.0)), (((ohlcv_1d_4.close)::numeric / 1000.0)), (((ohlcv_1d_5.close)::numeric / 1000.0)), (((ohlcv_1d_6.close)::numeric / 1000.0)), (((ohlcv_1d_7.close)::numeric / 1000.0)), (((ohlcv_1d_8.close)::numeric / 1000.0)), (((ohlcv_1d_9.open)::numeric / 1000.0)), (((ohlcv_1d_10.open)::numeric / 1000.0)), (min(((ohlcv_1d_11.low)::numeric / 1000.0))), (max(((ohlcv_1d_11.high)::numeric / 1000.0))), (avg(daily_prices.close) FILTER (WHERE ((row_number() OVER (?)) <= 50))), (avg(daily_prices.close) FILTER (WHERE ((row_number() OVER (?)) <= 200))), (CASE WHEN (count(*) FILTER (WHERE ((row_number() OVER (?)) <= 7)) < 7) THEN NULL::numeric WHEN (avg((((ohlcv_1d_13.close)::numeric / 1000.0))) FILTER (WHERE ((row_number() OVER (?)) <= 7)) = '0'::numeric) THEN NULL::numeric ELSE ((stddev_samp((((ohlcv_1d_13.close)::numeric / 1000.0))) FILTER (WHERE ((row_number() OVER (?)) <= 7)) / avg((((ohlcv_1d_13.close)::numeric / 1000.0))) FILTER (WHERE ((row_number() OVER (?)) <= 7))) * '100'::numeric) END), (CASE WHEN (count(*) FILTER (WHERE ((row_number() OVER (?)) <= 30)) < 30) THEN NULL::numeric WHEN (avg((((ohlcv_1d_13.close)::numeric / 1000.0))) FILTER (WHERE ((row_number() OVER (?)) <= 30)) = '0'::numeric) THEN NULL::numeric ELSE ((stddev_samp((((ohlcv_1d_13.close)::numeric / 1000.0))) FILTER (WHERE ((row_number() OVER (?)) <= 30)) / avg((((ohlcv_1d_13.close)::numeric / 1000.0))) FILTER (WHERE ((row_number() OVER (?)) <= 30))) * '100'::numeric) END)
               Buffers: shared hit=19227652 read=116614 dirtied=79
               I/O Timings: shared read=135461.314
               ->  Nested Loop Left Join  (cost=4923.53..83038829.82 rows=16864 width=512) (actual time=188.114..1135379.917 rows=27834 loops=1)
                     Output: s.ticker, (((ohlcv_1d.close)::numeric / 1000.0)), (((ohlcv_1d_1.close)::numeric / 1000.0)), (((ohlcv_1d_2.close)::numeric / 1000.0)), (((ohlcv_1d_3.close)::numeric / 1000.0)), (((ohlcv_1d_4.close)::numeric / 1000.0)), (((ohlcv_1d_5.close)::numeric / 1000.0)), (((ohlcv_1d_6.close)::numeric / 1000.0)), (((ohlcv_1d_7.close)::numeric / 1000.0)), (((ohlcv_1d_8.close)::numeric / 1000.0)), (((ohlcv_1d_9.open)::numeric / 1000.0)), (((ohlcv_1d_10.open)::numeric / 1000.0)), (min(((ohlcv_1d_11.low)::numeric / 1000.0))), (max(((ohlcv_1d_11.high)::numeric / 1000.0))), (avg(daily_prices.close) FILTER (WHERE ((row_number() OVER (?)) <= 50))), (avg(daily_prices.close) FILTER (WHERE ((row_number() OVER (?)) <= 200)))
                     Buffers: shared hit=18536494 read=116614 dirtied=79
                     I/O Timings: shared read=135461.314
                     ->  Nested Loop Left Join  (cost=4891.52..82498696.94 rows=16864 width=448) (actual time=185.156..1106327.808 rows=27834 loops=1)
                           Output: s.ticker, (((ohlcv_1d.close)::numeric / 1000.0)), (((ohlcv_1d_1.close)::numeric / 1000.0)), (((ohlcv_1d_2.close)::numeric / 1000.0)), (((ohlcv_1d_3.close)::numeric / 1000.0)), (((ohlcv_1d_4.close)::numeric / 1000.0)), (((ohlcv_1d_5.close)::numeric / 1000.0)), (((ohlcv_1d_6.close)::numeric / 1000.0)), (((ohlcv_1d_7.close)::numeric / 1000.0)), (((ohlcv_1d_8.close)::numeric / 1000.0)), (((ohlcv_1d_9.open)::numeric / 1000.0)), (((ohlcv_1d_10.open)::numeric / 1000.0)), (min(((ohlcv_1d_11.low)::numeric / 1000.0))), (max(((ohlcv_1d_11.high)::numeric / 1000.0)))
                           Buffers: shared hit=17311917 read=116614 dirtied=79
                           I/O Timings: shared read=135461.314
                           ->  Nested Loop Left Join  (cost=4607.55..77709277.58 rows=16864 width=384) (actual time=182.307..1065720.212 rows=27834 loops=1)
                                 Output: s.ticker, (((ohlcv_1d.close)::numeric / 1000.0)), (((ohlcv_1d_1.close)::numeric / 1000.0)), (((ohlcv_1d_2.close)::numeric / 1000.0)), (((ohlcv_1d_3.close)::numeric / 1000.0)), (((ohlcv_1d_4.close)::numeric / 1000.0)), (((ohlcv_1d_5.close)::numeric / 1000.0)), (((ohlcv_1d_6.close)::numeric / 1000.0)), (((ohlcv_1d_7.close)::numeric / 1000.0)), (((ohlcv_1d_8.close)::numeric / 1000.0)), (((ohlcv_1d_9.open)::numeric / 1000.0)), (((ohlcv_1d_10.open)::numeric / 1000.0))
                                 Buffers: shared hit=16055134 read=115317 dirtied=79
                                 I/O Timings: shared read=133520.909
                                 ->  Nested Loop Left Join  (cost=4587.45..77369215.02 rows=16864 width=352) (actual time=179.199..1047449.172 rows=27834 loops=1)
                                       Output: s.ticker, (((ohlcv_1d.close)::numeric / 1000.0)), (((ohlcv_1d_1.close)::numeric / 1000.0)), (((ohlcv_1d_2.close)::numeric / 1000.0)), (((ohlcv_1d_3.close)::numeric / 1000.0)), (((ohlcv_1d_4.close)::numeric / 1000.0)), (((ohlcv_1d_5.close)::numeric / 1000.0)), (((ohlcv_1d_6.close)::numeric / 1000.0)), (((ohlcv_1d_7.close)::numeric / 1000.0)), (((ohlcv_1d_8.close)::numeric / 1000.0)), (((ohlcv_1d_9.open)::numeric / 1000.0))
                                       Buffers: shared hit=14979089 read=115317 dirtied=79
                                       I/O Timings: shared read=133520.909
                                       ->  Nested Loop Left Join  (cost=4567.35..77029152.46 rows=16864 width=320) (actual time=112.804..829093.016 rows=27834 loops=1)
                                             Output: s.ticker, (((ohlcv_1d.close)::numeric / 1000.0)), (((ohlcv_1d_1.close)::numeric / 1000.0)), (((ohlcv_1d_2.close)::numeric / 1000.0)), (((ohlcv_1d_3.close)::numeric / 1000.0)), (((ohlcv_1d_4.close)::numeric / 1000.0)), (((ohlcv_1d_5.close)::numeric / 1000.0)), (((ohlcv_1d_6.close)::numeric / 1000.0)), (((ohlcv_1d_7.close)::numeric / 1000.0)), (((ohlcv_1d_8.close)::numeric / 1000.0))
                                             Buffers: shared hit=12834724 read=77123 dirtied=79
                                             I/O Timings: shared read=86953.180
                                             ->  Nested Loop Left Join  (cost=3771.85..63613501.98 rows=16864 width=288) (actual time=101.564..668582.907 rows=27834 loops=1)
                                                   Output: s.ticker, (((ohlcv_1d.close)::numeric / 1000.0)), (((ohlcv_1d_1.close)::numeric / 1000.0)), (((ohlcv_1d_2.close)::numeric / 1000.0)), (((ohlcv_1d_3.close)::numeric / 1000.0)), (((ohlcv_1d_4.close)::numeric / 1000.0)), (((ohlcv_1d_5.close)::numeric / 1000.0)), (((ohlcv_1d_6.close)::numeric / 1000.0)), (((ohlcv_1d_7.close)::numeric / 1000.0))
                                                   Buffers: shared hit=11000807 read=77123 dirtied=79
                                                   I/O Timings: shared read=86953.180
                                                   ->  Nested Loop Left Join  (cost=2976.35..50197851.50 rows=16864 width=256) (actual time=84.751..506552.472 rows=27834 loops=1)
                                                         Output: s.ticker, (((ohlcv_1d.close)::numeric / 1000.0)), (((ohlcv_1d_1.close)::numeric / 1000.0)), (((ohlcv_1d_2.close)::numeric / 1000.0)), (((ohlcv_1d_3.close)::numeric / 1000.0)), (((ohlcv_1d_4.close)::numeric / 1000.0)), (((ohlcv_1d_5.close)::numeric / 1000.0)), (((ohlcv_1d_6.close)::numeric / 1000.0))
                                                         Buffers: shared hit=9166890 read=77123 dirtied=79
                                                         I/O Timings: shared read=86953.180
                                                         ->  Nested Loop Left Join  (cost=2180.85..36782201.02 rows=16864 width=224) (actual time=67.613..314225.616 rows=27834 loops=1)
                                                               Output: s.ticker, (((ohlcv_1d.close)::numeric / 1000.0)), (((ohlcv_1d_1.close)::numeric / 1000.0)), (((ohlcv_1d_2.close)::numeric / 1000.0)), (((ohlcv_1d_3.close)::numeric / 1000.0)), (((ohlcv_1d_4.close)::numeric / 1000.0)), (((ohlcv_1d_5.close)::numeric / 1000.0))
                                                               Buffers: shared hit=7361754 read=48167 dirtied=79
                                                               I/O Timings: shared read=53054.229
                                                               ->  Nested Loop Left Join  (cost=1745.40..29438265.11 rows=16864 width=192) (actual time=25.577..265681.601 rows=27834 loops=1)
                                                                     Output: s.ticker, (((ohlcv_1d.close)::numeric / 1000.0)), (((ohlcv_1d_1.close)::numeric / 1000.0)), (((ohlcv_1d_2.close)::numeric / 1000.0)), (((ohlcv_1d_3.close)::numeric / 1000.0)), (((ohlcv_1d_4.close)::numeric / 1000.0))
                                                                     Buffers: shared hit=6127274 read=48167 dirtied=79
                                                                     I/O Timings: shared read=53054.229
                                                                     ->  Nested Loop Left Join  (cost=1309.94..22094329.19 rows=16864 width=160) (actual time=23.577..217345.518 rows=27834 loops=1)
                                                                           Output: s.ticker, (((ohlcv_1d.close)::numeric / 1000.0)), (((ohlcv_1d_1.close)::numeric / 1000.0)), (((ohlcv_1d_2.close)::numeric / 1000.0)), (((ohlcv_1d_3.close)::numeric / 1000.0))
                                                                           Buffers: shared hit=4892794 read=48167 dirtied=79
                                                                           I/O Timings: shared read=53054.229
                                                                           ->  Nested Loop Left Join  (cost=874.48..14750393.27 rows=16864 width=128) (actual time=21.453..170536.231 rows=27834 loops=1)
                                                                                 Output: s.ticker, (((ohlcv_1d.close)::numeric / 1000.0)), (((ohlcv_1d_1.close)::numeric / 1000.0)), (((ohlcv_1d_2.close)::numeric / 1000.0))
                                                                                 Buffers: shared hit=3658314 read=48167 dirtied=79
                                                                                 I/O Timings: shared read=53054.229
                                                                                 ->  Nested Loop Left Join  (cost=439.02..7406457.35 rows=16864 width=96) (actual time=18.547..123561.553 rows=27834 loops=1)
                                                                                       Output: s.ticker, (((ohlcv_1d.close)::numeric / 1000.0)), (((ohlcv_1d_1.close)::numeric / 1000.0))
                                                                                       Buffers: shared hit=2423834 read=48167 dirtied=79
                                                                                       I/O Timings: shared read=53054.229
                                                                                       ->  Nested Loop Left Join  (cost=3.57..62521.43 rows=16864 width=64) (actual time=8.505..48022.956 rows=27834 loops=1)
                                                                                             Output: s.ticker, (((ohlcv_1d.close)::numeric / 1000.0))
                                                                                             Buffers: shared hit=1216700 read=20705 dirtied=79
                                                                                             I/O Timings: shared read=28874.353
                                                                                             ->  Seq Scan on public.static_refs_daily_actives_stage s  (cost=0.00..292.64 rows=16864 width=32) (actual time=0.093..139.977 rows=27834 loops=1)
                                                                                                   Output: s.ticker
                                                                                                   Buffers: shared hit=56 read=68 dirtied=79
                                                                                                   I/O Timings: shared read=6.500
                                                                                             ->  Limit  (cost=3.57..3.67 rows=1 width=40) (actual time=1.713..1.713 rows=1 loops=27834)
                                                                                                   Output: (((ohlcv_1d.close)::numeric / 1000.0)), ohlcv_1d."timestamp"
                                                                                                   Buffers: shared hit=1216644 read=20637
                                                                                                   I/O Timings: shared read=28867.853
                                                                                                   ->  Result  (cost=3.46..73.82 rows=670 width=40) (actual time=1.685..1.707 rows=2 loops=27834)
                                                                                                         Output: ((ohlcv_1d.close)::numeric / 1000.0), ohlcv_1d."timestamp"
                                                                                                         Buffers: shared hit=1216644 read=20637
                                                                                                         I/O Timings: shared read=28867.853
                                                                                                         ->  Custom Scan (ChunkAppend) on public.ohlcv_1d  (cost=3.46..63.77 rows=670 width=16) (actual time=1.614..1.634 rows=2 loops=27834)
                                                                                                               Output: ohlcv_1d.close, ohlcv_1d."timestamp"
                                                                                                               Order: ohlcv_1d."timestamp" DESC
                                                                                                               Startup Exclusion: false
                                                                                                               Runtime Exclusion: false
                                                                                                               Buffers: shared hit=1216644 read=20637
                                                                                                               I/O Timings: shared read=28867.853
                                                                                                               ->  Merge Append  (cost=3.46..63.77 rows=670 width=16) (actual time=0.155..0.169 rows=1 loops=27834)
                                                                                                                     Sort Key: _hyper_154_10092_chunk."timestamp" DESC
                                                                                                                     Buffers: shared hit=683703 read=736
                                                                                                                     I/O Timings: shared read=565.923
                                                                                                                     ->  Index Only Scan using _hyper_154_10092_chunk_ohlcv_1d_ticker_ts_desc_inc on _timescaledb_internal._hyper_154_10092_chunk  (cost=0.42..6.29 rows=84 width=16) (actual time=0.018..0.019 rows=0 loops=27834)
                                                                                                                           Output: _hyper_154_10092_chunk.close, _hyper_154_10092_chunk."timestamp"
                                                                                                                           Index Cond: (_hyper_154_10092_chunk.ticker = s.ticker)
                                                                                                                           Heap Fetches: 2112
                                                                                                                           Buffers: shared hit=85528 read=102
                                                                                                                           I/O Timings: shared read=59.304
                                                                                                                     ->  Index Only Scan using _hyper_154_10091_chunk_ohlcv_1d_ticker_ts_desc_inc on _timescaledb_internal._hyper_154_10091_chunk  (cost=0.42..6.27 rows=83 width=16) (actual time=0.010..0.011 rows=0 loops=27834)
                                                                                                                           Output: _hyper_154_10091_chunk.close, _hyper_154_10091_chunk."timestamp"
                                                                                                                           Index Cond: (_hyper_154_10091_chunk.ticker = s.ticker)
                                                                                                                           Heap Fetches: 2017
                                                                                                                           Buffers: shared hit=85445 read=89
                                                                                                                           I/O Timings: shared read=43.066
                                                                                                                     ->  Index Only Scan using _hyper_154_10090_chunk_ohlcv_1d_ticker_ts_desc_inc on _timescaledb_internal._hyper_154_10090_chunk  (cost=0.42..6.29 rows=84 width=16) (actual time=0.015..0.018 rows=0 loops=27834)
                                                                                                                           Output: _hyper_154_10090_chunk.close, _hyper_154_10090_chunk."timestamp"
                                                                                                                           Index Cond: (_hyper_154_10090_chunk.ticker = s.ticker)
                                                                                                                           Heap Fetches: 2037
                                                                                                                           Buffers: shared hit=85460 read=92
                                                                                                                           I/O Timings: shared read=110.090
                                                                                                                     ->  Index Only Scan using _hyper_154_10089_chunk_ohlcv_1d_ticker_ts_desc_inc on _timescaledb_internal._hyper_154_10089_chunk  (cost=0.42..6.29 rows=84 width=16) (actual time=0.020..0.021 rows=0 loops=27834)
                                                                                                                           Output: _hyper_154_10089_chunk.close, _hyper_154_10089_chunk."timestamp"
                                                                                                                           Index Cond: (_hyper_154_10089_chunk.ticker = s.ticker)
                                                                                                                           Heap Fetches: 2054
                                                                                                                           Buffers: shared hit=85486 read=81
                                                                                                                           I/O Timings: shared read=86.656
                                                                                                                     ->  Index Only Scan using _hyper_154_10088_chunk_ohlcv_1d_ticker_ts_desc_inc on _timescaledb_internal._hyper_154_10088_chunk  (cost=0.42..6.29 rows=84 width=16) (actual time=0.014..0.015 rows=0 loops=27834)
                                                                                                                           Output: _hyper_154_10088_chunk.close, _hyper_154_10088_chunk."timestamp"
                                                                                                                           Index Cond: (_hyper_154_10088_chunk.ticker = s.ticker)
                                                                                                                           Heap Fetches: 2000
                                                                                                                           Buffers: shared hit=85429 read=85
                                                                                                                           I/O Timings: shared read=45.396
                                                                                                                     ->  Index Only Scan using _hyper_154_10087_chunk_ohlcv_1d_ticker_ts_desc_inc on _timescaledb_internal._hyper_154_10087_chunk  (cost=0.42..6.29 rows=84 width=16) (actual time=0.012..0.016 rows=0 loops=27834)
                                                                                                                           Output: _hyper_154_10087_chunk.close, _hyper_154_10087_chunk."timestamp"
                                                                                                                           Index Cond: (_hyper_154_10087_chunk.ticker = s.ticker)
                                                                                                                           Heap Fetches: 2074
                                                                                                                           Buffers: shared hit=85481 read=106
                                                                                                                           I/O Timings: shared read=102.270
                                                                                                                     ->  Index Only Scan using _hyper_154_10086_chunk_ohlcv_1d_ticker_ts_desc_inc on _timescaledb_internal._hyper_154_10086_chunk  (cost=0.42..6.29 rows=84 width=16) (actual time=0.015..0.016 rows=0 loops=27834)
                                                                                                                           Output: _hyper_154_10086_chunk.close, _hyper_154_10086_chunk."timestamp"
                                                                                                                           Index Cond: (_hyper_154_10086_chunk.ticker = s.ticker)
                                                                                                                           Heap Fetches: 2067
                                                                                                                           Buffers: shared hit=85491 read=89
                                                                                                                           I/O Timings: shared read=85.153
                                                                                                                     ->  Index Only Scan using _hyper_154_10085_chunk_ohlcv_1d_ticker_ts_desc_inc on _timescaledb_internal._hyper_154_10085_chunk  (cost=0.42..6.27 rows=83 width=16) (actual time=0.010..0.011 rows=0 loops=27834)
                                                                                                                           Output: _hyper_154_10085_chunk.close, _hyper_154_10085_chunk."timestamp"
                                                                                                                           Index Cond: (_hyper_154_10085_chunk.ticker = s.ticker)
                                                                                                                           Heap Fetches: 1965
                                                                                                                           Buffers: shared hit=85383 read=92
                                                                                                                           I/O Timings: shared read=33.987
                                                                                                               ->  Merge Append  (cost=20.10..260.10 rows=8000 width=16) (actual time=1.187..1.188 rows=1 loops=16118)
                                                                                                                     Sort Key: _hyper_154_10116_chunk."timestamp" DESC
                                                                                                                     Buffers: shared hit=301650 read=9270
                                                                                                                     I/O Timings: shared read=13137.197
                                                                                                                     ->  Custom Scan (DecompressChunk) on _timescaledb_internal._hyper_154_10116_chunk  (cost=2.50..12.50 rows=1000 width=16) (actual time=0.109..0.109 rows=0 loops=16118)
                                                                                                                           Output: _hyper_154_10116_chunk.close, _hyper_154_10116_chunk."timestamp"
                                                                                                                           Bulk Decompression: true
                                                                                                                           Buffers: shared hit=37785 read=1162
                                                                                                                           I/O Timings: shared read=1209.581
                                                                                                                           ->  Index Scan using compress_hyper_156_10140_chun_ticker__ts_meta_min_1__ts_met_idx on _timescaledb_internal.compress_hyper_156_10140_chunk  (cost=0.28..2.50 rows=1 width=88) (actual time=0.019..0.019 rows=0 loops=16118)
                                                                                                                                 Output: compress_hyper_156_10140_chunk._ts_meta_count, compress_hyper_156_10140_chunk.ticker, compress_hyper_156_10140_chunk.volume, compress_hyper_156_10140_chunk.open, compress_hyper_156_10140_chunk.close, compress_hyper_156_10140_chunk.high, compress_hyper_156_10140_chunk.low, compress_hyper_156_10140_chunk._ts_meta_min_1, compress_hyper_156_10140_chunk._ts_meta_max_1, compress_hyper_156_10140_chunk."timestamp", compress_hyper_156_10140_chunk.transactions
                                                                                                                                 Index Cond: (compress_hyper_156_10140_chunk.ticker = s.ticker)
                                                                                                                                 Buffers: shared hit=33183 read=54
                                                                                                                                 I/O Timings: shared read=21.900
                                                                                                                     ->  Custom Scan (DecompressChunk) on _timescaledb_internal._hyper_154_10115_chunk  (cost=2.50..12.50 rows=1000 width=16) (actual time=0.156..0.156 rows=0 loops=16118)
                                                                                                                           Output: _hyper_154_10115_chunk.close, _hyper_154_10115_chunk."timestamp"
                                                                                                                           Bulk Decompression: true
                                                                                                                           Buffers: shared hit=37845 read=1180
                                                                                                                           I/O Timings: shared read=2014.924
                                                                                                                           ->  Index Scan using compress_hyper_156_10139_chun_ticker__ts_meta_min_1__ts_met_idx on _timescaledb_internal.compress_hyper_156_10139_chunk  (cost=0.28..2.50 rows=1 width=88) (actual time=0.012..0.012 rows=0 loops=16118)
                                                                                                                                 Output: compress_hyper_156_10139_chunk._ts_meta_count, compress_hyper_156_10139_chunk.ticker, compress_hyper_156_10139_chunk.volume, compress_hyper_156_10139_chunk.open, compress_hyper_156_10139_chunk.close, compress_hyper_156_10139_chunk.high, compress_hyper_156_10139_chunk.low, compress_hyper_156_10139_chunk._ts_meta_min_1, compress_hyper_156_10139_chunk._ts_meta_max_1, compress_hyper_156_10139_chunk."timestamp", compress_hyper_156_10139_chunk.transactions
                                                                                                                                 Index Cond: (compress_hyper_156_10139_chunk.ticker = s.ticker)
                                                                                                                                 Buffers: shared hit=33209 read=48
                                                                                                                                 I/O Timings: shared read=8.543
                                                                                                                     ->  Custom Scan (DecompressChunk) on _timescaledb_internal._hyper_154_10114_chunk  (cost=2.50..12.50 rows=1000 width=16) (actual time=0.159..0.159 rows=0 loops=16118)
                                                                                                                           Output: _hyper_154_10114_chunk.close, _hyper_154_10114_chunk."timestamp"
                                                                                                                           Bulk Decompression: true
                                                                                                                           Buffers: shared hit=37911 read=1171
                                                                                                                           I/O Timings: shared read=2128.579
                                                                                                                           ->  Index Scan using compress_hyper_156_10138_chun_ticker__ts_meta_min_1__ts_met_idx on _timescaledb_internal.compress_hyper_156_10138_chunk  (cost=0.28..2.50 rows=1 width=89) (actual time=0.013..0.013 rows=0 loops=16118)
                                                                                                                                 Output: compress_hyper_156_10138_chunk._ts_meta_count, compress_hyper_156_10138_chunk.ticker, compress_hyper_156_10138_chunk.volume, compress_hyper_156_10138_chunk.open, compress_hyper_156_10138_chunk.close, compress_hyper_156_10138_chunk.high, compress_hyper_156_10138_chunk.low, compress_hyper_156_10138_chunk._ts_meta_min_1, compress_hyper_156_10138_chunk._ts_meta_max_1, compress_hyper_156_10138_chunk."timestamp", compress_hyper_156_10138_chunk.transactions
                                                                                                                                 Index Cond: (compress_hyper_156_10138_chunk.ticker = s.ticker)
                                                                                                                                 Buffers: shared hit=33214 read=42
                                                                                                                                 I/O Timings: shared read=29.015
                                                                                                                     ->  Custom Scan (DecompressChunk) on _timescaledb_internal._hyper_154_10113_chunk  (cost=2.50..12.50 rows=1000 width=16) (actual time=0.117..0.117 rows=0 loops=16118)
                                                                                                                           Output: _hyper_154_10113_chunk.close, _hyper_154_10113_chunk."timestamp"
                                                                                                                           Bulk Decompression: true
                                                                                                                           Buffers: shared hit=37292 read=1095
                                                                                                                           I/O Timings: shared read=1407.203
                                                                                                                           ->  Index Scan using compress_hyper_156_10137_chun_ticker__ts_meta_min_1__ts_met_idx on _timescaledb_internal.compress_hyper_156_10137_chunk  (cost=0.28..2.50 rows=1 width=88) (actual time=0.016..0.016 rows=0 loops=16118)
                                                                                                                                 Output: compress_hyper_156_10137_chunk._ts_meta_count, compress_hyper_156_10137_chunk.ticker, compress_hyper_156_10137_chunk.volume, compress_hyper_156_10137_chunk.open, compress_hyper_156_10137_chunk.close, compress_hyper_156_10137_chunk.high, compress_hyper_156_10137_chunk.low, compress_hyper_156_10137_chunk._ts_meta_min_1, compress_hyper_156_10137_chunk._ts_meta_max_1, compress_hyper_156_10137_chunk."timestamp", compress_hyper_156_10137_chunk.transactions
                                                                                                                                 Index Cond: (compress_hyper_156_10137_chunk.ticker = s.ticker)
                                                                                                                                 Buffers: shared hit=33131 read=41
                                                                                                                                 I/O Timings: shared read=56.625
                                                                                                                     ->  Custom Scan (DecompressChunk) on _timescaledb_internal._hyper_154_10112_chunk  (cost=2.50..12.50 rows=1000 width=16) (actual time=0.113..0.113 rows=0 loops=16118)
                                                                                                                           Output: _hyper_154_10112_chunk.close, _hyper_154_10112_chunk."timestamp"
                                                                                                                           Bulk Decompression: true
                                                                                                                           Buffers: shared hit=37627 read=1193
                                                                                                                           I/O Timings: shared read=1365.676
                                                                                                                           ->  Index Scan using compress_hyper_156_10136_chun_ticker__ts_meta_min_1__ts_met_idx on _timescaledb_internal.compress_hyper_156_10136_chunk  (cost=0.28..2.50 rows=1 width=88) (actual time=0.014..0.014 rows=0 loops=16118)
                                                                                                                                 Output: compress_hyper_156_10136_chunk._ts_meta_count, compress_hyper_156_10136_chunk.ticker, compress_hyper_156_10136_chunk.volume, compress_hyper_156_10136_chunk.open, compress_hyper_156_10136_chunk.close, compress_hyper_156_10136_chunk.high, compress_hyper_156_10136_chunk.low, compress_hyper_156_10136_chunk._ts_meta_min_1, compress_hyper_156_10136_chunk._ts_meta_max_1, compress_hyper_156_10136_chunk."timestamp", compress_hyper_156_10136_chunk.transactions
                                                                                                                                 Index Cond: (compress_hyper_156_10136_chunk.ticker = s.ticker)
                                                                                                                                 Buffers: shared hit=33174 read=42
                                                                                                                                 I/O Timings: shared read=68.593
                                                                                                                     ->  Custom Scan (DecompressChunk) on _timescaledb_internal._hyper_154_10111_chunk  (cost=2.50..12.50 rows=1000 width=16) (actual time=0.124..0.124 rows=0 loops=16118)
                                                                                                                           Output: _hyper_154_10111_chunk.close, _hyper_154_10111_chunk."timestamp"
                                                                                                                           Bulk Decompression: true
                                                                                                                           Buffers: shared hit=37898 read=1170
                                                                                                                           I/O Timings: shared read=1576.429
                                                                                                                           ->  Index Scan using compress_hyper_156_10135_chun_ticker__ts_meta_min_1__ts_met_idx on _timescaledb_internal.compress_hyper_156_10135_chunk  (cost=0.28..2.50 rows=1 width=88) (actual time=0.012..0.012 rows=0 loops=16118)
                                                                                                                                 Output: compress_hyper_156_10135_chunk._ts_meta_count, compress_hyper_156_10135_chunk.ticker, compress_hyper_156_10135_chunk.volume, compress_hyper_156_10135_chunk.open, compress_hyper_156_10135_chunk.close, compress_hyper_156_10135_chunk.high, compress_hyper_156_10135_chunk.low, compress_hyper_156_10135_chunk._ts_meta_min_1, compress_hyper_156_10135_chunk._ts_meta_max_1, compress_hyper_156_10135_chunk."timestamp", compress_hyper_156_10135_chunk.transactions
                                                                                                                                 Index Cond: (compress_hyper_156_10135_chunk.ticker = s.ticker)
                                                                                                                                 Buffers: shared hit=33202 read=42
                                                                                                                                 I/O Timings: shared read=11.659
                                                                                                                     ->  Custom Scan (DecompressChunk) on _timescaledb_internal._hyper_154_10110_chunk  (cost=2.50..12.50 rows=1000 width=16) (actual time=0.135..0.135 rows=0 loops=16118)
                                                                                                                           Output: _hyper_154_10110_chunk.close, _hyper_154_10110_chunk."timestamp"
                                                                                                                           Bulk Decompression: true
                                                                                                                           Buffers: shared hit=37632 read=1131
                                                                                                                           I/O Timings: shared read=1636.725
                                                                                                                           ->  Index Scan using compress_hyper_156_10134_chun_ticker__ts_meta_min_1__ts_met_idx on _timescaledb_internal.compress_hyper_156_10134_chunk  (cost=0.28..2.50 rows=1 width=88) (actual time=0.016..0.016 rows=0 loops=16118)
                                                                                                                                 Output: compress_hyper_156_10134_chunk._ts_meta_count, compress_hyper_156_10134_chunk.ticker, compress_hyper_156_10134_chunk.volume, compress_hyper_156_10134_chunk.open, compress_hyper_156_10134_chunk.close, compress_hyper_156_10134_chunk.high, compress_hyper_156_10134_chunk.low, compress_hyper_156_10134_chunk._ts_meta_min_1, compress_hyper_156_10134_chunk._ts_meta_max_1, compress_hyper_156_10134_chunk."timestamp", compress_hyper_156_10134_chunk.transactions
                                                                                                                                 Index Cond: (compress_hyper_156_10134_chunk.ticker = s.ticker)
                                                                                                                                 Buffers: shared hit=33179 read=44
                                                                                                                                 I/O Timings: shared read=63.509
                                                                                                                     ->  Custom Scan (DecompressChunk) on _timescaledb_internal._hyper_154_10109_chunk  (cost=2.50..12.50 rows=1000 width=16) (actual time=0.144..0.144 rows=0 loops=16118)
                                                                                                                           Output: _hyper_154_10109_chunk.close, _hyper_154_10109_chunk."timestamp"
                                                                                                                           Bulk Decompression: true
                                                                                                                           Buffers: shared hit=37660 read=1168
                                                                                                                           I/O Timings: shared read=1798.079
                                                                                                                           ->  Index Scan using compress_hyper_156_10133_chun_ticker__ts_meta_min_1__ts_met_idx on _timescaledb_internal.compress_hyper_156_10133_chunk  (cost=0.28..2.50 rows=1 width=88) (actual time=0.031..0.031 rows=0 loops=16118)
                                                                                                                                 Output: compress_hyper_156_10133_chunk._ts_meta_count, compress_hyper_156_10133_chunk.ticker, compress_hyper_156_10133_chunk.volume, compress_hyper_156_10133_chunk.open, compress_hyper_156_10133_chunk.close, compress_hyper_156_10133_chunk.high, compress_hyper_156_10133_chunk.low, compress_hyper_156_10133_chunk._ts_meta_min_1, compress_hyper_156_10133_chunk._ts_meta_max_1, compress_hyper_156_10133_chunk."timestamp", compress_hyper_156_10133_chunk.transactions
                                                                                                                                 Index Cond: (compress_hyper_156_10133_chunk.ticker = s.ticker)
                                                                                                                                 Buffers: shared hit=33189 read=44
                                                                                                                                 I/O Timings: shared read=191.261
                                                                                                               ->  Merge Append  (cost=20.10..260.10 rows=8000 width=16) (actual time=1.401..1.403 rows=1 loops=8192)
                                                                                                                     Sort Key: _hyper_154_10108_chunk."timestamp" DESC
                                                                                                                     Buffers: shared hit=152375 read=5864
                                                                                                                     I/O Timings: shared read=7385.121
                                                                                                                     ->  Custom Scan (DecompressChunk) on _timescaledb_internal._hyper_154_10108_chunk  (cost=2.50..12.50 rows=1000 width=16) (actual time=0.150..0.150 rows=0 loops=8192)
                                                                                                                           Output: _hyper_154_10108_chunk.close, _hyper_154_10108_chunk."timestamp"
                                                                                                                           Bulk Decompression: true
                                                                                                                           Buffers: shared hit=19153 read=736
                                                                                                                           I/O Timings: shared read=810.722
                                                                                                                           ->  Index Scan using compress_hyper_156_10132_chun_ticker__ts_meta_min_1__ts_met_idx on _timescaledb_internal.compress_hyper_156_10132_chunk  (cost=0.28..2.50 rows=1 width=88) (actual time=0.029..0.029 rows=0 loops=8192)
                                                                                                                                 Output: compress_hyper_156_10132_chunk._ts_meta_count, compress_hyper_156_10132_chunk.ticker, compress_hyper_156_10132_chunk.volume, compress_hyper_156_10132_chunk.open, compress_hyper_156_10132_chunk.close, compress_hyper_156_10132_chunk.high, compress_hyper_156_10132_chunk.low, compress_hyper_156_10132_chunk._ts_meta_min_1, compress_hyper_156_10132_chunk._ts_meta_max_1, compress_hyper_156_10132_chunk."timestamp", compress_hyper_156_10132_chunk.transactions
                                                                                                                                 Index Cond: (compress_hyper_156_10132_chunk.ticker = s.ticker)
                                                                                                                                 Buffers: shared hit=16907 read=31
                                                                                                                                 I/O Timings: shared read=30.216
                                                                                                                     ->  Custom Scan (DecompressChunk) on _timescaledb_internal._hyper_154_10107_chunk  (cost=2.50..12.50 rows=1000 width=16) (actual time=0.130..0.130 rows=0 loops=8192)
                                                                                                                           Output: _hyper_154_10107_chunk.close, _hyper_154_10107_chunk."timestamp"
                                                                                                                           Bulk Decompression: true
                                                                                                                           Buffers: shared hit=18888 read=700
                                                                                                                           I/O Timings: shared read=797.020
                                                                                                                           ->  Index Scan using compress_hyper_156_10131_chun_ticker__ts_meta_min_1__ts_met_idx on _timescaledb_internal.compress_hyper_156_10131_chunk  (cost=0.28..2.50 rows=1 width=88) (actual time=0.024..0.024 rows=0 loops=8192)
                                                                                                                                 Output: compress_hyper_156_10131_chunk._ts_meta_count, compress_hyper_156_10131_chunk.ticker, compress_hyper_156_10131_chunk.volume, compress_hyper_156_10131_chunk.open, compress_hyper_156_10131_chunk.close, compress_hyper_156_10131_chunk.high, compress_hyper_156_10131_chunk.low, compress_hyper_156_10131_chunk._ts_meta_min_1, compress_hyper_156_10131_chunk._ts_meta_max_1, compress_hyper_156_10131_chunk."timestamp", compress_hyper_156_10131_chunk.transactions
                                                                                                                                 Index Cond: (compress_hyper_156_10131_chunk.ticker = s.ticker)
                                                                                                                                 Buffers: shared hit=16862 read=36
                                                                                                                                 I/O Timings: shared read=33.494
                                                                                                                     ->  Custom Scan (DecompressChunk) on _timescaledb_internal._hyper_154_10106_chunk  (cost=2.50..12.50 rows=1000 width=16) (actual time=0.184..0.184 rows=0 loops=8192)
                                                                                                                           Output: _hyper_154_10106_chunk.close, _hyper_154_10106_chunk."timestamp"
                                                                                                                           Bulk Decompression: true
                                                                                                                           Buffers: shared hit=18937 read=713
                                                                                                                           I/O Timings: shared read=1281.279
                                                                                                                           ->  Index Scan using compress_hyper_156_10130_chun_ticker__ts_meta_min_1__ts_met_idx on _timescaledb_internal.compress_hyper_156_10130_chunk  (cost=0.28..2.50 rows=1 width=88) (actual time=0.028..0.028 rows=0 loops=8192)
                                                                                                                                 Output: compress_hyper_156_10130_chunk._ts_meta_count, compress_hyper_156_10130_chunk.ticker, compress_hyper_156_10130_chunk.volume, compress_hyper_156_10130_chunk.open, compress_hyper_156_10130_chunk.close, compress_hyper_156_10130_chunk.high, compress_hyper_156_10130_chunk.low, compress_hyper_156_10130_chunk._ts_meta_min_1, compress_hyper_156_10130_chunk._ts_meta_max_1, compress_hyper_156_10130_chunk."timestamp", compress_hyper_156_10130_chunk.transactions
                                                                                                                                 Index Cond: (compress_hyper_156_10130_chunk.ticker = s.ticker)
                                                                                                                                 Buffers: shared hit=16880 read=37
                                                                                                                                 I/O Timings: shared read=95.457
                                                                                                                     ->  Custom Scan (DecompressChunk) on _timescaledb_internal._hyper_154_10105_chunk  (cost=2.50..12.50 rows=1000 width=16) (actual time=0.135..0.135 rows=0 loops=8192)
                                                                                                                           Output: _hyper_154_10105_chunk.close, _hyper_154_10105_chunk."timestamp"
                                                                                                                           Bulk Decompression: true
                                                                                                                           Buffers: shared hit=18993 read=701
                                                                                                                           I/O Timings: shared read=817.168
                                                                                                                           ->  Index Scan using compress_hyper_156_10129_chun_ticker__ts_meta_min_1__ts_met_idx on _timescaledb_internal.compress_hyper_156_10129_chunk  (cost=0.28..2.50 rows=1 width=88) (actual time=0.019..0.019 rows=0 loops=8192)
                                                                                                                                 Output: compress_hyper_156_10129_chunk._ts_meta_count, compress_hyper_156_10129_chunk.ticker, compress_hyper_156_10129_chunk.volume, compress_hyper_156_10129_chunk.open, compress_hyper_156_10129_chunk.close, compress_hyper_156_10129_chunk.high, compress_hyper_156_10129_chunk.low, compress_hyper_156_10129_chunk._ts_meta_min_1, compress_hyper_156_10129_chunk._ts_meta_max_1, compress_hyper_156_10129_chunk."timestamp", compress_hyper_156_10129_chunk.transactions
                                                                                                                                 Index Cond: (compress_hyper_156_10129_chunk.ticker = s.ticker)
                                                                                                                                 Buffers: shared hit=16890 read=27
                                                                                                                                 I/O Timings: shared read=29.681
                                                                                                                     ->  Custom Scan (DecompressChunk) on _timescaledb_internal._hyper_154_10104_chunk  (cost=2.50..12.50 rows=1000 width=16) (actual time=0.158..0.158 rows=0 loops=8192)
                                                                                                                           Output: _hyper_154_10104_chunk.close, _hyper_154_10104_chunk."timestamp"
                                                                                                                           Bulk Decompression: true
                                                                                                                           Buffers: shared hit=19153 read=775
                                                                                                                           I/O Timings: shared read=891.960
                                                                                                                           ->  Index Scan using compress_hyper_156_10128_chun_ticker__ts_meta_min_1__ts_met_idx on _timescaledb_internal.compress_hyper_156_10128_chunk  (cost=0.28..2.50 rows=1 width=88) (actual time=0.045..0.045 rows=0 loops=8192)
                                                                                                                                 Output: compress_hyper_156_10128_chunk._ts_meta_count, compress_hyper_156_10128_chunk.ticker, compress_hyper_156_10128_chunk.volume, compress_hyper_156_10128_chunk.open, compress_hyper_156_10128_chunk.close, compress_hyper_156_10128_chunk.high, compress_hyper_156_10128_chunk.low, compress_hyper_156_10128_chunk._ts_meta_min_1, compress_hyper_156_10128_chunk._ts_meta_max_1, compress_hyper_156_10128_chunk."timestamp", compress_hyper_156_10128_chunk.transactions
                                                                                                                                 Index Cond: (compress_hyper_156_10128_chunk.ticker = s.ticker)
                                                                                                                                 Buffers: shared hit=16911 read=31
                                                                                                                                 I/O Timings: shared read=72.747
                                                                                                                     ->  Custom Scan (DecompressChunk) on _timescaledb_internal._hyper_154_10103_chunk  (cost=2.50..12.50 rows=1000 width=16) (actual time=0.138..0.138 rows=0 loops=8192)
                                                                                                                           Output: _hyper_154_10103_chunk.close, _hyper_154_10103_chunk."timestamp"
                                                                                                                           Bulk Decompression: true
                                                                                                                           Buffers: shared hit=19099 read=786
                                                                                                                           I/O Timings: shared read=745.978
                                                                                                                           ->  Index Scan using compress_hyper_156_10127_chun_ticker__ts_meta_min_1__ts_met_idx on _timescaledb_internal.compress_hyper_156_10127_chunk  (cost=0.28..2.50 rows=1 width=88) (actual time=0.032..0.032 rows=0 loops=8192)
                                                                                                                                 Output: compress_hyper_156_10127_chunk._ts_meta_count, compress_hyper_156_10127_chunk.ticker, compress_hyper_156_10127_chunk.volume, compress_hyper_156_10127_chunk.open, compress_hyper_156_10127_chunk.close, compress_hyper_156_10127_chunk.high, compress_hyper_156_10127_chunk.low, compress_hyper_156_10127_chunk._ts_meta_min_1, compress_hyper_156_10127_chunk._ts_meta_max_1, compress_hyper_156_10127_chunk."timestamp", compress_hyper_156_10127_chunk.transactions
                                                                                                                                 Index Cond: (compress_hyper_156_10127_chunk.ticker = s.ticker)
                                                                                                                                 Buffers: shared hit=16884 read=40
                                                                                                                                 I/O Timings: shared read=46.658
                                                                                                                     ->  Custom Scan (DecompressChunk) on _timescaledb_internal._hyper_154_10102_chunk  (cost=2.50..12.50 rows=1000 width=16) (actual time=0.168..0.168 rows=0 loops=8192)
                                                                                                                           Output: _hyper_154_10102_chunk.close, _hyper_154_10102_chunk."timestamp"
                                                                                                                           Bulk Decompression: true
                                                                                                                           Buffers: shared hit=19039 read=710
                                                                                                                           I/O Timings: shared read=1118.237
                                                                                                                           ->  Index Scan using compress_hyper_156_10126_chun_ticker__ts_meta_min_1__ts_met_idx on _timescaledb_internal.compress_hyper_156_10126_chunk  (cost=0.28..2.50 rows=1 width=88) (actual time=0.024..0.024 rows=0 loops=8192)
                                                                                                                                 Output: compress_hyper_156_10126_chunk._ts_meta_count, compress_hyper_156_10126_chunk.ticker, compress_hyper_156_10126_chunk.volume, compress_hyper_156_10126_chunk.open, compress_hyper_156_10126_chunk.close, compress_hyper_156_10126_chunk.high, compress_hyper_156_10126_chunk.low, compress_hyper_156_10126_chunk._ts_meta_min_1, compress_hyper_156_10126_chunk._ts_meta_max_1, compress_hyper_156_10126_chunk."timestamp", compress_hyper_156_10126_chunk.transactions
                                                                                                                                 Index Cond: (compress_hyper_156_10126_chunk.ticker = s.ticker)
                                                                                                                                 Buffers: shared hit=16883 read=31
                                                                                                                                 I/O Timings: shared read=50.497
                                                                                                                     ->  Custom Scan (DecompressChunk) on _timescaledb_internal._hyper_154_10101_chunk  (cost=2.50..12.50 rows=1000 width=16) (actual time=0.148..0.148 rows=0 loops=8192)
                                                                                                                           Output: _hyper_154_10101_chunk.close, _hyper_154_10101_chunk."timestamp"
                                                                                                                           Bulk Decompression: true
                                                                                                                           Buffers: shared hit=19113 read=743
                                                                                                                           I/O Timings: shared read=922.758
                                                                                                                           ->  Index Scan using compress_hyper_156_10125_chun_ticker__ts_meta_min_1__ts_met_idx on _timescaledb_internal.compress_hyper_156_10125_chunk  (cost=0.28..2.50 rows=1 width=88) (actual time=0.022..0.022 rows=0 loops=8192)
                                                                                                                                 Output: compress_hyper_156_10125_chunk._ts_meta_count, compress_hyper_156_10125_chunk.ticker, compress_hyper_156_10125_chunk.volume, compress_hyper_156_10125_chunk.open, compress_hyper_156_10125_chunk.close, compress_hyper_156_10125_chunk.high, compress_hyper_156_10125_chunk.low, compress_hyper_156_10125_chunk._ts_meta_min_1, compress_hyper_156_10125_chunk._ts_meta_max_1, compress_hyper_156_10125_chunk."timestamp", compress_hyper_156_10125_chunk.transactions
                                                                                                                                 Index Cond: (compress_hyper_156_10125_chunk.ticker = s.ticker)
                                                                                                                                 Buffers: shared hit=16898 read=33
                                                                                                                                 I/O Timings: shared read=33.432
                                                                                                               ->  Merge Append  (cost=20.10..260.10 rows=8000 width=16) (actual time=2.566..2.576 rows=2 loops=3892)
                                                                                                                     Sort Key: _hyper_154_10100_chunk."timestamp" DESC
                                                                                                                     Buffers: shared hit=78916 read=4767
                                                                                                                     I/O Timings: shared read=7779.611
                                                                                                                     ->  Custom Scan (DecompressChunk) on _timescaledb_internal._hyper_154_10100_chunk  (cost=2.50..12.50 rows=1000 width=16) (actual time=0.231..0.231 rows=0 loops=3892)
                                                                                                                           Output: _hyper_154_10100_chunk.close, _hyper_154_10100_chunk."timestamp"
                                                                                                                           Bulk Decompression: true
                                                                                                                           Buffers: shared hit=9882 read=612
                                                                                                                           I/O Timings: shared read=717.418
                                                                                                                           ->  Index Scan using compress_hyper_156_10124_chun_ticker__ts_meta_min_1__ts_met_idx on _timescaledb_internal.compress_hyper_156_10124_chunk  (cost=0.28..2.50 rows=1 width=88) (actual time=0.040..0.040 rows=0 loops=3892)
                                                                                                                                 Output: compress_hyper_156_10124_chunk._ts_meta_count, compress_hyper_156_10124_chunk.ticker, compress_hyper_156_10124_chunk.volume, compress_hyper_156_10124_chunk.open, compress_hyper_156_10124_chunk.close, compress_hyper_156_10124_chunk.high, compress_hyper_156_10124_chunk.low, compress_hyper_156_10124_chunk._ts_meta_min_1, compress_hyper_156_10124_chunk._ts_meta_max_1, compress_hyper_156_10124_chunk."timestamp", compress_hyper_156_10124_chunk.transactions
                                                                                                                                 Index Cond: (compress_hyper_156_10124_chunk.ticker = s.ticker)
                                                                                                                                 Buffers: shared hit=8194 read=37
                                                                                                                                 I/O Timings: shared read=59.027
                                                                                                                     ->  Custom Scan (DecompressChunk) on _timescaledb_internal._hyper_154_10099_chunk  (cost=2.50..12.50 rows=1000 width=16) (actual time=0.285..0.285 rows=0 loops=3892)
                                                                                                                           Output: _hyper_154_10099_chunk.close, _hyper_154_10099_chunk."timestamp"
                                                                                                                           Bulk Decompression: true
                                                                                                                           Buffers: shared hit=9854 read=591
                                                                                                                           I/O Timings: shared read=880.968
                                                                                                                           ->  Index Scan using compress_hyper_156_10123_chun_ticker__ts_meta_min_1__ts_met_idx on _timescaledb_internal.compress_hyper_156_10123_chunk  (cost=0.28..2.50 rows=1 width=88) (actual time=0.041..0.041 rows=0 loops=3892)
                                                                                                                                 Output: compress_hyper_156_10123_chunk._ts_meta_count, compress_hyper_156_10123_chunk.ticker, compress_hyper_156_10123_chunk.volume, compress_hyper_156_10123_chunk.open, compress_hyper_156_10123_chunk.close, compress_hyper_156_10123_chunk.high, compress_hyper_156_10123_chunk.low, compress_hyper_156_10123_chunk._ts_meta_min_1, compress_hyper_156_10123_chunk._ts_meta_max_1, compress_hyper_156_10123_chunk."timestamp", compress_hyper_156_10123_chunk.transactions
                                                                                                                                 Index Cond: (compress_hyper_156_10123_chunk.ticker = s.ticker)
                                                                                                                                 Buffers: shared hit=8185 read=33
                                                                                                                                 I/O Timings: shared read=61.119
                                                                                                                     ->  Custom Scan (DecompressChunk) on _timescaledb_internal._hyper_154_10098_chunk  (cost=2.50..12.50 rows=1000 width=16) (actual time=0.276..0.276 rows=0 loops=3892)
                                                                                                                           Output: _hyper_154_10098_chunk.close, _hyper_154_10098_chunk."timestamp"
                                                                                                                           Bulk Decompression: true
                                                                                                                           Buffers: shared hit=9876 read=565
                                                                                                                           I/O Timings: shared read=810.899
                                                                                                                           ->  Index Scan using compress_hyper_156_10122_chun_ticker__ts_meta_min_1__ts_met_idx on _timescaledb_internal.compress_hyper_156_10122_chunk  (cost=0.28..2.50 rows=1 width=88) (actual time=0.037..0.037 rows=0 loops=3892)
                                                                                                                                 Output: compress_hyper_156_10122_chunk._ts_meta_count, compress_hyper_156_10122_chunk.ticker, compress_hyper_156_10122_chunk.volume, compress_hyper_156_10122_chunk.open, compress_hyper_156_10122_chunk.close, compress_hyper_156_10122_chunk.high, compress_hyper_156_10122_chunk.low, compress_hyper_156_10122_chunk._ts_meta_min_1, compress_hyper_156_10122_chunk._ts_meta_max_1, compress_hyper_156_10122_chunk."timestamp", compress_hyper_156_10122_chunk.transactions
                                                                                                                                 Index Cond: (compress_hyper_156_10122_chunk.ticker = s.ticker)
                                                                                                                                 Buffers: shared hit=8198 read=33
                                                                                                                                 I/O Timings: shared read=52.313
                                                                                                                     ->  Custom Scan (DecompressChunk) on _timescaledb_internal._hyper_154_10097_chunk  (cost=2.50..12.50 rows=1000 width=16) (actual time=0.353..0.353 rows=0 loops=3892)
                                                                                                                           Output: _hyper_154_10097_chunk.close, _hyper_154_10097_chunk."timestamp"
                                                                                                                           Bulk Decompression: true
                                                                                                                           Buffers: shared hit=10019 read=632
                                                                                                                           I/O Timings: shared read=1169.853
                                                                                                                           ->  Index Scan using compress_hyper_156_10121_chun_ticker__ts_meta_min_1__ts_met_idx on _timescaledb_internal.compress_hyper_156_10121_chunk  (cost=0.28..2.50 rows=1 width=88) (actual time=0.024..0.024 rows=0 loops=3892)
                                                                                                                                 Output: compress_hyper_156_10121_chunk._ts_meta_count, compress_hyper_156_10121_chunk.ticker, compress_hyper_156_10121_chunk.volume, compress_hyper_156_10121_chunk.open, compress_hyper_156_10121_chunk.close, compress_hyper_156_10121_chunk.high, compress_hyper_156_10121_chunk.low, compress_hyper_156_10121_chunk._ts_meta_min_1, compress_hyper_156_10121_chunk._ts_meta_max_1, compress_hyper_156_10121_chunk."timestamp", compress_hyper_156_10121_chunk.transactions
                                                                                                                                 Index Cond: (compress_hyper_156_10121_chunk.ticker = s.ticker)
                                                                                                                                 Buffers: shared hit=8204 read=28
                                                                                                                                 I/O Timings: shared read=37.181
                                                                                                                     ->  Custom Scan (DecompressChunk) on _timescaledb_internal._hyper_154_10096_chunk  (cost=2.50..12.50 rows=1000 width=16) (actual time=0.305..0.305 rows=0 loops=3892)
                                                                                                                           Output: _hyper_154_10096_chunk.close, _hyper_154_10096_chunk."timestamp"
                                                                                                                           Bulk Decompression: true
                                                                                                                           Buffers: shared hit=9906 read=606
                                                                                                                           I/O Timings: shared read=1000.682
                                                                                                                           ->  Index Scan using compress_hyper_156_10120_chun_ticker__ts_meta_min_1__ts_met_idx on _timescaledb_internal.compress_hyper_156_10120_chunk  (cost=0.28..2.50 rows=1 width=88) (actual time=0.046..0.046 rows=0 loops=3892)
                                                                                                                                 Output: compress_hyper_156_10120_chunk._ts_meta_count, compress_hyper_156_10120_chunk.ticker, compress_hyper_156_10120_chunk.volume, compress_hyper_156_10120_chunk.open, compress_hyper_156_10120_chunk.close, compress_hyper_156_10120_chunk.high, compress_hyper_156_10120_chunk.low, compress_hyper_156_10120_chunk._ts_meta_min_1, compress_hyper_156_10120_chunk._ts_meta_max_1, compress_hyper_156_10120_chunk."timestamp", compress_hyper_156_10120_chunk.transactions
                                                                                                                                 Index Cond: (compress_hyper_156_10120_chunk.ticker = s.ticker)
                                                                                                                                 Buffers: shared hit=8195 read=34
                                                                                                                                 I/O Timings: shared read=76.101
                                                                                                                     ->  Custom Scan (DecompressChunk) on _timescaledb_internal._hyper_154_10095_chunk  (cost=2.50..12.50 rows=1000 width=16) (actual time=0.235..0.235 rows=0 loops=3892)
                                                                                                                           Output: _hyper_154_10095_chunk.close, _hyper_154_10095_chunk."timestamp"
                                                                                                                           Bulk Decompression: true
                                                                                                                           Buffers: shared hit=9779 read=569
                                                                                                                           I/O Timings: shared read=736.831
                                                                                                                           ->  Index Scan using compress_hyper_156_10119_chun_ticker__ts_meta_min_1__ts_met_idx on _timescaledb_internal.compress_hyper_156_10119_chunk  (cost=0.28..2.50 rows=1 width=88) (actual time=0.042..0.042 rows=0 loops=3892)
                                                                                                                                 Output: compress_hyper_156_10119_chunk._ts_meta_count, compress_hyper_156_10119_chunk.ticker, compress_hyper_156_10119_chunk.volume, compress_hyper_156_10119_chunk.open, compress_hyper_156_10119_chunk.close, compress_hyper_156_10119_chunk.high, compress_hyper_156_10119_chunk.low, compress_hyper_156_10119_chunk._ts_meta_min_1, compress_hyper_156_10119_chunk._ts_meta_max_1, compress_hyper_156_10119_chunk."timestamp", compress_hyper_156_10119_chunk.transactions
                                                                                                                                 Index Cond: (compress_hyper_156_10119_chunk.ticker = s.ticker)
                                                                                                                                 Buffers: shared hit=8167 read=34
                                                                                                                                 I/O Timings: shared read=86.287
                                                                                                                     ->  Custom Scan (DecompressChunk) on _timescaledb_internal._hyper_154_10094_chunk  (cost=2.50..12.50 rows=1000 width=16) (actual time=0.451..0.460 rows=0 loops=3892)
                                                                                                                           Output: _hyper_154_10094_chunk.close, _hyper_154_10094_chunk."timestamp"
                                                                                                                           Bulk Decompression: true
                                                                                                                           Buffers: shared hit=9944 read=633
                                                                                                                           I/O Timings: shared read=1603.659
                                                                                                                           ->  Index Scan using compress_hyper_156_10118_chun_ticker__ts_meta_min_1__ts_met_idx on _timescaledb_internal.compress_hyper_156_10118_chunk  (cost=0.28..2.50 rows=1 width=88) (actual time=0.029..0.029 rows=0 loops=3892)
                                                                                                                                 Output: compress_hyper_156_10118_chunk._ts_meta_count, compress_hyper_156_10118_chunk.ticker, compress_hyper_156_10118_chunk.volume, compress_hyper_156_10118_chunk.open, compress_hyper_156_10118_chunk.close, compress_hyper_156_10118_chunk.high, compress_hyper_156_10118_chunk.low, compress_hyper_156_10118_chunk._ts_meta_min_1, compress_hyper_156_10118_chunk._ts_meta_max_1, compress_hyper_156_10118_chunk."timestamp", compress_hyper_156_10118_chunk.transactions
                                                                                                                                 Index Cond: (compress_hyper_156_10118_chunk.ticker = s.ticker)
                                                                                                                                 Buffers: shared hit=8200 read=40
                                                                                                                                 I/O Timings: shared read=56.092
                                                                                                                     ->  Custom Scan (DecompressChunk) on _timescaledb_internal._hyper_154_10093_chunk  (cost=2.50..12.50 rows=1000 width=16) (actual time=0.273..0.273 rows=0 loops=3892)
                                                                                                                           Output: _hyper_154_10093_chunk.close, _hyper_154_10093_chunk."timestamp"
                                                                                                                           Bulk Decompression: true
                                                                                                                           Buffers: shared hit=9656 read=559
                                                                                                                           I/O Timings: shared read=859.302
                                                                                                                           ->  Index Scan using compress_hyper_156_10117_chun_ticker__ts_meta_min_1__ts_met_idx on _timescaledb_internal.compress_hyper_156_10117_chunk  (cost=0.28..2.50 rows=1 width=88) (actual time=0.038..0.038 rows=0 loops=3892)
                                                                                                                                 Output: compress_hyper_156_10117_chunk._ts_meta_count, compress_hyper_156_10117_chunk.ticker, compress_hyper_156_10117_chunk.volume, compress_hyper_156_10117_chunk.open, compress_hyper_156_10117_chunk.close, compress_hyper_156_10117_chunk.high, compress_hyper_156_10117_chunk.low, compress_hyper_156_10117_chunk._ts_meta_min_1, compress_hyper_156_10117_chunk._ts_meta_max_1, compress_hyper_156_10117_chunk."timestamp", compress_hyper_156_10117_chunk.transactions
                                                                                                                                 Index Cond: (compress_hyper_156_10117_chunk.ticker = s.ticker)
                                                                                                                                 Buffers: shared hit=8147 read=38
                                                                                                                                 I/O Timings: shared read=96.416
                                                                                       ->  Limit  (cost=435.46..435.46 rows=1 width=64) (actual time=2.698..2.698 rows=1 loops=27834)
                                                                                             Output: (((ohlcv_1d_1.close)::numeric / 1000.0)), (abs(EXTRACT(epoch FROM (ohlcv_1d_1."timestamp" - (now() - '1 day'::interval)))))
                                                                                             Buffers: shared hit=1207134 read=27462
                                                                                             I/O Timings: shared read=24179.876
                                                                                             ->  Sort  (cost=435.46..457.13 rows=8670 width=64) (actual time=2.682..2.682 rows=1 loops=27834)
                                                                                                   Output: (((ohlcv_1d_1.close)::numeric / 1000.0)), (abs(EXTRACT(epoch FROM (ohlcv_1d_1."timestamp" - (now() - '1 day'::interval)))))
                                                                                                   Sort Key: (abs(EXTRACT(epoch FROM (ohlcv_1d_1."timestamp" - (now() - '1 day'::interval)))))
                                                                                                   Sort Method: top-N heapsort  Memory: 25kB
                                                                                                   Buffers: shared hit=1207134 read=27462
                                                                                                   I/O Timings: shared read=24179.876
                                                                                                   ->  Result  (cost=0.42..392.11 rows=8670 width=64) (actual time=0.669..2.442 rows=188 loops=27834)
                                                                                                         Output: ((ohlcv_1d_1.close)::numeric / 1000.0), abs(EXTRACT(epoch FROM (ohlcv_1d_1."timestamp" - (now() - '1 day'::interval))))
                                                                                                         Buffers: shared hit=1207134 read=27462
                                                                                                         I/O Timings: shared read=24179.876
                                                                                                         ->  Custom Scan (ChunkAppend) on public.ohlcv_1d ohlcv_1d_1  (cost=0.42..153.68 rows=8670 width=16) (actual time=0.478..1.752 rows=188 loops=27834)
                                                                                                               Output: ohlcv_1d_1.close, ohlcv_1d_1."timestamp"
                                                                                                               Startup Exclusion: true
                                                                                                               Runtime Exclusion: true
                                                                                                               Chunks excluded during startup: 0
                                                                                                               Chunks excluded during runtime: 0
                                                                                                               Buffers: shared hit=1207134 read=27462
                                                                                                               I/O Timings: shared read=24179.876
                                                                                                               ->  Index Only Scan using _hyper_154_10085_chunk_ohlcv_1d_ticker_ts_desc_inc on _timescaledb_internal._hyper_154_10085_chunk _hyper_154_10085_chunk_1  (cost=0.42..6.69 rows=83 width=16) (actual time=0.034..0.046 rows=4 loops=27834)
                                                                                                                     Output: _hyper_154_10085_chunk_1.close, _hyper_154_10085_chunk_1."timestamp"
                                                                                                                     Index Cond: ((_hyper_154_10085_chunk_1.ticker = s.ticker) AND (_hyper_154_10085_chunk_1."timestamp" >= (now() - '2 years'::interval)))
                                                                                                                     Heap Fetches: 2489
                                                                                                                     Buffers: shared hit=85992 read=1080
                                                                                                                     I/O Timings: shared read=147.264
                                                                                                               ->  Index Only Scan using _hyper_154_10086_chunk_ohlcv_1d_ticker_ts_desc_inc on _timescaledb_internal._hyper_154_10086_chunk _hyper_154_10086_chunk_1  (cost=0.42..6.71 rows=84 width=16) (actual time=0.024..0.039 rows=5 loops=27834)
                                                                                                                     Output: _hyper_154_10086_chunk_1.close, _hyper_154_10086_chunk_1."timestamp"
                                                                                                                     Index Cond: ((_hyper_154_10086_chunk_1.ticker = s.ticker) AND (_hyper_154_10086_chunk_1."timestamp" >= (now() - '2 years'::interval)))
                                                                                                                     Heap Fetches: 2551
                                                                                                                     Buffers: shared hit=86051 read=1163
                                                                                                                     I/O Timings: shared read=266.603
                                                                                                               ->  Index Only Scan using _hyper_154_10087_chunk_ohlcv_1d_ticker_ts_desc_inc on _timescaledb_internal._hyper_154_10087_chunk _hyper_154_10087_chunk_1  (cost=0.42..6.71 rows=84 width=16) (actual time=0.016..0.053 rows=4 loops=27834)
                                                                                                                     Output: _hyper_154_10087_chunk_1.close, _hyper_154_10087_chunk_1."timestamp"
                                                                                                                     Index Cond: ((_hyper_154_10087_chunk_1.ticker = s.ticker) AND (_hyper_154_10087_chunk_1."timestamp" >= (now() - '2 years'::interval)))
                                                                                                                     Heap Fetches: 2502
                                                                                                                     Buffers: shared hit=86005 read=1135
                                                                                                                     I/O Timings: shared read=690.505
                                                                                                               ->  Index Only Scan using _hyper_154_10088_chunk_ohlcv_1d_ticker_ts_desc_inc on _timescaledb_internal._hyper_154_10088_chunk _hyper_154_10088_chunk_1  (cost=0.42..6.71 rows=84 width=16) (actual time=0.018..0.032 rows=4 loops=27834)
                                                                                                                     Output: _hyper_154_10088_chunk_1.close, _hyper_154_10088_chunk_1."timestamp"
                                                                                                                     Index Cond: ((_hyper_154_10088_chunk_1.ticker = s.ticker) AND (_hyper_154_10088_chunk_1."timestamp" >= (now() - '2 years'::interval)))
                                                                                                                     Heap Fetches: 2376
                                                                                                                     Buffers: shared hit=85884 read=1103
                                                                                                                     I/O Timings: shared read=237.132
                                                                                                               ->  Index Only Scan using _hyper_154_10089_chunk_ohlcv_1d_ticker_ts_desc_inc on _timescaledb_internal._hyper_154_10089_chunk _hyper_154_10089_chunk_1  (cost=0.42..6.71 rows=84 width=16) (actual time=0.019..0.033 rows=4 loops=27834)
                                                                                                                     Output: _hyper_154_10089_chunk_1.close, _hyper_154_10089_chunk_1."timestamp"
                                                                                                                     Index Cond: ((_hyper_154_10089_chunk_1.ticker = s.ticker) AND (_hyper_154_10089_chunk_1."timestamp" >= (now() - '2 years'::interval)))
                                                                                                                     Heap Fetches: 2594
                                                                                                                     Buffers: shared hit=86092 read=1145
                                                                                                                     I/O Timings: shared read=277.530
                                                                                                               ->  Index Only Scan using _hyper_154_10090_chunk_ohlcv_1d_ticker_ts_desc_inc on _timescaledb_internal._hyper_154_10090_chunk _hyper_154_10090_chunk_1  (cost=0.42..6.71 rows=84 width=16) (actual time=0.021..0.035 rows=4 loops=27834)
                                                                                                                     Output: _hyper_154_10090_chunk_1.close, _hyper_154_10090_chunk_1."timestamp"
                                                                                                                     Index Cond: ((_hyper_154_10090_chunk_1.ticker = s.ticker) AND (_hyper_154_10090_chunk_1."timestamp" >= (now() - '2 years'::interval)))
                                                                                                                     Heap Fetches: 2574
                                                                                                                     Buffers: shared hit=86075 read=1142
                                                                                                                     I/O Timings: shared read=250.662
                                                                                                               ->  Index Only Scan using _hyper_154_10091_chunk_ohlcv_1d_ticker_ts_desc_inc on _timescaledb_internal._hyper_154_10091_chunk _hyper_154_10091_chunk_1  (cost=0.42..6.69 rows=83 width=16) (actual time=0.019..0.032 rows=4 loops=27834)
                                                                                                                     Output: _hyper_154_10091_chunk_1.close, _hyper_154_10091_chunk_1."timestamp"
                                                                                                                     Index Cond: ((_hyper_154_10091_chunk_1.ticker = s.ticker) AND (_hyper_154_10091_chunk_1."timestamp" >= (now() - '2 years'::interval)))
                                                                                                                     Heap Fetches: 2409
                                                                                                                     Buffers: shared hit=85919 read=1139
                                                                                                                     I/O Timings: shared read=202.614
                                                                                                               ->  Index Only Scan using _hyper_154_10092_chunk_ohlcv_1d_ticker_ts_desc_inc on _timescaledb_internal._hyper_154_10092_chunk _hyper_154_10092_chunk_1  (cost=0.42..6.71 rows=84 width=16) (actual time=0.015..0.031 rows=5 loops=27834)
                                                                                                                     Output: _hyper_154_10092_chunk_1.close, _hyper_154_10092_chunk_1."timestamp"
                                                                                                                     Index Cond: ((_hyper_154_10092_chunk_1.ticker = s.ticker) AND (_hyper_154_10092_chunk_1."timestamp" >= (now() - '2 years'::interval)))
                                                                                                                     Heap Fetches: 2582
                                                                                                                     Buffers: shared hit=86085 read=1177
                                                                                                                     I/O Timings: shared read=292.648
                                                                                                               ->  Custom Scan (DecompressChunk) on _timescaledb_internal._hyper_154_10109_chunk _hyper_154_10109_chunk_1  (cost=2.50..12.50 rows=1000 width=16) (actual time=0.121..0.125 rows=18 loops=27834)
                                                                                                                     Output: _hyper_154_10109_chunk_1.close, _hyper_154_10109_chunk_1."timestamp"
                                                                                                                     Vectorized Filter: (_hyper_154_10109_chunk_1."timestamp" >= (now() - '2 years'::interval))
                                                                                                                     Rows Removed by Filter: 25
                                                                                                                     Bulk Decompression: true
                                                                                                                     Buffers: shared hit=64569 read=2195
                                                                                                                     I/O Timings: shared read=2149.130
                                                                                                                     ->  Index Scan using compress_hyper_156_10133_chun_ticker__ts_meta_min_1__ts_met_idx on _timescaledb_internal.compress_hyper_156_10133_chunk compress_hyper_156_10133_chunk_1  (cost=0.28..2.50 rows=1 width=88) (actual time=0.019..0.019 rows=0 loops=27834)
                                                                                                                           Output: compress_hyper_156_10133_chunk_1._ts_meta_count, compress_hyper_156_10133_chunk_1.ticker, compress_hyper_156_10133_chunk_1.volume, compress_hyper_156_10133_chunk_1.open, compress_hyper_156_10133_chunk_1.close, compress_hyper_156_10133_chunk_1.high, compress_hyper_156_10133_chunk_1.low, compress_hyper_156_10133_chunk_1._ts_meta_min_1, compress_hyper_156_10133_chunk_1._ts_meta_max_1, compress_hyper_156_10133_chunk_1."timestamp", compress_hyper_156_10133_chunk_1.transactions
                                                                                                                           Index Cond: ((compress_hyper_156_10133_chunk_1.ticker = s.ticker) AND (compress_hyper_156_10133_chunk_1._ts_meta_max_1 >= (now() - '2 years'::interval)))
                                                                                                                           Buffers: shared hit=57203 read=73
                                                                                                                           I/O Timings: shared read=78.782
                                                                                                               ->  Custom Scan (DecompressChunk) on _timescaledb_internal._hyper_154_10110_chunk _hyper_154_10110_chunk_1  (cost=2.50..12.50 rows=1000 width=16) (actual time=0.143..0.149 rows=20 loops=27834)
                                                                                                                     Output: _hyper_154_10110_chunk_1.close, _hyper_154_10110_chunk_1."timestamp"
                                                                                                                     Vectorized Filter: (_hyper_154_10110_chunk_1."timestamp" >= (now() - '2 years'::interval))
                                                                                                                     Rows Removed by Filter: 26
                                                                                                                     Bulk Decompression: true
                                                                                                                     Buffers: shared hit=64986 read=2361
                                                                                                                     I/O Timings: shared read=2962.195
                                                                                                                     ->  Index Scan using compress_hyper_156_10134_chun_ticker__ts_meta_min_1__ts_met_idx on _timescaledb_internal.compress_hyper_156_10134_chunk compress_hyper_156_10134_chunk_1  (cost=0.28..2.50 rows=1 width=88) (actual time=0.017..0.017 rows=0 loops=27834)
                                                                                                                           Output: compress_hyper_156_10134_chunk_1._ts_meta_count, compress_hyper_156_10134_chunk_1.ticker, compress_hyper_156_10134_chunk_1.volume, compress_hyper_156_10134_chunk_1.open, compress_hyper_156_10134_chunk_1.close, compress_hyper_156_10134_chunk_1.high, compress_hyper_156_10134_chunk_1.low, compress_hyper_156_10134_chunk_1._ts_meta_min_1, compress_hyper_156_10134_chunk_1._ts_meta_max_1, compress_hyper_156_10134_chunk_1."timestamp", compress_hyper_156_10134_chunk_1.transactions
                                                                                                                           Index Cond: ((compress_hyper_156_10134_chunk_1.ticker = s.ticker) AND (compress_hyper_156_10134_chunk_1._ts_meta_max_1 >= (now() - '2 years'::interval)))
                                                                                                                           Buffers: shared hit=57279 read=72
                                                                                                                           I/O Timings: shared read=105.628
                                                                                                               ->  Custom Scan (DecompressChunk) on _timescaledb_internal._hyper_154_10111_chunk _hyper_154_10111_chunk_1  (cost=2.50..12.50 rows=1000 width=16) (actual time=0.131..0.137 rows=19 loops=27834)
                                                                                                                     Output: _hyper_154_10111_chunk_1.close, _hyper_154_10111_chunk_1."timestamp"
                                                                                                                     Vectorized Filter: (_hyper_154_10111_chunk_1."timestamp" >= (now() - '2 years'::interval))
                                                                                                                     Rows Removed by Filter: 25
                                                                                                                     Bulk Decompression: true
                                                                                                                     Buffers: shared hit=64994 read=2293
                                                                                                                     I/O Timings: shared read=2718.289
                                                                                                                     ->  Index Scan using compress_hyper_156_10135_chun_ticker__ts_meta_min_1__ts_met_idx on _timescaledb_internal.compress_hyper_156_10135_chunk compress_hyper_156_10135_chunk_1  (cost=0.28..2.50 rows=1 width=88) (actual time=0.017..0.017 rows=0 loops=27834)
                                                                                                                           Output: compress_hyper_156_10135_chunk_1._ts_meta_count, compress_hyper_156_10135_chunk_1.ticker, compress_hyper_156_10135_chunk_1.volume, compress_hyper_156_10135_chunk_1.open, compress_hyper_156_10135_chunk_1.close, compress_hyper_156_10135_chunk_1.high, compress_hyper_156_10135_chunk_1.low, compress_hyper_156_10135_chunk_1._ts_meta_min_1, compress_hyper_156_10135_chunk_1._ts_meta_max_1, compress_hyper_156_10135_chunk_1."timestamp", compress_hyper_156_10135_chunk_1.transactions
                                                                                                                           Index Cond: ((compress_hyper_156_10135_chunk_1.ticker = s.ticker) AND (compress_hyper_156_10135_chunk_1._ts_meta_max_1 >= (now() - '2 years'::interval)))
                                                                                                                           Buffers: shared hit=57275 read=76
                                                                                                                           I/O Timings: shared read=83.059
                                                                                                               ->  Custom Scan (DecompressChunk) on _timescaledb_internal._hyper_154_10112_chunk _hyper_154_10112_chunk_1  (cost=2.50..12.50 rows=1000 width=16) (actual time=0.129..0.136 rows=19 loops=27834)
                                                                                                                     Output: _hyper_154_10112_chunk_1.close, _hyper_154_10112_chunk_1."timestamp"
                                                                                                                     Vectorized Filter: (_hyper_154_10112_chunk_1."timestamp" >= (now() - '2 years'::interval))
                                                                                                                     Rows Removed by Filter: 26
                                                                                                                     Bulk Decompression: true
                                                                                                                     Buffers: shared hit=65040 read=2269
                                                                                                                     I/O Timings: shared read=2714.185
                                                                                                                     ->  Index Scan using compress_hyper_156_10136_chun_ticker__ts_meta_min_1__ts_met_idx on _timescaledb_internal.compress_hyper_156_10136_chunk compress_hyper_156_10136_chunk_1  (cost=0.28..2.50 rows=1 width=88) (actual time=0.016..0.017 rows=0 loops=27834)
                                                                                                                           Output: compress_hyper_156_10136_chunk_1._ts_meta_count, compress_hyper_156_10136_chunk_1.ticker, compress_hyper_156_10136_chunk_1.volume, compress_hyper_156_10136_chunk_1.open, compress_hyper_156_10136_chunk_1.close, compress_hyper_156_10136_chunk_1.high, compress_hyper_156_10136_chunk_1.low, compress_hyper_156_10136_chunk_1._ts_meta_min_1, compress_hyper_156_10136_chunk_1._ts_meta_max_1, compress_hyper_156_10136_chunk_1."timestamp", compress_hyper_156_10136_chunk_1.transactions
                                                                                                                           Index Cond: ((compress_hyper_156_10136_chunk_1.ticker = s.ticker) AND (compress_hyper_156_10136_chunk_1._ts_meta_max_1 >= (now() - '2 years'::interval)))
                                                                                                                           Buffers: shared hit=57293 read=70
                                                                                                                           I/O Timings: shared read=108.849
                                                                                                               ->  Custom Scan (DecompressChunk) on _timescaledb_internal._hyper_154_10113_chunk _hyper_154_10113_chunk_1  (cost=2.50..12.50 rows=1000 width=16) (actual time=0.146..0.150 rows=19 loops=27834)
                                                                                                                     Output: _hyper_154_10113_chunk_1.close, _hyper_154_10113_chunk_1."timestamp"
                                                                                                                     Vectorized Filter: (_hyper_154_10113_chunk_1."timestamp" >= (now() - '2 years'::interval))
                                                                                                                     Rows Removed by Filter: 25
                                                                                                                     Bulk Decompression: true
                                                                                                                     Buffers: shared hit=64616 read=2322
                                                                                                                     I/O Timings: shared read=3092.491
                                                                                                                     ->  Index Scan using compress_hyper_156_10137_chun_ticker__ts_meta_min_1__ts_met_idx on _timescaledb_internal.compress_hyper_156_10137_chunk compress_hyper_156_10137_chunk_1  (cost=0.28..2.50 rows=1 width=88) (actual time=0.020..0.020 rows=0 loops=27834)
                                                                                                                           Output: compress_hyper_156_10137_chunk_1._ts_meta_count, compress_hyper_156_10137_chunk_1.ticker, compress_hyper_156_10137_chunk_1.volume, compress_hyper_156_10137_chunk_1.open, compress_hyper_156_10137_chunk_1.close, compress_hyper_156_10137_chunk_1.high, compress_hyper_156_10137_chunk_1.low, compress_hyper_156_10137_chunk_1._ts_meta_min_1, compress_hyper_156_10137_chunk_1._ts_meta_max_1, compress_hyper_156_10137_chunk_1."timestamp", compress_hyper_156_10137_chunk_1.transactions
                                                                                                                           Index Cond: ((compress_hyper_156_10137_chunk_1.ticker = s.ticker) AND (compress_hyper_156_10137_chunk_1._ts_meta_max_1 >= (now() - '2 years'::interval)))
                                                                                                                           Buffers: shared hit=57228 read=67
                                                                                                                           I/O Timings: shared read=70.020
                                                                                                               ->  Custom Scan (DecompressChunk) on _timescaledb_internal._hyper_154_10114_chunk _hyper_154_10114_chunk_1  (cost=2.50..12.50 rows=1000 width=16) (actual time=0.141..0.150 rows=18 loops=27834)
                                                                                                                     Output: _hyper_154_10114_chunk_1.close, _hyper_154_10114_chunk_1."timestamp"
                                                                                                                     Vectorized Filter: (_hyper_154_10114_chunk_1."timestamp" >= (now() - '2 years'::interval))
                                                                                                                     Rows Removed by Filter: 24
                                                                                                                     Bulk Decompression: true
                                                                                                                     Buffers: shared hit=64626 read=2242
                                                                                                                     I/O Timings: shared read=2970.357
                                                                                                                     ->  Index Scan using compress_hyper_156_10138_chun_ticker__ts_meta_min_1__ts_met_idx on _timescaledb_internal.compress_hyper_156_10138_chunk compress_hyper_156_10138_chunk_1  (cost=0.28..2.50 rows=1 width=89) (actual time=0.018..0.018 rows=0 loops=27834)
                                                                                                                           Output: compress_hyper_156_10138_chunk_1._ts_meta_count, compress_hyper_156_10138_chunk_1.ticker, compress_hyper_156_10138_chunk_1.volume, compress_hyper_156_10138_chunk_1.open, compress_hyper_156_10138_chunk_1.close, compress_hyper_156_10138_chunk_1.high, compress_hyper_156_10138_chunk_1.low, compress_hyper_156_10138_chunk_1._ts_meta_min_1, compress_hyper_156_10138_chunk_1._ts_meta_max_1, compress_hyper_156_10138_chunk_1."timestamp", compress_hyper_156_10138_chunk_1.transactions
                                                                                                                           Index Cond: ((compress_hyper_156_10138_chunk_1.ticker = s.ticker) AND (compress_hyper_156_10138_chunk_1._ts_meta_max_1 >= (now() - '2 years'::interval)))
                                                                                                                           Buffers: shared hit=57224 read=64
                                                                                                                           I/O Timings: shared read=18.703
                                                                                                               ->  Custom Scan (DecompressChunk) on _timescaledb_internal._hyper_154_10115_chunk _hyper_154_10115_chunk_1  (cost=2.50..12.50 rows=1000 width=16) (actual time=0.115..0.125 rows=20 loops=27834)
                                                                                                                     Output: _hyper_154_10115_chunk_1.close, _hyper_154_10115_chunk_1."timestamp"
                                                                                                                     Vectorized Filter: (_hyper_154_10115_chunk_1."timestamp" >= (now() - '2 years'::interval))
                                                                                                                     Rows Removed by Filter: 26
                                                                                                                     Bulk Decompression: true
                                                                                                                     Buffers: shared hit=65250 read=2380
                                                                                                                     I/O Timings: shared read=2344.918
                                                                                                                     ->  Index Scan using compress_hyper_156_10139_chun_ticker__ts_meta_min_1__ts_met_idx on _timescaledb_internal.compress_hyper_156_10139_chunk compress_hyper_156_10139_chunk_1  (cost=0.28..2.50 rows=1 width=88) (actual time=0.016..0.017 rows=0 loops=27834)
                                                                                                                           Output: compress_hyper_156_10139_chunk_1._ts_meta_count, compress_hyper_156_10139_chunk_1.ticker, compress_hyper_156_10139_chunk_1.volume, compress_hyper_156_10139_chunk_1.open, compress_hyper_156_10139_chunk_1.close, compress_hyper_156_10139_chunk_1.high, compress_hyper_156_10139_chunk_1.low, compress_hyper_156_10139_chunk_1._ts_meta_min_1, compress_hyper_156_10139_chunk_1._ts_meta_max_1, compress_hyper_156_10139_chunk_1."timestamp", compress_hyper_156_10139_chunk_1.transactions
                                                                                                                           Index Cond: ((compress_hyper_156_10139_chunk_1.ticker = s.ticker) AND (compress_hyper_156_10139_chunk_1._ts_meta_max_1 >= (now() - '2 years'::interval)))
                                                                                                                           Buffers: shared hit=57334 read=66
                                                                                                                           I/O Timings: shared read=36.421
                                                                                                               ->  Custom Scan (DecompressChunk) on _timescaledb_internal._hyper_154_10116_chunk _hyper_154_10116_chunk_1  (cost=2.50..12.50 rows=1000 width=16) (actual time=0.137..0.144 rows=19 loops=27834)
                                                                                                                     Output: _hyper_154_10116_chunk_1.close, _hyper_154_10116_chunk_1."timestamp"
                                                                                                                     Vectorized Filter: (_hyper_154_10116_chunk_1."timestamp" >= (now() - '2 years'::interval))
                                                                                                                     Rows Removed by Filter: 25
                                                                                                                     Bulk Decompression: true
                                                                                                                     Buffers: shared hit=64950 read=2316
                                                                                                                     I/O Timings: shared read=2863.353
                                                                                                                     ->  Index Scan using compress_hyper_156_10140_chun_ticker__ts_meta_min_1__ts_met_idx on _timescaledb_internal.compress_hyper_156_10140_chunk compress_hyper_156_10140_chunk_1  (cost=0.28..2.50 rows=1 width=88) (actual time=0.019..0.019 rows=0 loops=27834)
                                                                                                                           Output: compress_hyper_156_10140_chunk_1._ts_meta_count, compress_hyper_156_10140_chunk_1.ticker, compress_hyper_156_10140_chunk_1.volume, compress_hyper_156_10140_chunk_1.open, compress_hyper_156_10140_chunk_1.close, compress_hyper_156_10140_chunk_1.high, compress_hyper_156_10140_chunk_1.low, compress_hyper_156_10140_chunk_1._ts_meta_min_1, compress_hyper_156_10140_chunk_1._ts_meta_max_1, compress_hyper_156_10140_chunk_1."timestamp", compress_hyper_156_10140_chunk_1.transactions
                                                                                                                           Index Cond: ((compress_hyper_156_10140_chunk_1.ticker = s.ticker) AND (compress_hyper_156_10140_chunk_1._ts_meta_max_1 >= (now() - '2 years'::interval)))
                                                                                                                           Buffers: shared hit=57273 read=58
                                                                                                                           I/O Timings: shared read=19.863
                                                                                 ->  Limit  (cost=435.46..435.46 rows=1 width=64) (actual time=1.677..1.677 rows=1 loops=27834)
                                                                                       Output: (((ohlcv_1d_2.close)::numeric / 1000.0)), (abs(EXTRACT(epoch FROM (ohlcv_1d_2."timestamp" - (now() - '7 days'::interval)))))
                                                                                       Buffers: shared hit=1234480
                                                                                       ->  Sort  (cost=435.46..457.13 rows=8670 width=64) (actual time=1.664..1.664 rows=1 loops=27834)
                                                                                             Output: (((ohlcv_1d_2.close)::numeric / 1000.0)), (abs(EXTRACT(epoch FROM (ohlcv_1d_2."timestamp" - (now() - '7 days'::interval)))))
                                                                                             Sort Key: (abs(EXTRACT(epoch FROM (ohlcv_1d_2."timestamp" - (now() - '7 days'::interval)))))
                                                                                             Sort Method: top-N heapsort  Memory: 25kB
                                                                                             Buffers: shared hit=1234480
                                                                                             ->  Result  (cost=0.42..392.11 rows=8670 width=64) (actual time=0.604..1.439 rows=188 loops=27834)
                                                                                                   Output: ((ohlcv_1d_2.close)::numeric / 1000.0), abs(EXTRACT(epoch FROM (ohlcv_1d_2."timestamp" - (now() - '7 days'::interval))))
                                                                                                   Buffers: shared hit=1234480
                                                                                                   ->  Custom Scan (ChunkAppend) on public.ohlcv_1d ohlcv_1d_2  (cost=0.42..153.68 rows=8670 width=16) (actual time=0.412..0.759 rows=188 loops=27834)
                                                                                                         Output: ohlcv_1d_2.close, ohlcv_1d_2."timestamp"
                                                                                                         Startup Exclusion: true
                                                                                                         Runtime Exclusion: true
                                                                                                         Chunks excluded during startup: 0
                                                                                                         Chunks excluded during runtime: 0
                                                                                                         Buffers: shared hit=1234480
                                                                                                         ->  Index Only Scan using _hyper_154_10085_chunk_ohlcv_1d_ticker_ts_desc_inc on _timescaledb_internal._hyper_154_10085_chunk _hyper_154_10085_chunk_2  (cost=0.42..6.69 rows=83 width=16) (actual time=0.030..0.032 rows=4 loops=27834)
                                                                                                               Output: _hyper_154_10085_chunk_2.close, _hyper_154_10085_chunk_2."timestamp"
                                                                                                               Index Cond: ((_hyper_154_10085_chunk_2.ticker = s.ticker) AND (_hyper_154_10085_chunk_2."timestamp" >= (now() - '2 years'::interval)))
                                                                                                               Heap Fetches: 2489
                                                                                                               Buffers: shared hit=87072
                                                                                                         ->  Index Only Scan using _hyper_154_10086_chunk_ohlcv_1d_ticker_ts_desc_inc on _timescaledb_internal._hyper_154_10086_chunk _hyper_154_10086_chunk_2  (cost=0.42..6.71 rows=84 width=16) (actual time=0.019..0.022 rows=5 loops=27834)
                                                                                                               Output: _hyper_154_10086_chunk_2.close, _hyper_154_10086_chunk_2."timestamp"
                                                                                                               Index Cond: ((_hyper_154_10086_chunk_2.ticker = s.ticker) AND (_hyper_154_10086_chunk_2."timestamp" >= (now() - '2 years'::interval)))
                                                                                                               Heap Fetches: 2551
                                                                                                               Buffers: shared hit=87214
                                                                                                         ->  Index Only Scan using _hyper_154_10087_chunk_ohlcv_1d_ticker_ts_desc_inc on _timescaledb_internal._hyper_154_10087_chunk _hyper_154_10087_chunk_2  (cost=0.42..6.71 rows=84 width=16) (actual time=0.018..0.022 rows=4 loops=27834)
                                                                                                               Output: _hyper_154_10087_chunk_2.close, _hyper_154_10087_chunk_2."timestamp"
                                                                                                               Index Cond: ((_hyper_154_10087_chunk_2.ticker = s.ticker) AND (_hyper_154_10087_chunk_2."timestamp" >= (now() - '2 years'::interval)))
                                                                                                               Heap Fetches: 2502
                                                                                                               Buffers: shared hit=87140
                                                                                                         ->  Index Only Scan using _hyper_154_10088_chunk_ohlcv_1d_ticker_ts_desc_inc on _timescaledb_internal._hyper_154_10088_chunk _hyper_154_10088_chunk_2  (cost=0.42..6.71 rows=84 width=16) (actual time=0.018..0.025 rows=4 loops=27834)
                                                                                                               Output: _hyper_154_10088_chunk_2.close, _hyper_154_10088_chunk_2."timestamp"
                                                                                                               Index Cond: ((_hyper_154_10088_chunk_2.ticker = s.ticker) AND (_hyper_154_10088_chunk_2."timestamp" >= (now() - '2 years'::interval)))
                                                                                                               Heap Fetches: 2376
                                                                                                               Buffers: shared hit=86987
                                                                                                         ->  Index Only Scan using _hyper_154_10089_chunk_ohlcv_1d_ticker_ts_desc_inc on _timescaledb_internal._hyper_154_10089_chunk _hyper_154_10089_chunk_2  (cost=0.42..6.71 rows=84 width=16) (actual time=0.014..0.018 rows=4 loops=27834)
                                                                                                               Output: _hyper_154_10089_chunk_2.close, _hyper_154_10089_chunk_2."timestamp"
                                                                                                               Index Cond: ((_hyper_154_10089_chunk_2.ticker = s.ticker) AND (_hyper_154_10089_chunk_2."timestamp" >= (now() - '2 years'::interval)))
                                                                                                               Heap Fetches: 2594
                                                                                                               Buffers: shared hit=87237
                                                                                                         ->  Index Only Scan using _hyper_154_10090_chunk_ohlcv_1d_ticker_ts_desc_inc on _timescaledb_internal._hyper_154_10090_chunk _hyper_154_10090_chunk_2  (cost=0.42..6.71 rows=84 width=16) (actual time=0.018..0.021 rows=4 loops=27834)
                                                                                                               Output: _hyper_154_10090_chunk_2.close, _hyper_154_10090_chunk_2."timestamp"
                                                                                                               Index Cond: ((_hyper_154_10090_chunk_2.ticker = s.ticker) AND (_hyper_154_10090_chunk_2."timestamp" >= (now() - '2 years'::interval)))
                                                                                                               Heap Fetches: 2574
                                                                                                               Buffers: shared hit=87217
                                                                                                         ->  Index Only Scan using _hyper_154_10091_chunk_ohlcv_1d_ticker_ts_desc_inc on _timescaledb_internal._hyper_154_10091_chunk _hyper_154_10091_chunk_2  (cost=0.42..6.69 rows=83 width=16) (actual time=0.019..0.024 rows=4 loops=27834)
                                                                                                               Output: _hyper_154_10091_chunk_2.close, _hyper_154_10091_chunk_2."timestamp"
                                                                                                               Index Cond: ((_hyper_154_10091_chunk_2.ticker = s.ticker) AND (_hyper_154_10091_chunk_2."timestamp" >= (now() - '2 years'::interval)))
                                                                                                               Heap Fetches: 2409
                                                                                                               Buffers: shared hit=87058
                                                                                                         ->  Index Only Scan using _hyper_154_10092_chunk_ohlcv_1d_ticker_ts_desc_inc on _timescaledb_internal._hyper_154_10092_chunk _hyper_154_10092_chunk_2  (cost=0.42..6.71 rows=84 width=16) (actual time=0.022..0.031 rows=5 loops=27834)
                                                                                                               Output: _hyper_154_10092_chunk_2.close, _hyper_154_10092_chunk_2."timestamp"
                                                                                                               Index Cond: ((_hyper_154_10092_chunk_2.ticker = s.ticker) AND (_hyper_154_10092_chunk_2."timestamp" >= (now() - '2 years'::interval)))
                                                                                                               Heap Fetches: 2582
                                                                                                               Buffers: shared hit=87262
                                                                                                         ->  Custom Scan (DecompressChunk) on _timescaledb_internal._hyper_154_10109_chunk _hyper_154_10109_chunk_2  (cost=2.50..12.50 rows=1000 width=16) (actual time=0.024..0.032 rows=18 loops=27834)
                                                                                                               Output: _hyper_154_10109_chunk_2.close, _hyper_154_10109_chunk_2."timestamp"
                                                                                                               Vectorized Filter: (_hyper_154_10109_chunk_2."timestamp" >= (now() - '2 years'::interval))
                                                                                                               Rows Removed by Filter: 25
                                                                                                               Bulk Decompression: true
                                                                                                               Buffers: shared hit=66735
                                                                                                               ->  Index Scan using compress_hyper_156_10133_chun_ticker__ts_meta_min_1__ts_met_idx on _timescaledb_internal.compress_hyper_156_10133_chunk compress_hyper_156_10133_chunk_2  (cost=0.28..2.50 rows=1 width=88) (actual time=0.009..0.009 rows=0 loops=27834)
                                                                                                                     Output: compress_hyper_156_10133_chunk_2._ts_meta_count, compress_hyper_156_10133_chunk_2.ticker, compress_hyper_156_10133_chunk_2.volume, compress_hyper_156_10133_chunk_2.open, compress_hyper_156_10133_chunk_2.close, compress_hyper_156_10133_chunk_2.high, compress_hyper_156_10133_chunk_2.low, compress_hyper_156_10133_chunk_2._ts_meta_min_1, compress_hyper_156_10133_chunk_2._ts_meta_max_1, compress_hyper_156_10133_chunk_2."timestamp", compress_hyper_156_10133_chunk_2.transactions
                                                                                                                     Index Cond: ((compress_hyper_156_10133_chunk_2.ticker = s.ticker) AND (compress_hyper_156_10133_chunk_2._ts_meta_max_1 >= (now() - '2 years'::interval)))
                                                                                                                     Buffers: shared hit=57276
                                                                                                         ->  Custom Scan (DecompressChunk) on _timescaledb_internal._hyper_154_10110_chunk _hyper_154_10110_chunk_2  (cost=2.50..12.50 rows=1000 width=16) (actual time=0.025..0.036 rows=20 loops=27834)
                                                                                                               Output: _hyper_154_10110_chunk_2.close, _hyper_154_10110_chunk_2."timestamp"
                                                                                                               Vectorized Filter: (_hyper_154_10110_chunk_2."timestamp" >= (now() - '2 years'::interval))
                                                                                                               Rows Removed by Filter: 26
                                                                                                               Bulk Decompression: true
                                                                                                               Buffers: shared hit=67318
                                                                                                               ->  Index Scan using compress_hyper_156_10134_chun_ticker__ts_meta_min_1__ts_met_idx on _timescaledb_internal.compress_hyper_156_10134_chunk compress_hyper_156_10134_chunk_2  (cost=0.28..2.50 rows=1 width=88) (actual time=0.011..0.011 rows=0 loops=27834)
                                                                                                                     Output: compress_hyper_156_10134_chunk_2._ts_meta_count, compress_hyper_156_10134_chunk_2.ticker, compress_hyper_156_10134_chunk_2.volume, compress_hyper_156_10134_chunk_2.open, compress_hyper_156_10134_chunk_2.close, compress_hyper_156_10134_chunk_2.high, compress_hyper_156_10134_chunk_2.low, compress_hyper_156_10134_chunk_2._ts_meta_min_1, compress_hyper_156_10134_chunk_2._ts_meta_max_1, compress_hyper_156_10134_chunk_2."timestamp", compress_hyper_156_10134_chunk_2.transactions
                                                                                                                     Index Cond: ((compress_hyper_156_10134_chunk_2.ticker = s.ticker) AND (compress_hyper_156_10134_chunk_2._ts_meta_max_1 >= (now() - '2 years'::interval)))
                                                                                                                     Buffers: shared hit=57351
                                                                                                         ->  Custom Scan (DecompressChunk) on _timescaledb_internal._hyper_154_10111_chunk _hyper_154_10111_chunk_2  (cost=2.50..12.50 rows=1000 width=16) (actual time=0.024..0.032 rows=19 loops=27834)
                                                                                                               Output: _hyper_154_10111_chunk_2.close, _hyper_154_10111_chunk_2."timestamp"
                                                                                                               Vectorized Filter: (_hyper_154_10111_chunk_2."timestamp" >= (now() - '2 years'::interval))
                                                                                                               Rows Removed by Filter: 25
                                                                                                               Bulk Decompression: true
                                                                                                               Buffers: shared hit=67287
                                                                                                               ->  Index Scan using compress_hyper_156_10135_chun_ticker__ts_meta_min_1__ts_met_idx on _timescaledb_internal.compress_hyper_156_10135_chunk compress_hyper_156_10135_chunk_2  (cost=0.28..2.50 rows=1 width=88) (actual time=0.011..0.012 rows=0 loops=27834)
                                                                                                                     Output: compress_hyper_156_10135_chunk_2._ts_meta_count, compress_hyper_156_10135_chunk_2.ticker, compress_hyper_156_10135_chunk_2.volume, compress_hyper_156_10135_chunk_2.open, compress_hyper_156_10135_chunk_2.close, compress_hyper_156_10135_chunk_2.high, compress_hyper_156_10135_chunk_2.low, compress_hyper_156_10135_chunk_2._ts_meta_min_1, compress_hyper_156_10135_chunk_2._ts_meta_max_1, compress_hyper_156_10135_chunk_2."timestamp", compress_hyper_156_10135_chunk_2.transactions
                                                                                                                     Index Cond: ((compress_hyper_156_10135_chunk_2.ticker = s.ticker) AND (compress_hyper_156_10135_chunk_2._ts_meta_max_1 >= (now() - '2 years'::interval)))
                                                                                                                     Buffers: shared hit=57351
                                                                                                         ->  Custom Scan (DecompressChunk) on _timescaledb_internal._hyper_154_10112_chunk _hyper_154_10112_chunk_2  (cost=2.50..12.50 rows=1000 width=16) (actual time=0.025..0.030 rows=19 loops=27834)
                                                                                                               Output: _hyper_154_10112_chunk_2.close, _hyper_154_10112_chunk_2."timestamp"
                                                                                                               Vectorized Filter: (_hyper_154_10112_chunk_2."timestamp" >= (now() - '2 years'::interval))
                                                                                                               Rows Removed by Filter: 26
                                                                                                               Bulk Decompression: true
                                                                                                               Buffers: shared hit=67309
                                                                                                               ->  Index Scan using compress_hyper_156_10136_chun_ticker__ts_meta_min_1__ts_met_idx on _timescaledb_internal.compress_hyper_156_10136_chunk compress_hyper_156_10136_chunk_2  (cost=0.28..2.50 rows=1 width=88) (actual time=0.010..0.011 rows=0 loops=27834)
                                                                                                                     Output: compress_hyper_156_10136_chunk_2._ts_meta_count, compress_hyper_156_10136_chunk_2.ticker, compress_hyper_156_10136_chunk_2.volume, compress_hyper_156_10136_chunk_2.open, compress_hyper_156_10136_chunk_2.close, compress_hyper_156_10136_chunk_2.high, compress_hyper_156_10136_chunk_2.low, compress_hyper_156_10136_chunk_2._ts_meta_min_1, compress_hyper_156_10136_chunk_2._ts_meta_max_1, compress_hyper_156_10136_chunk_2."timestamp", compress_hyper_156_10136_chunk_2.transactions
                                                                                                                     Index Cond: ((compress_hyper_156_10136_chunk_2.ticker = s.ticker) AND (compress_hyper_156_10136_chunk_2._ts_meta_max_1 >= (now() - '2 years'::interval)))
                                                                                                                     Buffers: shared hit=57363
                                                                                                         ->  Custom Scan (DecompressChunk) on _timescaledb_internal._hyper_154_10113_chunk _hyper_154_10113_chunk_2  (cost=2.50..12.50 rows=1000 width=16) (actual time=0.021..0.026 rows=19 loops=27834)
                                                                                                               Output: _hyper_154_10113_chunk_2.close, _hyper_154_10113_chunk_2."timestamp"
                                                                                                               Vectorized Filter: (_hyper_154_10113_chunk_2."timestamp" >= (now() - '2 years'::interval))
                                                                                                               Rows Removed by Filter: 25
                                                                                                               Bulk Decompression: true
                                                                                                               Buffers: shared hit=66909
                                                                                                               ->  Index Scan using compress_hyper_156_10137_chun_ticker__ts_meta_min_1__ts_met_idx on _timescaledb_internal.compress_hyper_156_10137_chunk compress_hyper_156_10137_chunk_2  (cost=0.28..2.50 rows=1 width=88) (actual time=0.011..0.012 rows=0 loops=27834)
                                                                                                                     Output: compress_hyper_156_10137_chunk_2._ts_meta_count, compress_hyper_156_10137_chunk_2.ticker, compress_hyper_156_10137_chunk_2.volume, compress_hyper_156_10137_chunk_2.open, compress_hyper_156_10137_chunk_2.close, compress_hyper_156_10137_chunk_2.high, compress_hyper_156_10137_chunk_2.low, compress_hyper_156_10137_chunk_2._ts_meta_min_1, compress_hyper_156_10137_chunk_2._ts_meta_max_1, compress_hyper_156_10137_chunk_2."timestamp", compress_hyper_156_10137_chunk_2.transactions
                                                                                                                     Index Cond: ((compress_hyper_156_10137_chunk_2.ticker = s.ticker) AND (compress_hyper_156_10137_chunk_2._ts_meta_max_1 >= (now() - '2 years'::interval)))
                                                                                                                     Buffers: shared hit=57295
                                                                                                         ->  Custom Scan (DecompressChunk) on _timescaledb_internal._hyper_154_10114_chunk _hyper_154_10114_chunk_2  (cost=2.50..12.50 rows=1000 width=16) (actual time=0.026..0.030 rows=18 loops=27834)
                                                                                                               Output: _hyper_154_10114_chunk_2.close, _hyper_154_10114_chunk_2."timestamp"
                                                                                                               Vectorized Filter: (_hyper_154_10114_chunk_2."timestamp" >= (now() - '2 years'::interval))
                                                                                                               Rows Removed by Filter: 24
                                                                                                               Bulk Decompression: true
                                                                                                               Buffers: shared hit=66868
                                                                                                               ->  Index Scan using compress_hyper_156_10138_chun_ticker__ts_meta_min_1__ts_met_idx on _timescaledb_internal.compress_hyper_156_10138_chunk compress_hyper_156_10138_chunk_2  (cost=0.28..2.50 rows=1 width=89) (actual time=0.014..0.014 rows=0 loops=27834)
                                                                                                                     Output: compress_hyper_156_10138_chunk_2._ts_meta_count, compress_hyper_156_10138_chunk_2.ticker, compress_hyper_156_10138_chunk_2.volume, compress_hyper_156_10138_chunk_2.open, compress_hyper_156_10138_chunk_2.close, compress_hyper_156_10138_chunk_2.high, compress_hyper_156_10138_chunk_2.low, compress_hyper_156_10138_chunk_2._ts_meta_min_1, compress_hyper_156_10138_chunk_2._ts_meta_max_1, compress_hyper_156_10138_chunk_2."timestamp", compress_hyper_156_10138_chunk_2.transactions
                                                                                                                     Index Cond: ((compress_hyper_156_10138_chunk_2.ticker = s.ticker) AND (compress_hyper_156_10138_chunk_2._ts_meta_max_1 >= (now() - '2 years'::interval)))
                                                                                                                     Buffers: shared hit=57288
                                                                                                         ->  Custom Scan (DecompressChunk) on _timescaledb_internal._hyper_154_10115_chunk _hyper_154_10115_chunk_2  (cost=2.50..12.50 rows=1000 width=16) (actual time=0.024..0.029 rows=20 loops=27834)
                                                                                                               Output: _hyper_154_10115_chunk_2.close, _hyper_154_10115_chunk_2."timestamp"
                                                                                                               Vectorized Filter: (_hyper_154_10115_chunk_2."timestamp" >= (now() - '2 years'::interval))
                                                                                                               Rows Removed by Filter: 26
                                                                                                               Bulk Decompression: true
                                                                                                               Buffers: shared hit=67630
                                                                                                               ->  Index Scan using compress_hyper_156_10139_chun_ticker__ts_meta_min_1__ts_met_idx on _timescaledb_internal.compress_hyper_156_10139_chunk compress_hyper_156_10139_chunk_2  (cost=0.28..2.50 rows=1 width=88) (actual time=0.012..0.012 rows=0 loops=27834)
                                                                                                                     Output: compress_hyper_156_10139_chunk_2._ts_meta_count, compress_hyper_156_10139_chunk_2.ticker, compress_hyper_156_10139_chunk_2.volume, compress_hyper_156_10139_chunk_2.open, compress_hyper_156_10139_chunk_2.close, compress_hyper_156_10139_chunk_2.high, compress_hyper_156_10139_chunk_2.low, compress_hyper_156_10139_chunk_2._ts_meta_min_1, compress_hyper_156_10139_chunk_2._ts_meta_max_1, compress_hyper_156_10139_chunk_2."timestamp", compress_hyper_156_10139_chunk_2.transactions
                                                                                                                     Index Cond: ((compress_hyper_156_10139_chunk_2.ticker = s.ticker) AND (compress_hyper_156_10139_chunk_2._ts_meta_max_1 >= (now() - '2 years'::interval)))
                                                                                                                     Buffers: shared hit=57400
                                                                                                         ->  Custom Scan (DecompressChunk) on _timescaledb_internal._hyper_154_10116_chunk _hyper_154_10116_chunk_2  (cost=2.50..12.50 rows=1000 width=16) (actual time=0.027..0.031 rows=19 loops=27834)
                                                                                                               Output: _hyper_154_10116_chunk_2.close, _hyper_154_10116_chunk_2."timestamp"
                                                                                                               Vectorized Filter: (_hyper_154_10116_chunk_2."timestamp" >= (now() - '2 years'::interval))
                                                                                                               Rows Removed by Filter: 25
                                                                                                               Bulk Decompression: true
                                                                                                               Buffers: shared hit=67237
                                                                                                               ->  Index Scan using compress_hyper_156_10140_chun_ticker__ts_meta_min_1__ts_met_idx on _timescaledb_internal.compress_hyper_156_10140_chunk compress_hyper_156_10140_chunk_2  (cost=0.28..2.50 rows=1 width=88) (actual time=0.015..0.016 rows=0 loops=27834)
                                                                                                                     Output: compress_hyper_156_10140_chunk_2._ts_meta_count, compress_hyper_156_10140_chunk_2.ticker, compress_hyper_156_10140_chunk_2.volume, compress_hyper_156_10140_chunk_2.open, compress_hyper_156_10140_chunk_2.close, compress_hyper_156_10140_chunk_2.high, compress_hyper_156_10140_chunk_2.low, compress_hyper_156_10140_chunk_2._ts_meta_min_1, compress_hyper_156_10140_chunk_2._ts_meta_max_1, compress_hyper_156_10140_chunk_2."timestamp", compress_hyper_156_10140_chunk_2.transactions
                                                                                                                     Index Cond: ((compress_hyper_156_10140_chunk_2.ticker = s.ticker) AND (compress_hyper_156_10140_chunk_2._ts_meta_max_1 >= (now() - '2 years'::interval)))
                                                                                                                     Buffers: shared hit=57331
                                                                           ->  Limit  (cost=435.46..435.46 rows=1 width=64) (actual time=1.668..1.668 rows=1 loops=27834)
                                                                                 Output: (((ohlcv_1d_3.close)::numeric / 1000.0)), (abs(EXTRACT(epoch FROM (ohlcv_1d_3."timestamp" - (now() - '1 mon'::interval)))))
                                                                                 Buffers: shared hit=1234480
                                                                                 ->  Sort  (cost=435.46..457.13 rows=8670 width=64) (actual time=1.659..1.659 rows=1 loops=27834)
                                                                                       Output: (((ohlcv_1d_3.close)::numeric / 1000.0)), (abs(EXTRACT(epoch FROM (ohlcv_1d_3."timestamp" - (now() - '1 mon'::interval)))))
                                                                                       Sort Key: (abs(EXTRACT(epoch FROM (ohlcv_1d_3."timestamp" - (now() - '1 mon'::interval)))))
                                                                                       Sort Method: top-N heapsort  Memory: 25kB
                                                                                       Buffers: shared hit=1234480
                                                                                       ->  Result  (cost=0.42..392.11 rows=8670 width=64) (actual time=0.602..1.414 rows=188 loops=27834)
                                                                                             Output: ((ohlcv_1d_3.close)::numeric / 1000.0), abs(EXTRACT(epoch FROM (ohlcv_1d_3."timestamp" - (now() - '1 mon'::interval))))
                                                                                             Buffers: shared hit=1234480
                                                                                             ->  Custom Scan (ChunkAppend) on public.ohlcv_1d ohlcv_1d_3  (cost=0.42..153.68 rows=8670 width=16) (actual time=0.423..0.761 rows=188 loops=27834)
                                                                                                   Output: ohlcv_1d_3.close, ohlcv_1d_3."timestamp"
                                                                                                   Startup Exclusion: true
                                                                                                   Runtime Exclusion: true
                                                                                                   Chunks excluded during startup: 0
                                                                                                   Chunks excluded during runtime: 0
                                                                                                   Buffers: shared hit=1234480
                                                                                                   ->  Index Only Scan using _hyper_154_10085_chunk_ohlcv_1d_ticker_ts_desc_inc on _timescaledb_internal._hyper_154_10085_chunk _hyper_154_10085_chunk_3  (cost=0.42..6.69 rows=83 width=16) (actual time=0.029..0.031 rows=4 loops=27834)
                                                                                                         Output: _hyper_154_10085_chunk_3.close, _hyper_154_10085_chunk_3."timestamp"
                                                                                                         Index Cond: ((_hyper_154_10085_chunk_3.ticker = s.ticker) AND (_hyper_154_10085_chunk_3."timestamp" >= (now() - '2 years'::interval)))
                                                                                                         Heap Fetches: 2489
                                                                                                         Buffers: shared hit=87072
                                                                                                   ->  Index Only Scan using _hyper_154_10086_chunk_ohlcv_1d_ticker_ts_desc_inc on _timescaledb_internal._hyper_154_10086_chunk _hyper_154_10086_chunk_3  (cost=0.42..6.71 rows=84 width=16) (actual time=0.020..0.030 rows=5 loops=27834)
                                                                                                         Output: _hyper_154_10086_chunk_3.close, _hyper_154_10086_chunk_3."timestamp"
                                                                                                         Index Cond: ((_hyper_154_10086_chunk_3.ticker = s.ticker) AND (_hyper_154_10086_chunk_3."timestamp" >= (now() - '2 years'::interval)))
                                                                                                         Heap Fetches: 2551
                                                                                                         Buffers: shared hit=87214
                                                                                                   ->  Index Only Scan using _hyper_154_10087_chunk_ohlcv_1d_ticker_ts_desc_inc on _timescaledb_internal._hyper_154_10087_chunk _hyper_154_10087_chunk_3  (cost=0.42..6.71 rows=84 width=16) (actual time=0.014..0.017 rows=4 loops=27834)
                                                                                                         Output: _hyper_154_10087_chunk_3.close, _hyper_154_10087_chunk_3."timestamp"
                                                                                                         Index Cond: ((_hyper_154_10087_chunk_3.ticker = s.ticker) AND (_hyper_154_10087_chunk_3."timestamp" >= (now() - '2 years'::interval)))
                                                                                                         Heap Fetches: 2502
                                                                                                         Buffers: shared hit=87140
                                                                                                   ->  Index Only Scan using _hyper_154_10088_chunk_ohlcv_1d_ticker_ts_desc_inc on _timescaledb_internal._hyper_154_10088_chunk _hyper_154_10088_chunk_3  (cost=0.42..6.71 rows=84 width=16) (actual time=0.020..0.023 rows=4 loops=27834)
                                                                                                         Output: _hyper_154_10088_chunk_3.close, _hyper_154_10088_chunk_3."timestamp"
                                                                                                         Index Cond: ((_hyper_154_10088_chunk_3.ticker = s.ticker) AND (_hyper_154_10088_chunk_3."timestamp" >= (now() - '2 years'::interval)))
                                                                                                         Heap Fetches: 2376
                                                                                                         Buffers: shared hit=86987
                                                                                                   ->  Index Only Scan using _hyper_154_10089_chunk_ohlcv_1d_ticker_ts_desc_inc on _timescaledb_internal._hyper_154_10089_chunk _hyper_154_10089_chunk_3  (cost=0.42..6.71 rows=84 width=16) (actual time=0.018..0.024 rows=4 loops=27834)
                                                                                                         Output: _hyper_154_10089_chunk_3.close, _hyper_154_10089_chunk_3."timestamp"
                                                                                                         Index Cond: ((_hyper_154_10089_chunk_3.ticker = s.ticker) AND (_hyper_154_10089_chunk_3."timestamp" >= (now() - '2 years'::interval)))
                                                                                                         Heap Fetches: 2594
                                                                                                         Buffers: shared hit=87237
                                                                                                   ->  Index Only Scan using _hyper_154_10090_chunk_ohlcv_1d_ticker_ts_desc_inc on _timescaledb_internal._hyper_154_10090_chunk _hyper_154_10090_chunk_3  (cost=0.42..6.71 rows=84 width=16) (actual time=0.012..0.016 rows=4 loops=27834)
                                                                                                         Output: _hyper_154_10090_chunk_3.close, _hyper_154_10090_chunk_3."timestamp"
                                                                                                         Index Cond: ((_hyper_154_10090_chunk_3.ticker = s.ticker) AND (_hyper_154_10090_chunk_3."timestamp" >= (now() - '2 years'::interval)))
                                                                                                         Heap Fetches: 2574
                                                                                                         Buffers: shared hit=87217
                                                                                                   ->  Index Only Scan using _hyper_154_10091_chunk_ohlcv_1d_ticker_ts_desc_inc on _timescaledb_internal._hyper_154_10091_chunk _hyper_154_10091_chunk_3  (cost=0.42..6.69 rows=83 width=16) (actual time=0.014..0.017 rows=4 loops=27834)
                                                                                                         Output: _hyper_154_10091_chunk_3.close, _hyper_154_10091_chunk_3."timestamp"
                                                                                                         Index Cond: ((_hyper_154_10091_chunk_3.ticker = s.ticker) AND (_hyper_154_10091_chunk_3."timestamp" >= (now() - '2 years'::interval)))
                                                                                                         Heap Fetches: 2409
                                                                                                         Buffers: shared hit=87058
                                                                                                   ->  Index Only Scan using _hyper_154_10092_chunk_ohlcv_1d_ticker_ts_desc_inc on _timescaledb_internal._hyper_154_10092_chunk _hyper_154_10092_chunk_3  (cost=0.42..6.71 rows=84 width=16) (actual time=0.016..0.020 rows=5 loops=27834)
                                                                                                         Output: _hyper_154_10092_chunk_3.close, _hyper_154_10092_chunk_3."timestamp"
                                                                                                         Index Cond: ((_hyper_154_10092_chunk_3.ticker = s.ticker) AND (_hyper_154_10092_chunk_3."timestamp" >= (now() - '2 years'::interval)))
                                                                                                         Heap Fetches: 2582
                                                                                                         Buffers: shared hit=87262
                                                                                                   ->  Custom Scan (DecompressChunk) on _timescaledb_internal._hyper_154_10109_chunk _hyper_154_10109_chunk_3  (cost=2.50..12.50 rows=1000 width=16) (actual time=0.029..0.033 rows=18 loops=27834)
                                                                                                         Output: _hyper_154_10109_chunk_3.close, _hyper_154_10109_chunk_3."timestamp"
                                                                                                         Vectorized Filter: (_hyper_154_10109_chunk_3."timestamp" >= (now() - '2 years'::interval))
                                                                                                         Rows Removed by Filter: 25
                                                                                                         Bulk Decompression: true
                                                                                                         Buffers: shared hit=66735
                                                                                                         ->  Index Scan using compress_hyper_156_10133_chun_ticker__ts_meta_min_1__ts_met_idx on _timescaledb_internal.compress_hyper_156_10133_chunk compress_hyper_156_10133_chunk_3  (cost=0.28..2.50 rows=1 width=88) (actual time=0.010..0.010 rows=0 loops=27834)
                                                                                                               Output: compress_hyper_156_10133_chunk_3._ts_meta_count, compress_hyper_156_10133_chunk_3.ticker, compress_hyper_156_10133_chunk_3.volume, compress_hyper_156_10133_chunk_3.open, compress_hyper_156_10133_chunk_3.close, compress_hyper_156_10133_chunk_3.high, compress_hyper_156_10133_chunk_3.low, compress_hyper_156_10133_chunk_3._ts_meta_min_1, compress_hyper_156_10133_chunk_3._ts_meta_max_1, compress_hyper_156_10133_chunk_3."timestamp", compress_hyper_156_10133_chunk_3.transactions
                                                                                                               Index Cond: ((compress_hyper_156_10133_chunk_3.ticker = s.ticker) AND (compress_hyper_156_10133_chunk_3._ts_meta_max_1 >= (now() - '2 years'::interval)))
                                                                                                               Buffers: shared hit=57276
                                                                                                   ->  Custom Scan (DecompressChunk) on _timescaledb_internal._hyper_154_10110_chunk _hyper_154_10110_chunk_3  (cost=2.50..12.50 rows=1000 width=16) (actual time=0.023..0.027 rows=20 loops=27834)
                                                                                                         Output: _hyper_154_10110_chunk_3.close, _hyper_154_10110_chunk_3."timestamp"
                                                                                                         Vectorized Filter: (_hyper_154_10110_chunk_3."timestamp" >= (now() - '2 years'::interval))
                                                                                                         Rows Removed by Filter: 26
                                                                                                         Bulk Decompression: true
                                                                                                         Buffers: shared hit=67318
                                                                                                         ->  Index Scan using compress_hyper_156_10134_chun_ticker__ts_meta_min_1__ts_met_idx on _timescaledb_internal.compress_hyper_156_10134_chunk compress_hyper_156_10134_chunk_3  (cost=0.28..2.50 rows=1 width=88) (actual time=0.011..0.011 rows=0 loops=27834)
                                                                                                               Output: compress_hyper_156_10134_chunk_3._ts_meta_count, compress_hyper_156_10134_chunk_3.ticker, compress_hyper_156_10134_chunk_3.volume, compress_hyper_156_10134_chunk_3.open, compress_hyper_156_10134_chunk_3.close, compress_hyper_156_10134_chunk_3.high, compress_hyper_156_10134_chunk_3.low, compress_hyper_156_10134_chunk_3._ts_meta_min_1, compress_hyper_156_10134_chunk_3._ts_meta_max_1, compress_hyper_156_10134_chunk_3."timestamp", compress_hyper_156_10134_chunk_3.transactions
                                                                                                               Index Cond: ((compress_hyper_156_10134_chunk_3.ticker = s.ticker) AND (compress_hyper_156_10134_chunk_3._ts_meta_max_1 >= (now() - '2 years'::interval)))
                                                                                                               Buffers: shared hit=57351
                                                                                                   ->  Custom Scan (DecompressChunk) on _timescaledb_internal._hyper_154_10111_chunk _hyper_154_10111_chunk_3  (cost=2.50..12.50 rows=1000 width=16) (actual time=0.030..0.036 rows=19 loops=27834)
                                                                                                         Output: _hyper_154_10111_chunk_3.close, _hyper_154_10111_chunk_3."timestamp"
                                                                                                         Vectorized Filter: (_hyper_154_10111_chunk_3."timestamp" >= (now() - '2 years'::interval))
                                                                                                         Rows Removed by Filter: 25
                                                                                                         Bulk Decompression: true
                                                                                                         Buffers: shared hit=67287
                                                                                                         ->  Index Scan using compress_hyper_156_10135_chun_ticker__ts_meta_min_1__ts_met_idx on _timescaledb_internal.compress_hyper_156_10135_chunk compress_hyper_156_10135_chunk_3  (cost=0.28..2.50 rows=1 width=88) (actual time=0.016..0.016 rows=0 loops=27834)
                                                                                                               Output: compress_hyper_156_10135_chunk_3._ts_meta_count, compress_hyper_156_10135_chunk_3.ticker, compress_hyper_156_10135_chunk_3.volume, compress_hyper_156_10135_chunk_3.open, compress_hyper_156_10135_chunk_3.close, compress_hyper_156_10135_chunk_3.high, compress_hyper_156_10135_chunk_3.low, compress_hyper_156_10135_chunk_3._ts_meta_min_1, compress_hyper_156_10135_chunk_3._ts_meta_max_1, compress_hyper_156_10135_chunk_3."timestamp", compress_hyper_156_10135_chunk_3.transactions
                                                                                                               Index Cond: ((compress_hyper_156_10135_chunk_3.ticker = s.ticker) AND (compress_hyper_156_10135_chunk_3._ts_meta_max_1 >= (now() - '2 years'::interval)))
                                                                                                               Buffers: shared hit=57351
                                                                                                   ->  Custom Scan (DecompressChunk) on _timescaledb_internal._hyper_154_10112_chunk _hyper_154_10112_chunk_3  (cost=2.50..12.50 rows=1000 width=16) (actual time=0.025..0.036 rows=19 loops=27834)
                                                                                                         Output: _hyper_154_10112_chunk_3.close, _hyper_154_10112_chunk_3."timestamp"
                                                                                                         Vectorized Filter: (_hyper_154_10112_chunk_3."timestamp" >= (now() - '2 years'::interval))
                                                                                                         Rows Removed by Filter: 26
                                                                                                         Bulk Decompression: true
                                                                                                         Buffers: shared hit=67309
                                                                                                         ->  Index Scan using compress_hyper_156_10136_chun_ticker__ts_meta_min_1__ts_met_idx on _timescaledb_internal.compress_hyper_156_10136_chunk compress_hyper_156_10136_chunk_3  (cost=0.28..2.50 rows=1 width=88) (actual time=0.013..0.013 rows=0 loops=27834)
                                                                                                               Output: compress_hyper_156_10136_chunk_3._ts_meta_count, compress_hyper_156_10136_chunk_3.ticker, compress_hyper_156_10136_chunk_3.volume, compress_hyper_156_10136_chunk_3.open, compress_hyper_156_10136_chunk_3.close, compress_hyper_156_10136_chunk_3.high, compress_hyper_156_10136_chunk_3.low, compress_hyper_156_10136_chunk_3._ts_meta_min_1, compress_hyper_156_10136_chunk_3._ts_meta_max_1, compress_hyper_156_10136_chunk_3."timestamp", compress_hyper_156_10136_chunk_3.transactions
                                                                                                               Index Cond: ((compress_hyper_156_10136_chunk_3.ticker = s.ticker) AND (compress_hyper_156_10136_chunk_3._ts_meta_max_1 >= (now() - '2 years'::interval)))
                                                                                                               Buffers: shared hit=57363
                                                                                                   ->  Custom Scan (DecompressChunk) on _timescaledb_internal._hyper_154_10113_chunk _hyper_154_10113_chunk_3  (cost=2.50..12.50 rows=1000 width=16) (actual time=0.030..0.036 rows=19 loops=27834)
                                                                                                         Output: _hyper_154_10113_chunk_3.close, _hyper_154_10113_chunk_3."timestamp"
                                                                                                         Vectorized Filter: (_hyper_154_10113_chunk_3."timestamp" >= (now() - '2 years'::interval))
                                                                                                         Rows Removed by Filter: 25
                                                                                                         Bulk Decompression: true
                                                                                                         Buffers: shared hit=66909
                                                                                                         ->  Index Scan using compress_hyper_156_10137_chun_ticker__ts_meta_min_1__ts_met_idx on _timescaledb_internal.compress_hyper_156_10137_chunk compress_hyper_156_10137_chunk_3  (cost=0.28..2.50 rows=1 width=88) (actual time=0.011..0.013 rows=0 loops=27834)
                                                                                                               Output: compress_hyper_156_10137_chunk_3._ts_meta_count, compress_hyper_156_10137_chunk_3.ticker, compress_hyper_156_10137_chunk_3.volume, compress_hyper_156_10137_chunk_3.open, compress_hyper_156_10137_chunk_3.close, compress_hyper_156_10137_chunk_3.high, compress_hyper_156_10137_chunk_3.low, compress_hyper_156_10137_chunk_3._ts_meta_min_1, compress_hyper_156_10137_chunk_3._ts_meta_max_1, compress_hyper_156_10137_chunk_3."timestamp", compress_hyper_156_10137_chunk_3.transactions
                                                                                                               Index Cond: ((compress_hyper_156_10137_chunk_3.ticker = s.ticker) AND (compress_hyper_156_10137_chunk_3._ts_meta_max_1 >= (now() - '2 years'::interval)))
                                                                                                               Buffers: shared hit=57295
                                                                                                   ->  Custom Scan (DecompressChunk) on _timescaledb_internal._hyper_154_10114_chunk _hyper_154_10114_chunk_3  (cost=2.50..12.50 rows=1000 width=16) (actual time=0.021..0.024 rows=18 loops=27834)
                                                                                                         Output: _hyper_154_10114_chunk_3.close, _hyper_154_10114_chunk_3."timestamp"
                                                                                                         Vectorized Filter: (_hyper_154_10114_chunk_3."timestamp" >= (now() - '2 years'::interval))
                                                                                                         Rows Removed by Filter: 24
                                                                                                         Bulk Decompression: true
                                                                                                         Buffers: shared hit=66868
                                                                                                         ->  Index Scan using compress_hyper_156_10138_chun_ticker__ts_meta_min_1__ts_met_idx on _timescaledb_internal.compress_hyper_156_10138_chunk compress_hyper_156_10138_chunk_3  (cost=0.28..2.50 rows=1 width=89) (actual time=0.009..0.009 rows=0 loops=27834)
                                                                                                               Output: compress_hyper_156_10138_chunk_3._ts_meta_count, compress_hyper_156_10138_chunk_3.ticker, compress_hyper_156_10138_chunk_3.volume, compress_hyper_156_10138_chunk_3.open, compress_hyper_156_10138_chunk_3.close, compress_hyper_156_10138_chunk_3.high, compress_hyper_156_10138_chunk_3.low, compress_hyper_156_10138_chunk_3._ts_meta_min_1, compress_hyper_156_10138_chunk_3._ts_meta_max_1, compress_hyper_156_10138_chunk_3."timestamp", compress_hyper_156_10138_chunk_3.transactions
                                                                                                               Index Cond: ((compress_hyper_156_10138_chunk_3.ticker = s.ticker) AND (compress_hyper_156_10138_chunk_3._ts_meta_max_1 >= (now() - '2 years'::interval)))
                                                                                                               Buffers: shared hit=57288
                                                                                                   ->  Custom Scan (DecompressChunk) on _timescaledb_internal._hyper_154_10115_chunk _hyper_154_10115_chunk_3  (cost=2.50..12.50 rows=1000 width=16) (actual time=0.033..0.038 rows=20 loops=27834)
                                                                                                         Output: _hyper_154_10115_chunk_3.close, _hyper_154_10115_chunk_3."timestamp"
                                                                                                         Vectorized Filter: (_hyper_154_10115_chunk_3."timestamp" >= (now() - '2 years'::interval))
                                                                                                         Rows Removed by Filter: 26
                                                                                                         Bulk Decompression: true
                                                                                                         Buffers: shared hit=67630
                                                                                                         ->  Index Scan using compress_hyper_156_10139_chun_ticker__ts_meta_min_1__ts_met_idx on _timescaledb_internal.compress_hyper_156_10139_chunk compress_hyper_156_10139_chunk_3  (cost=0.28..2.50 rows=1 width=88) (actual time=0.015..0.016 rows=0 loops=27834)
                                                                                                               Output: compress_hyper_156_10139_chunk_3._ts_meta_count, compress_hyper_156_10139_chunk_3.ticker, compress_hyper_156_10139_chunk_3.volume, compress_hyper_156_10139_chunk_3.open, compress_hyper_156_10139_chunk_3.close, compress_hyper_156_10139_chunk_3.high, compress_hyper_156_10139_chunk_3.low, compress_hyper_156_10139_chunk_3._ts_meta_min_1, compress_hyper_156_10139_chunk_3._ts_meta_max_1, compress_hyper_156_10139_chunk_3."timestamp", compress_hyper_156_10139_chunk_3.transactions
                                                                                                               Index Cond: ((compress_hyper_156_10139_chunk_3.ticker = s.ticker) AND (compress_hyper_156_10139_chunk_3._ts_meta_max_1 >= (now() - '2 years'::interval)))
                                                                                                               Buffers: shared hit=57400
                                                                                                   ->  Custom Scan (DecompressChunk) on _timescaledb_internal._hyper_154_10116_chunk _hyper_154_10116_chunk_3  (cost=2.50..12.50 rows=1000 width=16) (actual time=0.022..0.030 rows=19 loops=27834)
                                                                                                         Output: _hyper_154_10116_chunk_3.close, _hyper_154_10116_chunk_3."timestamp"
                                                                                                         Vectorized Filter: (_hyper_154_10116_chunk_3."timestamp" >= (now() - '2 years'::interval))
                                                                                                         Rows Removed by Filter: 25
                                                                                                         Bulk Decompression: true
                                                                                                         Buffers: shared hit=67237
                                                                                                         ->  Index Scan using compress_hyper_156_10140_chun_ticker__ts_meta_min_1__ts_met_idx on _timescaledb_internal.compress_hyper_156_10140_chunk compress_hyper_156_10140_chunk_3  (cost=0.28..2.50 rows=1 width=88) (actual time=0.008..0.008 rows=0 loops=27834)
                                                                                                               Output: compress_hyper_156_10140_chunk_3._ts_meta_count, compress_hyper_156_10140_chunk_3.ticker, compress_hyper_156_10140_chunk_3.volume, compress_hyper_156_10140_chunk_3.open, compress_hyper_156_10140_chunk_3.close, compress_hyper_156_10140_chunk_3.high, compress_hyper_156_10140_chunk_3.low, compress_hyper_156_10140_chunk_3._ts_meta_min_1, compress_hyper_156_10140_chunk_3._ts_meta_max_1, compress_hyper_156_10140_chunk_3."timestamp", compress_hyper_156_10140_chunk_3.transactions
                                                                                                               Index Cond: ((compress_hyper_156_10140_chunk_3.ticker = s.ticker) AND (compress_hyper_156_10140_chunk_3._ts_meta_max_1 >= (now() - '2 years'::interval)))
                                                                                                               Buffers: shared hit=57331
                                                                     ->  Limit  (cost=435.46..435.46 rows=1 width=64) (actual time=1.718..1.718 rows=1 loops=27834)
                                                                           Output: (((ohlcv_1d_4.close)::numeric / 1000.0)), (abs(EXTRACT(epoch FROM (ohlcv_1d_4."timestamp" - (now() - '3 mons'::interval)))))
                                                                           Buffers: shared hit=1234480
                                                                           ->  Sort  (cost=435.46..457.13 rows=8670 width=64) (actual time=1.702..1.702 rows=1 loops=27834)
                                                                                 Output: (((ohlcv_1d_4.close)::numeric / 1000.0)), (abs(EXTRACT(epoch FROM (ohlcv_1d_4."timestamp" - (now() - '3 mons'::interval)))))
                                                                                 Sort Key: (abs(EXTRACT(epoch FROM (ohlcv_1d_4."timestamp" - (now() - '3 mons'::interval)))))
                                                                                 Sort Method: top-N heapsort  Memory: 25kB
                                                                                 Buffers: shared hit=1234480
                                                                                 ->  Result  (cost=0.42..392.11 rows=8670 width=64) (actual time=0.622..1.435 rows=188 loops=27834)
                                                                                       Output: ((ohlcv_1d_4.close)::numeric / 1000.0), abs(EXTRACT(epoch FROM (ohlcv_1d_4."timestamp" - (now() - '3 mons'::interval))))
                                                                                       Buffers: shared hit=1234480
                                                                                       ->  Custom Scan (ChunkAppend) on public.ohlcv_1d ohlcv_1d_4  (cost=0.42..153.68 rows=8670 width=16) (actual time=0.427..0.756 rows=188 loops=27834)
                                                                                             Output: ohlcv_1d_4.close, ohlcv_1d_4."timestamp"
                                                                                             Startup Exclusion: true
                                                                                             Runtime Exclusion: true
                                                                                             Chunks excluded during startup: 0
                                                                                             Chunks excluded during runtime: 0
                                                                                             Buffers: shared hit=1234480
                                                                                             ->  Index Only Scan using _hyper_154_10085_chunk_ohlcv_1d_ticker_ts_desc_inc on _timescaledb_internal._hyper_154_10085_chunk _hyper_154_10085_chunk_4  (cost=0.42..6.69 rows=83 width=16) (actual time=0.031..0.036 rows=4 loops=27834)
                                                                                                   Output: _hyper_154_10085_chunk_4.close, _hyper_154_10085_chunk_4."timestamp"
                                                                                                   Index Cond: ((_hyper_154_10085_chunk_4.ticker = s.ticker) AND (_hyper_154_10085_chunk_4."timestamp" >= (now() - '2 years'::interval)))
                                                                                                   Heap Fetches: 2489
                                                                                                   Buffers: shared hit=87072
                                                                                             ->  Index Only Scan using _hyper_154_10086_chunk_ohlcv_1d_ticker_ts_desc_inc on _timescaledb_internal._hyper_154_10086_chunk _hyper_154_10086_chunk_4  (cost=0.42..6.71 rows=84 width=16) (actual time=0.019..0.022 rows=5 loops=27834)
                                                                                                   Output: _hyper_154_10086_chunk_4.close, _hyper_154_10086_chunk_4."timestamp"
                                                                                                   Index Cond: ((_hyper_154_10086_chunk_4.ticker = s.ticker) AND (_hyper_154_10086_chunk_4."timestamp" >= (now() - '2 years'::interval)))
                                                                                                   Heap Fetches: 2551
                                                                                                   Buffers: shared hit=87214
                                                                                             ->  Index Only Scan using _hyper_154_10087_chunk_ohlcv_1d_ticker_ts_desc_inc on _timescaledb_internal._hyper_154_10087_chunk _hyper_154_10087_chunk_4  (cost=0.42..6.71 rows=84 width=16) (actual time=0.016..0.020 rows=4 loops=27834)
                                                                                                   Output: _hyper_154_10087_chunk_4.close, _hyper_154_10087_chunk_4."timestamp"
                                                                                                   Index Cond: ((_hyper_154_10087_chunk_4.ticker = s.ticker) AND (_hyper_154_10087_chunk_4."timestamp" >= (now() - '2 years'::interval)))
                                                                                                   Heap Fetches: 2502
                                                                                                   Buffers: shared hit=87140
                                                                                             ->  Index Only Scan using _hyper_154_10088_chunk_ohlcv_1d_ticker_ts_desc_inc on _timescaledb_internal._hyper_154_10088_chunk _hyper_154_10088_chunk_4  (cost=0.42..6.71 rows=84 width=16) (actual time=0.020..0.024 rows=4 loops=27834)
                                                                                                   Output: _hyper_154_10088_chunk_4.close, _hyper_154_10088_chunk_4."timestamp"
                                                                                                   Index Cond: ((_hyper_154_10088_chunk_4.ticker = s.ticker) AND (_hyper_154_10088_chunk_4."timestamp" >= (now() - '2 years'::interval)))
                                                                                                   Heap Fetches: 2376
                                                                                                   Buffers: shared hit=86987
                                                                                             ->  Index Only Scan using _hyper_154_10089_chunk_ohlcv_1d_ticker_ts_desc_inc on _timescaledb_internal._hyper_154_10089_chunk _hyper_154_10089_chunk_4  (cost=0.42..6.71 rows=84 width=16) (actual time=0.013..0.016 rows=4 loops=27834)
                                                                                                   Output: _hyper_154_10089_chunk_4.close, _hyper_154_10089_chunk_4."timestamp"
                                                                                                   Index Cond: ((_hyper_154_10089_chunk_4.ticker = s.ticker) AND (_hyper_154_10089_chunk_4."timestamp" >= (now() - '2 years'::interval)))
                                                                                                   Heap Fetches: 2594
                                                                                                   Buffers: shared hit=87237
                                                                                             ->  Index Only Scan using _hyper_154_10090_chunk_ohlcv_1d_ticker_ts_desc_inc on _timescaledb_internal._hyper_154_10090_chunk _hyper_154_10090_chunk_4  (cost=0.42..6.71 rows=84 width=16) (actual time=0.017..0.020 rows=4 loops=27834)
                                                                                                   Output: _hyper_154_10090_chunk_4.close, _hyper_154_10090_chunk_4."timestamp"
                                                                                                   Index Cond: ((_hyper_154_10090_chunk_4.ticker = s.ticker) AND (_hyper_154_10090_chunk_4."timestamp" >= (now() - '2 years'::interval)))
                                                                                                   Heap Fetches: 2574
                                                                                                   Buffers: shared hit=87217
                                                                                             ->  Index Only Scan using _hyper_154_10091_chunk_ohlcv_1d_ticker_ts_desc_inc on _timescaledb_internal._hyper_154_10091_chunk _hyper_154_10091_chunk_4  (cost=0.42..6.69 rows=83 width=16) (actual time=0.018..0.022 rows=4 loops=27834)
                                                                                                   Output: _hyper_154_10091_chunk_4.close, _hyper_154_10091_chunk_4."timestamp"
                                                                                                   Index Cond: ((_hyper_154_10091_chunk_4.ticker = s.ticker) AND (_hyper_154_10091_chunk_4."timestamp" >= (now() - '2 years'::interval)))
                                                                                                   Heap Fetches: 2409
                                                                                                   Buffers: shared hit=87058
                                                                                             ->  Index Only Scan using _hyper_154_10092_chunk_ohlcv_1d_ticker_ts_desc_inc on _timescaledb_internal._hyper_154_10092_chunk _hyper_154_10092_chunk_4  (cost=0.42..6.71 rows=84 width=16) (actual time=0.015..0.020 rows=5 loops=27834)
                                                                                                   Output: _hyper_154_10092_chunk_4.close, _hyper_154_10092_chunk_4."timestamp"
                                                                                                   Index Cond: ((_hyper_154_10092_chunk_4.ticker = s.ticker) AND (_hyper_154_10092_chunk_4."timestamp" >= (now() - '2 years'::interval)))
                                                                                                   Heap Fetches: 2582
                                                                                                   Buffers: shared hit=87262
                                                                                             ->  Custom Scan (DecompressChunk) on _timescaledb_internal._hyper_154_10109_chunk _hyper_154_10109_chunk_4  (cost=2.50..12.50 rows=1000 width=16) (actual time=0.032..0.037 rows=18 loops=27834)
                                                                                                   Output: _hyper_154_10109_chunk_4.close, _hyper_154_10109_chunk_4."timestamp"
                                                                                                   Vectorized Filter: (_hyper_154_10109_chunk_4."timestamp" >= (now() - '2 years'::interval))
                                                                                                   Rows Removed by Filter: 25
                                                                                                   Bulk Decompression: true
                                                                                                   Buffers: shared hit=66735
                                                                                                   ->  Index Scan using compress_hyper_156_10133_chun_ticker__ts_meta_min_1__ts_met_idx on _timescaledb_internal.compress_hyper_156_10133_chunk compress_hyper_156_10133_chunk_4  (cost=0.28..2.50 rows=1 width=88) (actual time=0.011..0.011 rows=0 loops=27834)
                                                                                                         Output: compress_hyper_156_10133_chunk_4._ts_meta_count, compress_hyper_156_10133_chunk_4.ticker, compress_hyper_156_10133_chunk_4.volume, compress_hyper_156_10133_chunk_4.open, compress_hyper_156_10133_chunk_4.close, compress_hyper_156_10133_chunk_4.high, compress_hyper_156_10133_chunk_4.low, compress_hyper_156_10133_chunk_4._ts_meta_min_1, compress_hyper_156_10133_chunk_4._ts_meta_max_1, compress_hyper_156_10133_chunk_4."timestamp", compress_hyper_156_10133_chunk_4.transactions
                                                                                                         Index Cond: ((compress_hyper_156_10133_chunk_4.ticker = s.ticker) AND (compress_hyper_156_10133_chunk_4._ts_meta_max_1 >= (now() - '2 years'::interval)))
                                                                                                         Buffers: shared hit=57276
                                                                                             ->  Custom Scan (DecompressChunk) on _timescaledb_internal._hyper_154_10110_chunk _hyper_154_10110_chunk_4  (cost=2.50..12.50 rows=1000 width=16) (actual time=0.025..0.029 rows=20 loops=27834)
                                                                                                   Output: _hyper_154_10110_chunk_4.close, _hyper_154_10110_chunk_4."timestamp"
                                                                                                   Vectorized Filter: (_hyper_154_10110_chunk_4."timestamp" >= (now() - '2 years'::interval))
                                                                                                   Rows Removed by Filter: 26
                                                                                                   Bulk Decompression: true
                                                                                                   Buffers: shared hit=67318
                                                                                                   ->  Index Scan using compress_hyper_156_10134_chun_ticker__ts_meta_min_1__ts_met_idx on _timescaledb_internal.compress_hyper_156_10134_chunk compress_hyper_156_10134_chunk_4  (cost=0.28..2.50 rows=1 width=88) (actual time=0.014..0.015 rows=0 loops=27834)
                                                                                                         Output: compress_hyper_156_10134_chunk_4._ts_meta_count, compress_hyper_156_10134_chunk_4.ticker, compress_hyper_156_10134_chunk_4.volume, compress_hyper_156_10134_chunk_4.open, compress_hyper_156_10134_chunk_4.close, compress_hyper_156_10134_chunk_4.high, compress_hyper_156_10134_chunk_4.low, compress_hyper_156_10134_chunk_4._ts_meta_min_1, compress_hyper_156_10134_chunk_4._ts_meta_max_1, compress_hyper_156_10134_chunk_4."timestamp", compress_hyper_156_10134_chunk_4.transactions
                                                                                                         Index Cond: ((compress_hyper_156_10134_chunk_4.ticker = s.ticker) AND (compress_hyper_156_10134_chunk_4._ts_meta_max_1 >= (now() - '2 years'::interval)))
                                                                                                         Buffers: shared hit=57351
                                                                                             ->  Custom Scan (DecompressChunk) on _timescaledb_internal._hyper_154_10111_chunk _hyper_154_10111_chunk_4  (cost=2.50..12.50 rows=1000 width=16) (actual time=0.029..0.035 rows=19 loops=27834)
                                                                                                   Output: _hyper_154_10111_chunk_4.close, _hyper_154_10111_chunk_4."timestamp"
                                                                                                   Vectorized Filter: (_hyper_154_10111_chunk_4."timestamp" >= (now() - '2 years'::interval))
                                                                                                   Rows Removed by Filter: 25
                                                                                                   Bulk Decompression: true
                                                                                                   Buffers: shared hit=67287
                                                                                                   ->  Index Scan using compress_hyper_156_10135_chun_ticker__ts_meta_min_1__ts_met_idx on _timescaledb_internal.compress_hyper_156_10135_chunk compress_hyper_156_10135_chunk_4  (cost=0.28..2.50 rows=1 width=88) (actual time=0.011..0.012 rows=0 loops=27834)
                                                                                                         Output: compress_hyper_156_10135_chunk_4._ts_meta_count, compress_hyper_156_10135_chunk_4.ticker, compress_hyper_156_10135_chunk_4.volume, compress_hyper_156_10135_chunk_4.open, compress_hyper_156_10135_chunk_4.close, compress_hyper_156_10135_chunk_4.high, compress_hyper_156_10135_chunk_4.low, compress_hyper_156_10135_chunk_4._ts_meta_min_1, compress_hyper_156_10135_chunk_4._ts_meta_max_1, compress_hyper_156_10135_chunk_4."timestamp", compress_hyper_156_10135_chunk_4.transactions
                                                                                                         Index Cond: ((compress_hyper_156_10135_chunk_4.ticker = s.ticker) AND (compress_hyper_156_10135_chunk_4._ts_meta_max_1 >= (now() - '2 years'::interval)))
                                                                                                         Buffers: shared hit=57351
                                                                                             ->  Custom Scan (DecompressChunk) on _timescaledb_internal._hyper_154_10112_chunk _hyper_154_10112_chunk_4  (cost=2.50..12.50 rows=1000 width=16) (actual time=0.024..0.029 rows=19 loops=27834)
                                                                                                   Output: _hyper_154_10112_chunk_4.close, _hyper_154_10112_chunk_4."timestamp"
                                                                                                   Vectorized Filter: (_hyper_154_10112_chunk_4."timestamp" >= (now() - '2 years'::interval))
                                                                                                   Rows Removed by Filter: 26
                                                                                                   Bulk Decompression: true
                                                                                                   Buffers: shared hit=67309
                                                                                                   ->  Index Scan using compress_hyper_156_10136_chun_ticker__ts_meta_min_1__ts_met_idx on _timescaledb_internal.compress_hyper_156_10136_chunk compress_hyper_156_10136_chunk_4  (cost=0.28..2.50 rows=1 width=88) (actual time=0.007..0.008 rows=0 loops=27834)
                                                                                                         Output: compress_hyper_156_10136_chunk_4._ts_meta_count, compress_hyper_156_10136_chunk_4.ticker, compress_hyper_156_10136_chunk_4.volume, compress_hyper_156_10136_chunk_4.open, compress_hyper_156_10136_chunk_4.close, compress_hyper_156_10136_chunk_4.high, compress_hyper_156_10136_chunk_4.low, compress_hyper_156_10136_chunk_4._ts_meta_min_1, compress_hyper_156_10136_chunk_4._ts_meta_max_1, compress_hyper_156_10136_chunk_4."timestamp", compress_hyper_156_10136_chunk_4.transactions
                                                                                                         Index Cond: ((compress_hyper_156_10136_chunk_4.ticker = s.ticker) AND (compress_hyper_156_10136_chunk_4._ts_meta_max_1 >= (now() - '2 years'::interval)))
                                                                                                         Buffers: shared hit=57363
                                                                                             ->  Custom Scan (DecompressChunk) on _timescaledb_internal._hyper_154_10113_chunk _hyper_154_10113_chunk_4  (cost=2.50..12.50 rows=1000 width=16) (actual time=0.026..0.033 rows=19 loops=27834)
                                                                                                   Output: _hyper_154_10113_chunk_4.close, _hyper_154_10113_chunk_4."timestamp"
                                                                                                   Vectorized Filter: (_hyper_154_10113_chunk_4."timestamp" >= (now() - '2 years'::interval))
                                                                                                   Rows Removed by Filter: 25
                                                                                                   Bulk Decompression: true
                                                                                                   Buffers: shared hit=66909
                                                                                                   ->  Index Scan using compress_hyper_156_10137_chun_ticker__ts_meta_min_1__ts_met_idx on _timescaledb_internal.compress_hyper_156_10137_chunk compress_hyper_156_10137_chunk_4  (cost=0.28..2.50 rows=1 width=88) (actual time=0.014..0.014 rows=0 loops=27834)
                                                                                                         Output: compress_hyper_156_10137_chunk_4._ts_meta_count, compress_hyper_156_10137_chunk_4.ticker, compress_hyper_156_10137_chunk_4.volume, compress_hyper_156_10137_chunk_4.open, compress_hyper_156_10137_chunk_4.close, compress_hyper_156_10137_chunk_4.high, compress_hyper_156_10137_chunk_4.low, compress_hyper_156_10137_chunk_4._ts_meta_min_1, compress_hyper_156_10137_chunk_4._ts_meta_max_1, compress_hyper_156_10137_chunk_4."timestamp", compress_hyper_156_10137_chunk_4.transactions
                                                                                                         Index Cond: ((compress_hyper_156_10137_chunk_4.ticker = s.ticker) AND (compress_hyper_156_10137_chunk_4._ts_meta_max_1 >= (now() - '2 years'::interval)))
                                                                                                         Buffers: shared hit=57295
                                                                                             ->  Custom Scan (DecompressChunk) on _timescaledb_internal._hyper_154_10114_chunk _hyper_154_10114_chunk_4  (cost=2.50..12.50 rows=1000 width=16) (actual time=0.020..0.027 rows=18 loops=27834)
                                                                                                   Output: _hyper_154_10114_chunk_4.close, _hyper_154_10114_chunk_4."timestamp"
                                                                                                   Vectorized Filter: (_hyper_154_10114_chunk_4."timestamp" >= (now() - '2 years'::interval))
                                                                                                   Rows Removed by Filter: 24
                                                                                                   Bulk Decompression: true
                                                                                                   Buffers: shared hit=66868
                                                                                                   ->  Index Scan using compress_hyper_156_10138_chun_ticker__ts_meta_min_1__ts_met_idx on _timescaledb_internal.compress_hyper_156_10138_chunk compress_hyper_156_10138_chunk_4  (cost=0.28..2.50 rows=1 width=89) (actual time=0.009..0.009 rows=0 loops=27834)
                                                                                                         Output: compress_hyper_156_10138_chunk_4._ts_meta_count, compress_hyper_156_10138_chunk_4.ticker, compress_hyper_156_10138_chunk_4.volume, compress_hyper_156_10138_chunk_4.open, compress_hyper_156_10138_chunk_4.close, compress_hyper_156_10138_chunk_4.high, compress_hyper_156_10138_chunk_4.low, compress_hyper_156_10138_chunk_4._ts_meta_min_1, compress_hyper_156_10138_chunk_4._ts_meta_max_1, compress_hyper_156_10138_chunk_4."timestamp", compress_hyper_156_10138_chunk_4.transactions
                                                                                                         Index Cond: ((compress_hyper_156_10138_chunk_4.ticker = s.ticker) AND (compress_hyper_156_10138_chunk_4._ts_meta_max_1 >= (now() - '2 years'::interval)))
                                                                                                         Buffers: shared hit=57288
                                                                                             ->  Custom Scan (DecompressChunk) on _timescaledb_internal._hyper_154_10115_chunk _hyper_154_10115_chunk_4  (cost=2.50..12.50 rows=1000 width=16) (actual time=0.030..0.036 rows=20 loops=27834)
                                                                                                   Output: _hyper_154_10115_chunk_4.close, _hyper_154_10115_chunk_4."timestamp"
                                                                                                   Vectorized Filter: (_hyper_154_10115_chunk_4."timestamp" >= (now() - '2 years'::interval))
                                                                                                   Rows Removed by Filter: 26
                                                                                                   Bulk Decompression: true
                                                                                                   Buffers: shared hit=67630
                                                                                                   ->  Index Scan using compress_hyper_156_10139_chun_ticker__ts_meta_min_1__ts_met_idx on _timescaledb_internal.compress_hyper_156_10139_chunk compress_hyper_156_10139_chunk_4  (cost=0.28..2.50 rows=1 width=88) (actual time=0.013..0.013 rows=0 loops=27834)
                                                                                                         Output: compress_hyper_156_10139_chunk_4._ts_meta_count, compress_hyper_156_10139_chunk_4.ticker, compress_hyper_156_10139_chunk_4.volume, compress_hyper_156_10139_chunk_4.open, compress_hyper_156_10139_chunk_4.close, compress_hyper_156_10139_chunk_4.high, compress_hyper_156_10139_chunk_4.low, compress_hyper_156_10139_chunk_4._ts_meta_min_1, compress_hyper_156_10139_chunk_4._ts_meta_max_1, compress_hyper_156_10139_chunk_4."timestamp", compress_hyper_156_10139_chunk_4.transactions
                                                                                                         Index Cond: ((compress_hyper_156_10139_chunk_4.ticker = s.ticker) AND (compress_hyper_156_10139_chunk_4._ts_meta_max_1 >= (now() - '2 years'::interval)))
                                                                                                         Buffers: shared hit=57400
                                                                                             ->  Custom Scan (DecompressChunk) on _timescaledb_internal._hyper_154_10116_chunk _hyper_154_10116_chunk_4  (cost=2.50..12.50 rows=1000 width=16) (actual time=0.030..0.036 rows=19 loops=27834)
                                                                                                   Output: _hyper_154_10116_chunk_4.close, _hyper_154_10116_chunk_4."timestamp"
                                                                                                   Vectorized Filter: (_hyper_154_10116_chunk_4."timestamp" >= (now() - '2 years'::interval))
                                                                                                   Rows Removed by Filter: 25
                                                                                                   Bulk Decompression: true
                                                                                                   Buffers: shared hit=67237
                                                                                                   ->  Index Scan using compress_hyper_156_10140_chun_ticker__ts_meta_min_1__ts_met_idx on _timescaledb_internal.compress_hyper_156_10140_chunk compress_hyper_156_10140_chunk_4  (cost=0.28..2.50 rows=1 width=88) (actual time=0.015..0.016 rows=0 loops=27834)
                                                                                                         Output: compress_hyper_156_10140_chunk_4._ts_meta_count, compress_hyper_156_10140_chunk_4.ticker, compress_hyper_156_10140_chunk_4.volume, compress_hyper_156_10140_chunk_4.open, compress_hyper_156_10140_chunk_4.close, compress_hyper_156_10140_chunk_4.high, compress_hyper_156_10140_chunk_4.low, compress_hyper_156_10140_chunk_4._ts_meta_min_1, compress_hyper_156_10140_chunk_4._ts_meta_max_1, compress_hyper_156_10140_chunk_4."timestamp", compress_hyper_156_10140_chunk_4.transactions
                                                                                                         Index Cond: ((compress_hyper_156_10140_chunk_4.ticker = s.ticker) AND (compress_hyper_156_10140_chunk_4._ts_meta_max_1 >= (now() - '2 years'::interval)))
                                                                                                         Buffers: shared hit=57331
                                                               ->  Limit  (cost=435.46..435.46 rows=1 width=64) (actual time=1.731..1.731 rows=1 loops=27834)
                                                                     Output: (((ohlcv_1d_5.close)::numeric / 1000.0)), (abs(EXTRACT(epoch FROM (ohlcv_1d_5."timestamp" - (now() - '6 mons'::interval)))))
                                                                     Buffers: shared hit=1234480
                                                                     ->  Sort  (cost=435.46..457.13 rows=8670 width=64) (actual time=1.720..1.720 rows=1 loops=27834)
                                                                           Output: (((ohlcv_1d_5.close)::numeric / 1000.0)), (abs(EXTRACT(epoch FROM (ohlcv_1d_5."timestamp" - (now() - '6 mons'::interval)))))
                                                                           Sort Key: (abs(EXTRACT(epoch FROM (ohlcv_1d_5."timestamp" - (now() - '6 mons'::interval)))))
                                                                           Sort Method: top-N heapsort  Memory: 25kB
                                                                           Buffers: shared hit=1234480
                                                                           ->  Result  (cost=0.42..392.11 rows=8670 width=64) (actual time=0.610..1.470 rows=188 loops=27834)
                                                                                 Output: ((ohlcv_1d_5.close)::numeric / 1000.0), abs(EXTRACT(epoch FROM (ohlcv_1d_5."timestamp" - (now() - '6 mons'::interval))))
                                                                                 Buffers: shared hit=1234480
                                                                                 ->  Custom Scan (ChunkAppend) on public.ohlcv_1d ohlcv_1d_5  (cost=0.42..153.68 rows=8670 width=16) (actual time=0.425..0.769 rows=188 loops=27834)
                                                                                       Output: ohlcv_1d_5.close, ohlcv_1d_5."timestamp"
                                                                                       Startup Exclusion: true
                                                                                       Runtime Exclusion: true
                                                                                       Chunks excluded during startup: 0
                                                                                       Chunks excluded during runtime: 0
                                                                                       Buffers: shared hit=1234480
                                                                                       ->  Index Only Scan using _hyper_154_10085_chunk_ohlcv_1d_ticker_ts_desc_inc on _timescaledb_internal._hyper_154_10085_chunk _hyper_154_10085_chunk_5  (cost=0.42..6.69 rows=83 width=16) (actual time=0.035..0.038 rows=4 loops=27834)
                                                                                             Output: _hyper_154_10085_chunk_5.close, _hyper_154_10085_chunk_5."timestamp"
                                                                                             Index Cond: ((_hyper_154_10085_chunk_5.ticker = s.ticker) AND (_hyper_154_10085_chunk_5."timestamp" >= (now() - '2 years'::interval)))
                                                                                             Heap Fetches: 2489
                                                                                             Buffers: shared hit=87072
                                                                                       ->  Index Only Scan using _hyper_154_10086_chunk_ohlcv_1d_ticker_ts_desc_inc on _timescaledb_internal._hyper_154_10086_chunk _hyper_154_10086_chunk_5  (cost=0.42..6.71 rows=84 width=16) (actual time=0.020..0.028 rows=5 loops=27834)
                                                                                             Output: _hyper_154_10086_chunk_5.close, _hyper_154_10086_chunk_5."timestamp"
                                                                                             Index Cond: ((_hyper_154_10086_chunk_5.ticker = s.ticker) AND (_hyper_154_10086_chunk_5."timestamp" >= (now() - '2 years'::interval)))
                                                                                             Heap Fetches: 2551
                                                                                             Buffers: shared hit=87214
                                                                                       ->  Index Only Scan using _hyper_154_10087_chunk_ohlcv_1d_ticker_ts_desc_inc on _timescaledb_internal._hyper_154_10087_chunk _hyper_154_10087_chunk_5  (cost=0.42..6.71 rows=84 width=16) (actual time=0.018..0.026 rows=4 loops=27834)
                                                                                             Output: _hyper_154_10087_chunk_5.close, _hyper_154_10087_chunk_5."timestamp"
                                                                                             Index Cond: ((_hyper_154_10087_chunk_5.ticker = s.ticker) AND (_hyper_154_10087_chunk_5."timestamp" >= (now() - '2 years'::interval)))
                                                                                             Heap Fetches: 2502
                                                                                             Buffers: shared hit=87140
                                                                                       ->  Index Only Scan using _hyper_154_10088_chunk_ohlcv_1d_ticker_ts_desc_inc on _timescaledb_internal._hyper_154_10088_chunk _hyper_154_10088_chunk_5  (cost=0.42..6.71 rows=84 width=16) (actual time=0.014..0.017 rows=4 loops=27834)
                                                                                             Output: _hyper_154_10088_chunk_5.close, _hyper_154_10088_chunk_5."timestamp"
                                                                                             Index Cond: ((_hyper_154_10088_chunk_5.ticker = s.ticker) AND (_hyper_154_10088_chunk_5."timestamp" >= (now() - '2 years'::interval)))
                                                                                             Heap Fetches: 2376
                                                                                             Buffers: shared hit=86987
                                                                                       ->  Index Only Scan using _hyper_154_10089_chunk_ohlcv_1d_ticker_ts_desc_inc on _timescaledb_internal._hyper_154_10089_chunk _hyper_154_10089_chunk_5  (cost=0.42..6.71 rows=84 width=16) (actual time=0.021..0.024 rows=4 loops=27834)
                                                                                             Output: _hyper_154_10089_chunk_5.close, _hyper_154_10089_chunk_5."timestamp"
                                                                                             Index Cond: ((_hyper_154_10089_chunk_5.ticker = s.ticker) AND (_hyper_154_10089_chunk_5."timestamp" >= (now() - '2 years'::interval)))
                                                                                             Heap Fetches: 2594
                                                                                             Buffers: shared hit=87237
                                                                                       ->  Index Only Scan using _hyper_154_10090_chunk_ohlcv_1d_ticker_ts_desc_inc on _timescaledb_internal._hyper_154_10090_chunk _hyper_154_10090_chunk_5  (cost=0.42..6.71 rows=84 width=16) (actual time=0.022..0.027 rows=4 loops=27834)
                                                                                             Output: _hyper_154_10090_chunk_5.close, _hyper_154_10090_chunk_5."timestamp"
                                                                                             Index Cond: ((_hyper_154_10090_chunk_5.ticker = s.ticker) AND (_hyper_154_10090_chunk_5."timestamp" >= (now() - '2 years'::interval)))
                                                                                             Heap Fetches: 2574
                                                                                             Buffers: shared hit=87217
                                                                                       ->  Index Only Scan using _hyper_154_10091_chunk_ohlcv_1d_ticker_ts_desc_inc on _timescaledb_internal._hyper_154_10091_chunk _hyper_154_10091_chunk_5  (cost=0.42..6.69 rows=83 width=16) (actual time=0.013..0.016 rows=4 loops=27834)
                                                                                             Output: _hyper_154_10091_chunk_5.close, _hyper_154_10091_chunk_5."timestamp"
                                                                                             Index Cond: ((_hyper_154_10091_chunk_5.ticker = s.ticker) AND (_hyper_154_10091_chunk_5."timestamp" >= (now() - '2 years'::interval)))
                                                                                             Heap Fetches: 2409
                                                                                             Buffers: shared hit=87058
                                                                                       ->  Index Only Scan using _hyper_154_10092_chunk_ohlcv_1d_ticker_ts_desc_inc on _timescaledb_internal._hyper_154_10092_chunk _hyper_154_10092_chunk_5  (cost=0.42..6.71 rows=84 width=16) (actual time=0.015..0.019 rows=5 loops=27834)
                                                                                             Output: _hyper_154_10092_chunk_5.close, _hyper_154_10092_chunk_5."timestamp"
                                                                                             Index Cond: ((_hyper_154_10092_chunk_5.ticker = s.ticker) AND (_hyper_154_10092_chunk_5."timestamp" >= (now() - '2 years'::interval)))
                                                                                             Heap Fetches: 2582
                                                                                             Buffers: shared hit=87262
                                                                                       ->  Custom Scan (DecompressChunk) on _timescaledb_internal._hyper_154_10109_chunk _hyper_154_10109_chunk_5  (cost=2.50..12.50 rows=1000 width=16) (actual time=0.028..0.032 rows=18 loops=27834)
                                                                                             Output: _hyper_154_10109_chunk_5.close, _hyper_154_10109_chunk_5."timestamp"
                                                                                             Vectorized Filter: (_hyper_154_10109_chunk_5."timestamp" >= (now() - '2 years'::interval))
                                                                                             Rows Removed by Filter: 25
                                                                                             Bulk Decompression: true
                                                                                             Buffers: shared hit=66735
                                                                                             ->  Index Scan using compress_hyper_156_10133_chun_ticker__ts_meta_min_1__ts_met_idx on _timescaledb_internal.compress_hyper_156_10133_chunk compress_hyper_156_10133_chunk_5  (cost=0.28..2.50 rows=1 width=88) (actual time=0.010..0.011 rows=0 loops=27834)
                                                                                                   Output: compress_hyper_156_10133_chunk_5._ts_meta_count, compress_hyper_156_10133_chunk_5.ticker, compress_hyper_156_10133_chunk_5.volume, compress_hyper_156_10133_chunk_5.open, compress_hyper_156_10133_chunk_5.close, compress_hyper_156_10133_chunk_5.high, compress_hyper_156_10133_chunk_5.low, compress_hyper_156_10133_chunk_5._ts_meta_min_1, compress_hyper_156_10133_chunk_5._ts_meta_max_1, compress_hyper_156_10133_chunk_5."timestamp", compress_hyper_156_10133_chunk_5.transactions
                                                                                                   Index Cond: ((compress_hyper_156_10133_chunk_5.ticker = s.ticker) AND (compress_hyper_156_10133_chunk_5._ts_meta_max_1 >= (now() - '2 years'::interval)))
                                                                                                   Buffers: shared hit=57276
                                                                                       ->  Custom Scan (DecompressChunk) on _timescaledb_internal._hyper_154_10110_chunk _hyper_154_10110_chunk_5  (cost=2.50..12.50 rows=1000 width=16) (actual time=0.027..0.031 rows=20 loops=27834)
                                                                                             Output: _hyper_154_10110_chunk_5.close, _hyper_154_10110_chunk_5."timestamp"
                                                                                             Vectorized Filter: (_hyper_154_10110_chunk_5."timestamp" >= (now() - '2 years'::interval))
                                                                                             Rows Removed by Filter: 26
                                                                                             Bulk Decompression: true
                                                                                             Buffers: shared hit=67318
                                                                                             ->  Index Scan using compress_hyper_156_10134_chun_ticker__ts_meta_min_1__ts_met_idx on _timescaledb_internal.compress_hyper_156_10134_chunk compress_hyper_156_10134_chunk_5  (cost=0.28..2.50 rows=1 width=88) (actual time=0.011..0.012 rows=0 loops=27834)
                                                                                                   Output: compress_hyper_156_10134_chunk_5._ts_meta_count, compress_hyper_156_10134_chunk_5.ticker, compress_hyper_156_10134_chunk_5.volume, compress_hyper_156_10134_chunk_5.open, compress_hyper_156_10134_chunk_5.close, compress_hyper_156_10134_chunk_5.high, compress_hyper_156_10134_chunk_5.low, compress_hyper_156_10134_chunk_5._ts_meta_min_1, compress_hyper_156_10134_chunk_5._ts_meta_max_1, compress_hyper_156_10134_chunk_5."timestamp", compress_hyper_156_10134_chunk_5.transactions
                                                                                                   Index Cond: ((compress_hyper_156_10134_chunk_5.ticker = s.ticker) AND (compress_hyper_156_10134_chunk_5._ts_meta_max_1 >= (now() - '2 years'::interval)))
                                                                                                   Buffers: shared hit=57351
                                                                                       ->  Custom Scan (DecompressChunk) on _timescaledb_internal._hyper_154_10111_chunk _hyper_154_10111_chunk_5  (cost=2.50..12.50 rows=1000 width=16) (actual time=0.027..0.033 rows=19 loops=27834)
                                                                                             Output: _hyper_154_10111_chunk_5.close, _hyper_154_10111_chunk_5."timestamp"
                                                                                             Vectorized Filter: (_hyper_154_10111_chunk_5."timestamp" >= (now() - '2 years'::interval))
                                                                                             Rows Removed by Filter: 25
                                                                                             Bulk Decompression: true
                                                                                             Buffers: shared hit=67287
                                                                                             ->  Index Scan using compress_hyper_156_10135_chun_ticker__ts_meta_min_1__ts_met_idx on _timescaledb_internal.compress_hyper_156_10135_chunk compress_hyper_156_10135_chunk_5  (cost=0.28..2.50 rows=1 width=88) (actual time=0.010..0.011 rows=0 loops=27834)
                                                                                                   Output: compress_hyper_156_10135_chunk_5._ts_meta_count, compress_hyper_156_10135_chunk_5.ticker, compress_hyper_156_10135_chunk_5.volume, compress_hyper_156_10135_chunk_5.open, compress_hyper_156_10135_chunk_5.close, compress_hyper_156_10135_chunk_5.high, compress_hyper_156_10135_chunk_5.low, compress_hyper_156_10135_chunk_5._ts_meta_min_1, compress_hyper_156_10135_chunk_5._ts_meta_max_1, compress_hyper_156_10135_chunk_5."timestamp", compress_hyper_156_10135_chunk_5.transactions
                                                                                                   Index Cond: ((compress_hyper_156_10135_chunk_5.ticker = s.ticker) AND (compress_hyper_156_10135_chunk_5._ts_meta_max_1 >= (now() - '2 years'::interval)))
                                                                                                   Buffers: shared hit=57351
                                                                                       ->  Custom Scan (DecompressChunk) on _timescaledb_internal._hyper_154_10112_chunk _hyper_154_10112_chunk_5  (cost=2.50..12.50 rows=1000 width=16) (actual time=0.023..0.029 rows=19 loops=27834)
                                                                                             Output: _hyper_154_10112_chunk_5.close, _hyper_154_10112_chunk_5."timestamp"
                                                                                             Vectorized Filter: (_hyper_154_10112_chunk_5."timestamp" >= (now() - '2 years'::interval))
                                                                                             Rows Removed by Filter: 26
                                                                                             Bulk Decompression: true
                                                                                             Buffers: shared hit=67309
                                                                                             ->  Index Scan using compress_hyper_156_10136_chun_ticker__ts_meta_min_1__ts_met_idx on _timescaledb_internal.compress_hyper_156_10136_chunk compress_hyper_156_10136_chunk_5  (cost=0.28..2.50 rows=1 width=88) (actual time=0.011..0.011 rows=0 loops=27834)
                                                                                                   Output: compress_hyper_156_10136_chunk_5._ts_meta_count, compress_hyper_156_10136_chunk_5.ticker, compress_hyper_156_10136_chunk_5.volume, compress_hyper_156_10136_chunk_5.open, compress_hyper_156_10136_chunk_5.close, compress_hyper_156_10136_chunk_5.high, compress_hyper_156_10136_chunk_5.low, compress_hyper_156_10136_chunk_5._ts_meta_min_1, compress_hyper_156_10136_chunk_5._ts_meta_max_1, compress_hyper_156_10136_chunk_5."timestamp", compress_hyper_156_10136_chunk_5.transactions
                                                                                                   Index Cond: ((compress_hyper_156_10136_chunk_5.ticker = s.ticker) AND (compress_hyper_156_10136_chunk_5._ts_meta_max_1 >= (now() - '2 years'::interval)))
                                                                                                   Buffers: shared hit=57363
                                                                                       ->  Custom Scan (DecompressChunk) on _timescaledb_internal._hyper_154_10113_chunk _hyper_154_10113_chunk_5  (cost=2.50..12.50 rows=1000 width=16) (actual time=0.022..0.026 rows=19 loops=27834)
                                                                                             Output: _hyper_154_10113_chunk_5.close, _hyper_154_10113_chunk_5."timestamp"
                                                                                             Vectorized Filter: (_hyper_154_10113_chunk_5."timestamp" >= (now() - '2 years'::interval))
                                                                                             Rows Removed by Filter: 25
                                                                                             Bulk Decompression: true
                                                                                             Buffers: shared hit=66909
                                                                                             ->  Index Scan using compress_hyper_156_10137_chun_ticker__ts_meta_min_1__ts_met_idx on _timescaledb_internal.compress_hyper_156_10137_chunk compress_hyper_156_10137_chunk_5  (cost=0.28..2.50 rows=1 width=88) (actual time=0.010..0.010 rows=0 loops=27834)
                                                                                                   Output: compress_hyper_156_10137_chunk_5._ts_meta_count, compress_hyper_156_10137_chunk_5.ticker, compress_hyper_156_10137_chunk_5.volume, compress_hyper_156_10137_chunk_5.open, compress_hyper_156_10137_chunk_5.close, compress_hyper_156_10137_chunk_5.high, compress_hyper_156_10137_chunk_5.low, compress_hyper_156_10137_chunk_5._ts_meta_min_1, compress_hyper_156_10137_chunk_5._ts_meta_max_1, compress_hyper_156_10137_chunk_5."timestamp", compress_hyper_156_10137_chunk_5.transactions
                                                                                                   Index Cond: ((compress_hyper_156_10137_chunk_5.ticker = s.ticker) AND (compress_hyper_156_10137_chunk_5._ts_meta_max_1 >= (now() - '2 years'::interval)))
                                                                                                   Buffers: shared hit=57295
                                                                                       ->  Custom Scan (DecompressChunk) on _timescaledb_internal._hyper_154_10114_chunk _hyper_154_10114_chunk_5  (cost=2.50..12.50 rows=1000 width=16) (actual time=0.029..0.038 rows=18 loops=27834)
                                                                                             Output: _hyper_154_10114_chunk_5.close, _hyper_154_10114_chunk_5."timestamp"
                                                                                             Vectorized Filter: (_hyper_154_10114_chunk_5."timestamp" >= (now() - '2 years'::interval))
                                                                                             Rows Removed by Filter: 24
                                                                                             Bulk Decompression: true
                                                                                             Buffers: shared hit=66868
                                                                                             ->  Index Scan using compress_hyper_156_10138_chun_ticker__ts_meta_min_1__ts_met_idx on _timescaledb_internal.compress_hyper_156_10138_chunk compress_hyper_156_10138_chunk_5  (cost=0.28..2.50 rows=1 width=89) (actual time=0.014..0.016 rows=0 loops=27834)
                                                                                                   Output: compress_hyper_156_10138_chunk_5._ts_meta_count, compress_hyper_156_10138_chunk_5.ticker, compress_hyper_156_10138_chunk_5.volume, compress_hyper_156_10138_chunk_5.open, compress_hyper_156_10138_chunk_5.close, compress_hyper_156_10138_chunk_5.high, compress_hyper_156_10138_chunk_5.low, compress_hyper_156_10138_chunk_5._ts_meta_min_1, compress_hyper_156_10138_chunk_5._ts_meta_max_1, compress_hyper_156_10138_chunk_5."timestamp", compress_hyper_156_10138_chunk_5.transactions
                                                                                                   Index Cond: ((compress_hyper_156_10138_chunk_5.ticker = s.ticker) AND (compress_hyper_156_10138_chunk_5._ts_meta_max_1 >= (now() - '2 years'::interval)))
                                                                                                   Buffers: shared hit=57288
                                                                                       ->  Custom Scan (DecompressChunk) on _timescaledb_internal._hyper_154_10115_chunk _hyper_154_10115_chunk_5  (cost=2.50..12.50 rows=1000 width=16) (actual time=0.023..0.030 rows=20 loops=27834)
                                                                                             Output: _hyper_154_10115_chunk_5.close, _hyper_154_10115_chunk_5."timestamp"
                                                                                             Vectorized Filter: (_hyper_154_10115_chunk_5."timestamp" >= (now() - '2 years'::interval))
                                                                                             Rows Removed by Filter: 26
                                                                                             Bulk Decompression: true
                                                                                             Buffers: shared hit=67630
                                                                                             ->  Index Scan using compress_hyper_156_10139_chun_ticker__ts_meta_min_1__ts_met_idx on _timescaledb_internal.compress_hyper_156_10139_chunk compress_hyper_156_10139_chunk_5  (cost=0.28..2.50 rows=1 width=88) (actual time=0.008..0.009 rows=0 loops=27834)
                                                                                                   Output: compress_hyper_156_10139_chunk_5._ts_meta_count, compress_hyper_156_10139_chunk_5.ticker, compress_hyper_156_10139_chunk_5.volume, compress_hyper_156_10139_chunk_5.open, compress_hyper_156_10139_chunk_5.close, compress_hyper_156_10139_chunk_5.high, compress_hyper_156_10139_chunk_5.low, compress_hyper_156_10139_chunk_5._ts_meta_min_1, compress_hyper_156_10139_chunk_5._ts_meta_max_1, compress_hyper_156_10139_chunk_5."timestamp", compress_hyper_156_10139_chunk_5.transactions
                                                                                                   Index Cond: ((compress_hyper_156_10139_chunk_5.ticker = s.ticker) AND (compress_hyper_156_10139_chunk_5._ts_meta_max_1 >= (now() - '2 years'::interval)))
                                                                                                   Buffers: shared hit=57400
                                                                                       ->  Custom Scan (DecompressChunk) on _timescaledb_internal._hyper_154_10116_chunk _hyper_154_10116_chunk_5  (cost=2.50..12.50 rows=1000 width=16) (actual time=0.024..0.032 rows=19 loops=27834)
                                                                                             Output: _hyper_154_10116_chunk_5.close, _hyper_154_10116_chunk_5."timestamp"
                                                                                             Vectorized Filter: (_hyper_154_10116_chunk_5."timestamp" >= (now() - '2 years'::interval))
                                                                                             Rows Removed by Filter: 25
                                                                                             Bulk Decompression: true
                                                                                             Buffers: shared hit=67237
                                                                                             ->  Index Scan using compress_hyper_156_10140_chun_ticker__ts_meta_min_1__ts_met_idx on _timescaledb_internal.compress_hyper_156_10140_chunk compress_hyper_156_10140_chunk_5  (cost=0.28..2.50 rows=1 width=88) (actual time=0.011..0.011 rows=0 loops=27834)
                                                                                                   Output: compress_hyper_156_10140_chunk_5._ts_meta_count, compress_hyper_156_10140_chunk_5.ticker, compress_hyper_156_10140_chunk_5.volume, compress_hyper_156_10140_chunk_5.open, compress_hyper_156_10140_chunk_5.close, compress_hyper_156_10140_chunk_5.high, compress_hyper_156_10140_chunk_5.low, compress_hyper_156_10140_chunk_5._ts_meta_min_1, compress_hyper_156_10140_chunk_5._ts_meta_max_1, compress_hyper_156_10140_chunk_5."timestamp", compress_hyper_156_10140_chunk_5.transactions
                                                                                                   Index Cond: ((compress_hyper_156_10140_chunk_5.ticker = s.ticker) AND (compress_hyper_156_10140_chunk_5._ts_meta_max_1 >= (now() - '2 years'::interval)))
                                                                                                   Buffers: shared hit=57331
                                                         ->  Limit  (cost=795.50..795.50 rows=1 width=64) (actual time=6.891..6.893 rows=1 loops=27834)
                                                               Output: (((ohlcv_1d_6.close)::numeric / 1000.0)), (abs(EXTRACT(epoch FROM (ohlcv_1d_6."timestamp" - (now() - '1 year'::interval)))))
                                                               Buffers: shared hit=1805136 read=28956
                                                               I/O Timings: shared read=33898.951
                                                               ->  Sort  (cost=795.50..837.17 rows=16670 width=64) (actual time=6.881..6.881 rows=1 loops=27834)
                                                                     Output: (((ohlcv_1d_6.close)::numeric / 1000.0)), (abs(EXTRACT(epoch FROM (ohlcv_1d_6."timestamp" - (now() - '1 year'::interval)))))
                                                                     Sort Key: (abs(EXTRACT(epoch FROM (ohlcv_1d_6."timestamp" - (now() - '1 year'::interval)))))
                                                                     Sort Method: top-N heapsort  Memory: 25kB
                                                                     Buffers: shared hit=1805136 read=28956
                                                                     I/O Timings: shared read=33898.951
                                                                     ->  Result  (cost=0.42..712.15 rows=16670 width=64) (actual time=1.267..5.763 rows=929 loops=27834)
                                                                           Output: ((ohlcv_1d_6.close)::numeric / 1000.0), abs(EXTRACT(epoch FROM (ohlcv_1d_6."timestamp" - (now() - '1 year'::interval))))
                                                                           Buffers: shared hit=1805136 read=28956
                                                                           I/O Timings: shared read=33898.951
                                                                           ->  Custom Scan (ChunkAppend) on public.ohlcv_1d ohlcv_1d_6  (cost=0.42..253.72 rows=16670 width=16) (actual time=0.927..3.065 rows=929 loops=27834)
                                                                                 Output: ohlcv_1d_6.close, ohlcv_1d_6."timestamp"
                                                                                 Startup Exclusion: true
                                                                                 Runtime Exclusion: true
                                                                                 Chunks excluded during startup: 0
                                                                                 Chunks excluded during runtime: 0
                                                                                 Buffers: shared hit=1805136 read=28956
                                                                                 I/O Timings: shared read=33898.951
                                                                                 ->  Index Only Scan using _hyper_154_10085_chunk_ohlcv_1d_ticker_ts_desc_inc on _timescaledb_internal._hyper_154_10085_chunk _hyper_154_10085_chunk_6  (cost=0.42..6.69 rows=83 width=16) (actual time=0.042..0.045 rows=4 loops=27834)
                                                                                       Output: _hyper_154_10085_chunk_6.close, _hyper_154_10085_chunk_6."timestamp"
                                                                                       Index Cond: ((_hyper_154_10085_chunk_6.ticker = s.ticker) AND (_hyper_154_10085_chunk_6."timestamp" >= (now() - '12 years'::interval)))
                                                                                       Heap Fetches: 2489
                                                                                       Buffers: shared hit=87072
                                                                                 ->  Index Only Scan using _hyper_154_10086_chunk_ohlcv_1d_ticker_ts_desc_inc on _timescaledb_internal._hyper_154_10086_chunk _hyper_154_10086_chunk_6  (cost=0.42..6.71 rows=84 width=16) (actual time=0.018..0.022 rows=5 loops=27834)
                                                                                       Output: _hyper_154_10086_chunk_6.close, _hyper_154_10086_chunk_6."timestamp"
                                                                                       Index Cond: ((_hyper_154_10086_chunk_6.ticker = s.ticker) AND (_hyper_154_10086_chunk_6."timestamp" >= (now() - '12 years'::interval)))
                                                                                       Heap Fetches: 2551
                                                                                       Buffers: shared hit=87214
                                                                                 ->  Index Only Scan using _hyper_154_10087_chunk_ohlcv_1d_ticker_ts_desc_inc on _timescaledb_internal._hyper_154_10087_chunk _hyper_154_10087_chunk_6  (cost=0.42..6.71 rows=84 width=16) (actual time=0.020..0.025 rows=4 loops=27834)
                                                                                       Output: _hyper_154_10087_chunk_6.close, _hyper_154_10087_chunk_6."timestamp"
                                                                                       Index Cond: ((_hyper_154_10087_chunk_6.ticker = s.ticker) AND (_hyper_154_10087_chunk_6."timestamp" >= (now() - '12 years'::interval)))
                                                                                       Heap Fetches: 2502
                                                                                       Buffers: shared hit=87140
                                                                                 ->  Index Only Scan using _hyper_154_10088_chunk_ohlcv_1d_ticker_ts_desc_inc on _timescaledb_internal._hyper_154_10088_chunk _hyper_154_10088_chunk_6  (cost=0.42..6.71 rows=84 width=16) (actual time=0.013..0.016 rows=4 loops=27834)
                                                                                       Output: _hyper_154_10088_chunk_6.close, _hyper_154_10088_chunk_6."timestamp"
                                                                                       Index Cond: ((_hyper_154_10088_chunk_6.ticker = s.ticker) AND (_hyper_154_10088_chunk_6."timestamp" >= (now() - '12 years'::interval)))
                                                                                       Heap Fetches: 2376
                                                                                       Buffers: shared hit=86987
                                                                                 ->  Index Only Scan using _hyper_154_10089_chunk_ohlcv_1d_ticker_ts_desc_inc on _timescaledb_internal._hyper_154_10089_chunk _hyper_154_10089_chunk_6  (cost=0.42..6.71 rows=84 width=16) (actual time=0.020..0.024 rows=4 loops=27834)
                                                                                       Output: _hyper_154_10089_chunk_6.close, _hyper_154_10089_chunk_6."timestamp"
                                                                                       Index Cond: ((_hyper_154_10089_chunk_6.ticker = s.ticker) AND (_hyper_154_10089_chunk_6."timestamp" >= (now() - '12 years'::interval)))
                                                                                       Heap Fetches: 2594
                                                                                       Buffers: shared hit=87237
                                                                                 ->  Index Only Scan using _hyper_154_10090_chunk_ohlcv_1d_ticker_ts_desc_inc on _timescaledb_internal._hyper_154_10090_chunk _hyper_154_10090_chunk_6  (cost=0.42..6.71 rows=84 width=16) (actual time=0.018..0.021 rows=4 loops=27834)
                                                                                       Output: _hyper_154_10090_chunk_6.close, _hyper_154_10090_chunk_6."timestamp"
                                                                                       Index Cond: ((_hyper_154_10090_chunk_6.ticker = s.ticker) AND (_hyper_154_10090_chunk_6."timestamp" >= (now() - '12 years'::interval)))
                                                                                       Heap Fetches: 2574
                                                                                       Buffers: shared hit=87217
                                                                                 ->  Index Only Scan using _hyper_154_10091_chunk_ohlcv_1d_ticker_ts_desc_inc on _timescaledb_internal._hyper_154_10091_chunk _hyper_154_10091_chunk_6  (cost=0.42..6.69 rows=83 width=16) (actual time=0.019..0.023 rows=4 loops=27834)
                                                                                       Output: _hyper_154_10091_chunk_6.close, _hyper_154_10091_chunk_6."timestamp"
                                                                                       Index Cond: ((_hyper_154_10091_chunk_6.ticker = s.ticker) AND (_hyper_154_10091_chunk_6."timestamp" >= (now() - '12 years'::interval)))
                                                                                       Heap Fetches: 2409
                                                                                       Buffers: shared hit=87058
                                                                                 ->  Index Only Scan using _hyper_154_10092_chunk_ohlcv_1d_ticker_ts_desc_inc on _timescaledb_internal._hyper_154_10092_chunk _hyper_154_10092_chunk_6  (cost=0.42..6.71 rows=84 width=16) (actual time=0.015..0.018 rows=5 loops=27834)
                                                                                       Output: _hyper_154_10092_chunk_6.close, _hyper_154_10092_chunk_6."timestamp"
                                                                                       Index Cond: ((_hyper_154_10092_chunk_6.ticker = s.ticker) AND (_hyper_154_10092_chunk_6."timestamp" >= (now() - '12 years'::interval)))
                                                                                       Heap Fetches: 2582
                                                                                       Buffers: shared hit=87262
                                                                                 ->  Custom Scan (DecompressChunk) on _timescaledb_internal._hyper_154_10101_chunk _hyper_154_10101_chunk_1  (cost=2.50..12.50 rows=1000 width=16) (actual time=0.127..0.135 rows=30 loops=27834)
                                                                                       Output: _hyper_154_10101_chunk_1.close, _hyper_154_10101_chunk_1."timestamp"
                                                                                       Vectorized Filter: (_hyper_154_10101_chunk_1."timestamp" >= (now() - '12 years'::interval))
                                                                                       Rows Removed by Filter: 5
                                                                                       Bulk Decompression: true
                                                                                       Buffers: shared hit=62406 read=1856
                                                                                       I/O Timings: shared read=2128.757
                                                                                       ->  Index Scan using compress_hyper_156_10125_chun_ticker__ts_meta_min_1__ts_met_idx on _timescaledb_internal.compress_hyper_156_10125_chunk compress_hyper_156_10125_chunk_1  (cost=0.28..2.50 rows=1 width=88) (actual time=0.027..0.027 rows=0 loops=27834)
                                                                                             Output: compress_hyper_156_10125_chunk_1._ts_meta_count, compress_hyper_156_10125_chunk_1.ticker, compress_hyper_156_10125_chunk_1.volume, compress_hyper_156_10125_chunk_1.open, compress_hyper_156_10125_chunk_1.close, compress_hyper_156_10125_chunk_1.high, compress_hyper_156_10125_chunk_1.low, compress_hyper_156_10125_chunk_1._ts_meta_min_1, compress_hyper_156_10125_chunk_1._ts_meta_max_1, compress_hyper_156_10125_chunk_1."timestamp", compress_hyper_156_10125_chunk_1.transactions
                                                                                             Index Cond: ((compress_hyper_156_10125_chunk_1.ticker = s.ticker) AND (compress_hyper_156_10125_chunk_1._ts_meta_max_1 >= (now() - '12 years'::interval)))
                                                                                             Buffers: shared hit=56839 read=50
                                                                                             I/O Timings: shared read=55.590
                                                                                 ->  Custom Scan (DecompressChunk) on _timescaledb_internal._hyper_154_10102_chunk _hyper_154_10102_chunk_1  (cost=2.50..12.50 rows=1000 width=16) (actual time=0.132..0.140 rows=31 loops=27834)
                                                                                       Output: _hyper_154_10102_chunk_1.close, _hyper_154_10102_chunk_1."timestamp"
                                                                                       Vectorized Filter: (_hyper_154_10102_chunk_1."timestamp" >= (now() - '12 years'::interval))
                                                                                       Rows Removed by Filter: 6
                                                                                       Bulk Decompression: true
                                                                                       Buffers: shared hit=62633 read=1979
                                                                                       I/O Timings: shared read=2693.757
                                                                                       ->  Index Scan using compress_hyper_156_10126_chun_ticker__ts_meta_min_1__ts_met_idx on _timescaledb_internal.compress_hyper_156_10126_chunk compress_hyper_156_10126_chunk_1  (cost=0.28..2.50 rows=1 width=88) (actual time=0.023..0.023 rows=0 loops=27834)
                                                                                             Output: compress_hyper_156_10126_chunk_1._ts_meta_count, compress_hyper_156_10126_chunk_1.ticker, compress_hyper_156_10126_chunk_1.volume, compress_hyper_156_10126_chunk_1.open, compress_hyper_156_10126_chunk_1.close, compress_hyper_156_10126_chunk_1.high, compress_hyper_156_10126_chunk_1.low, compress_hyper_156_10126_chunk_1._ts_meta_min_1, compress_hyper_156_10126_chunk_1._ts_meta_max_1, compress_hyper_156_10126_chunk_1."timestamp", compress_hyper_156_10126_chunk_1.transactions
                                                                                             Index Cond: ((compress_hyper_156_10126_chunk_1.ticker = s.ticker) AND (compress_hyper_156_10126_chunk_1._ts_meta_max_1 >= (now() - '12 years'::interval)))
                                                                                             Buffers: shared hit=56885 read=56
                                                                                             I/O Timings: shared read=55.548
                                                                                 ->  Custom Scan (DecompressChunk) on _timescaledb_internal._hyper_154_10103_chunk _hyper_154_10103_chunk_1  (cost=2.50..12.50 rows=1000 width=16) (actual time=0.143..0.154 rows=31 loops=27834)
                                                                                       Output: _hyper_154_10103_chunk_1.close, _hyper_154_10103_chunk_1."timestamp"
                                                                                       Vectorized Filter: (_hyper_154_10103_chunk_1."timestamp" >= (now() - '12 years'::interval))
                                                                                       Rows Removed by Filter: 6
                                                                                       Bulk Decompression: true
                                                                                       Buffers: shared hit=62727 read=1924
                                                                                       I/O Timings: shared read=2758.140
                                                                                       ->  Index Scan using compress_hyper_156_10127_chun_ticker__ts_meta_min_1__ts_met_idx on _timescaledb_internal.compress_hyper_156_10127_chunk compress_hyper_156_10127_chunk_1  (cost=0.28..2.50 rows=1 width=88) (actual time=0.020..0.021 rows=0 loops=27834)
                                                                                             Output: compress_hyper_156_10127_chunk_1._ts_meta_count, compress_hyper_156_10127_chunk_1.ticker, compress_hyper_156_10127_chunk_1.volume, compress_hyper_156_10127_chunk_1.open, compress_hyper_156_10127_chunk_1.close, compress_hyper_156_10127_chunk_1.high, compress_hyper_156_10127_chunk_1.low, compress_hyper_156_10127_chunk_1._ts_meta_min_1, compress_hyper_156_10127_chunk_1._ts_meta_max_1, compress_hyper_156_10127_chunk_1."timestamp", compress_hyper_156_10127_chunk_1.transactions
                                                                                             Index Cond: ((compress_hyper_156_10127_chunk_1.ticker = s.ticker) AND (compress_hyper_156_10127_chunk_1._ts_meta_max_1 >= (now() - '12 years'::interval)))
                                                                                             Buffers: shared hit=56889 read=50
                                                                                             I/O Timings: shared read=140.029
                                                                                 ->  Custom Scan (DecompressChunk) on _timescaledb_internal._hyper_154_10104_chunk _hyper_154_10104_chunk_1  (cost=2.50..12.50 rows=1000 width=16) (actual time=0.117..0.123 rows=30 loops=27834)
                                                                                       Output: _hyper_154_10104_chunk_1.close, _hyper_154_10104_chunk_1."timestamp"
                                                                                       Vectorized Filter: (_hyper_154_10104_chunk_1."timestamp" >= (now() - '12 years'::interval))
                                                                                       Rows Removed by Filter: 6
                                                                                       Bulk Decompression: true
                                                                                       Buffers: shared hit=62531 read=1848
                                                                                       I/O Timings: shared read=2037.150
                                                                                       ->  Index Scan using compress_hyper_156_10128_chun_ticker__ts_meta_min_1__ts_met_idx on _timescaledb_internal.compress_hyper_156_10128_chunk compress_hyper_156_10128_chunk_1  (cost=0.28..2.50 rows=1 width=88) (actual time=0.025..0.025 rows=0 loops=27834)
                                                                                             Output: compress_hyper_156_10128_chunk_1._ts_meta_count, compress_hyper_156_10128_chunk_1.ticker, compress_hyper_156_10128_chunk_1.volume, compress_hyper_156_10128_chunk_1.open, compress_hyper_156_10128_chunk_1.close, compress_hyper_156_10128_chunk_1.high, compress_hyper_156_10128_chunk_1.low, compress_hyper_156_10128_chunk_1._ts_meta_min_1, compress_hyper_156_10128_chunk_1._ts_meta_max_1, compress_hyper_156_10128_chunk_1."timestamp", compress_hyper_156_10128_chunk_1.transactions
                                                                                             Index Cond: ((compress_hyper_156_10128_chunk_1.ticker = s.ticker) AND (compress_hyper_156_10128_chunk_1._ts_meta_max_1 >= (now() - '12 years'::interval)))
                                                                                             Buffers: shared hit=56848 read=58
                                                                                             I/O Timings: shared read=117.294
                                                                                 ->  Custom Scan (DecompressChunk) on _timescaledb_internal._hyper_154_10105_chunk _hyper_154_10105_chunk_1  (cost=2.50..12.50 rows=1000 width=16) (actual time=0.113..0.119 rows=30 loops=27834)
                                                                                       Output: _hyper_154_10105_chunk_1.close, _hyper_154_10105_chunk_1."timestamp"
                                                                                       Vectorized Filter: (_hyper_154_10105_chunk_1."timestamp" >= (now() - '12 years'::interval))
                                                                                       Rows Removed by Filter: 6
                                                                                       Bulk Decompression: true
                                                                                       Buffers: shared hit=62297 read=1907
                                                                                       I/O Timings: shared read=2256.033
                                                                                       ->  Index Scan using compress_hyper_156_10129_chun_ticker__ts_meta_min_1__ts_met_idx on _timescaledb_internal.compress_hyper_156_10129_chunk compress_hyper_156_10129_chunk_1  (cost=0.28..2.50 rows=1 width=88) (actual time=0.023..0.024 rows=0 loops=27834)
                                                                                             Output: compress_hyper_156_10129_chunk_1._ts_meta_count, compress_hyper_156_10129_chunk_1.ticker, compress_hyper_156_10129_chunk_1.volume, compress_hyper_156_10129_chunk_1.open, compress_hyper_156_10129_chunk_1.close, compress_hyper_156_10129_chunk_1.high, compress_hyper_156_10129_chunk_1.low, compress_hyper_156_10129_chunk_1._ts_meta_min_1, compress_hyper_156_10129_chunk_1._ts_meta_max_1, compress_hyper_156_10129_chunk_1."timestamp", compress_hyper_156_10129_chunk_1.transactions
                                                                                             Index Cond: ((compress_hyper_156_10129_chunk_1.ticker = s.ticker) AND (compress_hyper_156_10129_chunk_1._ts_meta_max_1 >= (now() - '12 years'::interval)))
                                                                                             Buffers: shared hit=56830 read=54
                                                                                             I/O Timings: shared read=108.036
                                                                                 ->  Custom Scan (DecompressChunk) on _timescaledb_internal._hyper_154_10106_chunk _hyper_154_10106_chunk_1  (cost=2.50..12.50 rows=1000 width=16) (actual time=0.134..0.142 rows=31 loops=27834)
                                                                                       Output: _hyper_154_10106_chunk_1.close, _hyper_154_10106_chunk_1."timestamp"
                                                                                       Vectorized Filter: (_hyper_154_10106_chunk_1."timestamp" >= (now() - '12 years'::interval))
                                                                                       Rows Removed by Filter: 6
                                                                                       Bulk Decompression: true
                                                                                       Buffers: shared hit=62510 read=1947
                                                                                       I/O Timings: shared read=2812.967
                                                                                       ->  Index Scan using compress_hyper_156_10130_chun_ticker__ts_meta_min_1__ts_met_idx on _timescaledb_internal.compress_hyper_156_10130_chunk compress_hyper_156_10130_chunk_1  (cost=0.28..2.50 rows=1 width=88) (actual time=0.020..0.021 rows=0 loops=27834)
                                                                                             Output: compress_hyper_156_10130_chunk_1._ts_meta_count, compress_hyper_156_10130_chunk_1.ticker, compress_hyper_156_10130_chunk_1.volume, compress_hyper_156_10130_chunk_1.open, compress_hyper_156_10130_chunk_1.close, compress_hyper_156_10130_chunk_1.high, compress_hyper_156_10130_chunk_1.low, compress_hyper_156_10130_chunk_1._ts_meta_min_1, compress_hyper_156_10130_chunk_1._ts_meta_max_1, compress_hyper_156_10130_chunk_1."timestamp", compress_hyper_156_10130_chunk_1.transactions
                                                                                             Index Cond: ((compress_hyper_156_10130_chunk_1.ticker = s.ticker) AND (compress_hyper_156_10130_chunk_1._ts_meta_max_1 >= (now() - '12 years'::interval)))
                                                                                             Buffers: shared hit=56862 read=53
                                                                                             I/O Timings: shared read=43.813
                                                                                 ->  Custom Scan (DecompressChunk) on _timescaledb_internal._hyper_154_10107_chunk _hyper_154_10107_chunk_1  (cost=2.50..12.50 rows=1000 width=16) (actual time=0.117..0.122 rows=31 loops=27834)
                                                                                       Output: _hyper_154_10107_chunk_1.close, _hyper_154_10107_chunk_1."timestamp"
                                                                                       Vectorized Filter: (_hyper_154_10107_chunk_1."timestamp" >= (now() - '12 years'::interval))
                                                                                       Rows Removed by Filter: 6
                                                                                       Bulk Decompression: true
                                                                                       Buffers: shared hit=62478 read=1933
                                                                                       I/O Timings: shared read=2153.955
                                                                                       ->  Index Scan using compress_hyper_156_10131_chun_ticker__ts_meta_min_1__ts_met_idx on _timescaledb_internal.compress_hyper_156_10131_chunk compress_hyper_156_10131_chunk_1  (cost=0.28..2.50 rows=1 width=88) (actual time=0.025..0.025 rows=0 loops=27834)
                                                                                             Output: compress_hyper_156_10131_chunk_1._ts_meta_count, compress_hyper_156_10131_chunk_1.ticker, compress_hyper_156_10131_chunk_1.volume, compress_hyper_156_10131_chunk_1.open, compress_hyper_156_10131_chunk_1.close, compress_hyper_156_10131_chunk_1.high, compress_hyper_156_10131_chunk_1.low, compress_hyper_156_10131_chunk_1._ts_meta_min_1, compress_hyper_156_10131_chunk_1._ts_meta_max_1, compress_hyper_156_10131_chunk_1."timestamp", compress_hyper_156_10131_chunk_1.transactions
                                                                                             Index Cond: ((compress_hyper_156_10131_chunk_1.ticker = s.ticker) AND (compress_hyper_156_10131_chunk_1._ts_meta_max_1 >= (now() - '12 years'::interval)))
                                                                                             Buffers: shared hit=56874 read=46
                                                                                             I/O Timings: shared read=38.118
                                                                                 ->  Custom Scan (DecompressChunk) on _timescaledb_internal._hyper_154_10108_chunk _hyper_154_10108_chunk_1  (cost=2.50..12.50 rows=1000 width=16) (actual time=0.113..0.124 rows=31 loops=27834)
                                                                                       Output: _hyper_154_10108_chunk_1.close, _hyper_154_10108_chunk_1."timestamp"
                                                                                       Vectorized Filter: (_hyper_154_10108_chunk_1."timestamp" >= (now() - '12 years'::interval))
                                                                                       Rows Removed by Filter: 6
                                                                                       Bulk Decompression: true
                                                                                       Buffers: shared hit=62705 read=1944
                                                                                       I/O Timings: shared read=2110.045
                                                                                       ->  Index Scan using compress_hyper_156_10132_chun_ticker__ts_meta_min_1__ts_met_idx on _timescaledb_internal.compress_hyper_156_10132_chunk compress_hyper_156_10132_chunk_1  (cost=0.28..2.50 rows=1 width=88) (actual time=0.025..0.026 rows=0 loops=27834)
                                                                                             Output: compress_hyper_156_10132_chunk_1._ts_meta_count, compress_hyper_156_10132_chunk_1.ticker, compress_hyper_156_10132_chunk_1.volume, compress_hyper_156_10132_chunk_1.open, compress_hyper_156_10132_chunk_1.close, compress_hyper_156_10132_chunk_1.high, compress_hyper_156_10132_chunk_1.low, compress_hyper_156_10132_chunk_1._ts_meta_min_1, compress_hyper_156_10132_chunk_1._ts_meta_max_1, compress_hyper_156_10132_chunk_1."timestamp", compress_hyper_156_10132_chunk_1.transactions
                                                                                             Index Cond: ((compress_hyper_156_10132_chunk_1.ticker = s.ticker) AND (compress_hyper_156_10132_chunk_1._ts_meta_max_1 >= (now() - '12 years'::interval)))
                                                                                             Buffers: shared hit=56869 read=56
                                                                                             I/O Timings: shared read=144.695
                                                                                 ->  Custom Scan (DecompressChunk) on _timescaledb_internal._hyper_154_10109_chunk _hyper_154_10109_chunk_6  (cost=2.50..12.50 rows=1000 width=16) (actual time=0.026..0.132 rows=79 loops=27834)
                                                                                       Output: _hyper_154_10109_chunk_6.close, _hyper_154_10109_chunk_6."timestamp"
                                                                                       Vectorized Filter: (_hyper_154_10109_chunk_6."timestamp" >= (now() - '12 years'::interval))
                                                                                       Bulk Decompression: true
                                                                                       Buffers: shared hit=75380 read=1691
                                                                                       I/O Timings: shared read=1892.128
                                                                                       ->  Index Scan using compress_hyper_156_10133_chun_ticker__ts_meta_min_1__ts_met_idx on _timescaledb_internal.compress_hyper_156_10133_chunk compress_hyper_156_10133_chunk_6  (cost=0.28..2.50 rows=1 width=88) (actual time=0.011..0.013 rows=0 loops=27834)
                                                                                             Output: compress_hyper_156_10133_chunk_6._ts_meta_count, compress_hyper_156_10133_chunk_6.ticker, compress_hyper_156_10133_chunk_6.volume, compress_hyper_156_10133_chunk_6.open, compress_hyper_156_10133_chunk_6.close, compress_hyper_156_10133_chunk_6.high, compress_hyper_156_10133_chunk_6.low, compress_hyper_156_10133_chunk_6._ts_meta_min_1, compress_hyper_156_10133_chunk_6._ts_meta_max_1, compress_hyper_156_10133_chunk_6."timestamp", compress_hyper_156_10133_chunk_6.transactions
                                                                                             Index Cond: ((compress_hyper_156_10133_chunk_6.ticker = s.ticker) AND (compress_hyper_156_10133_chunk_6._ts_meta_max_1 >= (now() - '12 years'::interval)))
                                                                                             Buffers: shared hit=57980 read=27
                                                                                             I/O Timings: shared read=19.761
                                                                                 ->  Custom Scan (DecompressChunk) on _timescaledb_internal._hyper_154_10110_chunk _hyper_154_10110_chunk_6  (cost=2.50..12.50 rows=1000 width=16) (actual time=0.039..0.166 rows=83 loops=27834)
                                                                                       Output: _hyper_154_10110_chunk_6.close, _hyper_154_10110_chunk_6."timestamp"
                                                                                       Vectorized Filter: (_hyper_154_10110_chunk_6."timestamp" >= (now() - '12 years'::interval))
                                                                                       Bulk Decompression: true
                                                                                       Buffers: shared hit=76183 read=1759
                                                                                       I/O Timings: shared read=2279.756
                                                                                       ->  Index Scan using compress_hyper_156_10134_chun_ticker__ts_meta_min_1__ts_met_idx on _timescaledb_internal.compress_hyper_156_10134_chunk compress_hyper_156_10134_chunk_6  (cost=0.28..2.50 rows=1 width=88) (actual time=0.015..0.017 rows=0 loops=27834)
                                                                                             Output: compress_hyper_156_10134_chunk_6._ts_meta_count, compress_hyper_156_10134_chunk_6.ticker, compress_hyper_156_10134_chunk_6.volume, compress_hyper_156_10134_chunk_6.open, compress_hyper_156_10134_chunk_6.close, compress_hyper_156_10134_chunk_6.high, compress_hyper_156_10134_chunk_6.low, compress_hyper_156_10134_chunk_6._ts_meta_min_1, compress_hyper_156_10134_chunk_6._ts_meta_max_1, compress_hyper_156_10134_chunk_6."timestamp", compress_hyper_156_10134_chunk_6.transactions
                                                                                             Index Cond: ((compress_hyper_156_10134_chunk_6.ticker = s.ticker) AND (compress_hyper_156_10134_chunk_6._ts_meta_max_1 >= (now() - '12 years'::interval)))
                                                                                             Buffers: shared hit=58076 read=26
                                                                                             I/O Timings: shared read=23.337
                                                                                 ->  Custom Scan (DecompressChunk) on _timescaledb_internal._hyper_154_10111_chunk _hyper_154_10111_chunk_6  (cost=2.50..12.50 rows=1000 width=16) (actual time=0.039..0.142 rows=81 loops=27834)
                                                                                       Output: _hyper_154_10111_chunk_6.close, _hyper_154_10111_chunk_6."timestamp"
                                                                                       Vectorized Filter: (_hyper_154_10111_chunk_6."timestamp" >= (now() - '12 years'::interval))
                                                                                       Bulk Decompression: true
                                                                                       Buffers: shared hit=76154 read=1653
                                                                                       I/O Timings: shared read=1723.182
                                                                                       ->  Index Scan using compress_hyper_156_10135_chun_ticker__ts_meta_min_1__ts_met_idx on _timescaledb_internal.compress_hyper_156_10135_chunk compress_hyper_156_10135_chunk_6  (cost=0.28..2.50 rows=1 width=88) (actual time=0.016..0.017 rows=0 loops=27834)
                                                                                             Output: compress_hyper_156_10135_chunk_6._ts_meta_count, compress_hyper_156_10135_chunk_6.ticker, compress_hyper_156_10135_chunk_6.volume, compress_hyper_156_10135_chunk_6.open, compress_hyper_156_10135_chunk_6.close, compress_hyper_156_10135_chunk_6.high, compress_hyper_156_10135_chunk_6.low, compress_hyper_156_10135_chunk_6._ts_meta_min_1, compress_hyper_156_10135_chunk_6._ts_meta_max_1, compress_hyper_156_10135_chunk_6."timestamp", compress_hyper_156_10135_chunk_6.transactions
                                                                                             Index Cond: ((compress_hyper_156_10135_chunk_6.ticker = s.ticker) AND (compress_hyper_156_10135_chunk_6._ts_meta_max_1 >= (now() - '12 years'::interval)))
                                                                                             Buffers: shared hit=58077 read=19
                                                                                             I/O Timings: shared read=3.666
                                                                                 ->  Custom Scan (DecompressChunk) on _timescaledb_internal._hyper_154_10112_chunk _hyper_154_10112_chunk_6  (cost=2.50..12.50 rows=1000 width=16) (actual time=0.032..0.138 rows=81 loops=27834)
                                                                                       Output: _hyper_154_10112_chunk_6.close, _hyper_154_10112_chunk_6."timestamp"
                                                                                       Vectorized Filter: (_hyper_154_10112_chunk_6."timestamp" >= (now() - '12 years'::interval))
                                                                                       Bulk Decompression: true
                                                                                       Buffers: shared hit=75742 read=1650
                                                                                       I/O Timings: shared read=1802.787
                                                                                       ->  Index Scan using compress_hyper_156_10136_chun_ticker__ts_meta_min_1__ts_met_idx on _timescaledb_internal.compress_hyper_156_10136_chunk compress_hyper_156_10136_chunk_6  (cost=0.28..2.50 rows=1 width=88) (actual time=0.012..0.014 rows=0 loops=27834)
                                                                                             Output: compress_hyper_156_10136_chunk_6._ts_meta_count, compress_hyper_156_10136_chunk_6.ticker, compress_hyper_156_10136_chunk_6.volume, compress_hyper_156_10136_chunk_6.open, compress_hyper_156_10136_chunk_6.close, compress_hyper_156_10136_chunk_6.high, compress_hyper_156_10136_chunk_6.low, compress_hyper_156_10136_chunk_6._ts_meta_min_1, compress_hyper_156_10136_chunk_6._ts_meta_max_1, compress_hyper_156_10136_chunk_6."timestamp", compress_hyper_156_10136_chunk_6.transactions
                                                                                             Index Cond: ((compress_hyper_156_10136_chunk_6.ticker = s.ticker) AND (compress_hyper_156_10136_chunk_6._ts_meta_max_1 >= (now() - '12 years'::interval)))
                                                                                             Buffers: shared hit=58042 read=29
                                                                                             I/O Timings: shared read=25.299
                                                                                 ->  Custom Scan (DecompressChunk) on _timescaledb_internal._hyper_154_10113_chunk _hyper_154_10113_chunk_6  (cost=2.50..12.50 rows=1000 width=16) (actual time=0.032..0.151 rows=81 loops=27834)
                                                                                       Output: _hyper_154_10113_chunk_6.close, _hyper_154_10113_chunk_6."timestamp"
                                                                                       Vectorized Filter: (_hyper_154_10113_chunk_6."timestamp" >= (now() - '12 years'::interval))
                                                                                       Bulk Decompression: true
                                                                                       Buffers: shared hit=75579 read=1722
                                                                                       I/O Timings: shared read=2253.830
                                                                                       ->  Index Scan using compress_hyper_156_10137_chun_ticker__ts_meta_min_1__ts_met_idx on _timescaledb_internal.compress_hyper_156_10137_chunk compress_hyper_156_10137_chunk_6  (cost=0.28..2.50 rows=1 width=88) (actual time=0.012..0.014 rows=0 loops=27834)
                                                                                             Output: compress_hyper_156_10137_chunk_6._ts_meta_count, compress_hyper_156_10137_chunk_6.ticker, compress_hyper_156_10137_chunk_6.volume, compress_hyper_156_10137_chunk_6.open, compress_hyper_156_10137_chunk_6.close, compress_hyper_156_10137_chunk_6.high, compress_hyper_156_10137_chunk_6.low, compress_hyper_156_10137_chunk_6._ts_meta_min_1, compress_hyper_156_10137_chunk_6._ts_meta_max_1, compress_hyper_156_10137_chunk_6."timestamp", compress_hyper_156_10137_chunk_6.transactions
                                                                                             Index Cond: ((compress_hyper_156_10137_chunk_6.ticker = s.ticker) AND (compress_hyper_156_10137_chunk_6._ts_meta_max_1 >= (now() - '12 years'::interval)))
                                                                                             Buffers: shared hit=57991 read=28
                                                                                             I/O Timings: shared read=13.675
                                                                                 ->  Custom Scan (DecompressChunk) on _timescaledb_internal._hyper_154_10114_chunk _hyper_154_10114_chunk_6  (cost=2.50..12.50 rows=1000 width=16) (actual time=0.037..0.146 rows=79 loops=27834)
                                                                                       Output: _hyper_154_10114_chunk_6.close, _hyper_154_10114_chunk_6."timestamp"
                                                                                       Vectorized Filter: (_hyper_154_10114_chunk_6."timestamp" >= (now() - '12 years'::interval))
                                                                                       Bulk Decompression: true
                                                                                       Buffers: shared hit=75825 read=1685
                                                                                       I/O Timings: shared read=1775.599
                                                                                       ->  Index Scan using compress_hyper_156_10138_chun_ticker__ts_meta_min_1__ts_met_idx on _timescaledb_internal.compress_hyper_156_10138_chunk compress_hyper_156_10138_chunk_6  (cost=0.28..2.50 rows=1 width=89) (actual time=0.015..0.018 rows=0 loops=27834)
                                                                                             Output: compress_hyper_156_10138_chunk_6._ts_meta_count, compress_hyper_156_10138_chunk_6.ticker, compress_hyper_156_10138_chunk_6.volume, compress_hyper_156_10138_chunk_6.open, compress_hyper_156_10138_chunk_6.close, compress_hyper_156_10138_chunk_6.high, compress_hyper_156_10138_chunk_6.low, compress_hyper_156_10138_chunk_6._ts_meta_min_1, compress_hyper_156_10138_chunk_6._ts_meta_max_1, compress_hyper_156_10138_chunk_6."timestamp", compress_hyper_156_10138_chunk_6.transactions
                                                                                             Index Cond: ((compress_hyper_156_10138_chunk_6.ticker = s.ticker) AND (compress_hyper_156_10138_chunk_6._ts_meta_max_1 >= (now() - '12 years'::interval)))
                                                                                             Buffers: shared hit=58044 read=28
                                                                                             I/O Timings: shared read=11.318
                                                                                 ->  Custom Scan (DecompressChunk) on _timescaledb_internal._hyper_154_10115_chunk _hyper_154_10115_chunk_6  (cost=2.50..12.50 rows=1000 width=16) (actual time=0.041..0.134 rows=83 loops=27834)
                                                                                       Output: _hyper_154_10115_chunk_6.close, _hyper_154_10115_chunk_6."timestamp"
                                                                                       Vectorized Filter: (_hyper_154_10115_chunk_6."timestamp" >= (now() - '12 years'::interval))
                                                                                       Bulk Decompression: true
                                                                                       Buffers: shared hit=76654 read=1735
                                                                                       I/O Timings: shared read=1593.144
                                                                                       ->  Index Scan using compress_hyper_156_10139_chun_ticker__ts_meta_min_1__ts_met_idx on _timescaledb_internal.compress_hyper_156_10139_chunk compress_hyper_156_10139_chunk_6  (cost=0.28..2.50 rows=1 width=88) (actual time=0.023..0.025 rows=0 loops=27834)
                                                                                             Output: compress_hyper_156_10139_chunk_6._ts_meta_count, compress_hyper_156_10139_chunk_6.ticker, compress_hyper_156_10139_chunk_6.volume, compress_hyper_156_10139_chunk_6.open, compress_hyper_156_10139_chunk_6.close, compress_hyper_156_10139_chunk_6.high, compress_hyper_156_10139_chunk_6.low, compress_hyper_156_10139_chunk_6._ts_meta_min_1, compress_hyper_156_10139_chunk_6._ts_meta_max_1, compress_hyper_156_10139_chunk_6."timestamp", compress_hyper_156_10139_chunk_6.transactions
                                                                                             Index Cond: ((compress_hyper_156_10139_chunk_6.ticker = s.ticker) AND (compress_hyper_156_10139_chunk_6._ts_meta_max_1 >= (now() - '12 years'::interval)))
                                                                                             Buffers: shared hit=58136 read=31
                                                                                             I/O Timings: shared read=8.103
                                                                                 ->  Custom Scan (DecompressChunk) on _timescaledb_internal._hyper_154_10116_chunk _hyper_154_10116_chunk_6  (cost=2.50..12.50 rows=1000 width=16) (actual time=0.036..0.132 rows=82 loops=27834)
                                                                                       Output: _hyper_154_10116_chunk_6.close, _hyper_154_10116_chunk_6."timestamp"
                                                                                       Vectorized Filter: (_hyper_154_10116_chunk_6."timestamp" >= (now() - '12 years'::interval))
                                                                                       Bulk Decompression: true
                                                                                       Buffers: shared hit=76145 read=1723
                                                                                       I/O Timings: shared read=1627.718
                                                                                       ->  Index Scan using compress_hyper_156_10140_chun_ticker__ts_meta_min_1__ts_met_idx on _timescaledb_internal.compress_hyper_156_10140_chunk compress_hyper_156_10140_chunk_6  (cost=0.28..2.50 rows=1 width=88) (actual time=0.017..0.020 rows=0 loops=27834)
                                                                                             Output: compress_hyper_156_10140_chunk_6._ts_meta_count, compress_hyper_156_10140_chunk_6.ticker, compress_hyper_156_10140_chunk_6.volume, compress_hyper_156_10140_chunk_6.open, compress_hyper_156_10140_chunk_6.close, compress_hyper_156_10140_chunk_6.high, compress_hyper_156_10140_chunk_6.low, compress_hyper_156_10140_chunk_6._ts_meta_min_1, compress_hyper_156_10140_chunk_6._ts_meta_max_1, compress_hyper_156_10140_chunk_6."timestamp", compress_hyper_156_10140_chunk_6.transactions
                                                                                             Index Cond: ((compress_hyper_156_10140_chunk_6.ticker = s.ticker) AND (compress_hyper_156_10140_chunk_6._ts_meta_max_1 >= (now() - '12 years'::interval)))
                                                                                             Buffers: shared hit=58057 read=29
                                                                                             I/O Timings: shared read=55.906
                                                   ->  Limit  (cost=795.50..795.50 rows=1 width=64) (actual time=5.800..5.800 rows=1 loops=27834)
                                                         Output: (((ohlcv_1d_7.close)::numeric / 1000.0)), (abs(EXTRACT(epoch FROM (ohlcv_1d_7."timestamp" - (now() - '5 years'::interval)))))
                                                         Buffers: shared hit=1833917
                                                         ->  Sort  (cost=795.50..837.17 rows=16670 width=64) (actual time=5.787..5.787 rows=1 loops=27834)
                                                               Output: (((ohlcv_1d_7.close)::numeric / 1000.0)), (abs(EXTRACT(epoch FROM (ohlcv_1d_7."timestamp" - (now() - '5 years'::interval)))))
                                                               Sort Key: (abs(EXTRACT(epoch FROM (ohlcv_1d_7."timestamp" - (now() - '5 years'::interval)))))
                                                               Sort Method: top-N heapsort  Memory: 25kB
                                                               Buffers: shared hit=1833917
                                                               ->  Result  (cost=0.42..712.15 rows=16670 width=64) (actual time=0.991..4.647 rows=929 loops=27834)
                                                                     Output: ((ohlcv_1d_7.close)::numeric / 1000.0), abs(EXTRACT(epoch FROM (ohlcv_1d_7."timestamp" - (now() - '5 years'::interval))))
                                                                     Buffers: shared hit=1833917
                                                                     ->  Custom Scan (ChunkAppend) on public.ohlcv_1d ohlcv_1d_7  (cost=0.42..253.72 rows=16670 width=16) (actual time=0.685..1.795 rows=929 loops=27834)
                                                                           Output: ohlcv_1d_7.close, ohlcv_1d_7."timestamp"
                                                                           Startup Exclusion: true
                                                                           Runtime Exclusion: true
                                                                           Chunks excluded during startup: 0
                                                                           Chunks excluded during runtime: 0
                                                                           Buffers: shared hit=1833917
                                                                           ->  Index Only Scan using _hyper_154_10085_chunk_ohlcv_1d_ticker_ts_desc_inc on _timescaledb_internal._hyper_154_10085_chunk _hyper_154_10085_chunk_7  (cost=0.42..6.69 rows=83 width=16) (actual time=0.039..0.042 rows=4 loops=27834)
                                                                                 Output: _hyper_154_10085_chunk_7.close, _hyper_154_10085_chunk_7."timestamp"
                                                                                 Index Cond: ((_hyper_154_10085_chunk_7.ticker = s.ticker) AND (_hyper_154_10085_chunk_7."timestamp" >= (now() - '12 years'::interval)))
                                                                                 Heap Fetches: 2489
                                                                                 Buffers: shared hit=87072
                                                                           ->  Index Only Scan using _hyper_154_10086_chunk_ohlcv_1d_ticker_ts_desc_inc on _timescaledb_internal._hyper_154_10086_chunk _hyper_154_10086_chunk_7  (cost=0.42..6.71 rows=84 width=16) (actual time=0.030..0.033 rows=5 loops=27834)
                                                                                 Output: _hyper_154_10086_chunk_7.close, _hyper_154_10086_chunk_7."timestamp"
                                                                                 Index Cond: ((_hyper_154_10086_chunk_7.ticker = s.ticker) AND (_hyper_154_10086_chunk_7."timestamp" >= (now() - '12 years'::interval)))
                                                                                 Heap Fetches: 2551
                                                                                 Buffers: shared hit=87214
                                                                           ->  Index Only Scan using _hyper_154_10087_chunk_ohlcv_1d_ticker_ts_desc_inc on _timescaledb_internal._hyper_154_10087_chunk _hyper_154_10087_chunk_7  (cost=0.42..6.71 rows=84 width=16) (actual time=0.026..0.030 rows=4 loops=27834)
                                                                                 Output: _hyper_154_10087_chunk_7.close, _hyper_154_10087_chunk_7."timestamp"
                                                                                 Index Cond: ((_hyper_154_10087_chunk_7.ticker = s.ticker) AND (_hyper_154_10087_chunk_7."timestamp" >= (now() - '12 years'::interval)))
                                                                                 Heap Fetches: 2502
                                                                                 Buffers: shared hit=87140
                                                                           ->  Index Only Scan using _hyper_154_10088_chunk_ohlcv_1d_ticker_ts_desc_inc on _timescaledb_internal._hyper_154_10088_chunk _hyper_154_10088_chunk_7  (cost=0.42..6.71 rows=84 width=16) (actual time=0.023..0.027 rows=4 loops=27834)
                                                                                 Output: _hyper_154_10088_chunk_7.close, _hyper_154_10088_chunk_7."timestamp"
                                                                                 Index Cond: ((_hyper_154_10088_chunk_7.ticker = s.ticker) AND (_hyper_154_10088_chunk_7."timestamp" >= (now() - '12 years'::interval)))
                                                                                 Heap Fetches: 2376
                                                                                 Buffers: shared hit=86987
                                                                           ->  Index Only Scan using _hyper_154_10089_chunk_ohlcv_1d_ticker_ts_desc_inc on _timescaledb_internal._hyper_154_10089_chunk _hyper_154_10089_chunk_7  (cost=0.42..6.71 rows=84 width=16) (actual time=0.021..0.025 rows=4 loops=27834)
                                                                                 Output: _hyper_154_10089_chunk_7.close, _hyper_154_10089_chunk_7."timestamp"
                                                                                 Index Cond: ((_hyper_154_10089_chunk_7.ticker = s.ticker) AND (_hyper_154_10089_chunk_7."timestamp" >= (now() - '12 years'::interval)))
                                                                                 Heap Fetches: 2594
                                                                                 Buffers: shared hit=87237
                                                                           ->  Index Only Scan using _hyper_154_10090_chunk_ohlcv_1d_ticker_ts_desc_inc on _timescaledb_internal._hyper_154_10090_chunk _hyper_154_10090_chunk_7  (cost=0.42..6.71 rows=84 width=16) (actual time=0.021..0.027 rows=4 loops=27834)
                                                                                 Output: _hyper_154_10090_chunk_7.close, _hyper_154_10090_chunk_7."timestamp"
                                                                                 Index Cond: ((_hyper_154_10090_chunk_7.ticker = s.ticker) AND (_hyper_154_10090_chunk_7."timestamp" >= (now() - '12 years'::interval)))
                                                                                 Heap Fetches: 2574
                                                                                 Buffers: shared hit=87217
                                                                           ->  Index Only Scan using _hyper_154_10091_chunk_ohlcv_1d_ticker_ts_desc_inc on _timescaledb_internal._hyper_154_10091_chunk _hyper_154_10091_chunk_7  (cost=0.42..6.69 rows=83 width=16) (actual time=0.025..0.030 rows=4 loops=27834)
                                                                                 Output: _hyper_154_10091_chunk_7.close, _hyper_154_10091_chunk_7."timestamp"
                                                                                 Index Cond: ((_hyper_154_10091_chunk_7.ticker = s.ticker) AND (_hyper_154_10091_chunk_7."timestamp" >= (now() - '12 years'::interval)))
                                                                                 Heap Fetches: 2409
                                                                                 Buffers: shared hit=87058
                                                                           ->  Index Only Scan using _hyper_154_10092_chunk_ohlcv_1d_ticker_ts_desc_inc on _timescaledb_internal._hyper_154_10092_chunk _hyper_154_10092_chunk_7  (cost=0.42..6.71 rows=84 width=16) (actual time=0.016..0.019 rows=5 loops=27834)
                                                                                 Output: _hyper_154_10092_chunk_7.close, _hyper_154_10092_chunk_7."timestamp"
                                                                                 Index Cond: ((_hyper_154_10092_chunk_7.ticker = s.ticker) AND (_hyper_154_10092_chunk_7."timestamp" >= (now() - '12 years'::interval)))
                                                                                 Heap Fetches: 2582
                                                                                 Buffers: shared hit=87262
                                                                           ->  Custom Scan (DecompressChunk) on _timescaledb_internal._hyper_154_10101_chunk _hyper_154_10101_chunk_2  (cost=2.50..12.50 rows=1000 width=16) (actual time=0.039..0.046 rows=30 loops=27834)
                                                                                 Output: _hyper_154_10101_chunk_2.close, _hyper_154_10101_chunk_2."timestamp"
                                                                                 Vectorized Filter: (_hyper_154_10101_chunk_2."timestamp" >= (now() - '12 years'::interval))
                                                                                 Rows Removed by Filter: 5
                                                                                 Bulk Decompression: true
                                                                                 Buffers: shared hit=64232
                                                                                 ->  Index Scan using compress_hyper_156_10125_chun_ticker__ts_meta_min_1__ts_met_idx on _timescaledb_internal.compress_hyper_156_10125_chunk compress_hyper_156_10125_chunk_2  (cost=0.28..2.50 rows=1 width=88) (actual time=0.025..0.026 rows=0 loops=27834)
                                                                                       Output: compress_hyper_156_10125_chunk_2._ts_meta_count, compress_hyper_156_10125_chunk_2.ticker, compress_hyper_156_10125_chunk_2.volume, compress_hyper_156_10125_chunk_2.open, compress_hyper_156_10125_chunk_2.close, compress_hyper_156_10125_chunk_2.high, compress_hyper_156_10125_chunk_2.low, compress_hyper_156_10125_chunk_2._ts_meta_min_1, compress_hyper_156_10125_chunk_2._ts_meta_max_1, compress_hyper_156_10125_chunk_2."timestamp", compress_hyper_156_10125_chunk_2.transactions
                                                                                       Index Cond: ((compress_hyper_156_10125_chunk_2.ticker = s.ticker) AND (compress_hyper_156_10125_chunk_2._ts_meta_max_1 >= (now() - '12 years'::interval)))
                                                                                       Buffers: shared hit=56889
                                                                           ->  Custom Scan (DecompressChunk) on _timescaledb_internal._hyper_154_10102_chunk _hyper_154_10102_chunk_2  (cost=2.50..12.50 rows=1000 width=16) (actual time=0.031..0.041 rows=31 loops=27834)
                                                                                 Output: _hyper_154_10102_chunk_2.close, _hyper_154_10102_chunk_2."timestamp"
                                                                                 Vectorized Filter: (_hyper_154_10102_chunk_2."timestamp" >= (now() - '12 years'::interval))
                                                                                 Rows Removed by Filter: 6
                                                                                 Bulk Decompression: true
                                                                                 Buffers: shared hit=64583
                                                                                 ->  Index Scan using compress_hyper_156_10126_chun_ticker__ts_meta_min_1__ts_met_idx on _timescaledb_internal.compress_hyper_156_10126_chunk compress_hyper_156_10126_chunk_2  (cost=0.28..2.50 rows=1 width=88) (actual time=0.020..0.021 rows=0 loops=27834)
                                                                                       Output: compress_hyper_156_10126_chunk_2._ts_meta_count, compress_hyper_156_10126_chunk_2.ticker, compress_hyper_156_10126_chunk_2.volume, compress_hyper_156_10126_chunk_2.open, compress_hyper_156_10126_chunk_2.close, compress_hyper_156_10126_chunk_2.high, compress_hyper_156_10126_chunk_2.low, compress_hyper_156_10126_chunk_2._ts_meta_min_1, compress_hyper_156_10126_chunk_2._ts_meta_max_1, compress_hyper_156_10126_chunk_2."timestamp", compress_hyper_156_10126_chunk_2.transactions
                                                                                       Index Cond: ((compress_hyper_156_10126_chunk_2.ticker = s.ticker) AND (compress_hyper_156_10126_chunk_2._ts_meta_max_1 >= (now() - '12 years'::interval)))
                                                                                       Buffers: shared hit=56941
                                                                           ->  Custom Scan (DecompressChunk) on _timescaledb_internal._hyper_154_10103_chunk _hyper_154_10103_chunk_2  (cost=2.50..12.50 rows=1000 width=16) (actual time=0.024..0.031 rows=31 loops=27834)
                                                                                 Output: _hyper_154_10103_chunk_2.close, _hyper_154_10103_chunk_2."timestamp"
                                                                                 Vectorized Filter: (_hyper_154_10103_chunk_2."timestamp" >= (now() - '12 years'::interval))
                                                                                 Rows Removed by Filter: 6
                                                                                 Bulk Decompression: true
                                                                                 Buffers: shared hit=64622
                                                                                 ->  Index Scan using compress_hyper_156_10127_chun_ticker__ts_meta_min_1__ts_met_idx on _timescaledb_internal.compress_hyper_156_10127_chunk compress_hyper_156_10127_chunk_2  (cost=0.28..2.50 rows=1 width=88) (actual time=0.014..0.015 rows=0 loops=27834)
                                                                                       Output: compress_hyper_156_10127_chunk_2._ts_meta_count, compress_hyper_156_10127_chunk_2.ticker, compress_hyper_156_10127_chunk_2.volume, compress_hyper_156_10127_chunk_2.open, compress_hyper_156_10127_chunk_2.close, compress_hyper_156_10127_chunk_2.high, compress_hyper_156_10127_chunk_2.low, compress_hyper_156_10127_chunk_2._ts_meta_min_1, compress_hyper_156_10127_chunk_2._ts_meta_max_1, compress_hyper_156_10127_chunk_2."timestamp", compress_hyper_156_10127_chunk_2.transactions
                                                                                       Index Cond: ((compress_hyper_156_10127_chunk_2.ticker = s.ticker) AND (compress_hyper_156_10127_chunk_2._ts_meta_max_1 >= (now() - '12 years'::interval)))
                                                                                       Buffers: shared hit=56939
                                                                           ->  Custom Scan (DecompressChunk) on _timescaledb_internal._hyper_154_10104_chunk _hyper_154_10104_chunk_2  (cost=2.50..12.50 rows=1000 width=16) (actual time=0.031..0.038 rows=30 loops=27834)
                                                                                 Output: _hyper_154_10104_chunk_2.close, _hyper_154_10104_chunk_2."timestamp"
                                                                                 Vectorized Filter: (_hyper_154_10104_chunk_2."timestamp" >= (now() - '12 years'::interval))
                                                                                 Rows Removed by Filter: 6
                                                                                 Bulk Decompression: true
                                                                                 Buffers: shared hit=64350
                                                                                 ->  Index Scan using compress_hyper_156_10128_chun_ticker__ts_meta_min_1__ts_met_idx on _timescaledb_internal.compress_hyper_156_10128_chunk compress_hyper_156_10128_chunk_2  (cost=0.28..2.50 rows=1 width=88) (actual time=0.017..0.017 rows=0 loops=27834)
                                                                                       Output: compress_hyper_156_10128_chunk_2._ts_meta_count, compress_hyper_156_10128_chunk_2.ticker, compress_hyper_156_10128_chunk_2.volume, compress_hyper_156_10128_chunk_2.open, compress_hyper_156_10128_chunk_2.close, compress_hyper_156_10128_chunk_2.high, compress_hyper_156_10128_chunk_2.low, compress_hyper_156_10128_chunk_2._ts_meta_min_1, compress_hyper_156_10128_chunk_2._ts_meta_max_1, compress_hyper_156_10128_chunk_2."timestamp", compress_hyper_156_10128_chunk_2.transactions
                                                                                       Index Cond: ((compress_hyper_156_10128_chunk_2.ticker = s.ticker) AND (compress_hyper_156_10128_chunk_2._ts_meta_max_1 >= (now() - '12 years'::interval)))
                                                                                       Buffers: shared hit=56906
                                                                           ->  Custom Scan (DecompressChunk) on _timescaledb_internal._hyper_154_10105_chunk _hyper_154_10105_chunk_2  (cost=2.50..12.50 rows=1000 width=16) (actual time=0.030..0.037 rows=30 loops=27834)
                                                                                 Output: _hyper_154_10105_chunk_2.close, _hyper_154_10105_chunk_2."timestamp"
                                                                                 Vectorized Filter: (_hyper_154_10105_chunk_2."timestamp" >= (now() - '12 years'::interval))
                                                                                 Rows Removed by Filter: 6
                                                                                 Bulk Decompression: true
                                                                                 Buffers: shared hit=64204
                                                                                 ->  Index Scan using compress_hyper_156_10129_chun_ticker__ts_meta_min_1__ts_met_idx on _timescaledb_internal.compress_hyper_156_10129_chunk compress_hyper_156_10129_chunk_2  (cost=0.28..2.50 rows=1 width=88) (actual time=0.019..0.019 rows=0 loops=27834)
                                                                                       Output: compress_hyper_156_10129_chunk_2._ts_meta_count, compress_hyper_156_10129_chunk_2.ticker, compress_hyper_156_10129_chunk_2.volume, compress_hyper_156_10129_chunk_2.open, compress_hyper_156_10129_chunk_2.close, compress_hyper_156_10129_chunk_2.high, compress_hyper_156_10129_chunk_2.low, compress_hyper_156_10129_chunk_2._ts_meta_min_1, compress_hyper_156_10129_chunk_2._ts_meta_max_1, compress_hyper_156_10129_chunk_2."timestamp", compress_hyper_156_10129_chunk_2.transactions
                                                                                       Index Cond: ((compress_hyper_156_10129_chunk_2.ticker = s.ticker) AND (compress_hyper_156_10129_chunk_2._ts_meta_max_1 >= (now() - '12 years'::interval)))
                                                                                       Buffers: shared hit=56884
                                                                           ->  Custom Scan (DecompressChunk) on _timescaledb_internal._hyper_154_10106_chunk _hyper_154_10106_chunk_2  (cost=2.50..12.50 rows=1000 width=16) (actual time=0.028..0.041 rows=31 loops=27834)
                                                                                 Output: _hyper_154_10106_chunk_2.close, _hyper_154_10106_chunk_2."timestamp"
                                                                                 Vectorized Filter: (_hyper_154_10106_chunk_2."timestamp" >= (now() - '12 years'::interval))
                                                                                 Rows Removed by Filter: 6
                                                                                 Bulk Decompression: true
                                                                                 Buffers: shared hit=64428
                                                                                 ->  Index Scan using compress_hyper_156_10130_chun_ticker__ts_meta_min_1__ts_met_idx on _timescaledb_internal.compress_hyper_156_10130_chunk compress_hyper_156_10130_chunk_2  (cost=0.28..2.50 rows=1 width=88) (actual time=0.019..0.021 rows=0 loops=27834)
                                                                                       Output: compress_hyper_156_10130_chunk_2._ts_meta_count, compress_hyper_156_10130_chunk_2.ticker, compress_hyper_156_10130_chunk_2.volume, compress_hyper_156_10130_chunk_2.open, compress_hyper_156_10130_chunk_2.close, compress_hyper_156_10130_chunk_2.high, compress_hyper_156_10130_chunk_2.low, compress_hyper_156_10130_chunk_2._ts_meta_min_1, compress_hyper_156_10130_chunk_2._ts_meta_max_1, compress_hyper_156_10130_chunk_2."timestamp", compress_hyper_156_10130_chunk_2.transactions
                                                                                       Index Cond: ((compress_hyper_156_10130_chunk_2.ticker = s.ticker) AND (compress_hyper_156_10130_chunk_2._ts_meta_max_1 >= (now() - '12 years'::interval)))
                                                                                       Buffers: shared hit=56915
                                                                           ->  Custom Scan (DecompressChunk) on _timescaledb_internal._hyper_154_10107_chunk _hyper_154_10107_chunk_2  (cost=2.50..12.50 rows=1000 width=16) (actual time=0.024..0.033 rows=31 loops=27834)
                                                                                 Output: _hyper_154_10107_chunk_2.close, _hyper_154_10107_chunk_2."timestamp"
                                                                                 Vectorized Filter: (_hyper_154_10107_chunk_2."timestamp" >= (now() - '12 years'::interval))
                                                                                 Rows Removed by Filter: 6
                                                                                 Bulk Decompression: true
                                                                                 Buffers: shared hit=64411
                                                                                 ->  Index Scan using compress_hyper_156_10131_chun_ticker__ts_meta_min_1__ts_met_idx on _timescaledb_internal.compress_hyper_156_10131_chunk compress_hyper_156_10131_chunk_2  (cost=0.28..2.50 rows=1 width=88) (actual time=0.016..0.016 rows=0 loops=27834)
                                                                                       Output: compress_hyper_156_10131_chunk_2._ts_meta_count, compress_hyper_156_10131_chunk_2.ticker, compress_hyper_156_10131_chunk_2.volume, compress_hyper_156_10131_chunk_2.open, compress_hyper_156_10131_chunk_2.close, compress_hyper_156_10131_chunk_2.high, compress_hyper_156_10131_chunk_2.low, compress_hyper_156_10131_chunk_2._ts_meta_min_1, compress_hyper_156_10131_chunk_2._ts_meta_max_1, compress_hyper_156_10131_chunk_2."timestamp", compress_hyper_156_10131_chunk_2.transactions
                                                                                       Index Cond: ((compress_hyper_156_10131_chunk_2.ticker = s.ticker) AND (compress_hyper_156_10131_chunk_2._ts_meta_max_1 >= (now() - '12 years'::interval)))
                                                                                       Buffers: shared hit=56920
                                                                           ->  Custom Scan (DecompressChunk) on _timescaledb_internal._hyper_154_10108_chunk _hyper_154_10108_chunk_2  (cost=2.50..12.50 rows=1000 width=16) (actual time=0.033..0.040 rows=31 loops=27834)
                                                                                 Output: _hyper_154_10108_chunk_2.close, _hyper_154_10108_chunk_2."timestamp"
                                                                                 Vectorized Filter: (_hyper_154_10108_chunk_2."timestamp" >= (now() - '12 years'::interval))
                                                                                 Rows Removed by Filter: 6
                                                                                 Bulk Decompression: true
                                                                                 Buffers: shared hit=64620
                                                                                 ->  Index Scan using compress_hyper_156_10132_chun_ticker__ts_meta_min_1__ts_met_idx on _timescaledb_internal.compress_hyper_156_10132_chunk compress_hyper_156_10132_chunk_2  (cost=0.28..2.50 rows=1 width=88) (actual time=0.022..0.022 rows=0 loops=27834)
                                                                                       Output: compress_hyper_156_10132_chunk_2._ts_meta_count, compress_hyper_156_10132_chunk_2.ticker, compress_hyper_156_10132_chunk_2.volume, compress_hyper_156_10132_chunk_2.open, compress_hyper_156_10132_chunk_2.close, compress_hyper_156_10132_chunk_2.high, compress_hyper_156_10132_chunk_2.low, compress_hyper_156_10132_chunk_2._ts_meta_min_1, compress_hyper_156_10132_chunk_2._ts_meta_max_1, compress_hyper_156_10132_chunk_2."timestamp", compress_hyper_156_10132_chunk_2.transactions
                                                                                       Index Cond: ((compress_hyper_156_10132_chunk_2.ticker = s.ticker) AND (compress_hyper_156_10132_chunk_2._ts_meta_max_1 >= (now() - '12 years'::interval)))
                                                                                       Buffers: shared hit=56925
                                                                           ->  Custom Scan (DecompressChunk) on _timescaledb_internal._hyper_154_10109_chunk _hyper_154_10109_chunk_7  (cost=2.50..12.50 rows=1000 width=16) (actual time=0.038..0.075 rows=79 loops=27834)
                                                                                 Output: _hyper_154_10109_chunk_7.close, _hyper_154_10109_chunk_7."timestamp"
                                                                                 Vectorized Filter: (_hyper_154_10109_chunk_7."timestamp" >= (now() - '12 years'::interval))
                                                                                 Bulk Decompression: true
                                                                                 Buffers: shared hit=77071
                                                                                 ->  Index Scan using compress_hyper_156_10133_chun_ticker__ts_meta_min_1__ts_met_idx on _timescaledb_internal.compress_hyper_156_10133_chunk compress_hyper_156_10133_chunk_7  (cost=0.28..2.50 rows=1 width=88) (actual time=0.015..0.016 rows=0 loops=27834)
                                                                                       Output: compress_hyper_156_10133_chunk_7._ts_meta_count, compress_hyper_156_10133_chunk_7.ticker, compress_hyper_156_10133_chunk_7.volume, compress_hyper_156_10133_chunk_7.open, compress_hyper_156_10133_chunk_7.close, compress_hyper_156_10133_chunk_7.high, compress_hyper_156_10133_chunk_7.low, compress_hyper_156_10133_chunk_7._ts_meta_min_1, compress_hyper_156_10133_chunk_7._ts_meta_max_1, compress_hyper_156_10133_chunk_7."timestamp", compress_hyper_156_10133_chunk_7.transactions
                                                                                       Index Cond: ((compress_hyper_156_10133_chunk_7.ticker = s.ticker) AND (compress_hyper_156_10133_chunk_7._ts_meta_max_1 >= (now() - '12 years'::interval)))
                                                                                       Buffers: shared hit=58007
                                                                           ->  Custom Scan (DecompressChunk) on _timescaledb_internal._hyper_154_10110_chunk _hyper_154_10110_chunk_7  (cost=2.50..12.50 rows=1000 width=16) (actual time=0.037..0.078 rows=83 loops=27834)
                                                                                 Output: _hyper_154_10110_chunk_7.close, _hyper_154_10110_chunk_7."timestamp"
                                                                                 Vectorized Filter: (_hyper_154_10110_chunk_7."timestamp" >= (now() - '12 years'::interval))
                                                                                 Bulk Decompression: true
                                                                                 Buffers: shared hit=77942
                                                                                 ->  Index Scan using compress_hyper_156_10134_chun_ticker__ts_meta_min_1__ts_met_idx on _timescaledb_internal.compress_hyper_156_10134_chunk compress_hyper_156_10134_chunk_7  (cost=0.28..2.50 rows=1 width=88) (actual time=0.018..0.021 rows=0 loops=27834)
                                                                                       Output: compress_hyper_156_10134_chunk_7._ts_meta_count, compress_hyper_156_10134_chunk_7.ticker, compress_hyper_156_10134_chunk_7.volume, compress_hyper_156_10134_chunk_7.open, compress_hyper_156_10134_chunk_7.close, compress_hyper_156_10134_chunk_7.high, compress_hyper_156_10134_chunk_7.low, compress_hyper_156_10134_chunk_7._ts_meta_min_1, compress_hyper_156_10134_chunk_7._ts_meta_max_1, compress_hyper_156_10134_chunk_7."timestamp", compress_hyper_156_10134_chunk_7.transactions
                                                                                       Index Cond: ((compress_hyper_156_10134_chunk_7.ticker = s.ticker) AND (compress_hyper_156_10134_chunk_7._ts_meta_max_1 >= (now() - '12 years'::interval)))
                                                                                       Buffers: shared hit=58102
                                                                           ->  Custom Scan (DecompressChunk) on _timescaledb_internal._hyper_154_10111_chunk _hyper_154_10111_chunk_7  (cost=2.50..12.50 rows=1000 width=16) (actual time=0.033..0.064 rows=81 loops=27834)
                                                                                 Output: _hyper_154_10111_chunk_7.close, _hyper_154_10111_chunk_7."timestamp"
                                                                                 Vectorized Filter: (_hyper_154_10111_chunk_7."timestamp" >= (now() - '12 years'::interval))
                                                                                 Bulk Decompression: true
                                                                                 Buffers: shared hit=77807
                                                                                 ->  Index Scan using compress_hyper_156_10135_chun_ticker__ts_meta_min_1__ts_met_idx on _timescaledb_internal.compress_hyper_156_10135_chunk compress_hyper_156_10135_chunk_7  (cost=0.28..2.50 rows=1 width=88) (actual time=0.012..0.013 rows=0 loops=27834)
                                                                                       Output: compress_hyper_156_10135_chunk_7._ts_meta_count, compress_hyper_156_10135_chunk_7.ticker, compress_hyper_156_10135_chunk_7.volume, compress_hyper_156_10135_chunk_7.open, compress_hyper_156_10135_chunk_7.close, compress_hyper_156_10135_chunk_7.high, compress_hyper_156_10135_chunk_7.low, compress_hyper_156_10135_chunk_7._ts_meta_min_1, compress_hyper_156_10135_chunk_7._ts_meta_max_1, compress_hyper_156_10135_chunk_7."timestamp", compress_hyper_156_10135_chunk_7.transactions
                                                                                       Index Cond: ((compress_hyper_156_10135_chunk_7.ticker = s.ticker) AND (compress_hyper_156_10135_chunk_7._ts_meta_max_1 >= (now() - '12 years'::interval)))
                                                                                       Buffers: shared hit=58096
                                                                           ->  Custom Scan (DecompressChunk) on _timescaledb_internal._hyper_154_10112_chunk _hyper_154_10112_chunk_7  (cost=2.50..12.50 rows=1000 width=16) (actual time=0.034..0.066 rows=81 loops=27834)
                                                                                 Output: _hyper_154_10112_chunk_7.close, _hyper_154_10112_chunk_7."timestamp"
                                                                                 Vectorized Filter: (_hyper_154_10112_chunk_7."timestamp" >= (now() - '12 years'::interval))
                                                                                 Bulk Decompression: true
                                                                                 Buffers: shared hit=77392
                                                                                 ->  Index Scan using compress_hyper_156_10136_chun_ticker__ts_meta_min_1__ts_met_idx on _timescaledb_internal.compress_hyper_156_10136_chunk compress_hyper_156_10136_chunk_7  (cost=0.28..2.50 rows=1 width=88) (actual time=0.015..0.016 rows=0 loops=27834)
                                                                                       Output: compress_hyper_156_10136_chunk_7._ts_meta_count, compress_hyper_156_10136_chunk_7.ticker, compress_hyper_156_10136_chunk_7.volume, compress_hyper_156_10136_chunk_7.open, compress_hyper_156_10136_chunk_7.close, compress_hyper_156_10136_chunk_7.high, compress_hyper_156_10136_chunk_7.low, compress_hyper_156_10136_chunk_7._ts_meta_min_1, compress_hyper_156_10136_chunk_7._ts_meta_max_1, compress_hyper_156_10136_chunk_7."timestamp", compress_hyper_156_10136_chunk_7.transactions
                                                                                       Index Cond: ((compress_hyper_156_10136_chunk_7.ticker = s.ticker) AND (compress_hyper_156_10136_chunk_7._ts_meta_max_1 >= (now() - '12 years'::interval)))
                                                                                       Buffers: shared hit=58071
                                                                           ->  Custom Scan (DecompressChunk) on _timescaledb_internal._hyper_154_10113_chunk _hyper_154_10113_chunk_7  (cost=2.50..12.50 rows=1000 width=16) (actual time=0.033..0.064 rows=81 loops=27834)
                                                                                 Output: _hyper_154_10113_chunk_7.close, _hyper_154_10113_chunk_7."timestamp"
                                                                                 Vectorized Filter: (_hyper_154_10113_chunk_7."timestamp" >= (now() - '12 years'::interval))
                                                                                 Bulk Decompression: true
                                                                                 Buffers: shared hit=77301
                                                                                 ->  Index Scan using compress_hyper_156_10137_chun_ticker__ts_meta_min_1__ts_met_idx on _timescaledb_internal.compress_hyper_156_10137_chunk compress_hyper_156_10137_chunk_7  (cost=0.28..2.50 rows=1 width=88) (actual time=0.014..0.015 rows=0 loops=27834)
                                                                                       Output: compress_hyper_156_10137_chunk_7._ts_meta_count, compress_hyper_156_10137_chunk_7.ticker, compress_hyper_156_10137_chunk_7.volume, compress_hyper_156_10137_chunk_7.open, compress_hyper_156_10137_chunk_7.close, compress_hyper_156_10137_chunk_7.high, compress_hyper_156_10137_chunk_7.low, compress_hyper_156_10137_chunk_7._ts_meta_min_1, compress_hyper_156_10137_chunk_7._ts_meta_max_1, compress_hyper_156_10137_chunk_7."timestamp", compress_hyper_156_10137_chunk_7.transactions
                                                                                       Index Cond: ((compress_hyper_156_10137_chunk_7.ticker = s.ticker) AND (compress_hyper_156_10137_chunk_7._ts_meta_max_1 >= (now() - '12 years'::interval)))
                                                                                       Buffers: shared hit=58019
                                                                           ->  Custom Scan (DecompressChunk) on _timescaledb_internal._hyper_154_10114_chunk _hyper_154_10114_chunk_7  (cost=2.50..12.50 rows=1000 width=16) (actual time=0.031..0.073 rows=79 loops=27834)
                                                                                 Output: _hyper_154_10114_chunk_7.close, _hyper_154_10114_chunk_7."timestamp"
                                                                                 Vectorized Filter: (_hyper_154_10114_chunk_7."timestamp" >= (now() - '12 years'::interval))
                                                                                 Bulk Decompression: true
                                                                                 Buffers: shared hit=77510
                                                                                 ->  Index Scan using compress_hyper_156_10138_chun_ticker__ts_meta_min_1__ts_met_idx on _timescaledb_internal.compress_hyper_156_10138_chunk compress_hyper_156_10138_chunk_7  (cost=0.28..2.50 rows=1 width=89) (actual time=0.012..0.016 rows=0 loops=27834)
                                                                                       Output: compress_hyper_156_10138_chunk_7._ts_meta_count, compress_hyper_156_10138_chunk_7.ticker, compress_hyper_156_10138_chunk_7.volume, compress_hyper_156_10138_chunk_7.open, compress_hyper_156_10138_chunk_7.close, compress_hyper_156_10138_chunk_7.high, compress_hyper_156_10138_chunk_7.low, compress_hyper_156_10138_chunk_7._ts_meta_min_1, compress_hyper_156_10138_chunk_7._ts_meta_max_1, compress_hyper_156_10138_chunk_7."timestamp", compress_hyper_156_10138_chunk_7.transactions
                                                                                       Index Cond: ((compress_hyper_156_10138_chunk_7.ticker = s.ticker) AND (compress_hyper_156_10138_chunk_7._ts_meta_max_1 >= (now() - '12 years'::interval)))
                                                                                       Buffers: shared hit=58072
                                                                           ->  Custom Scan (DecompressChunk) on _timescaledb_internal._hyper_154_10115_chunk _hyper_154_10115_chunk_7  (cost=2.50..12.50 rows=1000 width=16) (actual time=0.044..0.081 rows=83 loops=27834)
                                                                                 Output: _hyper_154_10115_chunk_7.close, _hyper_154_10115_chunk_7."timestamp"
                                                                                 Vectorized Filter: (_hyper_154_10115_chunk_7."timestamp" >= (now() - '12 years'::interval))
                                                                                 Bulk Decompression: true
                                                                                 Buffers: shared hit=78389
                                                                                 ->  Index Scan using compress_hyper_156_10139_chun_ticker__ts_meta_min_1__ts_met_idx on _timescaledb_internal.compress_hyper_156_10139_chunk compress_hyper_156_10139_chunk_7  (cost=0.28..2.50 rows=1 width=88) (actual time=0.019..0.021 rows=0 loops=27834)
                                                                                       Output: compress_hyper_156_10139_chunk_7._ts_meta_count, compress_hyper_156_10139_chunk_7.ticker, compress_hyper_156_10139_chunk_7.volume, compress_hyper_156_10139_chunk_7.open, compress_hyper_156_10139_chunk_7.close, compress_hyper_156_10139_chunk_7.high, compress_hyper_156_10139_chunk_7.low, compress_hyper_156_10139_chunk_7._ts_meta_min_1, compress_hyper_156_10139_chunk_7._ts_meta_max_1, compress_hyper_156_10139_chunk_7."timestamp", compress_hyper_156_10139_chunk_7.transactions
                                                                                       Index Cond: ((compress_hyper_156_10139_chunk_7.ticker = s.ticker) AND (compress_hyper_156_10139_chunk_7._ts_meta_max_1 >= (now() - '12 years'::interval)))
                                                                                       Buffers: shared hit=58167
                                                                           ->  Custom Scan (DecompressChunk) on _timescaledb_internal._hyper_154_10116_chunk _hyper_154_10116_chunk_7  (cost=2.50..12.50 rows=1000 width=16) (actual time=0.032..0.060 rows=82 loops=27834)
                                                                                 Output: _hyper_154_10116_chunk_7.close, _hyper_154_10116_chunk_7."timestamp"
                                                                                 Vectorized Filter: (_hyper_154_10116_chunk_7."timestamp" >= (now() - '12 years'::interval))
                                                                                 Bulk Decompression: true
                                                                                 Buffers: shared hit=77868
                                                                                 ->  Index Scan using compress_hyper_156_10140_chun_ticker__ts_meta_min_1__ts_met_idx on _timescaledb_internal.compress_hyper_156_10140_chunk compress_hyper_156_10140_chunk_7  (cost=0.28..2.50 rows=1 width=88) (actual time=0.016..0.017 rows=0 loops=27834)
                                                                                       Output: compress_hyper_156_10140_chunk_7._ts_meta_count, compress_hyper_156_10140_chunk_7.ticker, compress_hyper_156_10140_chunk_7.volume, compress_hyper_156_10140_chunk_7.open, compress_hyper_156_10140_chunk_7.close, compress_hyper_156_10140_chunk_7.high, compress_hyper_156_10140_chunk_7.low, compress_hyper_156_10140_chunk_7._ts_meta_min_1, compress_hyper_156_10140_chunk_7._ts_meta_max_1, compress_hyper_156_10140_chunk_7."timestamp", compress_hyper_156_10140_chunk_7.transactions
                                                                                       Index Cond: ((compress_hyper_156_10140_chunk_7.ticker = s.ticker) AND (compress_hyper_156_10140_chunk_7._ts_meta_max_1 >= (now() - '12 years'::interval)))
                                                                                       Buffers: shared hit=58086
                                             ->  Limit  (cost=795.50..795.50 rows=1 width=64) (actual time=5.747..5.747 rows=1 loops=27834)
                                                   Output: (((ohlcv_1d_8.close)::numeric / 1000.0)), (abs(EXTRACT(epoch FROM (ohlcv_1d_8."timestamp" - (now() - '10 years'::interval)))))
                                                   Buffers: shared hit=1833917
                                                   ->  Sort  (cost=795.50..837.17 rows=16670 width=64) (actual time=5.735..5.735 rows=1 loops=27834)
                                                         Output: (((ohlcv_1d_8.close)::numeric / 1000.0)), (abs(EXTRACT(epoch FROM (ohlcv_1d_8."timestamp" - (now() - '10 years'::interval)))))
                                                         Sort Key: (abs(EXTRACT(epoch FROM (ohlcv_1d_8."timestamp" - (now() - '10 years'::interval)))))
                                                         Sort Method: top-N heapsort  Memory: 25kB
                                                         Buffers: shared hit=1833917
                                                         ->  Result  (cost=0.42..712.15 rows=16670 width=64) (actual time=0.998..4.591 rows=929 loops=27834)
                                                               Output: ((ohlcv_1d_8.close)::numeric / 1000.0), abs(EXTRACT(epoch FROM (ohlcv_1d_8."timestamp" - (now() - '10 years'::interval))))
                                                               Buffers: shared hit=1833917
                                                               ->  Custom Scan (ChunkAppend) on public.ohlcv_1d ohlcv_1d_8  (cost=0.42..253.72 rows=16670 width=16) (actual time=0.684..1.834 rows=929 loops=27834)
                                                                     Output: ohlcv_1d_8.close, ohlcv_1d_8."timestamp"
                                                                     Startup Exclusion: true
                                                                     Runtime Exclusion: true
                                                                     Chunks excluded during startup: 0
                                                                     Chunks excluded during runtime: 0
                                                                     Buffers: shared hit=1833917
                                                                     ->  Index Only Scan using _hyper_154_10085_chunk_ohlcv_1d_ticker_ts_desc_inc on _timescaledb_internal._hyper_154_10085_chunk _hyper_154_10085_chunk_8  (cost=0.42..6.69 rows=83 width=16) (actual time=0.035..0.038 rows=4 loops=27834)
                                                                           Output: _hyper_154_10085_chunk_8.close, _hyper_154_10085_chunk_8."timestamp"
                                                                           Index Cond: ((_hyper_154_10085_chunk_8.ticker = s.ticker) AND (_hyper_154_10085_chunk_8."timestamp" >= (now() - '12 years'::interval)))
                                                                           Heap Fetches: 2489
                                                                           Buffers: shared hit=87072
                                                                     ->  Index Only Scan using _hyper_154_10086_chunk_ohlcv_1d_ticker_ts_desc_inc on _timescaledb_internal._hyper_154_10086_chunk _hyper_154_10086_chunk_8  (cost=0.42..6.71 rows=84 width=16) (actual time=0.034..0.039 rows=5 loops=27834)
                                                                           Output: _hyper_154_10086_chunk_8.close, _hyper_154_10086_chunk_8."timestamp"
                                                                           Index Cond: ((_hyper_154_10086_chunk_8.ticker = s.ticker) AND (_hyper_154_10086_chunk_8."timestamp" >= (now() - '12 years'::interval)))
                                                                           Heap Fetches: 2551
                                                                           Buffers: shared hit=87214
                                                                     ->  Index Only Scan using _hyper_154_10087_chunk_ohlcv_1d_ticker_ts_desc_inc on _timescaledb_internal._hyper_154_10087_chunk _hyper_154_10087_chunk_8  (cost=0.42..6.71 rows=84 width=16) (actual time=0.025..0.033 rows=4 loops=27834)
                                                                           Output: _hyper_154_10087_chunk_8.close, _hyper_154_10087_chunk_8."timestamp"
                                                                           Index Cond: ((_hyper_154_10087_chunk_8.ticker = s.ticker) AND (_hyper_154_10087_chunk_8."timestamp" >= (now() - '12 years'::interval)))
                                                                           Heap Fetches: 2502
                                                                           Buffers: shared hit=87140
                                                                     ->  Index Only Scan using _hyper_154_10088_chunk_ohlcv_1d_ticker_ts_desc_inc on _timescaledb_internal._hyper_154_10088_chunk _hyper_154_10088_chunk_8  (cost=0.42..6.71 rows=84 width=16) (actual time=0.023..0.029 rows=4 loops=27834)
                                                                           Output: _hyper_154_10088_chunk_8.close, _hyper_154_10088_chunk_8."timestamp"
                                                                           Index Cond: ((_hyper_154_10088_chunk_8.ticker = s.ticker) AND (_hyper_154_10088_chunk_8."timestamp" >= (now() - '12 years'::interval)))
                                                                           Heap Fetches: 2376
                                                                           Buffers: shared hit=86987
                                                                     ->  Index Only Scan using _hyper_154_10089_chunk_ohlcv_1d_ticker_ts_desc_inc on _timescaledb_internal._hyper_154_10089_chunk _hyper_154_10089_chunk_8  (cost=0.42..6.71 rows=84 width=16) (actual time=0.024..0.031 rows=4 loops=27834)
                                                                           Output: _hyper_154_10089_chunk_8.close, _hyper_154_10089_chunk_8."timestamp"
                                                                           Index Cond: ((_hyper_154_10089_chunk_8.ticker = s.ticker) AND (_hyper_154_10089_chunk_8."timestamp" >= (now() - '12 years'::interval)))
                                                                           Heap Fetches: 2594
                                                                           Buffers: shared hit=87237
                                                                     ->  Index Only Scan using _hyper_154_10090_chunk_ohlcv_1d_ticker_ts_desc_inc on _timescaledb_internal._hyper_154_10090_chunk _hyper_154_10090_chunk_8  (cost=0.42..6.71 rows=84 width=16) (actual time=0.023..0.026 rows=4 loops=27834)
                                                                           Output: _hyper_154_10090_chunk_8.close, _hyper_154_10090_chunk_8."timestamp"
                                                                           Index Cond: ((_hyper_154_10090_chunk_8.ticker = s.ticker) AND (_hyper_154_10090_chunk_8."timestamp" >= (now() - '12 years'::interval)))
                                                                           Heap Fetches: 2574
                                                                           Buffers: shared hit=87217
                                                                     ->  Index Only Scan using _hyper_154_10091_chunk_ohlcv_1d_ticker_ts_desc_inc on _timescaledb_internal._hyper_154_10091_chunk _hyper_154_10091_chunk_8  (cost=0.42..6.69 rows=83 width=16) (actual time=0.026..0.029 rows=4 loops=27834)
                                                                           Output: _hyper_154_10091_chunk_8.close, _hyper_154_10091_chunk_8."timestamp"
                                                                           Index Cond: ((_hyper_154_10091_chunk_8.ticker = s.ticker) AND (_hyper_154_10091_chunk_8."timestamp" >= (now() - '12 years'::interval)))
                                                                           Heap Fetches: 2409
                                                                           Buffers: shared hit=87058
                                                                     ->  Index Only Scan using _hyper_154_10092_chunk_ohlcv_1d_ticker_ts_desc_inc on _timescaledb_internal._hyper_154_10092_chunk _hyper_154_10092_chunk_8  (cost=0.42..6.71 rows=84 width=16) (actual time=0.017..0.019 rows=5 loops=27834)
                                                                           Output: _hyper_154_10092_chunk_8.close, _hyper_154_10092_chunk_8."timestamp"
                                                                           Index Cond: ((_hyper_154_10092_chunk_8.ticker = s.ticker) AND (_hyper_154_10092_chunk_8."timestamp" >= (now() - '12 years'::interval)))
                                                                           Heap Fetches: 2582
                                                                           Buffers: shared hit=87262
                                                                     ->  Custom Scan (DecompressChunk) on _timescaledb_internal._hyper_154_10101_chunk _hyper_154_10101_chunk_3  (cost=2.50..12.50 rows=1000 width=16) (actual time=0.030..0.036 rows=30 loops=27834)
                                                                           Output: _hyper_154_10101_chunk_3.close, _hyper_154_10101_chunk_3."timestamp"
                                                                           Vectorized Filter: (_hyper_154_10101_chunk_3."timestamp" >= (now() - '12 years'::interval))
                                                                           Rows Removed by Filter: 5
                                                                           Bulk Decompression: true
                                                                           Buffers: shared hit=64232
                                                                           ->  Index Scan using compress_hyper_156_10125_chun_ticker__ts_meta_min_1__ts_met_idx on _timescaledb_internal.compress_hyper_156_10125_chunk compress_hyper_156_10125_chunk_3  (cost=0.28..2.50 rows=1 width=88) (actual time=0.019..0.020 rows=0 loops=27834)
                                                                                 Output: compress_hyper_156_10125_chunk_3._ts_meta_count, compress_hyper_156_10125_chunk_3.ticker, compress_hyper_156_10125_chunk_3.volume, compress_hyper_156_10125_chunk_3.open, compress_hyper_156_10125_chunk_3.close, compress_hyper_156_10125_chunk_3.high, compress_hyper_156_10125_chunk_3.low, compress_hyper_156_10125_chunk_3._ts_meta_min_1, compress_hyper_156_10125_chunk_3._ts_meta_max_1, compress_hyper_156_10125_chunk_3."timestamp", compress_hyper_156_10125_chunk_3.transactions
                                                                                 Index Cond: ((compress_hyper_156_10125_chunk_3.ticker = s.ticker) AND (compress_hyper_156_10125_chunk_3._ts_meta_max_1 >= (now() - '12 years'::interval)))
                                                                                 Buffers: shared hit=56889
                                                                     ->  Custom Scan (DecompressChunk) on _timescaledb_internal._hyper_154_10102_chunk _hyper_154_10102_chunk_3  (cost=2.50..12.50 rows=1000 width=16) (actual time=0.028..0.042 rows=31 loops=27834)
                                                                           Output: _hyper_154_10102_chunk_3.close, _hyper_154_10102_chunk_3."timestamp"
                                                                           Vectorized Filter: (_hyper_154_10102_chunk_3."timestamp" >= (now() - '12 years'::interval))
                                                                           Rows Removed by Filter: 6
                                                                           Bulk Decompression: true
                                                                           Buffers: shared hit=64583
                                                                           ->  Index Scan using compress_hyper_156_10126_chun_ticker__ts_meta_min_1__ts_met_idx on _timescaledb_internal.compress_hyper_156_10126_chunk compress_hyper_156_10126_chunk_3  (cost=0.28..2.50 rows=1 width=88) (actual time=0.018..0.018 rows=0 loops=27834)
                                                                                 Output: compress_hyper_156_10126_chunk_3._ts_meta_count, compress_hyper_156_10126_chunk_3.ticker, compress_hyper_156_10126_chunk_3.volume, compress_hyper_156_10126_chunk_3.open, compress_hyper_156_10126_chunk_3.close, compress_hyper_156_10126_chunk_3.high, compress_hyper_156_10126_chunk_3.low, compress_hyper_156_10126_chunk_3._ts_meta_min_1, compress_hyper_156_10126_chunk_3._ts_meta_max_1, compress_hyper_156_10126_chunk_3."timestamp", compress_hyper_156_10126_chunk_3.transactions
                                                                                 Index Cond: ((compress_hyper_156_10126_chunk_3.ticker = s.ticker) AND (compress_hyper_156_10126_chunk_3._ts_meta_max_1 >= (now() - '12 years'::interval)))
                                                                                 Buffers: shared hit=56941
                                                                     ->  Custom Scan (DecompressChunk) on _timescaledb_internal._hyper_154_10103_chunk _hyper_154_10103_chunk_3  (cost=2.50..12.50 rows=1000 width=16) (actual time=0.028..0.037 rows=31 loops=27834)
                                                                           Output: _hyper_154_10103_chunk_3.close, _hyper_154_10103_chunk_3."timestamp"
                                                                           Vectorized Filter: (_hyper_154_10103_chunk_3."timestamp" >= (now() - '12 years'::interval))
                                                                           Rows Removed by Filter: 6
                                                                           Bulk Decompression: true
                                                                           Buffers: shared hit=64622
                                                                           ->  Index Scan using compress_hyper_156_10127_chun_ticker__ts_meta_min_1__ts_met_idx on _timescaledb_internal.compress_hyper_156_10127_chunk compress_hyper_156_10127_chunk_3  (cost=0.28..2.50 rows=1 width=88) (actual time=0.017..0.018 rows=0 loops=27834)
                                                                                 Output: compress_hyper_156_10127_chunk_3._ts_meta_count, compress_hyper_156_10127_chunk_3.ticker, compress_hyper_156_10127_chunk_3.volume, compress_hyper_156_10127_chunk_3.open, compress_hyper_156_10127_chunk_3.close, compress_hyper_156_10127_chunk_3.high, compress_hyper_156_10127_chunk_3.low, compress_hyper_156_10127_chunk_3._ts_meta_min_1, compress_hyper_156_10127_chunk_3._ts_meta_max_1, compress_hyper_156_10127_chunk_3."timestamp", compress_hyper_156_10127_chunk_3.transactions
                                                                                 Index Cond: ((compress_hyper_156_10127_chunk_3.ticker = s.ticker) AND (compress_hyper_156_10127_chunk_3._ts_meta_max_1 >= (now() - '12 years'::interval)))
                                                                                 Buffers: shared hit=56939
                                                                     ->  Custom Scan (DecompressChunk) on _timescaledb_internal._hyper_154_10104_chunk _hyper_154_10104_chunk_3  (cost=2.50..12.50 rows=1000 width=16) (actual time=0.031..0.041 rows=30 loops=27834)
                                                                           Output: _hyper_154_10104_chunk_3.close, _hyper_154_10104_chunk_3."timestamp"
                                                                           Vectorized Filter: (_hyper_154_10104_chunk_3."timestamp" >= (now() - '12 years'::interval))
                                                                           Rows Removed by Filter: 6
                                                                           Bulk Decompression: true
                                                                           Buffers: shared hit=64350
                                                                           ->  Index Scan using compress_hyper_156_10128_chun_ticker__ts_meta_min_1__ts_met_idx on _timescaledb_internal.compress_hyper_156_10128_chunk compress_hyper_156_10128_chunk_3  (cost=0.28..2.50 rows=1 width=88) (actual time=0.018..0.019 rows=0 loops=27834)
                                                                                 Output: compress_hyper_156_10128_chunk_3._ts_meta_count, compress_hyper_156_10128_chunk_3.ticker, compress_hyper_156_10128_chunk_3.volume, compress_hyper_156_10128_chunk_3.open, compress_hyper_156_10128_chunk_3.close, compress_hyper_156_10128_chunk_3.high, compress_hyper_156_10128_chunk_3.low, compress_hyper_156_10128_chunk_3._ts_meta_min_1, compress_hyper_156_10128_chunk_3._ts_meta_max_1, compress_hyper_156_10128_chunk_3."timestamp", compress_hyper_156_10128_chunk_3.transactions
                                                                                 Index Cond: ((compress_hyper_156_10128_chunk_3.ticker = s.ticker) AND (compress_hyper_156_10128_chunk_3._ts_meta_max_1 >= (now() - '12 years'::interval)))
                                                                                 Buffers: shared hit=56906
                                                                     ->  Custom Scan (DecompressChunk) on _timescaledb_internal._hyper_154_10105_chunk _hyper_154_10105_chunk_3  (cost=2.50..12.50 rows=1000 width=16) (actual time=0.023..0.034 rows=30 loops=27834)
                                                                           Output: _hyper_154_10105_chunk_3.close, _hyper_154_10105_chunk_3."timestamp"
                                                                           Vectorized Filter: (_hyper_154_10105_chunk_3."timestamp" >= (now() - '12 years'::interval))
                                                                           Rows Removed by Filter: 6
                                                                           Bulk Decompression: true
                                                                           Buffers: shared hit=64204
                                                                           ->  Index Scan using compress_hyper_156_10129_chun_ticker__ts_meta_min_1__ts_met_idx on _timescaledb_internal.compress_hyper_156_10129_chunk compress_hyper_156_10129_chunk_3  (cost=0.28..2.50 rows=1 width=88) (actual time=0.014..0.017 rows=0 loops=27834)
                                                                                 Output: compress_hyper_156_10129_chunk_3._ts_meta_count, compress_hyper_156_10129_chunk_3.ticker, compress_hyper_156_10129_chunk_3.volume, compress_hyper_156_10129_chunk_3.open, compress_hyper_156_10129_chunk_3.close, compress_hyper_156_10129_chunk_3.high, compress_hyper_156_10129_chunk_3.low, compress_hyper_156_10129_chunk_3._ts_meta_min_1, compress_hyper_156_10129_chunk_3._ts_meta_max_1, compress_hyper_156_10129_chunk_3."timestamp", compress_hyper_156_10129_chunk_3.transactions
                                                                                 Index Cond: ((compress_hyper_156_10129_chunk_3.ticker = s.ticker) AND (compress_hyper_156_10129_chunk_3._ts_meta_max_1 >= (now() - '12 years'::interval)))
                                                                                 Buffers: shared hit=56884
                                                                     ->  Custom Scan (DecompressChunk) on _timescaledb_internal._hyper_154_10106_chunk _hyper_154_10106_chunk_3  (cost=2.50..12.50 rows=1000 width=16) (actual time=0.024..0.036 rows=31 loops=27834)
                                                                           Output: _hyper_154_10106_chunk_3.close, _hyper_154_10106_chunk_3."timestamp"
                                                                           Vectorized Filter: (_hyper_154_10106_chunk_3."timestamp" >= (now() - '12 years'::interval))
                                                                           Rows Removed by Filter: 6
                                                                           Bulk Decompression: true
                                                                           Buffers: shared hit=64428
                                                                           ->  Index Scan using compress_hyper_156_10130_chun_ticker__ts_meta_min_1__ts_met_idx on _timescaledb_internal.compress_hyper_156_10130_chunk compress_hyper_156_10130_chunk_3  (cost=0.28..2.50 rows=1 width=88) (actual time=0.013..0.013 rows=0 loops=27834)
                                                                                 Output: compress_hyper_156_10130_chunk_3._ts_meta_count, compress_hyper_156_10130_chunk_3.ticker, compress_hyper_156_10130_chunk_3.volume, compress_hyper_156_10130_chunk_3.open, compress_hyper_156_10130_chunk_3.close, compress_hyper_156_10130_chunk_3.high, compress_hyper_156_10130_chunk_3.low, compress_hyper_156_10130_chunk_3._ts_meta_min_1, compress_hyper_156_10130_chunk_3._ts_meta_max_1, compress_hyper_156_10130_chunk_3."timestamp", compress_hyper_156_10130_chunk_3.transactions
                                                                                 Index Cond: ((compress_hyper_156_10130_chunk_3.ticker = s.ticker) AND (compress_hyper_156_10130_chunk_3._ts_meta_max_1 >= (now() - '12 years'::interval)))
                                                                                 Buffers: shared hit=56915
                                                                     ->  Custom Scan (DecompressChunk) on _timescaledb_internal._hyper_154_10107_chunk _hyper_154_10107_chunk_3  (cost=2.50..12.50 rows=1000 width=16) (actual time=0.033..0.042 rows=31 loops=27834)
                                                                           Output: _hyper_154_10107_chunk_3.close, _hyper_154_10107_chunk_3."timestamp"
                                                                           Vectorized Filter: (_hyper_154_10107_chunk_3."timestamp" >= (now() - '12 years'::interval))
                                                                           Rows Removed by Filter: 6
                                                                           Bulk Decompression: true
                                                                           Buffers: shared hit=64411
                                                                           ->  Index Scan using compress_hyper_156_10131_chun_ticker__ts_meta_min_1__ts_met_idx on _timescaledb_internal.compress_hyper_156_10131_chunk compress_hyper_156_10131_chunk_3  (cost=0.28..2.50 rows=1 width=88) (actual time=0.021..0.022 rows=0 loops=27834)
                                                                                 Output: compress_hyper_156_10131_chunk_3._ts_meta_count, compress_hyper_156_10131_chunk_3.ticker, compress_hyper_156_10131_chunk_3.volume, compress_hyper_156_10131_chunk_3.open, compress_hyper_156_10131_chunk_3.close, compress_hyper_156_10131_chunk_3.high, compress_hyper_156_10131_chunk_3.low, compress_hyper_156_10131_chunk_3._ts_meta_min_1, compress_hyper_156_10131_chunk_3._ts_meta_max_1, compress_hyper_156_10131_chunk_3."timestamp", compress_hyper_156_10131_chunk_3.transactions
                                                                                 Index Cond: ((compress_hyper_156_10131_chunk_3.ticker = s.ticker) AND (compress_hyper_156_10131_chunk_3._ts_meta_max_1 >= (now() - '12 years'::interval)))
                                                                                 Buffers: shared hit=56920
                                                                     ->  Custom Scan (DecompressChunk) on _timescaledb_internal._hyper_154_10108_chunk _hyper_154_10108_chunk_3  (cost=2.50..12.50 rows=1000 width=16) (actual time=0.025..0.030 rows=31 loops=27834)
                                                                           Output: _hyper_154_10108_chunk_3.close, _hyper_154_10108_chunk_3."timestamp"
                                                                           Vectorized Filter: (_hyper_154_10108_chunk_3."timestamp" >= (now() - '12 years'::interval))
                                                                           Rows Removed by Filter: 6
                                                                           Bulk Decompression: true
                                                                           Buffers: shared hit=64620
                                                                           ->  Index Scan using compress_hyper_156_10132_chun_ticker__ts_meta_min_1__ts_met_idx on _timescaledb_internal.compress_hyper_156_10132_chunk compress_hyper_156_10132_chunk_3  (cost=0.28..2.50 rows=1 width=88) (actual time=0.013..0.013 rows=0 loops=27834)
                                                                                 Output: compress_hyper_156_10132_chunk_3._ts_meta_count, compress_hyper_156_10132_chunk_3.ticker, compress_hyper_156_10132_chunk_3.volume, compress_hyper_156_10132_chunk_3.open, compress_hyper_156_10132_chunk_3.close, compress_hyper_156_10132_chunk_3.high, compress_hyper_156_10132_chunk_3.low, compress_hyper_156_10132_chunk_3._ts_meta_min_1, compress_hyper_156_10132_chunk_3._ts_meta_max_1, compress_hyper_156_10132_chunk_3."timestamp", compress_hyper_156_10132_chunk_3.transactions
                                                                                 Index Cond: ((compress_hyper_156_10132_chunk_3.ticker = s.ticker) AND (compress_hyper_156_10132_chunk_3._ts_meta_max_1 >= (now() - '12 years'::interval)))
                                                                                 Buffers: shared hit=56925
                                                                     ->  Custom Scan (DecompressChunk) on _timescaledb_internal._hyper_154_10109_chunk _hyper_154_10109_chunk_8  (cost=2.50..12.50 rows=1000 width=16) (actual time=0.036..0.067 rows=79 loops=27834)
                                                                           Output: _hyper_154_10109_chunk_8.close, _hyper_154_10109_chunk_8."timestamp"
                                                                           Vectorized Filter: (_hyper_154_10109_chunk_8."timestamp" >= (now() - '12 years'::interval))
                                                                           Bulk Decompression: true
                                                                           Buffers: shared hit=77071
                                                                           ->  Index Scan using compress_hyper_156_10133_chun_ticker__ts_meta_min_1__ts_met_idx on _timescaledb_internal.compress_hyper_156_10133_chunk compress_hyper_156_10133_chunk_8  (cost=0.28..2.50 rows=1 width=88) (actual time=0.016..0.017 rows=0 loops=27834)
                                                                                 Output: compress_hyper_156_10133_chunk_8._ts_meta_count, compress_hyper_156_10133_chunk_8.ticker, compress_hyper_156_10133_chunk_8.volume, compress_hyper_156_10133_chunk_8.open, compress_hyper_156_10133_chunk_8.close, compress_hyper_156_10133_chunk_8.high, compress_hyper_156_10133_chunk_8.low, compress_hyper_156_10133_chunk_8._ts_meta_min_1, compress_hyper_156_10133_chunk_8._ts_meta_max_1, compress_hyper_156_10133_chunk_8."timestamp", compress_hyper_156_10133_chunk_8.transactions
                                                                                 Index Cond: ((compress_hyper_156_10133_chunk_8.ticker = s.ticker) AND (compress_hyper_156_10133_chunk_8._ts_meta_max_1 >= (now() - '12 years'::interval)))
                                                                                 Buffers: shared hit=58007
                                                                     ->  Custom Scan (DecompressChunk) on _timescaledb_internal._hyper_154_10110_chunk _hyper_154_10110_chunk_8  (cost=2.50..12.50 rows=1000 width=16) (actual time=0.039..0.074 rows=83 loops=27834)
                                                                           Output: _hyper_154_10110_chunk_8.close, _hyper_154_10110_chunk_8."timestamp"
                                                                           Vectorized Filter: (_hyper_154_10110_chunk_8."timestamp" >= (now() - '12 years'::interval))
                                                                           Bulk Decompression: true
                                                                           Buffers: shared hit=77942
                                                                           ->  Index Scan using compress_hyper_156_10134_chun_ticker__ts_meta_min_1__ts_met_idx on _timescaledb_internal.compress_hyper_156_10134_chunk compress_hyper_156_10134_chunk_8  (cost=0.28..2.50 rows=1 width=88) (actual time=0.018..0.020 rows=0 loops=27834)
                                                                                 Output: compress_hyper_156_10134_chunk_8._ts_meta_count, compress_hyper_156_10134_chunk_8.ticker, compress_hyper_156_10134_chunk_8.volume, compress_hyper_156_10134_chunk_8.open, compress_hyper_156_10134_chunk_8.close, compress_hyper_156_10134_chunk_8.high, compress_hyper_156_10134_chunk_8.low, compress_hyper_156_10134_chunk_8._ts_meta_min_1, compress_hyper_156_10134_chunk_8._ts_meta_max_1, compress_hyper_156_10134_chunk_8."timestamp", compress_hyper_156_10134_chunk_8.transactions
                                                                                 Index Cond: ((compress_hyper_156_10134_chunk_8.ticker = s.ticker) AND (compress_hyper_156_10134_chunk_8._ts_meta_max_1 >= (now() - '12 years'::interval)))
                                                                                 Buffers: shared hit=58102
                                                                     ->  Custom Scan (DecompressChunk) on _timescaledb_internal._hyper_154_10111_chunk _hyper_154_10111_chunk_8  (cost=2.50..12.50 rows=1000 width=16) (actual time=0.030..0.058 rows=81 loops=27834)
                                                                           Output: _hyper_154_10111_chunk_8.close, _hyper_154_10111_chunk_8."timestamp"
                                                                           Vectorized Filter: (_hyper_154_10111_chunk_8."timestamp" >= (now() - '12 years'::interval))
                                                                           Bulk Decompression: true
                                                                           Buffers: shared hit=77807
                                                                           ->  Index Scan using compress_hyper_156_10135_chun_ticker__ts_meta_min_1__ts_met_idx on _timescaledb_internal.compress_hyper_156_10135_chunk compress_hyper_156_10135_chunk_8  (cost=0.28..2.50 rows=1 width=88) (actual time=0.014..0.015 rows=0 loops=27834)
                                                                                 Output: compress_hyper_156_10135_chunk_8._ts_meta_count, compress_hyper_156_10135_chunk_8.ticker, compress_hyper_156_10135_chunk_8.volume, compress_hyper_156_10135_chunk_8.open, compress_hyper_156_10135_chunk_8.close, compress_hyper_156_10135_chunk_8.high, compress_hyper_156_10135_chunk_8.low, compress_hyper_156_10135_chunk_8._ts_meta_min_1, compress_hyper_156_10135_chunk_8._ts_meta_max_1, compress_hyper_156_10135_chunk_8."timestamp", compress_hyper_156_10135_chunk_8.transactions
                                                                                 Index Cond: ((compress_hyper_156_10135_chunk_8.ticker = s.ticker) AND (compress_hyper_156_10135_chunk_8._ts_meta_max_1 >= (now() - '12 years'::interval)))
                                                                                 Buffers: shared hit=58096
                                                                     ->  Custom Scan (DecompressChunk) on _timescaledb_internal._hyper_154_10112_chunk _hyper_154_10112_chunk_8  (cost=2.50..12.50 rows=1000 width=16) (actual time=0.030..0.066 rows=81 loops=27834)
                                                                           Output: _hyper_154_10112_chunk_8.close, _hyper_154_10112_chunk_8."timestamp"
                                                                           Vectorized Filter: (_hyper_154_10112_chunk_8."timestamp" >= (now() - '12 years'::interval))
                                                                           Bulk Decompression: true
                                                                           Buffers: shared hit=77392
                                                                           ->  Index Scan using compress_hyper_156_10136_chun_ticker__ts_meta_min_1__ts_met_idx on _timescaledb_internal.compress_hyper_156_10136_chunk compress_hyper_156_10136_chunk_8  (cost=0.28..2.50 rows=1 width=88) (actual time=0.015..0.016 rows=0 loops=27834)
                                                                                 Output: compress_hyper_156_10136_chunk_8._ts_meta_count, compress_hyper_156_10136_chunk_8.ticker, compress_hyper_156_10136_chunk_8.volume, compress_hyper_156_10136_chunk_8.open, compress_hyper_156_10136_chunk_8.close, compress_hyper_156_10136_chunk_8.high, compress_hyper_156_10136_chunk_8.low, compress_hyper_156_10136_chunk_8._ts_meta_min_1, compress_hyper_156_10136_chunk_8._ts_meta_max_1, compress_hyper_156_10136_chunk_8."timestamp", compress_hyper_156_10136_chunk_8.transactions
                                                                                 Index Cond: ((compress_hyper_156_10136_chunk_8.ticker = s.ticker) AND (compress_hyper_156_10136_chunk_8._ts_meta_max_1 >= (now() - '12 years'::interval)))
                                                                                 Buffers: shared hit=58071
                                                                     ->  Custom Scan (DecompressChunk) on _timescaledb_internal._hyper_154_10113_chunk _hyper_154_10113_chunk_8  (cost=2.50..12.50 rows=1000 width=16) (actual time=0.031..0.066 rows=81 loops=27834)
                                                                           Output: _hyper_154_10113_chunk_8.close, _hyper_154_10113_chunk_8."timestamp"
                                                                           Vectorized Filter: (_hyper_154_10113_chunk_8."timestamp" >= (now() - '12 years'::interval))
                                                                           Bulk Decompression: true
                                                                           Buffers: shared hit=77301
                                                                           ->  Index Scan using compress_hyper_156_10137_chun_ticker__ts_meta_min_1__ts_met_idx on _timescaledb_internal.compress_hyper_156_10137_chunk compress_hyper_156_10137_chunk_8  (cost=0.28..2.50 rows=1 width=88) (actual time=0.014..0.017 rows=0 loops=27834)
                                                                                 Output: compress_hyper_156_10137_chunk_8._ts_meta_count, compress_hyper_156_10137_chunk_8.ticker, compress_hyper_156_10137_chunk_8.volume, compress_hyper_156_10137_chunk_8.open, compress_hyper_156_10137_chunk_8.close, compress_hyper_156_10137_chunk_8.high, compress_hyper_156_10137_chunk_8.low, compress_hyper_156_10137_chunk_8._ts_meta_min_1, compress_hyper_156_10137_chunk_8._ts_meta_max_1, compress_hyper_156_10137_chunk_8."timestamp", compress_hyper_156_10137_chunk_8.transactions
                                                                                 Index Cond: ((compress_hyper_156_10137_chunk_8.ticker = s.ticker) AND (compress_hyper_156_10137_chunk_8._ts_meta_max_1 >= (now() - '12 years'::interval)))
                                                                                 Buffers: shared hit=58019
                                                                     ->  Custom Scan (DecompressChunk) on _timescaledb_internal._hyper_154_10114_chunk _hyper_154_10114_chunk_8  (cost=2.50..12.50 rows=1000 width=16) (actual time=0.038..0.076 rows=79 loops=27834)
                                                                           Output: _hyper_154_10114_chunk_8.close, _hyper_154_10114_chunk_8."timestamp"
                                                                           Vectorized Filter: (_hyper_154_10114_chunk_8."timestamp" >= (now() - '12 years'::interval))
                                                                           Bulk Decompression: true
                                                                           Buffers: shared hit=77510
                                                                           ->  Index Scan using compress_hyper_156_10138_chun_ticker__ts_meta_min_1__ts_met_idx on _timescaledb_internal.compress_hyper_156_10138_chunk compress_hyper_156_10138_chunk_8  (cost=0.28..2.50 rows=1 width=89) (actual time=0.017..0.018 rows=0 loops=27834)
                                                                                 Output: compress_hyper_156_10138_chunk_8._ts_meta_count, compress_hyper_156_10138_chunk_8.ticker, compress_hyper_156_10138_chunk_8.volume, compress_hyper_156_10138_chunk_8.open, compress_hyper_156_10138_chunk_8.close, compress_hyper_156_10138_chunk_8.high, compress_hyper_156_10138_chunk_8.low, compress_hyper_156_10138_chunk_8._ts_meta_min_1, compress_hyper_156_10138_chunk_8._ts_meta_max_1, compress_hyper_156_10138_chunk_8."timestamp", compress_hyper_156_10138_chunk_8.transactions
                                                                                 Index Cond: ((compress_hyper_156_10138_chunk_8.ticker = s.ticker) AND (compress_hyper_156_10138_chunk_8._ts_meta_max_1 >= (now() - '12 years'::interval)))
                                                                                 Buffers: shared hit=58072
                                                                     ->  Custom Scan (DecompressChunk) on _timescaledb_internal._hyper_154_10115_chunk _hyper_154_10115_chunk_8  (cost=2.50..12.50 rows=1000 width=16) (actual time=0.036..0.065 rows=83 loops=27834)
                                                                           Output: _hyper_154_10115_chunk_8.close, _hyper_154_10115_chunk_8."timestamp"
                                                                           Vectorized Filter: (_hyper_154_10115_chunk_8."timestamp" >= (now() - '12 years'::interval))
                                                                           Bulk Decompression: true
                                                                           Buffers: shared hit=78389
                                                                           ->  Index Scan using compress_hyper_156_10139_chun_ticker__ts_meta_min_1__ts_met_idx on _timescaledb_internal.compress_hyper_156_10139_chunk compress_hyper_156_10139_chunk_8  (cost=0.28..2.50 rows=1 width=88) (actual time=0.014..0.015 rows=0 loops=27834)
                                                                                 Output: compress_hyper_156_10139_chunk_8._ts_meta_count, compress_hyper_156_10139_chunk_8.ticker, compress_hyper_156_10139_chunk_8.volume, compress_hyper_156_10139_chunk_8.open, compress_hyper_156_10139_chunk_8.close, compress_hyper_156_10139_chunk_8.high, compress_hyper_156_10139_chunk_8.low, compress_hyper_156_10139_chunk_8._ts_meta_min_1, compress_hyper_156_10139_chunk_8._ts_meta_max_1, compress_hyper_156_10139_chunk_8."timestamp", compress_hyper_156_10139_chunk_8.transactions
                                                                                 Index Cond: ((compress_hyper_156_10139_chunk_8.ticker = s.ticker) AND (compress_hyper_156_10139_chunk_8._ts_meta_max_1 >= (now() - '12 years'::interval)))
                                                                                 Buffers: shared hit=58167
                                                                     ->  Custom Scan (DecompressChunk) on _timescaledb_internal._hyper_154_10116_chunk _hyper_154_10116_chunk_8  (cost=2.50..12.50 rows=1000 width=16) (actual time=0.043..0.079 rows=82 loops=27834)
                                                                           Output: _hyper_154_10116_chunk_8.close, _hyper_154_10116_chunk_8."timestamp"
                                                                           Vectorized Filter: (_hyper_154_10116_chunk_8."timestamp" >= (now() - '12 years'::interval))
                                                                           Bulk Decompression: true
                                                                           Buffers: shared hit=77868
                                                                           ->  Index Scan using compress_hyper_156_10140_chun_ticker__ts_meta_min_1__ts_met_idx on _timescaledb_internal.compress_hyper_156_10140_chunk compress_hyper_156_10140_chunk_8  (cost=0.28..2.50 rows=1 width=88) (actual time=0.023..0.024 rows=0 loops=27834)
                                                                                 Output: compress_hyper_156_10140_chunk_8._ts_meta_count, compress_hyper_156_10140_chunk_8.ticker, compress_hyper_156_10140_chunk_8.volume, compress_hyper_156_10140_chunk_8.open, compress_hyper_156_10140_chunk_8.close, compress_hyper_156_10140_chunk_8.high, compress_hyper_156_10140_chunk_8.low, compress_hyper_156_10140_chunk_8._ts_meta_min_1, compress_hyper_156_10140_chunk_8._ts_meta_max_1, compress_hyper_156_10140_chunk_8."timestamp", compress_hyper_156_10140_chunk_8.transactions
                                                                                 Index Cond: ((compress_hyper_156_10140_chunk_8.ticker = s.ticker) AND (compress_hyper_156_10140_chunk_8._ts_meta_max_1 >= (now() - '12 years'::interval)))
                                                                                 Buffers: shared hit=58086
                                       ->  Limit  (cost=20.10..20.15 rows=1 width=40) (actual time=7.826..7.826 rows=0 loops=27834)
                                             Output: (((ohlcv_1d_9.open)::numeric / 1000.0)), ohlcv_1d_9."timestamp"
                                             Buffers: shared hit=2144365 read=38194
                                             I/O Timings: shared read=46567.729
                                             ->  Result  (cost=20.10..380.10 rows=8000 width=40) (actual time=7.820..7.820 rows=0 loops=27834)
                                                   Output: ((ohlcv_1d_9.open)::numeric / 1000.0), ohlcv_1d_9."timestamp"
                                                   Buffers: shared hit=2144365 read=38194
                                                   I/O Timings: shared read=46567.729
                                                   ->  Custom Scan (ChunkAppend) on public.ohlcv_1d ohlcv_1d_9  (cost=20.10..260.10 rows=8000 width=16) (actual time=7.752..7.752 rows=0 loops=27834)
                                                         Output: ohlcv_1d_9.open, ohlcv_1d_9."timestamp"
                                                         Order: ohlcv_1d_9."timestamp"
                                                         Startup Exclusion: false
                                                         Runtime Exclusion: false
                                                         Buffers: shared hit=2144365 read=38194
                                                         I/O Timings: shared read=46567.729
                                                         ->  Merge Append  (cost=20.10..260.10 rows=8000 width=16) (actual time=2.606..2.606 rows=0 loops=27834)
                                                               Sort Key: _hyper_154_10093_chunk_1."timestamp"
                                                               Buffers: shared hit=550208 read=21531
                                                               I/O Timings: shared read=28912.906
                                                               ->  Custom Scan (DecompressChunk) on _timescaledb_internal._hyper_154_10093_chunk _hyper_154_10093_chunk_1  (cost=2.50..12.50 rows=1000 width=16) (actual time=0.288..0.288 rows=0 loops=27834)
                                                                     Output: _hyper_154_10093_chunk_1.open, _hyper_154_10093_chunk_1."timestamp"
                                                                     Filter: (date_trunc('year'::text, (_hyper_154_10093_chunk_1."timestamp" AT TIME ZONE 'America/New_York'::text)) = date_trunc('year'::text, (now() AT TIME ZONE 'America/New_York'::text)))
                                                                     Rows Removed by Filter: 43
                                                                     Reverse: true
                                                                     Bulk Decompression: true
                                                                     Buffers: shared hit=68079 read=2544
                                                                     I/O Timings: shared read=3359.953
                                                                     ->  Index Scan Backward using compress_hyper_156_10117_chun_ticker__ts_meta_min_1__ts_met_idx on _timescaledb_internal.compress_hyper_156_10117_chunk compress_hyper_156_10117_chunk_1  (cost=0.28..2.50 rows=1 width=88) (actual time=0.027..0.029 rows=0 loops=27834)
                                                                           Output: compress_hyper_156_10117_chunk_1._ts_meta_count, compress_hyper_156_10117_chunk_1.ticker, compress_hyper_156_10117_chunk_1.volume, compress_hyper_156_10117_chunk_1.open, compress_hyper_156_10117_chunk_1.close, compress_hyper_156_10117_chunk_1.high, compress_hyper_156_10117_chunk_1.low, compress_hyper_156_10117_chunk_1._ts_meta_min_1, compress_hyper_156_10117_chunk_1._ts_meta_max_1, compress_hyper_156_10117_chunk_1."timestamp", compress_hyper_156_10117_chunk_1.transactions
                                                                           Index Cond: (compress_hyper_156_10117_chunk_1.ticker = s.ticker)
                                                                           Buffers: shared hit=58897 read=90
                                                                           I/O Timings: shared read=115.157
                                                               ->  Custom Scan (DecompressChunk) on _timescaledb_internal._hyper_154_10094_chunk _hyper_154_10094_chunk_1  (cost=2.50..12.50 rows=1000 width=16) (actual time=0.329..0.329 rows=0 loops=27834)
                                                                     Output: _hyper_154_10094_chunk_1.open, _hyper_154_10094_chunk_1."timestamp"
                                                                     Filter: (date_trunc('year'::text, (_hyper_154_10094_chunk_1."timestamp" AT TIME ZONE 'America/New_York'::text)) = date_trunc('year'::text, (now() AT TIME ZONE 'America/New_York'::text)))
                                                                     Rows Removed by Filter: 48
                                                                     Reverse: true
                                                                     Bulk Decompression: true
                                                                     Buffers: shared hit=69464 read=2790
                                                                     I/O Timings: shared read=4090.066
                                                                     ->  Index Scan Backward using compress_hyper_156_10118_chun_ticker__ts_meta_min_1__ts_met_idx on _timescaledb_internal.compress_hyper_156_10118_chunk compress_hyper_156_10118_chunk_1  (cost=0.28..2.50 rows=1 width=88) (actual time=0.023..0.027 rows=0 loops=27834)
                                                                           Output: compress_hyper_156_10118_chunk_1._ts_meta_count, compress_hyper_156_10118_chunk_1.ticker, compress_hyper_156_10118_chunk_1.volume, compress_hyper_156_10118_chunk_1.open, compress_hyper_156_10118_chunk_1.close, compress_hyper_156_10118_chunk_1.high, compress_hyper_156_10118_chunk_1.low, compress_hyper_156_10118_chunk_1._ts_meta_min_1, compress_hyper_156_10118_chunk_1._ts_meta_max_1, compress_hyper_156_10118_chunk_1."timestamp", compress_hyper_156_10118_chunk_1.transactions
                                                                           Index Cond: (compress_hyper_156_10118_chunk_1.ticker = s.ticker)
                                                                           Buffers: shared hit=59231 read=102
                                                                           I/O Timings: shared read=148.127
                                                               ->  Custom Scan (DecompressChunk) on _timescaledb_internal._hyper_154_10095_chunk _hyper_154_10095_chunk_1  (cost=2.50..12.50 rows=1000 width=16) (actual time=0.307..0.307 rows=0 loops=27834)
                                                                     Output: _hyper_154_10095_chunk_1.open, _hyper_154_10095_chunk_1."timestamp"
                                                                     Filter: (date_trunc('year'::text, (_hyper_154_10095_chunk_1."timestamp" AT TIME ZONE 'America/New_York'::text)) = date_trunc('year'::text, (now() AT TIME ZONE 'America/New_York'::text)))
                                                                     Rows Removed by Filter: 47
                                                                     Reverse: true
                                                                     Bulk Decompression: true
                                                                     Buffers: shared hit=68885 read=2777
                                                                     I/O Timings: shared read=3342.666
                                                                     ->  Index Scan Backward using compress_hyper_156_10119_chun_ticker__ts_meta_min_1__ts_met_idx on _timescaledb_internal.compress_hyper_156_10119_chunk compress_hyper_156_10119_chunk_1  (cost=0.28..2.50 rows=1 width=88) (actual time=0.031..0.034 rows=0 loops=27834)
                                                                           Output: compress_hyper_156_10119_chunk_1._ts_meta_count, compress_hyper_156_10119_chunk_1.ticker, compress_hyper_156_10119_chunk_1.volume, compress_hyper_156_10119_chunk_1.open, compress_hyper_156_10119_chunk_1.close, compress_hyper_156_10119_chunk_1.high, compress_hyper_156_10119_chunk_1.low, compress_hyper_156_10119_chunk_1._ts_meta_min_1, compress_hyper_156_10119_chunk_1._ts_meta_max_1, compress_hyper_156_10119_chunk_1."timestamp", compress_hyper_156_10119_chunk_1.transactions
                                                                           Index Cond: (compress_hyper_156_10119_chunk_1.ticker = s.ticker)
                                                                           Buffers: shared hit=59091 read=115
                                                                           I/O Timings: shared read=190.920
                                                               ->  Custom Scan (DecompressChunk) on _timescaledb_internal._hyper_154_10096_chunk _hyper_154_10096_chunk_1  (cost=2.50..12.50 rows=1000 width=16) (actual time=0.303..0.303 rows=0 loops=27834)
                                                                     Output: _hyper_154_10096_chunk_1.open, _hyper_154_10096_chunk_1."timestamp"
                                                                     Filter: (date_trunc('year'::text, (_hyper_154_10096_chunk_1."timestamp" AT TIME ZONE 'America/New_York'::text)) = date_trunc('year'::text, (now() AT TIME ZONE 'America/New_York'::text)))
                                                                     Rows Removed by Filter: 45
                                                                     Reverse: true
                                                                     Bulk Decompression: true
                                                                     Buffers: shared hit=68639 read=2613
                                                                     I/O Timings: shared read=3532.923
                                                                     ->  Index Scan Backward using compress_hyper_156_10120_chun_ticker__ts_meta_min_1__ts_met_idx on _timescaledb_internal.compress_hyper_156_10120_chunk compress_hyper_156_10120_chunk_1  (cost=0.28..2.50 rows=1 width=88) (actual time=0.021..0.025 rows=0 loops=27834)
                                                                           Output: compress_hyper_156_10120_chunk_1._ts_meta_count, compress_hyper_156_10120_chunk_1.ticker, compress_hyper_156_10120_chunk_1.volume, compress_hyper_156_10120_chunk_1.open, compress_hyper_156_10120_chunk_1.close, compress_hyper_156_10120_chunk_1.high, compress_hyper_156_10120_chunk_1.low, compress_hyper_156_10120_chunk_1._ts_meta_min_1, compress_hyper_156_10120_chunk_1._ts_meta_max_1, compress_hyper_156_10120_chunk_1."timestamp", compress_hyper_156_10120_chunk_1.transactions
                                                                           Index Cond: (compress_hyper_156_10120_chunk_1.ticker = s.ticker)
                                                                           Buffers: shared hit=59047 read=98
                                                                           I/O Timings: shared read=159.316
                                                               ->  Custom Scan (DecompressChunk) on _timescaledb_internal._hyper_154_10097_chunk _hyper_154_10097_chunk_1  (cost=2.50..12.50 rows=1000 width=16) (actual time=0.294..0.294 rows=0 loops=27834)
                                                                     Output: _hyper_154_10097_chunk_1.open, _hyper_154_10097_chunk_1."timestamp"
                                                                     Filter: (date_trunc('year'::text, (_hyper_154_10097_chunk_1."timestamp" AT TIME ZONE 'America/New_York'::text)) = date_trunc('year'::text, (now() AT TIME ZONE 'America/New_York'::text)))
                                                                     Rows Removed by Filter: 46
                                                                     Reverse: true
                                                                     Bulk Decompression: true
                                                                     Buffers: shared hit=68779 read=2659
                                                                     I/O Timings: shared read=3242.552
                                                                     ->  Index Scan Backward using compress_hyper_156_10121_chun_ticker__ts_meta_min_1__ts_met_idx on _timescaledb_internal.compress_hyper_156_10121_chunk compress_hyper_156_10121_chunk_1  (cost=0.28..2.50 rows=1 width=88) (actual time=0.022..0.024 rows=0 loops=27834)
                                                                           Output: compress_hyper_156_10121_chunk_1._ts_meta_count, compress_hyper_156_10121_chunk_1.ticker, compress_hyper_156_10121_chunk_1.volume, compress_hyper_156_10121_chunk_1.open, compress_hyper_156_10121_chunk_1.close, compress_hyper_156_10121_chunk_1.high, compress_hyper_156_10121_chunk_1.low, compress_hyper_156_10121_chunk_1._ts_meta_min_1, compress_hyper_156_10121_chunk_1._ts_meta_max_1, compress_hyper_156_10121_chunk_1."timestamp", compress_hyper_156_10121_chunk_1.transactions
                                                                           Index Cond: (compress_hyper_156_10121_chunk_1.ticker = s.ticker)
                                                                           Buffers: shared hit=59057 read=103
                                                                           I/O Timings: shared read=100.047
                                                               ->  Custom Scan (DecompressChunk) on _timescaledb_internal._hyper_154_10098_chunk _hyper_154_10098_chunk_1  (cost=2.50..12.50 rows=1000 width=16) (actual time=0.335..0.335 rows=0 loops=27834)
                                                                     Output: _hyper_154_10098_chunk_1.open, _hyper_154_10098_chunk_1."timestamp"
                                                                     Filter: (date_trunc('year'::text, (_hyper_154_10098_chunk_1."timestamp" AT TIME ZONE 'America/New_York'::text)) = date_trunc('year'::text, (now() AT TIME ZONE 'America/New_York'::text)))
                                                                     Rows Removed by Filter: 46
                                                                     Reverse: true
                                                                     Bulk Decompression: true
                                                                     Buffers: shared hit=68952 read=2761
                                                                     I/O Timings: shared read=4259.810
                                                                     ->  Index Scan Backward using compress_hyper_156_10122_chun_ticker__ts_meta_min_1__ts_met_idx on _timescaledb_internal.compress_hyper_156_10122_chunk compress_hyper_156_10122_chunk_1  (cost=0.28..2.50 rows=1 width=88) (actual time=0.016..0.020 rows=0 loops=27834)
                                                                           Output: compress_hyper_156_10122_chunk_1._ts_meta_count, compress_hyper_156_10122_chunk_1.ticker, compress_hyper_156_10122_chunk_1.volume, compress_hyper_156_10122_chunk_1.open, compress_hyper_156_10122_chunk_1.close, compress_hyper_156_10122_chunk_1.high, compress_hyper_156_10122_chunk_1.low, compress_hyper_156_10122_chunk_1._ts_meta_min_1, compress_hyper_156_10122_chunk_1._ts_meta_max_1, compress_hyper_156_10122_chunk_1."timestamp", compress_hyper_156_10122_chunk_1.transactions
                                                                           Index Cond: (compress_hyper_156_10122_chunk_1.ticker = s.ticker)
                                                                           Buffers: shared hit=59127 read=106
                                                                           I/O Timings: shared read=167.727
                                                               ->  Custom Scan (DecompressChunk) on _timescaledb_internal._hyper_154_10099_chunk _hyper_154_10099_chunk_1  (cost=2.50..12.50 rows=1000 width=16) (actual time=0.294..0.294 rows=0 loops=27834)
                                                                     Output: _hyper_154_10099_chunk_1.open, _hyper_154_10099_chunk_1."timestamp"
                                                                     Filter: (date_trunc('year'::text, (_hyper_154_10099_chunk_1."timestamp" AT TIME ZONE 'America/New_York'::text)) = date_trunc('year'::text, (now() AT TIME ZONE 'America/New_York'::text)))
                                                                     Rows Removed by Filter: 46
                                                                     Reverse: true
                                                                     Bulk Decompression: true
                                                                     Buffers: shared hit=68630 read=2693
                                                                     I/O Timings: shared read=3113.390
                                                                     ->  Index Scan Backward using compress_hyper_156_10123_chun_ticker__ts_meta_min_1__ts_met_idx on _timescaledb_internal.compress_hyper_156_10123_chunk compress_hyper_156_10123_chunk_1  (cost=0.28..2.50 rows=1 width=88) (actual time=0.034..0.043 rows=0 loops=27834)
                                                                           Output: compress_hyper_156_10123_chunk_1._ts_meta_count, compress_hyper_156_10123_chunk_1.ticker, compress_hyper_156_10123_chunk_1.volume, compress_hyper_156_10123_chunk_1.open, compress_hyper_156_10123_chunk_1.close, compress_hyper_156_10123_chunk_1.high, compress_hyper_156_10123_chunk_1.low, compress_hyper_156_10123_chunk_1._ts_meta_min_1, compress_hyper_156_10123_chunk_1._ts_meta_max_1, compress_hyper_156_10123_chunk_1."timestamp", compress_hyper_156_10123_chunk_1.transactions
                                                                           Index Cond: (compress_hyper_156_10123_chunk_1.ticker = s.ticker)
                                                                           Buffers: shared hit=59066 read=104
                                                                           I/O Timings: shared read=354.332
                                                               ->  Custom Scan (DecompressChunk) on _timescaledb_internal._hyper_154_10100_chunk _hyper_154_10100_chunk_1  (cost=2.50..12.50 rows=1000 width=16) (actual time=0.331..0.331 rows=0 loops=27834)
                                                                     Output: _hyper_154_10100_chunk_1.open, _hyper_154_10100_chunk_1."timestamp"
                                                                     Filter: (date_trunc('year'::text, (_hyper_154_10100_chunk_1."timestamp" AT TIME ZONE 'America/New_York'::text)) = date_trunc('year'::text, (now() AT TIME ZONE 'America/New_York'::text)))
                                                                     Rows Removed by Filter: 46
                                                                     Reverse: true
                                                                     Bulk Decompression: true
                                                                     Buffers: shared hit=68780 read=2694
                                                                     I/O Timings: shared read=3971.546
                                                                     ->  Index Scan Backward using compress_hyper_156_10124_chun_ticker__ts_meta_min_1__ts_met_idx on _timescaledb_internal.compress_hyper_156_10124_chunk compress_hyper_156_10124_chunk_1  (cost=0.28..2.50 rows=1 width=88) (actual time=0.026..0.031 rows=0 loops=27834)
                                                                           Output: compress_hyper_156_10124_chunk_1._ts_meta_count, compress_hyper_156_10124_chunk_1.ticker, compress_hyper_156_10124_chunk_1.volume, compress_hyper_156_10124_chunk_1.open, compress_hyper_156_10124_chunk_1.close, compress_hyper_156_10124_chunk_1.high, compress_hyper_156_10124_chunk_1.low, compress_hyper_156_10124_chunk_1._ts_meta_min_1, compress_hyper_156_10124_chunk_1._ts_meta_max_1, compress_hyper_156_10124_chunk_1."timestamp", compress_hyper_156_10124_chunk_1.transactions
                                                                           Index Cond: (compress_hyper_156_10124_chunk_1.ticker = s.ticker)
                                                                           Buffers: shared hit=59115 read=115
                                                                           I/O Timings: shared read=256.988
                                                         ->  Merge Append  (cost=20.10..260.10 rows=8000 width=16) (actual time=2.414..2.414 rows=0 loops=27834)
                                                               Sort Key: _hyper_154_10101_chunk_4."timestamp"
                                                               Buffers: shared hit=570503 read=13298
                                                               I/O Timings: shared read=13383.701
                                                               ->  Custom Scan (DecompressChunk) on _timescaledb_internal._hyper_154_10101_chunk _hyper_154_10101_chunk_4  (cost=2.50..12.50 rows=1000 width=16) (actual time=0.292..0.292 rows=0 loops=27834)
                                                                     Output: _hyper_154_10101_chunk_4.open, _hyper_154_10101_chunk_4."timestamp"
                                                                     Filter: (date_trunc('year'::text, (_hyper_154_10101_chunk_4."timestamp" AT TIME ZONE 'America/New_York'::text)) = date_trunc('year'::text, (now() AT TIME ZONE 'America/New_York'::text)))
                                                                     Rows Removed by Filter: 60
                                                                     Reverse: true
                                                                     Bulk Decompression: true
                                                                     Buffers: shared hit=71006 read=1572
                                                                     I/O Timings: shared read=1628.814
                                                                     ->  Index Scan Backward using compress_hyper_156_10125_chun_ticker__ts_meta_min_1__ts_met_idx on _timescaledb_internal.compress_hyper_156_10125_chunk compress_hyper_156_10125_chunk_4  (cost=0.28..2.50 rows=1 width=88) (actual time=0.018..0.019 rows=0 loops=27834)
                                                                           Output: compress_hyper_156_10125_chunk_4._ts_meta_count, compress_hyper_156_10125_chunk_4.ticker, compress_hyper_156_10125_chunk_4.volume, compress_hyper_156_10125_chunk_4.open, compress_hyper_156_10125_chunk_4.close, compress_hyper_156_10125_chunk_4.high, compress_hyper_156_10125_chunk_4.low, compress_hyper_156_10125_chunk_4._ts_meta_min_1, compress_hyper_156_10125_chunk_4._ts_meta_max_1, compress_hyper_156_10125_chunk_4."timestamp", compress_hyper_156_10125_chunk_4.transactions
                                                                           Index Cond: (compress_hyper_156_10125_chunk_4.ticker = s.ticker)
                                                                           Buffers: shared hit=58843 read=26
                                                                           I/O Timings: shared read=27.245
                                                               ->  Custom Scan (DecompressChunk) on _timescaledb_internal._hyper_154_10102_chunk _hyper_154_10102_chunk_4  (cost=2.50..12.50 rows=1000 width=16) (actual time=0.280..0.280 rows=0 loops=27834)
                                                                     Output: _hyper_154_10102_chunk_4.open, _hyper_154_10102_chunk_4."timestamp"
                                                                     Filter: (date_trunc('year'::text, (_hyper_154_10102_chunk_4."timestamp" AT TIME ZONE 'America/New_York'::text)) = date_trunc('year'::text, (now() AT TIME ZONE 'America/New_York'::text)))
                                                                     Rows Removed by Filter: 64
                                                                     Reverse: true
                                                                     Bulk Decompression: true
                                                                     Buffers: shared hit=71623 read=1752
                                                                     I/O Timings: shared read=1630.731
                                                                     ->  Index Scan Backward using compress_hyper_156_10126_chun_ticker__ts_meta_min_1__ts_met_idx on _timescaledb_internal.compress_hyper_156_10126_chunk compress_hyper_156_10126_chunk_4  (cost=0.28..2.50 rows=1 width=88) (actual time=0.014..0.015 rows=0 loops=27834)
                                                                           Output: compress_hyper_156_10126_chunk_4._ts_meta_count, compress_hyper_156_10126_chunk_4.ticker, compress_hyper_156_10126_chunk_4.volume, compress_hyper_156_10126_chunk_4.open, compress_hyper_156_10126_chunk_4.close, compress_hyper_156_10126_chunk_4.high, compress_hyper_156_10126_chunk_4.low, compress_hyper_156_10126_chunk_4._ts_meta_min_1, compress_hyper_156_10126_chunk_4._ts_meta_max_1, compress_hyper_156_10126_chunk_4."timestamp", compress_hyper_156_10126_chunk_4.transactions
                                                                           Index Cond: (compress_hyper_156_10126_chunk_4.ticker = s.ticker)
                                                                           Buffers: shared hit=58931 read=29
                                                                           I/O Timings: shared read=23.479
                                                               ->  Custom Scan (DecompressChunk) on _timescaledb_internal._hyper_154_10103_chunk _hyper_154_10103_chunk_4  (cost=2.50..12.50 rows=1000 width=16) (actual time=0.321..0.321 rows=0 loops=27834)
                                                                     Output: _hyper_154_10103_chunk_4.open, _hyper_154_10103_chunk_4."timestamp"
                                                                     Filter: (date_trunc('year'::text, (_hyper_154_10103_chunk_4."timestamp" AT TIME ZONE 'America/New_York'::text)) = date_trunc('year'::text, (now() AT TIME ZONE 'America/New_York'::text)))
                                                                     Rows Removed by Filter: 64
                                                                     Reverse: true
                                                                     Bulk Decompression: true
                                                                     Buffers: shared hit=71578 read=1722
                                                                     I/O Timings: shared read=1955.675
                                                                     ->  Index Scan Backward using compress_hyper_156_10127_chun_ticker__ts_meta_min_1__ts_met_idx on _timescaledb_internal.compress_hyper_156_10127_chunk compress_hyper_156_10127_chunk_4  (cost=0.28..2.50 rows=1 width=88) (actual time=0.021..0.022 rows=0 loops=27834)
                                                                           Output: compress_hyper_156_10127_chunk_4._ts_meta_count, compress_hyper_156_10127_chunk_4.ticker, compress_hyper_156_10127_chunk_4.volume, compress_hyper_156_10127_chunk_4.open, compress_hyper_156_10127_chunk_4.close, compress_hyper_156_10127_chunk_4.high, compress_hyper_156_10127_chunk_4.low, compress_hyper_156_10127_chunk_4._ts_meta_min_1, compress_hyper_156_10127_chunk_4._ts_meta_max_1, compress_hyper_156_10127_chunk_4."timestamp", compress_hyper_156_10127_chunk_4.transactions
                                                                           Index Cond: (compress_hyper_156_10127_chunk_4.ticker = s.ticker)
                                                                           Buffers: shared hit=58886 read=17
                                                                           I/O Timings: shared read=15.110
                                                               ->  Custom Scan (DecompressChunk) on _timescaledb_internal._hyper_154_10104_chunk _hyper_154_10104_chunk_4  (cost=2.50..12.50 rows=1000 width=16) (actual time=0.277..0.277 rows=0 loops=27834)
                                                                     Output: _hyper_154_10104_chunk_4.open, _hyper_154_10104_chunk_4."timestamp"
                                                                     Filter: (date_trunc('year'::text, (_hyper_154_10104_chunk_4."timestamp" AT TIME ZONE 'America/New_York'::text)) = date_trunc('year'::text, (now() AT TIME ZONE 'America/New_York'::text)))
                                                                     Rows Removed by Filter: 61
                                                                     Reverse: true
                                                                     Bulk Decompression: true
                                                                     Buffers: shared hit=71209 read=1606
                                                                     I/O Timings: shared read=1670.314
                                                                     ->  Index Scan Backward using compress_hyper_156_10128_chun_ticker__ts_meta_min_1__ts_met_idx on _timescaledb_internal.compress_hyper_156_10128_chunk compress_hyper_156_10128_chunk_4  (cost=0.28..2.50 rows=1 width=88) (actual time=0.014..0.016 rows=0 loops=27834)
                                                                           Output: compress_hyper_156_10128_chunk_4._ts_meta_count, compress_hyper_156_10128_chunk_4.ticker, compress_hyper_156_10128_chunk_4.volume, compress_hyper_156_10128_chunk_4.open, compress_hyper_156_10128_chunk_4.close, compress_hyper_156_10128_chunk_4.high, compress_hyper_156_10128_chunk_4.low, compress_hyper_156_10128_chunk_4._ts_meta_min_1, compress_hyper_156_10128_chunk_4._ts_meta_max_1, compress_hyper_156_10128_chunk_4."timestamp", compress_hyper_156_10128_chunk_4.transactions
                                                                           Index Cond: (compress_hyper_156_10128_chunk_4.ticker = s.ticker)
                                                                           Buffers: shared hit=58863 read=21
                                                                           I/O Timings: shared read=91.028
                                                               ->  Custom Scan (DecompressChunk) on _timescaledb_internal._hyper_154_10105_chunk _hyper_154_10105_chunk_4  (cost=2.50..12.50 rows=1000 width=16) (actual time=0.291..0.291 rows=0 loops=27834)
                                                                     Output: _hyper_154_10105_chunk_4.open, _hyper_154_10105_chunk_4."timestamp"
                                                                     Filter: (date_trunc('year'::text, (_hyper_154_10105_chunk_4."timestamp" AT TIME ZONE 'America/New_York'::text)) = date_trunc('year'::text, (now() AT TIME ZONE 'America/New_York'::text)))
                                                                     Rows Removed by Filter: 62
                                                                     Reverse: true
                                                                     Bulk Decompression: true
                                                                     Buffers: shared hit=71005 read=1664
                                                                     I/O Timings: shared read=1724.932
                                                                     ->  Index Scan Backward using compress_hyper_156_10129_chun_ticker__ts_meta_min_1__ts_met_idx on _timescaledb_internal.compress_hyper_156_10129_chunk compress_hyper_156_10129_chunk_4  (cost=0.28..2.50 rows=1 width=88) (actual time=0.019..0.020 rows=0 loops=27834)
                                                                           Output: compress_hyper_156_10129_chunk_4._ts_meta_count, compress_hyper_156_10129_chunk_4.ticker, compress_hyper_156_10129_chunk_4.volume, compress_hyper_156_10129_chunk_4.open, compress_hyper_156_10129_chunk_4.close, compress_hyper_156_10129_chunk_4.high, compress_hyper_156_10129_chunk_4.low, compress_hyper_156_10129_chunk_4._ts_meta_min_1, compress_hyper_156_10129_chunk_4._ts_meta_max_1, compress_hyper_156_10129_chunk_4."timestamp", compress_hyper_156_10129_chunk_4.transactions
                                                                           Index Cond: (compress_hyper_156_10129_chunk_4.ticker = s.ticker)
                                                                           Buffers: shared hit=58828 read=32
                                                                           I/O Timings: shared read=40.415
                                                               ->  Custom Scan (DecompressChunk) on _timescaledb_internal._hyper_154_10106_chunk _hyper_154_10106_chunk_4  (cost=2.50..12.50 rows=1000 width=16) (actual time=0.252..0.252 rows=0 loops=27834)
                                                                     Output: _hyper_154_10106_chunk_4.open, _hyper_154_10106_chunk_4."timestamp"
                                                                     Filter: (date_trunc('year'::text, (_hyper_154_10106_chunk_4."timestamp" AT TIME ZONE 'America/New_York'::text)) = date_trunc('year'::text, (now() AT TIME ZONE 'America/New_York'::text)))
                                                                     Rows Removed by Filter: 63
                                                                     Reverse: true
                                                                     Bulk Decompression: true
                                                                     Buffers: shared hit=71362 read=1662
                                                                     I/O Timings: shared read=1354.945
                                                                     ->  Index Scan Backward using compress_hyper_156_10130_chun_ticker__ts_meta_min_1__ts_met_idx on _timescaledb_internal.compress_hyper_156_10130_chunk compress_hyper_156_10130_chunk_4  (cost=0.28..2.50 rows=1 width=88) (actual time=0.014..0.016 rows=0 loops=27834)
                                                                           Output: compress_hyper_156_10130_chunk_4._ts_meta_count, compress_hyper_156_10130_chunk_4.ticker, compress_hyper_156_10130_chunk_4.volume, compress_hyper_156_10130_chunk_4.open, compress_hyper_156_10130_chunk_4.close, compress_hyper_156_10130_chunk_4.high, compress_hyper_156_10130_chunk_4.low, compress_hyper_156_10130_chunk_4._ts_meta_min_1, compress_hyper_156_10130_chunk_4._ts_meta_max_1, compress_hyper_156_10130_chunk_4."timestamp", compress_hyper_156_10130_chunk_4.transactions
                                                                           Index Cond: (compress_hyper_156_10130_chunk_4.ticker = s.ticker)
                                                                           Buffers: shared hit=58912 read=22
                                                                           I/O Timings: shared read=66.741
                                                               ->  Custom Scan (DecompressChunk) on _timescaledb_internal._hyper_154_10107_chunk _hyper_154_10107_chunk_4  (cost=2.50..12.50 rows=1000 width=16) (actual time=0.307..0.307 rows=0 loops=27834)
                                                                     Output: _hyper_154_10107_chunk_4.open, _hyper_154_10107_chunk_4."timestamp"
                                                                     Filter: (date_trunc('year'::text, (_hyper_154_10107_chunk_4."timestamp" AT TIME ZONE 'America/New_York'::text)) = date_trunc('year'::text, (now() AT TIME ZONE 'America/New_York'::text)))
                                                                     Rows Removed by Filter: 62
                                                                     Reverse: true
                                                                     Bulk Decompression: true
                                                                     Buffers: shared hit=71174 read=1652
                                                                     I/O Timings: shared read=1717.135
                                                                     ->  Index Scan Backward using compress_hyper_156_10131_chun_ticker__ts_meta_min_1__ts_met_idx on _timescaledb_internal.compress_hyper_156_10131_chunk compress_hyper_156_10131_chunk_4  (cost=0.28..2.50 rows=1 width=88) (actual time=0.017..0.023 rows=0 loops=27834)
                                                                           Output: compress_hyper_156_10131_chunk_4._ts_meta_count, compress_hyper_156_10131_chunk_4.ticker, compress_hyper_156_10131_chunk_4.volume, compress_hyper_156_10131_chunk_4.open, compress_hyper_156_10131_chunk_4.close, compress_hyper_156_10131_chunk_4.high, compress_hyper_156_10131_chunk_4.low, compress_hyper_156_10131_chunk_4._ts_meta_min_1, compress_hyper_156_10131_chunk_4._ts_meta_max_1, compress_hyper_156_10131_chunk_4."timestamp", compress_hyper_156_10131_chunk_4.transactions
                                                                           Index Cond: (compress_hyper_156_10131_chunk_4.ticker = s.ticker)
                                                                           Buffers: shared hit=58853 read=31
                                                                           I/O Timings: shared read=55.269
                                                               ->  Custom Scan (DecompressChunk) on _timescaledb_internal._hyper_154_10108_chunk _hyper_154_10108_chunk_4  (cost=2.50..12.50 rows=1000 width=16) (actual time=0.279..0.279 rows=0 loops=27834)
                                                                     Output: _hyper_154_10108_chunk_4.open, _hyper_154_10108_chunk_4."timestamp"
                                                                     Filter: (date_trunc('year'::text, (_hyper_154_10108_chunk_4."timestamp" AT TIME ZONE 'America/New_York'::text)) = date_trunc('year'::text, (now() AT TIME ZONE 'America/New_York'::text)))
                                                                     Rows Removed by Filter: 63
                                                                     Reverse: true
                                                                     Bulk Decompression: true
                                                                     Buffers: shared hit=71546 read=1668
                                                                     I/O Timings: shared read=1701.155
                                                                     ->  Index Scan Backward using compress_hyper_156_10132_chun_ticker__ts_meta_min_1__ts_met_idx on _timescaledb_internal.compress_hyper_156_10132_chunk compress_hyper_156_10132_chunk_4  (cost=0.28..2.50 rows=1 width=88) (actual time=0.017..0.021 rows=0 loops=27834)
                                                                           Output: compress_hyper_156_10132_chunk_4._ts_meta_count, compress_hyper_156_10132_chunk_4.ticker, compress_hyper_156_10132_chunk_4.volume, compress_hyper_156_10132_chunk_4.open, compress_hyper_156_10132_chunk_4.close, compress_hyper_156_10132_chunk_4.high, compress_hyper_156_10132_chunk_4.low, compress_hyper_156_10132_chunk_4._ts_meta_min_1, compress_hyper_156_10132_chunk_4._ts_meta_max_1, compress_hyper_156_10132_chunk_4."timestamp", compress_hyper_156_10132_chunk_4.transactions
                                                                           Index Cond: (compress_hyper_156_10132_chunk_4.ticker = s.ticker)
                                                                           Buffers: shared hit=58887 read=22
                                                                           I/O Timings: shared read=42.868
                                                         ->  Merge Append  (cost=20.10..260.10 rows=8000 width=16) (actual time=2.576..2.576 rows=0 loops=27834)
                                                               Sort Key: _hyper_154_10109_chunk_9."timestamp"
                                                               Buffers: shared hit=625751 read=3362
                                                               I/O Timings: shared read=4270.945
                                                               ->  Custom Scan (DecompressChunk) on _timescaledb_internal._hyper_154_10109_chunk _hyper_154_10109_chunk_9  (cost=2.50..12.50 rows=1000 width=16) (actual time=0.304..0.304 rows=0 loops=27834)
                                                                     Output: _hyper_154_10109_chunk_9.open, _hyper_154_10109_chunk_9."timestamp"
                                                                     Filter: (date_trunc('year'::text, (_hyper_154_10109_chunk_9."timestamp" AT TIME ZONE 'America/New_York'::text)) = date_trunc('year'::text, (now() AT TIME ZONE 'America/New_York'::text)))
                                                                     Rows Removed by Filter: 77
                                                                     Reverse: true
                                                                     Bulk Decompression: true
                                                                     Buffers: shared hit=77639 read=414
                                                                     I/O Timings: shared read=575.511
                                                                     ->  Index Scan Backward using compress_hyper_156_10133_chun_ticker__ts_meta_min_1__ts_met_idx on _timescaledb_internal.compress_hyper_156_10133_chunk compress_hyper_156_10133_chunk_9  (cost=0.28..2.50 rows=1 width=88) (actual time=0.024..0.025 rows=0 loops=27834)
                                                                           Output: compress_hyper_156_10133_chunk_9._ts_meta_count, compress_hyper_156_10133_chunk_9.ticker, compress_hyper_156_10133_chunk_9.volume, compress_hyper_156_10133_chunk_9.open, compress_hyper_156_10133_chunk_9.close, compress_hyper_156_10133_chunk_9.high, compress_hyper_156_10133_chunk_9.low, compress_hyper_156_10133_chunk_9._ts_meta_min_1, compress_hyper_156_10133_chunk_9._ts_meta_max_1, compress_hyper_156_10133_chunk_9."timestamp", compress_hyper_156_10133_chunk_9.transactions
                                                                           Index Cond: (compress_hyper_156_10133_chunk_9.ticker = s.ticker)
                                                                           Buffers: shared hit=58985
                                                               ->  Custom Scan (DecompressChunk) on _timescaledb_internal._hyper_154_10110_chunk _hyper_154_10110_chunk_9  (cost=2.50..12.50 rows=1000 width=16) (actual time=0.301..0.301 rows=0 loops=27834)
                                                                     Output: _hyper_154_10110_chunk_9.open, _hyper_154_10110_chunk_9."timestamp"
                                                                     Filter: (date_trunc('year'::text, (_hyper_154_10110_chunk_9."timestamp" AT TIME ZONE 'America/New_York'::text)) = date_trunc('year'::text, (now() AT TIME ZONE 'America/New_York'::text)))
                                                                     Rows Removed by Filter: 81
                                                                     Reverse: true
                                                                     Bulk Decompression: true
                                                                     Buffers: shared hit=78480 read=434
                                                                     I/O Timings: shared read=605.321
                                                                     ->  Index Scan Backward using compress_hyper_156_10134_chun_ticker__ts_meta_min_1__ts_met_idx on _timescaledb_internal.compress_hyper_156_10134_chunk compress_hyper_156_10134_chunk_9  (cost=0.28..2.50 rows=1 width=88) (actual time=0.014..0.016 rows=0 loops=27834)
                                                                           Output: compress_hyper_156_10134_chunk_9._ts_meta_count, compress_hyper_156_10134_chunk_9.ticker, compress_hyper_156_10134_chunk_9.volume, compress_hyper_156_10134_chunk_9.open, compress_hyper_156_10134_chunk_9.close, compress_hyper_156_10134_chunk_9.high, compress_hyper_156_10134_chunk_9.low, compress_hyper_156_10134_chunk_9._ts_meta_min_1, compress_hyper_156_10134_chunk_9._ts_meta_max_1, compress_hyper_156_10134_chunk_9."timestamp", compress_hyper_156_10134_chunk_9.transactions
                                                                           Index Cond: (compress_hyper_156_10134_chunk_9.ticker = s.ticker)
                                                                           Buffers: shared hit=59071
                                                               ->  Custom Scan (DecompressChunk) on _timescaledb_internal._hyper_154_10111_chunk _hyper_154_10111_chunk_9  (cost=2.50..12.50 rows=1000 width=16) (actual time=0.326..0.326 rows=0 loops=27834)
                                                                     Output: _hyper_154_10111_chunk_9.open, _hyper_154_10111_chunk_9."timestamp"
                                                                     Filter: (date_trunc('year'::text, (_hyper_154_10111_chunk_9."timestamp" AT TIME ZONE 'America/New_York'::text)) = date_trunc('year'::text, (now() AT TIME ZONE 'America/New_York'::text)))
                                                                     Rows Removed by Filter: 79
                                                                     Reverse: true
                                                                     Bulk Decompression: true
                                                                     Buffers: shared hit=78381 read=421
                                                                     I/O Timings: shared read=313.236
                                                                     ->  Index Scan Backward using compress_hyper_156_10135_chun_ticker__ts_meta_min_1__ts_met_idx on _timescaledb_internal.compress_hyper_156_10135_chunk compress_hyper_156_10135_chunk_9  (cost=0.28..2.50 rows=1 width=88) (actual time=0.015..0.015 rows=0 loops=27834)
                                                                           Output: compress_hyper_156_10135_chunk_9._ts_meta_count, compress_hyper_156_10135_chunk_9.ticker, compress_hyper_156_10135_chunk_9.volume, compress_hyper_156_10135_chunk_9.open, compress_hyper_156_10135_chunk_9.close, compress_hyper_156_10135_chunk_9.high, compress_hyper_156_10135_chunk_9.low, compress_hyper_156_10135_chunk_9._ts_meta_min_1, compress_hyper_156_10135_chunk_9._ts_meta_max_1, compress_hyper_156_10135_chunk_9."timestamp", compress_hyper_156_10135_chunk_9.transactions
                                                                           Index Cond: (compress_hyper_156_10135_chunk_9.ticker = s.ticker)
                                                                           Buffers: shared hit=59090
                                                               ->  Custom Scan (DecompressChunk) on _timescaledb_internal._hyper_154_10112_chunk _hyper_154_10112_chunk_9  (cost=2.50..12.50 rows=1000 width=16) (actual time=0.305..0.305 rows=0 loops=27834)
                                                                     Output: _hyper_154_10112_chunk_9.open, _hyper_154_10112_chunk_9."timestamp"
                                                                     Filter: (date_trunc('year'::text, (_hyper_154_10112_chunk_9."timestamp" AT TIME ZONE 'America/New_York'::text)) = date_trunc('year'::text, (now() AT TIME ZONE 'America/New_York'::text)))
                                                                     Rows Removed by Filter: 78
                                                                     Reverse: true
                                                                     Bulk Decompression: true
                                                                     Buffers: shared hit=77911 read=424
                                                                     I/O Timings: shared read=516.537
                                                                     ->  Index Scan Backward using compress_hyper_156_10136_chun_ticker__ts_meta_min_1__ts_met_idx on _timescaledb_internal.compress_hyper_156_10136_chunk compress_hyper_156_10136_chunk_9  (cost=0.28..2.50 rows=1 width=88) (actual time=0.016..0.017 rows=0 loops=27834)
                                                                           Output: compress_hyper_156_10136_chunk_9._ts_meta_count, compress_hyper_156_10136_chunk_9.ticker, compress_hyper_156_10136_chunk_9.volume, compress_hyper_156_10136_chunk_9.open, compress_hyper_156_10136_chunk_9.close, compress_hyper_156_10136_chunk_9.high, compress_hyper_156_10136_chunk_9.low, compress_hyper_156_10136_chunk_9._ts_meta_min_1, compress_hyper_156_10136_chunk_9._ts_meta_max_1, compress_hyper_156_10136_chunk_9."timestamp", compress_hyper_156_10136_chunk_9.transactions
                                                                           Index Cond: (compress_hyper_156_10136_chunk_9.ticker = s.ticker)
                                                                           Buffers: shared hit=59011
                                                               ->  Custom Scan (DecompressChunk) on _timescaledb_internal._hyper_154_10113_chunk _hyper_154_10113_chunk_9  (cost=2.50..12.50 rows=1000 width=16) (actual time=0.296..0.296 rows=0 loops=27834)
                                                                     Output: _hyper_154_10113_chunk_9.open, _hyper_154_10113_chunk_9."timestamp"
                                                                     Filter: (date_trunc('year'::text, (_hyper_154_10113_chunk_9."timestamp" AT TIME ZONE 'America/New_York'::text)) = date_trunc('year'::text, (now() AT TIME ZONE 'America/New_York'::text)))
                                                                     Rows Removed by Filter: 78
                                                                     Reverse: true
                                                                     Bulk Decompression: true
                                                                     Buffers: shared hit=77790 read=436
                                                                     I/O Timings: shared read=600.501
                                                                     ->  Index Scan Backward using compress_hyper_156_10137_chun_ticker__ts_meta_min_1__ts_met_idx on _timescaledb_internal.compress_hyper_156_10137_chunk compress_hyper_156_10137_chunk_9  (cost=0.28..2.50 rows=1 width=88) (actual time=0.022..0.024 rows=0 loops=27834)
                                                                           Output: compress_hyper_156_10137_chunk_9._ts_meta_count, compress_hyper_156_10137_chunk_9.ticker, compress_hyper_156_10137_chunk_9.volume, compress_hyper_156_10137_chunk_9.open, compress_hyper_156_10137_chunk_9.close, compress_hyper_156_10137_chunk_9.high, compress_hyper_156_10137_chunk_9.low, compress_hyper_156_10137_chunk_9._ts_meta_min_1, compress_hyper_156_10137_chunk_9._ts_meta_max_1, compress_hyper_156_10137_chunk_9."timestamp", compress_hyper_156_10137_chunk_9.transactions
                                                                           Index Cond: (compress_hyper_156_10137_chunk_9.ticker = s.ticker)
                                                                           Buffers: shared hit=58943
                                                               ->  Custom Scan (DecompressChunk) on _timescaledb_internal._hyper_154_10114_chunk _hyper_154_10114_chunk_9  (cost=2.50..12.50 rows=1000 width=16) (actual time=0.283..0.283 rows=0 loops=27834)
                                                                     Output: _hyper_154_10114_chunk_9.open, _hyper_154_10114_chunk_9."timestamp"
                                                                     Filter: (date_trunc('year'::text, (_hyper_154_10114_chunk_9."timestamp" AT TIME ZONE 'America/New_York'::text)) = date_trunc('year'::text, (now() AT TIME ZONE 'America/New_York'::text)))
                                                                     Rows Removed by Filter: 77
                                                                     Reverse: true
                                                                     Bulk Decompression: true
                                                                     Buffers: shared hit=78125 read=398
                                                                     I/O Timings: shared read=417.233
                                                                     ->  Index Scan Backward using compress_hyper_156_10138_chun_ticker__ts_meta_min_1__ts_met_idx on _timescaledb_internal.compress_hyper_156_10138_chunk compress_hyper_156_10138_chunk_9  (cost=0.28..2.50 rows=1 width=89) (actual time=0.021..0.022 rows=0 loops=27834)
                                                                           Output: compress_hyper_156_10138_chunk_9._ts_meta_count, compress_hyper_156_10138_chunk_9.ticker, compress_hyper_156_10138_chunk_9.volume, compress_hyper_156_10138_chunk_9.open, compress_hyper_156_10138_chunk_9.close, compress_hyper_156_10138_chunk_9.high, compress_hyper_156_10138_chunk_9.low, compress_hyper_156_10138_chunk_9._ts_meta_min_1, compress_hyper_156_10138_chunk_9._ts_meta_max_1, compress_hyper_156_10138_chunk_9."timestamp", compress_hyper_156_10138_chunk_9.transactions
                                                                           Index Cond: (compress_hyper_156_10138_chunk_9.ticker = s.ticker)
                                                                           Buffers: shared hit=59082
                                                               ->  Custom Scan (DecompressChunk) on _timescaledb_internal._hyper_154_10115_chunk _hyper_154_10115_chunk_9  (cost=2.50..12.50 rows=1000 width=16) (actual time=0.329..0.329 rows=0 loops=27834)
                                                                     Output: _hyper_154_10115_chunk_9.open, _hyper_154_10115_chunk_9."timestamp"
                                                                     Filter: (date_trunc('year'::text, (_hyper_154_10115_chunk_9."timestamp" AT TIME ZONE 'America/New_York'::text)) = date_trunc('year'::text, (now() AT TIME ZONE 'America/New_York'::text)))
                                                                     Rows Removed by Filter: 81
                                                                     Reverse: true
                                                                     Bulk Decompression: true
                                                                     Buffers: shared hit=78982 read=407
                                                                     I/O Timings: shared read=563.728
                                                                     ->  Index Scan Backward using compress_hyper_156_10139_chun_ticker__ts_meta_min_1__ts_met_idx on _timescaledb_internal.compress_hyper_156_10139_chunk compress_hyper_156_10139_chunk_9  (cost=0.28..2.50 rows=1 width=88) (actual time=0.017..0.018 rows=0 loops=27834)
                                                                           Output: compress_hyper_156_10139_chunk_9._ts_meta_count, compress_hyper_156_10139_chunk_9.ticker, compress_hyper_156_10139_chunk_9.volume, compress_hyper_156_10139_chunk_9.open, compress_hyper_156_10139_chunk_9.close, compress_hyper_156_10139_chunk_9.high, compress_hyper_156_10139_chunk_9.low, compress_hyper_156_10139_chunk_9._ts_meta_min_1, compress_hyper_156_10139_chunk_9._ts_meta_max_1, compress_hyper_156_10139_chunk_9."timestamp", compress_hyper_156_10139_chunk_9.transactions
                                                                           Index Cond: (compress_hyper_156_10139_chunk_9.ticker = s.ticker)
                                                                           Buffers: shared hit=59163
                                                               ->  Custom Scan (DecompressChunk) on _timescaledb_internal._hyper_154_10116_chunk _hyper_154_10116_chunk_9  (cost=2.50..12.50 rows=1000 width=16) (actual time=0.305..0.305 rows=0 loops=27834)
                                                                     Output: _hyper_154_10116_chunk_9.open, _hyper_154_10116_chunk_9."timestamp"
                                                                     Filter: (date_trunc('year'::text, (_hyper_154_10116_chunk_9."timestamp" AT TIME ZONE 'America/New_York'::text)) = date_trunc('year'::text, (now() AT TIME ZONE 'America/New_York'::text)))
                                                                     Rows Removed by Filter: 79
                                                                     Reverse: true
                                                                     Bulk Decompression: true
                                                                     Buffers: shared hit=78443 read=428
                                                                     I/O Timings: shared read=678.878
                                                                     ->  Index Scan Backward using compress_hyper_156_10140_chun_ticker__ts_meta_min_1__ts_met_idx on _timescaledb_internal.compress_hyper_156_10140_chunk compress_hyper_156_10140_chunk_9  (cost=0.28..2.50 rows=1 width=88) (actual time=0.021..0.022 rows=0 loops=27834)
                                                                           Output: compress_hyper_156_10140_chunk_9._ts_meta_count, compress_hyper_156_10140_chunk_9.ticker, compress_hyper_156_10140_chunk_9.volume, compress_hyper_156_10140_chunk_9.open, compress_hyper_156_10140_chunk_9.close, compress_hyper_156_10140_chunk_9.high, compress_hyper_156_10140_chunk_9.low, compress_hyper_156_10140_chunk_9._ts_meta_min_1, compress_hyper_156_10140_chunk_9._ts_meta_max_1, compress_hyper_156_10140_chunk_9."timestamp", compress_hyper_156_10140_chunk_9.transactions
                                                                           Index Cond: (compress_hyper_156_10140_chunk_9.ticker = s.ticker)
                                                                           Buffers: shared hit=59086
                                                         ->  Merge Append  (cost=3.46..60.58 rows=8 width=16) (actual time=0.248..0.248 rows=0 loops=16579)
                                                               Sort Key: _hyper_154_10085_chunk_9."timestamp"
                                                               Buffers: shared hit=397903 read=3
                                                               I/O Timings: shared read=0.176
                                                               ->  Index Only Scan Backward using _hyper_154_10085_chunk_ohlcv_1d_ticker_ts_desc_inc on _timescaledb_internal._hyper_154_10085_chunk _hyper_154_10085_chunk_9  (cost=0.42..7.51 rows=1 width=16) (actual time=0.021..0.021 rows=0 loops=16579)
                                                                     Output: _hyper_154_10085_chunk_9.open, _hyper_154_10085_chunk_9."timestamp"
                                                                     Index Cond: (_hyper_154_10085_chunk_9.ticker = s.ticker)
                                                                     Filter: (date_trunc('year'::text, (_hyper_154_10085_chunk_9."timestamp" AT TIME ZONE 'America/New_York'::text)) = date_trunc('year'::text, (now() AT TIME ZONE 'America/New_York'::text)))
                                                                     Heap Fetches: 0
                                                                     Buffers: shared hit=49738
                                                               ->  Index Only Scan Backward using _hyper_154_10086_chunk_ohlcv_1d_ticker_ts_desc_inc on _timescaledb_internal._hyper_154_10086_chunk _hyper_154_10086_chunk_9  (cost=0.42..7.55 rows=1 width=16) (actual time=0.035..0.035 rows=0 loops=16579)
                                                                     Output: _hyper_154_10086_chunk_9.open, _hyper_154_10086_chunk_9."timestamp"
                                                                     Index Cond: (_hyper_154_10086_chunk_9.ticker = s.ticker)
                                                                     Filter: (date_trunc('year'::text, (_hyper_154_10086_chunk_9."timestamp" AT TIME ZONE 'America/New_York'::text)) = date_trunc('year'::text, (now() AT TIME ZONE 'America/New_York'::text)))
                                                                     Heap Fetches: 1
                                                                     Buffers: shared hit=49738 read=1
                                                                     I/O Timings: shared read=0.037
                                                               ->  Index Only Scan Backward using _hyper_154_10087_chunk_ohlcv_1d_ticker_ts_desc_inc on _timescaledb_internal._hyper_154_10087_chunk _hyper_154_10087_chunk_9  (cost=0.42..7.55 rows=1 width=16) (actual time=0.028..0.028 rows=0 loops=16579)
                                                                     Output: _hyper_154_10087_chunk_9.open, _hyper_154_10087_chunk_9."timestamp"
                                                                     Index Cond: (_hyper_154_10087_chunk_9.ticker = s.ticker)
                                                                     Filter: (date_trunc('year'::text, (_hyper_154_10087_chunk_9."timestamp" AT TIME ZONE 'America/New_York'::text)) = date_trunc('year'::text, (now() AT TIME ZONE 'America/New_York'::text)))
                                                                     Heap Fetches: 0
                                                                     Buffers: shared hit=49738
                                                               ->  Index Only Scan Backward using _hyper_154_10088_chunk_ohlcv_1d_ticker_ts_desc_inc on _timescaledb_internal._hyper_154_10088_chunk _hyper_154_10088_chunk_9  (cost=0.42..7.55 rows=1 width=16) (actual time=0.018..0.018 rows=0 loops=16579)
                                                                     Output: _hyper_154_10088_chunk_9.open, _hyper_154_10088_chunk_9."timestamp"
                                                                     Index Cond: (_hyper_154_10088_chunk_9.ticker = s.ticker)
                                                                     Filter: (date_trunc('year'::text, (_hyper_154_10088_chunk_9."timestamp" AT TIME ZONE 'America/New_York'::text)) = date_trunc('year'::text, (now() AT TIME ZONE 'America/New_York'::text)))
                                                                     Heap Fetches: 0
                                                                     Buffers: shared hit=49738
                                                               ->  Index Only Scan Backward using _hyper_154_10089_chunk_ohlcv_1d_ticker_ts_desc_inc on _timescaledb_internal._hyper_154_10089_chunk _hyper_154_10089_chunk_9  (cost=0.42..7.55 rows=1 width=16) (actual time=0.034..0.034 rows=0 loops=16579)
                                                                     Output: _hyper_154_10089_chunk_9.open, _hyper_154_10089_chunk_9."timestamp"
                                                                     Index Cond: (_hyper_154_10089_chunk_9.ticker = s.ticker)
                                                                     Filter: (date_trunc('year'::text, (_hyper_154_10089_chunk_9."timestamp" AT TIME ZONE 'America/New_York'::text)) = date_trunc('year'::text, (now() AT TIME ZONE 'America/New_York'::text)))
                                                                     Heap Fetches: 1
                                                                     Buffers: shared hit=49739
                                                               ->  Index Only Scan Backward using _hyper_154_10090_chunk_ohlcv_1d_ticker_ts_desc_inc on _timescaledb_internal._hyper_154_10090_chunk _hyper_154_10090_chunk_9  (cost=0.42..7.55 rows=1 width=16) (actual time=0.017..0.017 rows=0 loops=16579)
                                                                     Output: _hyper_154_10090_chunk_9.open, _hyper_154_10090_chunk_9."timestamp"
                                                                     Index Cond: (_hyper_154_10090_chunk_9.ticker = s.ticker)
                                                                     Filter: (date_trunc('year'::text, (_hyper_154_10090_chunk_9."timestamp" AT TIME ZONE 'America/New_York'::text)) = date_trunc('year'::text, (now() AT TIME ZONE 'America/New_York'::text)))
                                                                     Heap Fetches: 0
                                                                     Buffers: shared hit=49737 read=1
                                                                     I/O Timings: shared read=0.118
                                                               ->  Index Only Scan Backward using _hyper_154_10091_chunk_ohlcv_1d_ticker_ts_desc_inc on _timescaledb_internal._hyper_154_10091_chunk _hyper_154_10091_chunk_9  (cost=0.42..7.51 rows=1 width=16) (actual time=0.024..0.024 rows=0 loops=16579)
                                                                     Output: _hyper_154_10091_chunk_9.open, _hyper_154_10091_chunk_9."timestamp"
                                                                     Index Cond: (_hyper_154_10091_chunk_9.ticker = s.ticker)
                                                                     Filter: (date_trunc('year'::text, (_hyper_154_10091_chunk_9."timestamp" AT TIME ZONE 'America/New_York'::text)) = date_trunc('year'::text, (now() AT TIME ZONE 'America/New_York'::text)))
                                                                     Heap Fetches: 0
                                                                     Buffers: shared hit=49738
                                                               ->  Index Only Scan Backward using _hyper_154_10092_chunk_ohlcv_1d_ticker_ts_desc_inc on _timescaledb_internal._hyper_154_10092_chunk _hyper_154_10092_chunk_9  (cost=0.42..7.55 rows=1 width=16) (actual time=0.027..0.027 rows=0 loops=16579)
                                                                     Output: _hyper_154_10092_chunk_9.open, _hyper_154_10092_chunk_9."timestamp"
                                                                     Index Cond: (_hyper_154_10092_chunk_9.ticker = s.ticker)
                                                                     Filter: (date_trunc('year'::text, (_hyper_154_10092_chunk_9."timestamp" AT TIME ZONE 'America/New_York'::text)) = date_trunc('year'::text, (now() AT TIME ZONE 'America/New_York'::text)))
                                                                     Heap Fetches: 0
                                                                     Buffers: shared hit=49737 read=1
                                                                     I/O Timings: shared read=0.021
                                 ->  Limit  (cost=20.10..20.15 rows=1 width=40) (actual time=0.641..0.642 rows=1 loops=27834)
                                       Output: (((ohlcv_1d_10.open)::numeric / 1000.0)), ohlcv_1d_10."timestamp"
                                       Buffers: shared hit=1076045
                                       ->  Result  (cost=20.10..380.10 rows=8000 width=40) (actual time=0.636..0.636 rows=1 loops=27834)
                                             Output: ((ohlcv_1d_10.open)::numeric / 1000.0), ohlcv_1d_10."timestamp"
                                             Buffers: shared hit=1076045
                                             ->  Custom Scan (ChunkAppend) on public.ohlcv_1d ohlcv_1d_10  (cost=20.10..260.10 rows=8000 width=16) (actual time=0.572..0.572 rows=1 loops=27834)
                                                   Output: ohlcv_1d_10.open, ohlcv_1d_10."timestamp"
                                                   Order: ohlcv_1d_10."timestamp"
                                                   Startup Exclusion: false
                                                   Runtime Exclusion: false
                                                   Buffers: shared hit=1076045
                                                   ->  Merge Append  (cost=20.10..260.10 rows=8000 width=16) (actual time=0.298..0.298 rows=0 loops=27834)
                                                         Sort Key: _hyper_154_10093_chunk_2."timestamp"
                                                         Buffers: shared hit=520592
                                                         ->  Custom Scan (DecompressChunk) on _timescaledb_internal._hyper_154_10093_chunk _hyper_154_10093_chunk_2  (cost=2.50..12.50 rows=1000 width=16) (actual time=0.030..0.030 rows=0 loops=27834)
                                                               Output: _hyper_154_10093_chunk_2.open, _hyper_154_10093_chunk_2."timestamp"
                                                               Reverse: true
                                                               Bulk Decompression: true
                                                               Buffers: shared hit=64546
                                                               ->  Index Scan Backward using compress_hyper_156_10117_chun_ticker__ts_meta_min_1__ts_met_idx on _timescaledb_internal.compress_hyper_156_10117_chunk compress_hyper_156_10117_chunk_2  (cost=0.28..2.50 rows=1 width=88) (actual time=0.021..0.021 rows=0 loops=27834)
                                                                     Output: compress_hyper_156_10117_chunk_2._ts_meta_count, compress_hyper_156_10117_chunk_2.ticker, compress_hyper_156_10117_chunk_2.volume, compress_hyper_156_10117_chunk_2.open, compress_hyper_156_10117_chunk_2.close, compress_hyper_156_10117_chunk_2.high, compress_hyper_156_10117_chunk_2.low, compress_hyper_156_10117_chunk_2._ts_meta_min_1, compress_hyper_156_10117_chunk_2._ts_meta_max_1, compress_hyper_156_10117_chunk_2."timestamp", compress_hyper_156_10117_chunk_2.transactions
                                                                     Index Cond: (compress_hyper_156_10117_chunk_2.ticker = s.ticker)
                                                                     Buffers: shared hit=57053
                                                         ->  Custom Scan (DecompressChunk) on _timescaledb_internal._hyper_154_10094_chunk _hyper_154_10094_chunk_2  (cost=2.50..12.50 rows=1000 width=16) (actual time=0.033..0.033 rows=0 loops=27834)
                                                               Output: _hyper_154_10094_chunk_2.open, _hyper_154_10094_chunk_2."timestamp"
                                                               Reverse: true
                                                               Bulk Decompression: true
                                                               Buffers: shared hit=65512
                                                               ->  Index Scan Backward using compress_hyper_156_10118_chun_ticker__ts_meta_min_1__ts_met_idx on _timescaledb_internal.compress_hyper_156_10118_chunk compress_hyper_156_10118_chunk_2  (cost=0.28..2.50 rows=1 width=88) (actual time=0.021..0.021 rows=0 loops=27834)
                                                                     Output: compress_hyper_156_10118_chunk_2._ts_meta_count, compress_hyper_156_10118_chunk_2.ticker, compress_hyper_156_10118_chunk_2.volume, compress_hyper_156_10118_chunk_2.open, compress_hyper_156_10118_chunk_2.close, compress_hyper_156_10118_chunk_2.high, compress_hyper_156_10118_chunk_2.low, compress_hyper_156_10118_chunk_2._ts_meta_min_1, compress_hyper_156_10118_chunk_2._ts_meta_max_1, compress_hyper_156_10118_chunk_2."timestamp", compress_hyper_156_10118_chunk_2.transactions
                                                                     Index Cond: (compress_hyper_156_10118_chunk_2.ticker = s.ticker)
                                                                     Buffers: shared hit=57178
                                                         ->  Custom Scan (DecompressChunk) on _timescaledb_internal._hyper_154_10095_chunk _hyper_154_10095_chunk_2  (cost=2.50..12.50 rows=1000 width=16) (actual time=0.020..0.020 rows=0 loops=27834)
                                                               Output: _hyper_154_10095_chunk_2.open, _hyper_154_10095_chunk_2."timestamp"
                                                               Reverse: true
                                                               Bulk Decompression: true
                                                               Buffers: shared hit=65039
                                                               ->  Index Scan Backward using compress_hyper_156_10119_chun_ticker__ts_meta_min_1__ts_met_idx on _timescaledb_internal.compress_hyper_156_10119_chunk compress_hyper_156_10119_chunk_2  (cost=0.28..2.50 rows=1 width=88) (actual time=0.013..0.013 rows=0 loops=27834)
                                                                     Output: compress_hyper_156_10119_chunk_2._ts_meta_count, compress_hyper_156_10119_chunk_2.ticker, compress_hyper_156_10119_chunk_2.volume, compress_hyper_156_10119_chunk_2.open, compress_hyper_156_10119_chunk_2.close, compress_hyper_156_10119_chunk_2.high, compress_hyper_156_10119_chunk_2.low, compress_hyper_156_10119_chunk_2._ts_meta_min_1, compress_hyper_156_10119_chunk_2._ts_meta_max_1, compress_hyper_156_10119_chunk_2."timestamp", compress_hyper_156_10119_chunk_2.transactions
                                                                     Index Cond: (compress_hyper_156_10119_chunk_2.ticker = s.ticker)
                                                                     Buffers: shared hit=57124
                                                         ->  Custom Scan (DecompressChunk) on _timescaledb_internal._hyper_154_10096_chunk _hyper_154_10096_chunk_2  (cost=2.50..12.50 rows=1000 width=16) (actual time=0.026..0.026 rows=0 loops=27834)
                                                               Output: _hyper_154_10096_chunk_2.open, _hyper_154_10096_chunk_2."timestamp"
                                                               Reverse: true
                                                               Bulk Decompression: true
                                                               Buffers: shared hit=65033
                                                               ->  Index Scan Backward using compress_hyper_156_10120_chun_ticker__ts_meta_min_1__ts_met_idx on _timescaledb_internal.compress_hyper_156_10120_chunk compress_hyper_156_10120_chunk_2  (cost=0.28..2.50 rows=1 width=88) (actual time=0.018..0.018 rows=0 loops=27834)
                                                                     Output: compress_hyper_156_10120_chunk_2._ts_meta_count, compress_hyper_156_10120_chunk_2.ticker, compress_hyper_156_10120_chunk_2.volume, compress_hyper_156_10120_chunk_2.open, compress_hyper_156_10120_chunk_2.close, compress_hyper_156_10120_chunk_2.high, compress_hyper_156_10120_chunk_2.low, compress_hyper_156_10120_chunk_2._ts_meta_min_1, compress_hyper_156_10120_chunk_2._ts_meta_max_1, compress_hyper_156_10120_chunk_2."timestamp", compress_hyper_156_10120_chunk_2.transactions
                                                                     Index Cond: (compress_hyper_156_10120_chunk_2.ticker = s.ticker)
                                                                     Buffers: shared hit=57119
                                                         ->  Custom Scan (DecompressChunk) on _timescaledb_internal._hyper_154_10097_chunk _hyper_154_10097_chunk_2  (cost=2.50..12.50 rows=1000 width=16) (actual time=0.022..0.022 rows=0 loops=27834)
                                                               Output: _hyper_154_10097_chunk_2.open, _hyper_154_10097_chunk_2."timestamp"
                                                               Reverse: true
                                                               Bulk Decompression: true
                                                               Buffers: shared hit=65116
                                                               ->  Index Scan Backward using compress_hyper_156_10121_chun_ticker__ts_meta_min_1__ts_met_idx on _timescaledb_internal.compress_hyper_156_10121_chunk compress_hyper_156_10121_chunk_2  (cost=0.28..2.50 rows=1 width=88) (actual time=0.018..0.018 rows=0 loops=27834)
                                                                     Output: compress_hyper_156_10121_chunk_2._ts_meta_count, compress_hyper_156_10121_chunk_2.ticker, compress_hyper_156_10121_chunk_2.volume, compress_hyper_156_10121_chunk_2.open, compress_hyper_156_10121_chunk_2.close, compress_hyper_156_10121_chunk_2.high, compress_hyper_156_10121_chunk_2.low, compress_hyper_156_10121_chunk_2._ts_meta_min_1, compress_hyper_156_10121_chunk_2._ts_meta_max_1, compress_hyper_156_10121_chunk_2."timestamp", compress_hyper_156_10121_chunk_2.transactions
                                                                     Index Cond: (compress_hyper_156_10121_chunk_2.ticker = s.ticker)
                                                                     Buffers: shared hit=57118
                                                         ->  Custom Scan (DecompressChunk) on _timescaledb_internal._hyper_154_10098_chunk _hyper_154_10098_chunk_2  (cost=2.50..12.50 rows=1000 width=16) (actual time=0.022..0.022 rows=0 loops=27834)
                                                               Output: _hyper_154_10098_chunk_2.open, _hyper_154_10098_chunk_2."timestamp"
                                                               Reverse: true
                                                               Bulk Decompression: true
                                                               Buffers: shared hit=65194
                                                               ->  Index Scan Backward using compress_hyper_156_10122_chun_ticker__ts_meta_min_1__ts_met_idx on _timescaledb_internal.compress_hyper_156_10122_chunk compress_hyper_156_10122_chunk_2  (cost=0.28..2.50 rows=1 width=88) (actual time=0.015..0.015 rows=0 loops=27834)
                                                                     Output: compress_hyper_156_10122_chunk_2._ts_meta_count, compress_hyper_156_10122_chunk_2.ticker, compress_hyper_156_10122_chunk_2.volume, compress_hyper_156_10122_chunk_2.open, compress_hyper_156_10122_chunk_2.close, compress_hyper_156_10122_chunk_2.high, compress_hyper_156_10122_chunk_2.low, compress_hyper_156_10122_chunk_2._ts_meta_min_1, compress_hyper_156_10122_chunk_2._ts_meta_max_1, compress_hyper_156_10122_chunk_2."timestamp", compress_hyper_156_10122_chunk_2.transactions
                                                                     Index Cond: (compress_hyper_156_10122_chunk_2.ticker = s.ticker)
                                                                     Buffers: shared hit=57146
                                                         ->  Custom Scan (DecompressChunk) on _timescaledb_internal._hyper_154_10099_chunk _hyper_154_10099_chunk_2  (cost=2.50..12.50 rows=1000 width=16) (actual time=0.021..0.021 rows=0 loops=27834)
                                                               Output: _hyper_154_10099_chunk_2.open, _hyper_154_10099_chunk_2."timestamp"
                                                               Reverse: true
                                                               Bulk Decompression: true
                                                               Buffers: shared hit=65082
                                                               ->  Index Scan Backward using compress_hyper_156_10123_chun_ticker__ts_meta_min_1__ts_met_idx on _timescaledb_internal.compress_hyper_156_10123_chunk compress_hyper_156_10123_chunk_2  (cost=0.28..2.50 rows=1 width=88) (actual time=0.015..0.015 rows=0 loops=27834)
                                                                     Output: compress_hyper_156_10123_chunk_2._ts_meta_count, compress_hyper_156_10123_chunk_2.ticker, compress_hyper_156_10123_chunk_2.volume, compress_hyper_156_10123_chunk_2.open, compress_hyper_156_10123_chunk_2.close, compress_hyper_156_10123_chunk_2.high, compress_hyper_156_10123_chunk_2.low, compress_hyper_156_10123_chunk_2._ts_meta_min_1, compress_hyper_156_10123_chunk_2._ts_meta_max_1, compress_hyper_156_10123_chunk_2."timestamp", compress_hyper_156_10123_chunk_2.transactions
                                                                     Index Cond: (compress_hyper_156_10123_chunk_2.ticker = s.ticker)
                                                                     Buffers: shared hit=57128
                                                         ->  Custom Scan (DecompressChunk) on _timescaledb_internal._hyper_154_10100_chunk _hyper_154_10100_chunk_2  (cost=2.50..12.50 rows=1000 width=16) (actual time=0.024..0.024 rows=0 loops=27834)
                                                               Output: _hyper_154_10100_chunk_2.open, _hyper_154_10100_chunk_2."timestamp"
                                                               Reverse: true
                                                               Bulk Decompression: true
                                                               Buffers: shared hit=65070
                                                               ->  Index Scan Backward using compress_hyper_156_10124_chun_ticker__ts_meta_min_1__ts_met_idx on _timescaledb_internal.compress_hyper_156_10124_chunk compress_hyper_156_10124_chunk_2  (cost=0.28..2.50 rows=1 width=88) (actual time=0.014..0.014 rows=0 loops=27834)
                                                                     Output: compress_hyper_156_10124_chunk_2._ts_meta_count, compress_hyper_156_10124_chunk_2.ticker, compress_hyper_156_10124_chunk_2.volume, compress_hyper_156_10124_chunk_2.open, compress_hyper_156_10124_chunk_2.close, compress_hyper_156_10124_chunk_2.high, compress_hyper_156_10124_chunk_2.low, compress_hyper_156_10124_chunk_2._ts_meta_min_1, compress_hyper_156_10124_chunk_2._ts_meta_max_1, compress_hyper_156_10124_chunk_2."timestamp", compress_hyper_156_10124_chunk_2.transactions
                                                                     Index Cond: (compress_hyper_156_10124_chunk_2.ticker = s.ticker)
                                                                     Buffers: shared hit=57144
                                                   ->  Merge Append  (cost=20.10..260.10 rows=8000 width=16) (actual time=0.247..0.247 rows=0 loops=16168)
                                                         Sort Key: _hyper_154_10101_chunk_5."timestamp"
                                                         Buffers: shared hit=289032
                                                         ->  Custom Scan (DecompressChunk) on _timescaledb_internal._hyper_154_10101_chunk _hyper_154_10101_chunk_5  (cost=2.50..12.50 rows=1000 width=16) (actual time=0.023..0.023 rows=0 loops=16168)
                                                               Output: _hyper_154_10101_chunk_5.open, _hyper_154_10101_chunk_5."timestamp"
                                                               Reverse: true
                                                               Bulk Decompression: true
                                                               Buffers: shared hit=36298
                                                               ->  Index Scan Backward using compress_hyper_156_10125_chun_ticker__ts_meta_min_1__ts_met_idx on _timescaledb_internal.compress_hyper_156_10125_chunk compress_hyper_156_10125_chunk_5  (cost=0.28..2.50 rows=1 width=88) (actual time=0.013..0.013 rows=0 loops=16168)
                                                                     Output: compress_hyper_156_10125_chunk_5._ts_meta_count, compress_hyper_156_10125_chunk_5.ticker, compress_hyper_156_10125_chunk_5.volume, compress_hyper_156_10125_chunk_5.open, compress_hyper_156_10125_chunk_5.close, compress_hyper_156_10125_chunk_5.high, compress_hyper_156_10125_chunk_5.low, compress_hyper_156_10125_chunk_5._ts_meta_min_1, compress_hyper_156_10125_chunk_5._ts_meta_max_1, compress_hyper_156_10125_chunk_5."timestamp", compress_hyper_156_10125_chunk_5.transactions
                                                                     Index Cond: (compress_hyper_156_10125_chunk_5.ticker = s.ticker)
                                                                     Buffers: shared hit=32982
                                                         ->  Custom Scan (DecompressChunk) on _timescaledb_internal._hyper_154_10102_chunk _hyper_154_10102_chunk_5  (cost=2.50..12.50 rows=1000 width=16) (actual time=0.020..0.020 rows=0 loops=16168)
                                                               Output: _hyper_154_10102_chunk_5.open, _hyper_154_10102_chunk_5."timestamp"
                                                               Reverse: true
                                                               Bulk Decompression: true
                                                               Buffers: shared hit=36017
                                                               ->  Index Scan Backward using compress_hyper_156_10126_chun_ticker__ts_meta_min_1__ts_met_idx on _timescaledb_internal.compress_hyper_156_10126_chunk compress_hyper_156_10126_chunk_5  (cost=0.28..2.50 rows=1 width=88) (actual time=0.008..0.008 rows=0 loops=16168)
                                                                     Output: compress_hyper_156_10126_chunk_5._ts_meta_count, compress_hyper_156_10126_chunk_5.ticker, compress_hyper_156_10126_chunk_5.volume, compress_hyper_156_10126_chunk_5.open, compress_hyper_156_10126_chunk_5.close, compress_hyper_156_10126_chunk_5.high, compress_hyper_156_10126_chunk_5.low, compress_hyper_156_10126_chunk_5._ts_meta_min_1, compress_hyper_156_10126_chunk_5._ts_meta_max_1, compress_hyper_156_10126_chunk_5."timestamp", compress_hyper_156_10126_chunk_5.transactions
                                                                     Index Cond: (compress_hyper_156_10126_chunk_5.ticker = s.ticker)
                                                                     Buffers: shared hit=32952
                                                         ->  Custom Scan (DecompressChunk) on _timescaledb_internal._hyper_154_10103_chunk _hyper_154_10103_chunk_5  (cost=2.50..12.50 rows=1000 width=16) (actual time=0.023..0.023 rows=0 loops=16168)
                                                               Output: _hyper_154_10103_chunk_5.open, _hyper_154_10103_chunk_5."timestamp"
                                                               Reverse: true
                                                               Bulk Decompression: true
                                                               Buffers: shared hit=36170
                                                               ->  Index Scan Backward using compress_hyper_156_10127_chun_ticker__ts_meta_min_1__ts_met_idx on _timescaledb_internal.compress_hyper_156_10127_chunk compress_hyper_156_10127_chunk_5  (cost=0.28..2.50 rows=1 width=88) (actual time=0.012..0.012 rows=0 loops=16168)
                                                                     Output: compress_hyper_156_10127_chunk_5._ts_meta_count, compress_hyper_156_10127_chunk_5.ticker, compress_hyper_156_10127_chunk_5.volume, compress_hyper_156_10127_chunk_5.open, compress_hyper_156_10127_chunk_5.close, compress_hyper_156_10127_chunk_5.high, compress_hyper_156_10127_chunk_5.low, compress_hyper_156_10127_chunk_5._ts_meta_min_1, compress_hyper_156_10127_chunk_5._ts_meta_max_1, compress_hyper_156_10127_chunk_5."timestamp", compress_hyper_156_10127_chunk_5.transactions
                                                                     Index Cond: (compress_hyper_156_10127_chunk_5.ticker = s.ticker)
                                                                     Buffers: shared hit=32955
                                                         ->  Custom Scan (DecompressChunk) on _timescaledb_internal._hyper_154_10104_chunk _hyper_154_10104_chunk_5  (cost=2.50..12.50 rows=1000 width=16) (actual time=0.017..0.017 rows=0 loops=16168)
                                                               Output: _hyper_154_10104_chunk_5.open, _hyper_154_10104_chunk_5."timestamp"
                                                               Reverse: true
                                                               Bulk Decompression: true
                                                               Buffers: shared hit=36194
                                                               ->  Index Scan Backward using compress_hyper_156_10128_chun_ticker__ts_meta_min_1__ts_met_idx on _timescaledb_internal.compress_hyper_156_10128_chunk compress_hyper_156_10128_chunk_5  (cost=0.28..2.50 rows=1 width=88) (actual time=0.011..0.011 rows=0 loops=16168)
                                                                     Output: compress_hyper_156_10128_chunk_5._ts_meta_count, compress_hyper_156_10128_chunk_5.ticker, compress_hyper_156_10128_chunk_5.volume, compress_hyper_156_10128_chunk_5.open, compress_hyper_156_10128_chunk_5.close, compress_hyper_156_10128_chunk_5.high, compress_hyper_156_10128_chunk_5.low, compress_hyper_156_10128_chunk_5._ts_meta_min_1, compress_hyper_156_10128_chunk_5._ts_meta_max_1, compress_hyper_156_10128_chunk_5."timestamp", compress_hyper_156_10128_chunk_5.transactions
                                                                     Index Cond: (compress_hyper_156_10128_chunk_5.ticker = s.ticker)
                                                                     Buffers: shared hit=32970
                                                         ->  Custom Scan (DecompressChunk) on _timescaledb_internal._hyper_154_10105_chunk _hyper_154_10105_chunk_5  (cost=2.50..12.50 rows=1000 width=16) (actual time=0.020..0.020 rows=0 loops=16168)
                                                               Output: _hyper_154_10105_chunk_5.open, _hyper_154_10105_chunk_5."timestamp"
                                                               Reverse: true
                                                               Bulk Decompression: true
                                                               Buffers: shared hit=35982
                                                               ->  Index Scan Backward using compress_hyper_156_10129_chun_ticker__ts_meta_min_1__ts_met_idx on _timescaledb_internal.compress_hyper_156_10129_chunk compress_hyper_156_10129_chunk_5  (cost=0.28..2.50 rows=1 width=88) (actual time=0.013..0.013 rows=0 loops=16168)
                                                                     Output: compress_hyper_156_10129_chunk_5._ts_meta_count, compress_hyper_156_10129_chunk_5.ticker, compress_hyper_156_10129_chunk_5.volume, compress_hyper_156_10129_chunk_5.open, compress_hyper_156_10129_chunk_5.close, compress_hyper_156_10129_chunk_5.high, compress_hyper_156_10129_chunk_5.low, compress_hyper_156_10129_chunk_5._ts_meta_min_1, compress_hyper_156_10129_chunk_5._ts_meta_max_1, compress_hyper_156_10129_chunk_5."timestamp", compress_hyper_156_10129_chunk_5.transactions
                                                                     Index Cond: (compress_hyper_156_10129_chunk_5.ticker = s.ticker)
                                                                     Buffers: shared hit=32944
                                                         ->  Custom Scan (DecompressChunk) on _timescaledb_internal._hyper_154_10106_chunk _hyper_154_10106_chunk_5  (cost=2.50..12.50 rows=1000 width=16) (actual time=0.020..0.020 rows=0 loops=16168)
                                                               Output: _hyper_154_10106_chunk_5.open, _hyper_154_10106_chunk_5."timestamp"
                                                               Reverse: true
                                                               Bulk Decompression: true
                                                               Buffers: shared hit=36095
                                                               ->  Index Scan Backward using compress_hyper_156_10130_chun_ticker__ts_meta_min_1__ts_met_idx on _timescaledb_internal.compress_hyper_156_10130_chunk compress_hyper_156_10130_chunk_5  (cost=0.28..2.50 rows=1 width=88) (actual time=0.010..0.010 rows=0 loops=16168)
                                                                     Output: compress_hyper_156_10130_chunk_5._ts_meta_count, compress_hyper_156_10130_chunk_5.ticker, compress_hyper_156_10130_chunk_5.volume, compress_hyper_156_10130_chunk_5.open, compress_hyper_156_10130_chunk_5.close, compress_hyper_156_10130_chunk_5.high, compress_hyper_156_10130_chunk_5.low, compress_hyper_156_10130_chunk_5._ts_meta_min_1, compress_hyper_156_10130_chunk_5._ts_meta_max_1, compress_hyper_156_10130_chunk_5."timestamp", compress_hyper_156_10130_chunk_5.transactions
                                                                     Index Cond: (compress_hyper_156_10130_chunk_5.ticker = s.ticker)
                                                                     Buffers: shared hit=32959
                                                         ->  Custom Scan (DecompressChunk) on _timescaledb_internal._hyper_154_10107_chunk _hyper_154_10107_chunk_5  (cost=2.50..12.50 rows=1000 width=16) (actual time=0.017..0.017 rows=0 loops=16168)
                                                               Output: _hyper_154_10107_chunk_5.open, _hyper_154_10107_chunk_5."timestamp"
                                                               Reverse: true
                                                               Bulk Decompression: true
                                                               Buffers: shared hit=36086
                                                               ->  Index Scan Backward using compress_hyper_156_10131_chun_ticker__ts_meta_min_1__ts_met_idx on _timescaledb_internal.compress_hyper_156_10131_chunk compress_hyper_156_10131_chunk_5  (cost=0.28..2.50 rows=1 width=88) (actual time=0.008..0.008 rows=0 loops=16168)
                                                                     Output: compress_hyper_156_10131_chunk_5._ts_meta_count, compress_hyper_156_10131_chunk_5.ticker, compress_hyper_156_10131_chunk_5.volume, compress_hyper_156_10131_chunk_5.open, compress_hyper_156_10131_chunk_5.close, compress_hyper_156_10131_chunk_5.high, compress_hyper_156_10131_chunk_5.low, compress_hyper_156_10131_chunk_5._ts_meta_min_1, compress_hyper_156_10131_chunk_5._ts_meta_max_1, compress_hyper_156_10131_chunk_5."timestamp", compress_hyper_156_10131_chunk_5.transactions
                                                                     Index Cond: (compress_hyper_156_10131_chunk_5.ticker = s.ticker)
                                                                     Buffers: shared hit=32974
                                                         ->  Custom Scan (DecompressChunk) on _timescaledb_internal._hyper_154_10108_chunk _hyper_154_10108_chunk_5  (cost=2.50..12.50 rows=1000 width=16) (actual time=0.017..0.017 rows=0 loops=16168)
                                                               Output: _hyper_154_10108_chunk_5.open, _hyper_154_10108_chunk_5."timestamp"
                                                               Reverse: true
                                                               Bulk Decompression: true
                                                               Buffers: shared hit=36190
                                                               ->  Index Scan Backward using compress_hyper_156_10132_chun_ticker__ts_meta_min_1__ts_met_idx on _timescaledb_internal.compress_hyper_156_10132_chunk compress_hyper_156_10132_chunk_5  (cost=0.28..2.50 rows=1 width=88) (actual time=0.011..0.011 rows=0 loops=16168)
                                                                     Output: compress_hyper_156_10132_chunk_5._ts_meta_count, compress_hyper_156_10132_chunk_5.ticker, compress_hyper_156_10132_chunk_5.volume, compress_hyper_156_10132_chunk_5.open, compress_hyper_156_10132_chunk_5.close, compress_hyper_156_10132_chunk_5.high, compress_hyper_156_10132_chunk_5.low, compress_hyper_156_10132_chunk_5._ts_meta_min_1, compress_hyper_156_10132_chunk_5._ts_meta_max_1, compress_hyper_156_10132_chunk_5."timestamp", compress_hyper_156_10132_chunk_5.transactions
                                                                     Index Cond: (compress_hyper_156_10132_chunk_5.ticker = s.ticker)
                                                                     Buffers: shared hit=32953
                                                   ->  Merge Append  (cost=20.10..260.10 rows=8000 width=16) (actual time=0.303..0.303 rows=1 loops=11167)
                                                         Sort Key: _hyper_154_10109_chunk_10."timestamp"
                                                         Buffers: shared hit=243348
                                                         ->  Custom Scan (DecompressChunk) on _timescaledb_internal._hyper_154_10109_chunk _hyper_154_10109_chunk_10  (cost=2.50..12.50 rows=1000 width=16) (actual time=0.018..0.018 rows=0 loops=11167)
                                                               Output: _hyper_154_10109_chunk_10.open, _hyper_154_10109_chunk_10."timestamp"
                                                               Reverse: true
                                                               Bulk Decompression: true
                                                               Buffers: shared hit=30159
                                                               ->  Index Scan Backward using compress_hyper_156_10133_chun_ticker__ts_meta_min_1__ts_met_idx on _timescaledb_internal.compress_hyper_156_10133_chunk compress_hyper_156_10133_chunk_10  (cost=0.28..2.50 rows=1 width=88) (actual time=0.010..0.010 rows=0 loops=11167)
                                                                     Output: compress_hyper_156_10133_chunk_10._ts_meta_count, compress_hyper_156_10133_chunk_10.ticker, compress_hyper_156_10133_chunk_10.volume, compress_hyper_156_10133_chunk_10.open, compress_hyper_156_10133_chunk_10.close, compress_hyper_156_10133_chunk_10.high, compress_hyper_156_10133_chunk_10.low, compress_hyper_156_10133_chunk_10._ts_meta_min_1, compress_hyper_156_10133_chunk_10._ts_meta_max_1, compress_hyper_156_10133_chunk_10."timestamp", compress_hyper_156_10133_chunk_10.transactions
                                                                     Index Cond: (compress_hyper_156_10133_chunk_10.ticker = s.ticker)
                                                                     Buffers: shared hit=23569
                                                         ->  Custom Scan (DecompressChunk) on _timescaledb_internal._hyper_154_10110_chunk _hyper_154_10110_chunk_10  (cost=2.50..12.50 rows=1000 width=16) (actual time=0.023..0.023 rows=0 loops=11167)
                                                               Output: _hyper_154_10110_chunk_10.open, _hyper_154_10110_chunk_10."timestamp"
                                                               Reverse: true
                                                               Bulk Decompression: true
                                                               Buffers: shared hit=30237
                                                               ->  Index Scan Backward using compress_hyper_156_10134_chun_ticker__ts_meta_min_1__ts_met_idx on _timescaledb_internal.compress_hyper_156_10134_chunk compress_hyper_156_10134_chunk_10  (cost=0.28..2.50 rows=1 width=88) (actual time=0.013..0.013 rows=0 loops=11167)
                                                                     Output: compress_hyper_156_10134_chunk_10._ts_meta_count, compress_hyper_156_10134_chunk_10.ticker, compress_hyper_156_10134_chunk_10.volume, compress_hyper_156_10134_chunk_10.open, compress_hyper_156_10134_chunk_10.close, compress_hyper_156_10134_chunk_10.high, compress_hyper_156_10134_chunk_10.low, compress_hyper_156_10134_chunk_10._ts_meta_min_1, compress_hyper_156_10134_chunk_10._ts_meta_max_1, compress_hyper_156_10134_chunk_10."timestamp", compress_hyper_156_10134_chunk_10.transactions
                                                                     Index Cond: (compress_hyper_156_10134_chunk_10.ticker = s.ticker)
                                                                     Buffers: shared hit=23603
                                                         ->  Custom Scan (DecompressChunk) on _timescaledb_internal._hyper_154_10111_chunk _hyper_154_10111_chunk_10  (cost=2.50..12.50 rows=1000 width=16) (actual time=0.026..0.026 rows=0 loops=11167)
                                                               Output: _hyper_154_10111_chunk_10.open, _hyper_154_10111_chunk_10."timestamp"
                                                               Reverse: true
                                                               Bulk Decompression: true
                                                               Buffers: shared hit=30489
                                                               ->  Index Scan Backward using compress_hyper_156_10135_chun_ticker__ts_meta_min_1__ts_met_idx on _timescaledb_internal.compress_hyper_156_10135_chunk compress_hyper_156_10135_chunk_10  (cost=0.28..2.50 rows=1 width=88) (actual time=0.013..0.013 rows=0 loops=11167)
                                                                     Output: compress_hyper_156_10135_chunk_10._ts_meta_count, compress_hyper_156_10135_chunk_10.ticker, compress_hyper_156_10135_chunk_10.volume, compress_hyper_156_10135_chunk_10.open, compress_hyper_156_10135_chunk_10.close, compress_hyper_156_10135_chunk_10.high, compress_hyper_156_10135_chunk_10.low, compress_hyper_156_10135_chunk_10._ts_meta_min_1, compress_hyper_156_10135_chunk_10._ts_meta_max_1, compress_hyper_156_10135_chunk_10."timestamp", compress_hyper_156_10135_chunk_10.transactions
                                                                     Index Cond: (compress_hyper_156_10135_chunk_10.ticker = s.ticker)
                                                                     Buffers: shared hit=23614
                                                         ->  Custom Scan (DecompressChunk) on _timescaledb_internal._hyper_154_10112_chunk _hyper_154_10112_chunk_10  (cost=2.50..12.50 rows=1000 width=16) (actual time=0.028..0.028 rows=0 loops=11167)
                                                               Output: _hyper_154_10112_chunk_10.open, _hyper_154_10112_chunk_10."timestamp"
                                                               Reverse: true
                                                               Bulk Decompression: true
                                                               Buffers: shared hit=30469
                                                               ->  Index Scan Backward using compress_hyper_156_10136_chun_ticker__ts_meta_min_1__ts_met_idx on _timescaledb_internal.compress_hyper_156_10136_chunk compress_hyper_156_10136_chunk_10  (cost=0.28..2.50 rows=1 width=88) (actual time=0.020..0.020 rows=0 loops=11167)
                                                                     Output: compress_hyper_156_10136_chunk_10._ts_meta_count, compress_hyper_156_10136_chunk_10.ticker, compress_hyper_156_10136_chunk_10.volume, compress_hyper_156_10136_chunk_10.open, compress_hyper_156_10136_chunk_10.close, compress_hyper_156_10136_chunk_10.high, compress_hyper_156_10136_chunk_10.low, compress_hyper_156_10136_chunk_10._ts_meta_min_1, compress_hyper_156_10136_chunk_10._ts_meta_max_1, compress_hyper_156_10136_chunk_10."timestamp", compress_hyper_156_10136_chunk_10.transactions
                                                                     Index Cond: (compress_hyper_156_10136_chunk_10.ticker = s.ticker)
                                                                     Buffers: shared hit=23622
                                                         ->  Custom Scan (DecompressChunk) on _timescaledb_internal._hyper_154_10113_chunk _hyper_154_10113_chunk_10  (cost=2.50..12.50 rows=1000 width=16) (actual time=0.022..0.022 rows=0 loops=11167)
                                                               Output: _hyper_154_10113_chunk_10.open, _hyper_154_10113_chunk_10."timestamp"
                                                               Reverse: true
                                                               Bulk Decompression: true
                                                               Buffers: shared hit=29880
                                                               ->  Index Scan Backward using compress_hyper_156_10137_chun_ticker__ts_meta_min_1__ts_met_idx on _timescaledb_internal.compress_hyper_156_10137_chunk compress_hyper_156_10137_chunk_10  (cost=0.28..2.50 rows=1 width=88) (actual time=0.014..0.014 rows=0 loops=11167)
                                                                     Output: compress_hyper_156_10137_chunk_10._ts_meta_count, compress_hyper_156_10137_chunk_10.ticker, compress_hyper_156_10137_chunk_10.volume, compress_hyper_156_10137_chunk_10.open, compress_hyper_156_10137_chunk_10.close, compress_hyper_156_10137_chunk_10.high, compress_hyper_156_10137_chunk_10.low, compress_hyper_156_10137_chunk_10._ts_meta_min_1, compress_hyper_156_10137_chunk_10._ts_meta_max_1, compress_hyper_156_10137_chunk_10."timestamp", compress_hyper_156_10137_chunk_10.transactions
                                                                     Index Cond: (compress_hyper_156_10137_chunk_10.ticker = s.ticker)
                                                                     Buffers: shared hit=23532
                                                         ->  Custom Scan (DecompressChunk) on _timescaledb_internal._hyper_154_10114_chunk _hyper_154_10114_chunk_10  (cost=2.50..12.50 rows=1000 width=16) (actual time=0.020..0.020 rows=0 loops=11167)
                                                               Output: _hyper_154_10114_chunk_10.open, _hyper_154_10114_chunk_10."timestamp"
                                                               Reverse: true
                                                               Bulk Decompression: true
                                                               Buffers: shared hit=30461
                                                               ->  Index Scan Backward using compress_hyper_156_10138_chun_ticker__ts_meta_min_1__ts_met_idx on _timescaledb_internal.compress_hyper_156_10138_chunk compress_hyper_156_10138_chunk_10  (cost=0.28..2.50 rows=1 width=89) (actual time=0.008..0.008 rows=0 loops=11167)
                                                                     Output: compress_hyper_156_10138_chunk_10._ts_meta_count, compress_hyper_156_10138_chunk_10.ticker, compress_hyper_156_10138_chunk_10.volume, compress_hyper_156_10138_chunk_10.open, compress_hyper_156_10138_chunk_10.close, compress_hyper_156_10138_chunk_10.high, compress_hyper_156_10138_chunk_10.low, compress_hyper_156_10138_chunk_10._ts_meta_min_1, compress_hyper_156_10138_chunk_10._ts_meta_max_1, compress_hyper_156_10138_chunk_10."timestamp", compress_hyper_156_10138_chunk_10.transactions
                                                                     Index Cond: (compress_hyper_156_10138_chunk_10.ticker = s.ticker)
                                                                     Buffers: shared hit=23601
                                                         ->  Custom Scan (DecompressChunk) on _timescaledb_internal._hyper_154_10115_chunk _hyper_154_10115_chunk_10  (cost=2.50..12.50 rows=1000 width=16) (actual time=0.019..0.019 rows=0 loops=11167)
                                                               Output: _hyper_154_10115_chunk_10.open, _hyper_154_10115_chunk_10."timestamp"
                                                               Reverse: true
                                                               Bulk Decompression: true
                                                               Buffers: shared hit=31024
                                                               ->  Index Scan Backward using compress_hyper_156_10139_chun_ticker__ts_meta_min_1__ts_met_idx on _timescaledb_internal.compress_hyper_156_10139_chunk compress_hyper_156_10139_chunk_10  (cost=0.28..2.50 rows=1 width=88) (actual time=0.008..0.008 rows=0 loops=11167)
                                                                     Output: compress_hyper_156_10139_chunk_10._ts_meta_count, compress_hyper_156_10139_chunk_10.ticker, compress_hyper_156_10139_chunk_10.volume, compress_hyper_156_10139_chunk_10.open, compress_hyper_156_10139_chunk_10.close, compress_hyper_156_10139_chunk_10.high, compress_hyper_156_10139_chunk_10.low, compress_hyper_156_10139_chunk_10._ts_meta_min_1, compress_hyper_156_10139_chunk_10._ts_meta_max_1, compress_hyper_156_10139_chunk_10."timestamp", compress_hyper_156_10139_chunk_10.transactions
                                                                     Index Cond: (compress_hyper_156_10139_chunk_10.ticker = s.ticker)
                                                                     Buffers: shared hit=23705
                                                         ->  Custom Scan (DecompressChunk) on _timescaledb_internal._hyper_154_10116_chunk _hyper_154_10116_chunk_10  (cost=2.50..12.50 rows=1000 width=16) (actual time=0.036..0.036 rows=0 loops=11167)
                                                               Output: _hyper_154_10116_chunk_10.open, _hyper_154_10116_chunk_10."timestamp"
                                                               Reverse: true
                                                               Bulk Decompression: true
                                                               Buffers: shared hit=30629
                                                               ->  Index Scan Backward using compress_hyper_156_10140_chun_ticker__ts_meta_min_1__ts_met_idx on _timescaledb_internal.compress_hyper_156_10140_chunk compress_hyper_156_10140_chunk_10  (cost=0.28..2.50 rows=1 width=88) (actual time=0.017..0.017 rows=0 loops=11167)
                                                                     Output: compress_hyper_156_10140_chunk_10._ts_meta_count, compress_hyper_156_10140_chunk_10.ticker, compress_hyper_156_10140_chunk_10.volume, compress_hyper_156_10140_chunk_10.open, compress_hyper_156_10140_chunk_10.close, compress_hyper_156_10140_chunk_10.high, compress_hyper_156_10140_chunk_10.low, compress_hyper_156_10140_chunk_10._ts_meta_min_1, compress_hyper_156_10140_chunk_10._ts_meta_max_1, compress_hyper_156_10140_chunk_10."timestamp", compress_hyper_156_10140_chunk_10.transactions
                                                                     Index Cond: (compress_hyper_156_10140_chunk_10.ticker = s.ticker)
                                                                     Buffers: shared hit=23632
                                                   ->  Merge Append  (cost=3.46..63.77 rows=670 width=16) (actual time=0.189..0.189 rows=1 loops=961)
                                                         Sort Key: _hyper_154_10085_chunk_10."timestamp"
                                                         Buffers: shared hit=23073
                                                         ->  Index Only Scan Backward using _hyper_154_10085_chunk_ohlcv_1d_ticker_ts_desc_inc on _timescaledb_internal._hyper_154_10085_chunk _hyper_154_10085_chunk_10  (cost=0.42..6.27 rows=83 width=16) (actual time=0.009..0.009 rows=0 loops=961)
                                                               Output: _hyper_154_10085_chunk_10.open, _hyper_154_10085_chunk_10."timestamp"
                                                               Index Cond: (_hyper_154_10085_chunk_10.ticker = s.ticker)
                                                               Heap Fetches: 0
                                                               Buffers: shared hit=2884
                                                         ->  Index Only Scan Backward using _hyper_154_10086_chunk_ohlcv_1d_ticker_ts_desc_inc on _timescaledb_internal._hyper_154_10086_chunk _hyper_154_10086_chunk_10  (cost=0.42..6.29 rows=84 width=16) (actual time=0.008..0.008 rows=0 loops=961)
                                                               Output: _hyper_154_10086_chunk_10.open, _hyper_154_10086_chunk_10."timestamp"
                                                               Index Cond: (_hyper_154_10086_chunk_10.ticker = s.ticker)
                                                               Heap Fetches: 0
                                                               Buffers: shared hit=2884
                                                         ->  Index Only Scan Backward using _hyper_154_10087_chunk_ohlcv_1d_ticker_ts_desc_inc on _timescaledb_internal._hyper_154_10087_chunk _hyper_154_10087_chunk_10  (cost=0.42..6.29 rows=84 width=16) (actual time=0.008..0.008 rows=0 loops=961)
                                                               Output: _hyper_154_10087_chunk_10.open, _hyper_154_10087_chunk_10."timestamp"
                                                               Index Cond: (_hyper_154_10087_chunk_10.ticker = s.ticker)
                                                               Heap Fetches: 0
                                                               Buffers: shared hit=2884
                                                         ->  Index Only Scan Backward using _hyper_154_10088_chunk_ohlcv_1d_ticker_ts_desc_inc on _timescaledb_internal._hyper_154_10088_chunk _hyper_154_10088_chunk_10  (cost=0.42..6.29 rows=84 width=16) (actual time=0.008..0.008 rows=0 loops=961)
                                                               Output: _hyper_154_10088_chunk_10.open, _hyper_154_10088_chunk_10."timestamp"
                                                               Index Cond: (_hyper_154_10088_chunk_10.ticker = s.ticker)
                                                               Heap Fetches: 0
                                                               Buffers: shared hit=2884
                                                         ->  Index Only Scan Backward using _hyper_154_10089_chunk_ohlcv_1d_ticker_ts_desc_inc on _timescaledb_internal._hyper_154_10089_chunk _hyper_154_10089_chunk_10  (cost=0.42..6.29 rows=84 width=16) (actual time=0.010..0.010 rows=0 loops=961)
                                                               Output: _hyper_154_10089_chunk_10.open, _hyper_154_10089_chunk_10."timestamp"
                                                               Index Cond: (_hyper_154_10089_chunk_10.ticker = s.ticker)
                                                               Heap Fetches: 1
                                                               Buffers: shared hit=2885
                                                         ->  Index Only Scan Backward using _hyper_154_10090_chunk_ohlcv_1d_ticker_ts_desc_inc on _timescaledb_internal._hyper_154_10090_chunk _hyper_154_10090_chunk_10  (cost=0.42..6.29 rows=84 width=16) (actual time=0.021..0.021 rows=0 loops=961)
                                                               Output: _hyper_154_10090_chunk_10.open, _hyper_154_10090_chunk_10."timestamp"
                                                               Index Cond: (_hyper_154_10090_chunk_10.ticker = s.ticker)
                                                               Heap Fetches: 0
                                                               Buffers: shared hit=2884
                                                         ->  Index Only Scan Backward using _hyper_154_10091_chunk_ohlcv_1d_ticker_ts_desc_inc on _timescaledb_internal._hyper_154_10091_chunk _hyper_154_10091_chunk_10  (cost=0.42..6.27 rows=83 width=16) (actual time=0.007..0.007 rows=0 loops=961)
                                                               Output: _hyper_154_10091_chunk_10.open, _hyper_154_10091_chunk_10."timestamp"
                                                               Index Cond: (_hyper_154_10091_chunk_10.ticker = s.ticker)
                                                               Heap Fetches: 0
                                                               Buffers: shared hit=2884
                                                         ->  Index Only Scan Backward using _hyper_154_10092_chunk_ohlcv_1d_ticker_ts_desc_inc on _timescaledb_internal._hyper_154_10092_chunk _hyper_154_10092_chunk_10  (cost=0.42..6.29 rows=84 width=16) (actual time=0.027..0.027 rows=0 loops=961)
                                                               Output: _hyper_154_10092_chunk_10.open, _hyper_154_10092_chunk_10."timestamp"
                                                               Index Cond: (_hyper_154_10092_chunk_10.ticker = s.ticker)
                                                               Heap Fetches: 0
                                                               Buffers: shared hit=2884
                           ->  Finalize Aggregate  (cost=283.97..283.98 rows=1 width=64) (actual time=1.438..1.438 rows=1 loops=27834)
                                 Output: max(((ohlcv_1d_11.high)::numeric / 1000.0)), min(((ohlcv_1d_11.low)::numeric / 1000.0))
                                 Buffers: shared hit=1256783 read=1297
                                 I/O Timings: shared read=1940.405
                                 ->  Custom Scan (ChunkAppend) on public.ohlcv_1d ohlcv_1d_11  (cost=0.42..283.89 rows=16 width=64) (actual time=0.350..1.348 rows=16 loops=27834)
                                       Output: (PARTIAL max(((ohlcv_1d_11.high)::numeric / 1000.0))), (PARTIAL min(((ohlcv_1d_11.low)::numeric / 1000.0)))
                                       Startup Exclusion: true
                                       Runtime Exclusion: true
                                       Chunks excluded during startup: 0
                                       Chunks excluded during runtime: 0
                                       Buffers: shared hit=1256783 read=1297
                                       I/O Timings: shared read=1940.405
                                       ->  Partial Aggregate  (cost=7.93..7.94 rows=1 width=64) (actual time=0.068..0.068 rows=1 loops=27834)
                                             Output: PARTIAL max(((_hyper_154_10085_chunk_11.high)::numeric / 1000.0)), PARTIAL min(((_hyper_154_10085_chunk_11.low)::numeric / 1000.0))
                                             Buffers: shared hit=87072
                                             ->  Index Only Scan using _hyper_154_10085_chunk_ohlcv_1d_ticker_ts_desc_inc on _timescaledb_internal._hyper_154_10085_chunk _hyper_154_10085_chunk_11  (cost=0.42..6.69 rows=83 width=16) (actual time=0.034..0.036 rows=4 loops=27834)
                                                   Output: _hyper_154_10085_chunk_11.high, _hyper_154_10085_chunk_11.low
                                                   Index Cond: ((_hyper_154_10085_chunk_11.ticker = s.ticker) AND (_hyper_154_10085_chunk_11."timestamp" >= (now() - '364 days'::interval)))
                                                   Heap Fetches: 2489
                                                   Buffers: shared hit=87072
                                       ->  Partial Aggregate  (cost=7.97..7.98 rows=1 width=64) (actual time=0.048..0.048 rows=1 loops=27834)
                                             Output: PARTIAL max(((_hyper_154_10086_chunk_11.high)::numeric / 1000.0)), PARTIAL min(((_hyper_154_10086_chunk_11.low)::numeric / 1000.0))
                                             Buffers: shared hit=87214
                                             ->  Index Only Scan using _hyper_154_10086_chunk_ohlcv_1d_ticker_ts_desc_inc on _timescaledb_internal._hyper_154_10086_chunk _hyper_154_10086_chunk_11  (cost=0.42..6.71 rows=84 width=16) (actual time=0.029..0.031 rows=5 loops=27834)
                                                   Output: _hyper_154_10086_chunk_11.high, _hyper_154_10086_chunk_11.low
                                                   Index Cond: ((_hyper_154_10086_chunk_11.ticker = s.ticker) AND (_hyper_154_10086_chunk_11."timestamp" >= (now() - '364 days'::interval)))
                                                   Heap Fetches: 2551
                                                   Buffers: shared hit=87214
                                       ->  Partial Aggregate  (cost=7.97..7.98 rows=1 width=64) (actual time=0.046..0.046 rows=1 loops=27834)
                                             Output: PARTIAL max(((_hyper_154_10087_chunk_11.high)::numeric / 1000.0)), PARTIAL min(((_hyper_154_10087_chunk_11.low)::numeric / 1000.0))
                                             Buffers: shared hit=87140
                                             ->  Index Only Scan using _hyper_154_10087_chunk_ohlcv_1d_ticker_ts_desc_inc on _timescaledb_internal._hyper_154_10087_chunk _hyper_154_10087_chunk_11  (cost=0.42..6.71 rows=84 width=16) (actual time=0.022..0.025 rows=4 loops=27834)
                                                   Output: _hyper_154_10087_chunk_11.high, _hyper_154_10087_chunk_11.low
                                                   Index Cond: ((_hyper_154_10087_chunk_11.ticker = s.ticker) AND (_hyper_154_10087_chunk_11."timestamp" >= (now() - '364 days'::interval)))
                                                   Heap Fetches: 2502
                                                   Buffers: shared hit=87140
                                       ->  Partial Aggregate  (cost=7.97..7.98 rows=1 width=64) (actual time=0.042..0.043 rows=1 loops=27834)
                                             Output: PARTIAL max(((_hyper_154_10088_chunk_11.high)::numeric / 1000.0)), PARTIAL min(((_hyper_154_10088_chunk_11.low)::numeric / 1000.0))
                                             Buffers: shared hit=86987
                                             ->  Index Only Scan using _hyper_154_10088_chunk_ohlcv_1d_ticker_ts_desc_inc on _timescaledb_internal._hyper_154_10088_chunk _hyper_154_10088_chunk_11  (cost=0.42..6.71 rows=84 width=16) (actual time=0.022..0.026 rows=4 loops=27834)
                                                   Output: _hyper_154_10088_chunk_11.high, _hyper_154_10088_chunk_11.low
                                                   Index Cond: ((_hyper_154_10088_chunk_11.ticker = s.ticker) AND (_hyper_154_10088_chunk_11."timestamp" >= (now() - '364 days'::interval)))
                                                   Heap Fetches: 2376
                                                   Buffers: shared hit=86987
                                       ->  Partial Aggregate  (cost=7.97..7.98 rows=1 width=64) (actual time=0.049..0.050 rows=1 loops=27834)
                                             Output: PARTIAL max(((_hyper_154_10089_chunk_11.high)::numeric / 1000.0)), PARTIAL min(((_hyper_154_10089_chunk_11.low)::numeric / 1000.0))
                                             Buffers: shared hit=87237
                                             ->  Index Only Scan using _hyper_154_10089_chunk_ohlcv_1d_ticker_ts_desc_inc on _timescaledb_internal._hyper_154_10089_chunk _hyper_154_10089_chunk_11  (cost=0.42..6.71 rows=84 width=16) (actual time=0.023..0.031 rows=4 loops=27834)
                                                   Output: _hyper_154_10089_chunk_11.high, _hyper_154_10089_chunk_11.low
                                                   Index Cond: ((_hyper_154_10089_chunk_11.ticker = s.ticker) AND (_hyper_154_10089_chunk_11."timestamp" >= (now() - '364 days'::interval)))
                                                   Heap Fetches: 2594
                                                   Buffers: shared hit=87237
                                       ->  Partial Aggregate  (cost=7.97..7.98 rows=1 width=64) (actual time=0.047..0.047 rows=1 loops=27834)
                                             Output: PARTIAL max(((_hyper_154_10090_chunk_11.high)::numeric / 1000.0)), PARTIAL min(((_hyper_154_10090_chunk_11.low)::numeric / 1000.0))
                                             Buffers: shared hit=87217
                                             ->  Index Only Scan using _hyper_154_10090_chunk_ohlcv_1d_ticker_ts_desc_inc on _timescaledb_internal._hyper_154_10090_chunk _hyper_154_10090_chunk_11  (cost=0.42..6.71 rows=84 width=16) (actual time=0.023..0.027 rows=4 loops=27834)
                                                   Output: _hyper_154_10090_chunk_11.high, _hyper_154_10090_chunk_11.low
                                                   Index Cond: ((_hyper_154_10090_chunk_11.ticker = s.ticker) AND (_hyper_154_10090_chunk_11."timestamp" >= (now() - '364 days'::interval)))
                                                   Heap Fetches: 2574
                                                   Buffers: shared hit=87217
                                       ->  Partial Aggregate  (cost=7.93..7.94 rows=1 width=64) (actual time=0.038..0.038 rows=1 loops=27834)
                                             Output: PARTIAL max(((_hyper_154_10091_chunk_11.high)::numeric / 1000.0)), PARTIAL min(((_hyper_154_10091_chunk_11.low)::numeric / 1000.0))
                                             Buffers: shared hit=87058
                                             ->  Index Only Scan using _hyper_154_10091_chunk_ohlcv_1d_ticker_ts_desc_inc on _timescaledb_internal._hyper_154_10091_chunk _hyper_154_10091_chunk_11  (cost=0.42..6.69 rows=83 width=16) (actual time=0.019..0.022 rows=4 loops=27834)
                                                   Output: _hyper_154_10091_chunk_11.high, _hyper_154_10091_chunk_11.low
                                                   Index Cond: ((_hyper_154_10091_chunk_11.ticker = s.ticker) AND (_hyper_154_10091_chunk_11."timestamp" >= (now() - '364 days'::interval)))
                                                   Heap Fetches: 2409
                                                   Buffers: shared hit=87058
                                       ->  Partial Aggregate  (cost=7.97..7.98 rows=1 width=64) (actual time=0.040..0.040 rows=1 loops=27834)
                                             Output: PARTIAL max(((_hyper_154_10092_chunk_11.high)::numeric / 1000.0)), PARTIAL min(((_hyper_154_10092_chunk_11.low)::numeric / 1000.0))
                                             Buffers: shared hit=87262
                                             ->  Index Only Scan using _hyper_154_10092_chunk_ohlcv_1d_ticker_ts_desc_inc on _timescaledb_internal._hyper_154_10092_chunk _hyper_154_10092_chunk_11  (cost=0.42..6.71 rows=84 width=16) (actual time=0.020..0.022 rows=5 loops=27834)
                                                   Output: _hyper_154_10092_chunk_11.high, _hyper_154_10092_chunk_11.low
                                                   Index Cond: ((_hyper_154_10092_chunk_11.ticker = s.ticker) AND (_hyper_154_10092_chunk_11."timestamp" >= (now() - '364 days'::interval)))
                                                   Heap Fetches: 2582
                                                   Buffers: shared hit=87262
                                       ->  Partial Aggregate  (cost=27.50..27.52 rows=1 width=64) (actual time=0.084..0.084 rows=1 loops=27834)
                                             Output: PARTIAL max(((_hyper_154_10109_chunk_11.high)::numeric / 1000.0)), PARTIAL min(((_hyper_154_10109_chunk_11.low)::numeric / 1000.0))
                                             Buffers: shared hit=69292 read=140
                                             I/O Timings: shared read=219.923
                                             ->  Custom Scan (DecompressChunk) on _timescaledb_internal._hyper_154_10109_chunk _hyper_154_10109_chunk_11  (cost=2.50..12.50 rows=1000 width=16) (actual time=0.046..0.048 rows=7 loops=27834)
                                                   Output: _hyper_154_10109_chunk_11.high, _hyper_154_10109_chunk_11.low
                                                   Vectorized Filter: (_hyper_154_10109_chunk_11."timestamp" >= (now() - '364 days'::interval))
                                                   Rows Removed by Filter: 32
                                                   Bulk Decompression: true
                                                   Buffers: shared hit=69292 read=140
                                                   I/O Timings: shared read=219.923
                                                   ->  Index Scan using compress_hyper_156_10133_chun_ticker__ts_meta_min_1__ts_met_idx on _timescaledb_internal.compress_hyper_156_10133_chunk compress_hyper_156_10133_chunk_11  (cost=0.28..2.50 rows=1 width=120) (actual time=0.022..0.022 rows=0 loops=27834)
                                                         Output: compress_hyper_156_10133_chunk_11._ts_meta_count, compress_hyper_156_10133_chunk_11.ticker, compress_hyper_156_10133_chunk_11.volume, compress_hyper_156_10133_chunk_11.open, compress_hyper_156_10133_chunk_11.close, compress_hyper_156_10133_chunk_11.high, compress_hyper_156_10133_chunk_11.low, compress_hyper_156_10133_chunk_11._ts_meta_min_1, compress_hyper_156_10133_chunk_11._ts_meta_max_1, compress_hyper_156_10133_chunk_11."timestamp", compress_hyper_156_10133_chunk_11.transactions
                                                         Index Cond: ((compress_hyper_156_10133_chunk_11.ticker = s.ticker) AND (compress_hyper_156_10133_chunk_11._ts_meta_max_1 >= (now() - '364 days'::interval)))
                                                         Buffers: shared hit=57094
                                       ->  Partial Aggregate  (cost=27.50..27.52 rows=1 width=64) (actual time=0.076..0.076 rows=1 loops=27834)
                                             Output: PARTIAL max(((_hyper_154_10110_chunk_11.high)::numeric / 1000.0)), PARTIAL min(((_hyper_154_10110_chunk_11.low)::numeric / 1000.0))
                                             Buffers: shared hit=70298 read=172
                                             I/O Timings: shared read=157.203
                                             ->  Custom Scan (DecompressChunk) on _timescaledb_internal._hyper_154_10110_chunk _hyper_154_10110_chunk_11  (cost=2.50..12.50 rows=1000 width=16) (actual time=0.043..0.045 rows=8 loops=27834)
                                                   Output: _hyper_154_10110_chunk_11.high, _hyper_154_10110_chunk_11.low
                                                   Vectorized Filter: (_hyper_154_10110_chunk_11."timestamp" >= (now() - '364 days'::interval))
                                                   Rows Removed by Filter: 34
                                                   Bulk Decompression: true
                                                   Buffers: shared hit=70298 read=172
                                                   I/O Timings: shared read=157.203
                                                   ->  Index Scan using compress_hyper_156_10134_chun_ticker__ts_meta_min_1__ts_met_idx on _timescaledb_internal.compress_hyper_156_10134_chunk compress_hyper_156_10134_chunk_11  (cost=0.28..2.50 rows=1 width=120) (actual time=0.013..0.013 rows=0 loops=27834)
                                                         Output: compress_hyper_156_10134_chunk_11._ts_meta_count, compress_hyper_156_10134_chunk_11.ticker, compress_hyper_156_10134_chunk_11.volume, compress_hyper_156_10134_chunk_11.open, compress_hyper_156_10134_chunk_11.close, compress_hyper_156_10134_chunk_11.high, compress_hyper_156_10134_chunk_11.low, compress_hyper_156_10134_chunk_11._ts_meta_min_1, compress_hyper_156_10134_chunk_11._ts_meta_max_1, compress_hyper_156_10134_chunk_11."timestamp", compress_hyper_156_10134_chunk_11.transactions
                                                         Index Cond: ((compress_hyper_156_10134_chunk_11.ticker = s.ticker) AND (compress_hyper_156_10134_chunk_11._ts_meta_max_1 >= (now() - '364 days'::interval)))
                                                         Buffers: shared hit=57189
                                       ->  Partial Aggregate  (cost=27.50..27.52 rows=1 width=64) (actual time=0.082..0.082 rows=1 loops=27834)
                                             Output: PARTIAL max(((_hyper_154_10111_chunk_11.high)::numeric / 1000.0)), PARTIAL min(((_hyper_154_10111_chunk_11.low)::numeric / 1000.0))
                                             Buffers: shared hit=70032 read=186
                                             I/O Timings: shared read=243.550
                                             ->  Custom Scan (DecompressChunk) on _timescaledb_internal._hyper_154_10111_chunk _hyper_154_10111_chunk_11  (cost=2.50..12.50 rows=1000 width=16) (actual time=0.042..0.047 rows=8 loops=27834)
                                                   Output: _hyper_154_10111_chunk_11.high, _hyper_154_10111_chunk_11.low
                                                   Vectorized Filter: (_hyper_154_10111_chunk_11."timestamp" >= (now() - '364 days'::interval))
                                                   Rows Removed by Filter: 33
                                                   Bulk Decompression: true
                                                   Buffers: shared hit=70032 read=186
                                                   I/O Timings: shared read=243.550
                                                   ->  Index Scan using compress_hyper_156_10135_chun_ticker__ts_meta_min_1__ts_met_idx on _timescaledb_internal.compress_hyper_156_10135_chunk compress_hyper_156_10135_chunk_11  (cost=0.28..2.50 rows=1 width=120) (actual time=0.012..0.012 rows=0 loops=27834)
                                                         Output: compress_hyper_156_10135_chunk_11._ts_meta_count, compress_hyper_156_10135_chunk_11.ticker, compress_hyper_156_10135_chunk_11.volume, compress_hyper_156_10135_chunk_11.open, compress_hyper_156_10135_chunk_11.close, compress_hyper_156_10135_chunk_11.high, compress_hyper_156_10135_chunk_11.low, compress_hyper_156_10135_chunk_11._ts_meta_min_1, compress_hyper_156_10135_chunk_11._ts_meta_max_1, compress_hyper_156_10135_chunk_11."timestamp", compress_hyper_156_10135_chunk_11.transactions
                                                         Index Cond: ((compress_hyper_156_10135_chunk_11.ticker = s.ticker) AND (compress_hyper_156_10135_chunk_11._ts_meta_max_1 >= (now() - '364 days'::interval)))
                                                         Buffers: shared hit=57170
                                       ->  Partial Aggregate  (cost=27.50..27.52 rows=1 width=64) (actual time=0.090..0.090 rows=1 loops=27834)
                                             Output: PARTIAL max(((_hyper_154_10112_chunk_11.high)::numeric / 1000.0)), PARTIAL min(((_hyper_154_10112_chunk_11.low)::numeric / 1000.0))
                                             Buffers: shared hit=70172 read=162
                                             I/O Timings: shared read=211.813
                                             ->  Custom Scan (DecompressChunk) on _timescaledb_internal._hyper_154_10112_chunk _hyper_154_10112_chunk_11  (cost=2.50..12.50 rows=1000 width=16) (actual time=0.039..0.048 rows=8 loops=27834)
                                                   Output: _hyper_154_10112_chunk_11.high, _hyper_154_10112_chunk_11.low
                                                   Vectorized Filter: (_hyper_154_10112_chunk_11."timestamp" >= (now() - '364 days'::interval))
                                                   Rows Removed by Filter: 33
                                                   Bulk Decompression: true
                                                   Buffers: shared hit=70172 read=162
                                                   I/O Timings: shared read=211.813
                                                   ->  Index Scan using compress_hyper_156_10136_chun_ticker__ts_meta_min_1__ts_met_idx on _timescaledb_internal.compress_hyper_156_10136_chunk compress_hyper_156_10136_chunk_11  (cost=0.28..2.50 rows=1 width=120) (actual time=0.014..0.014 rows=0 loops=27834)
                                                         Output: compress_hyper_156_10136_chunk_11._ts_meta_count, compress_hyper_156_10136_chunk_11.ticker, compress_hyper_156_10136_chunk_11.volume, compress_hyper_156_10136_chunk_11.open, compress_hyper_156_10136_chunk_11.close, compress_hyper_156_10136_chunk_11.high, compress_hyper_156_10136_chunk_11.low, compress_hyper_156_10136_chunk_11._ts_meta_min_1, compress_hyper_156_10136_chunk_11._ts_meta_max_1, compress_hyper_156_10136_chunk_11."timestamp", compress_hyper_156_10136_chunk_11.transactions
                                                         Index Cond: ((compress_hyper_156_10136_chunk_11.ticker = s.ticker) AND (compress_hyper_156_10136_chunk_11._ts_meta_max_1 >= (now() - '364 days'::interval)))
                                                         Buffers: shared hit=57184
                                       ->  Partial Aggregate  (cost=27.50..27.52 rows=1 width=64) (actual time=0.070..0.070 rows=1 loops=27834)
                                             Output: PARTIAL max(((_hyper_154_10113_chunk_11.high)::numeric / 1000.0)), PARTIAL min(((_hyper_154_10113_chunk_11.low)::numeric / 1000.0))
                                             Buffers: shared hit=69725 read=144
                                             I/O Timings: shared read=164.327
                                             ->  Custom Scan (DecompressChunk) on _timescaledb_internal._hyper_154_10113_chunk _hyper_154_10113_chunk_11  (cost=2.50..12.50 rows=1000 width=16) (actual time=0.031..0.034 rows=8 loops=27834)
                                                   Output: _hyper_154_10113_chunk_11.high, _hyper_154_10113_chunk_11.low
                                                   Vectorized Filter: (_hyper_154_10113_chunk_11."timestamp" >= (now() - '364 days'::interval))
                                                   Rows Removed by Filter: 33
                                                   Bulk Decompression: true
                                                   Buffers: shared hit=69725 read=144
                                                   I/O Timings: shared read=164.327
                                                   ->  Index Scan using compress_hyper_156_10137_chun_ticker__ts_meta_min_1__ts_met_idx on _timescaledb_internal.compress_hyper_156_10137_chunk compress_hyper_156_10137_chunk_11  (cost=0.28..2.50 rows=1 width=120) (actual time=0.013..0.014 rows=0 loops=27834)
                                                         Output: compress_hyper_156_10137_chunk_11._ts_meta_count, compress_hyper_156_10137_chunk_11.ticker, compress_hyper_156_10137_chunk_11.volume, compress_hyper_156_10137_chunk_11.open, compress_hyper_156_10137_chunk_11.close, compress_hyper_156_10137_chunk_11.high, compress_hyper_156_10137_chunk_11.low, compress_hyper_156_10137_chunk_11._ts_meta_min_1, compress_hyper_156_10137_chunk_11._ts_meta_max_1, compress_hyper_156_10137_chunk_11."timestamp", compress_hyper_156_10137_chunk_11.transactions
                                                         Index Cond: ((compress_hyper_156_10137_chunk_11.ticker = s.ticker) AND (compress_hyper_156_10137_chunk_11._ts_meta_max_1 >= (now() - '364 days'::interval)))
                                                         Buffers: shared hit=57129
                                       ->  Partial Aggregate  (cost=27.50..27.52 rows=1 width=64) (actual time=0.088..0.088 rows=1 loops=27834)
                                             Output: PARTIAL max(((_hyper_154_10114_chunk_11.high)::numeric / 1000.0)), PARTIAL min(((_hyper_154_10114_chunk_11.low)::numeric / 1000.0))
                                             Buffers: shared hit=69655 read=148
                                             I/O Timings: shared read=321.328
                                             ->  Custom Scan (DecompressChunk) on _timescaledb_internal._hyper_154_10114_chunk _hyper_154_10114_chunk_11  (cost=2.50..12.50 rows=1000 width=16) (actual time=0.052..0.055 rows=7 loops=27834)
                                                   Output: _hyper_154_10114_chunk_11.high, _hyper_154_10114_chunk_11.low
                                                   Vectorized Filter: (_hyper_154_10114_chunk_11."timestamp" >= (now() - '364 days'::interval))
                                                   Rows Removed by Filter: 32
                                                   Bulk Decompression: true
                                                   Buffers: shared hit=69655 read=148
                                                   I/O Timings: shared read=321.328
                                                   ->  Index Scan using compress_hyper_156_10138_chun_ticker__ts_meta_min_1__ts_met_idx on _timescaledb_internal.compress_hyper_156_10138_chunk compress_hyper_156_10138_chunk_11  (cost=0.28..2.50 rows=1 width=121) (actual time=0.019..0.019 rows=0 loops=27834)
                                                         Output: compress_hyper_156_10138_chunk_11._ts_meta_count, compress_hyper_156_10138_chunk_11.ticker, compress_hyper_156_10138_chunk_11.volume, compress_hyper_156_10138_chunk_11.open, compress_hyper_156_10138_chunk_11.close, compress_hyper_156_10138_chunk_11.high, compress_hyper_156_10138_chunk_11.low, compress_hyper_156_10138_chunk_11._ts_meta_min_1, compress_hyper_156_10138_chunk_11._ts_meta_max_1, compress_hyper_156_10138_chunk_11."timestamp", compress_hyper_156_10138_chunk_11.transactions
                                                         Index Cond: ((compress_hyper_156_10138_chunk_11.ticker = s.ticker) AND (compress_hyper_156_10138_chunk_11._ts_meta_max_1 >= (now() - '364 days'::interval)))
                                                         Buffers: shared hit=57120
                                       ->  Partial Aggregate  (cost=27.50..27.52 rows=1 width=64) (actual time=0.099..0.101 rows=1 loops=27834)
                                             Output: PARTIAL max(((_hyper_154_10115_chunk_11.high)::numeric / 1000.0)), PARTIAL min(((_hyper_154_10115_chunk_11.low)::numeric / 1000.0))
                                             Buffers: shared hit=70508 read=172
                                             I/O Timings: shared read=310.943
                                             ->  Custom Scan (DecompressChunk) on _timescaledb_internal._hyper_154_10115_chunk _hyper_154_10115_chunk_11  (cost=2.50..12.50 rows=1000 width=16) (actual time=0.050..0.054 rows=8 loops=27834)
                                                   Output: _hyper_154_10115_chunk_11.high, _hyper_154_10115_chunk_11.low
                                                   Vectorized Filter: (_hyper_154_10115_chunk_11."timestamp" >= (now() - '364 days'::interval))
                                                   Rows Removed by Filter: 34
                                                   Bulk Decompression: true
                                                   Buffers: shared hit=70508 read=172
                                                   I/O Timings: shared read=310.943
                                                   ->  Index Scan using compress_hyper_156_10139_chun_ticker__ts_meta_min_1__ts_met_idx on _timescaledb_internal.compress_hyper_156_10139_chunk compress_hyper_156_10139_chunk_11  (cost=0.28..2.50 rows=1 width=120) (actual time=0.018..0.018 rows=0 loops=27834)
                                                         Output: compress_hyper_156_10139_chunk_11._ts_meta_count, compress_hyper_156_10139_chunk_11.ticker, compress_hyper_156_10139_chunk_11.volume, compress_hyper_156_10139_chunk_11.open, compress_hyper_156_10139_chunk_11.close, compress_hyper_156_10139_chunk_11.high, compress_hyper_156_10139_chunk_11.low, compress_hyper_156_10139_chunk_11._ts_meta_min_1, compress_hyper_156_10139_chunk_11._ts_meta_max_1, compress_hyper_156_10139_chunk_11."timestamp", compress_hyper_156_10139_chunk_11.transactions
                                                         Index Cond: ((compress_hyper_156_10139_chunk_11.ticker = s.ticker) AND (compress_hyper_156_10139_chunk_11._ts_meta_max_1 >= (now() - '364 days'::interval)))
                                                         Buffers: shared hit=57212
                                       ->  Partial Aggregate  (cost=27.50..27.52 rows=1 width=64) (actual time=0.075..0.075 rows=1 loops=27834)
                                             Output: PARTIAL max(((_hyper_154_10116_chunk_11.high)::numeric / 1000.0)), PARTIAL min(((_hyper_154_10116_chunk_11.low)::numeric / 1000.0))
                                             Buffers: shared hit=69914 read=173
                                             I/O Timings: shared read=311.318
                                             ->  Custom Scan (DecompressChunk) on _timescaledb_internal._hyper_154_10116_chunk _hyper_154_10116_chunk_11  (cost=2.50..12.50 rows=1000 width=16) (actual time=0.037..0.041 rows=8 loops=27834)
                                                   Output: _hyper_154_10116_chunk_11.high, _hyper_154_10116_chunk_11.low
                                                   Vectorized Filter: (_hyper_154_10116_chunk_11."timestamp" >= (now() - '364 days'::interval))
                                                   Rows Removed by Filter: 33
                                                   Bulk Decompression: true
                                                   Buffers: shared hit=69914 read=173
                                                   I/O Timings: shared read=311.318
                                                   ->  Index Scan using compress_hyper_156_10140_chun_ticker__ts_meta_min_1__ts_met_idx on _timescaledb_internal.compress_hyper_156_10140_chunk compress_hyper_156_10140_chunk_11  (cost=0.28..2.50 rows=1 width=120) (actual time=0.012..0.013 rows=0 loops=27834)
                                                         Output: compress_hyper_156_10140_chunk_11._ts_meta_count, compress_hyper_156_10140_chunk_11.ticker, compress_hyper_156_10140_chunk_11.volume, compress_hyper_156_10140_chunk_11.open, compress_hyper_156_10140_chunk_11.close, compress_hyper_156_10140_chunk_11.high, compress_hyper_156_10140_chunk_11.low, compress_hyper_156_10140_chunk_11._ts_meta_min_1, compress_hyper_156_10140_chunk_11._ts_meta_max_1, compress_hyper_156_10140_chunk_11."timestamp", compress_hyper_156_10140_chunk_11.transactions
                                                         Index Cond: ((compress_hyper_156_10140_chunk_11.ticker = s.ticker) AND (compress_hyper_156_10140_chunk_11._ts_meta_max_1 >= (now() - '364 days'::interval)))
                                                         Buffers: shared hit=57141
                     ->  Aggregate  (cost=32.01..32.02 rows=1 width=64) (actual time=1.027..1.027 rows=1 loops=27834)
                           Output: avg(daily_prices.close) FILTER (WHERE ((row_number() OVER (?)) <= 50)), avg(daily_prices.close) FILTER (WHERE ((row_number() OVER (?)) <= 200))
                           Buffers: shared hit=1224577
                           ->  WindowAgg  (cost=3.50..30.00 rows=200 width=40) (actual time=0.381..0.950 rows=79 loops=27834)
                                 Output: daily_prices.close, row_number() OVER (?)
                                 Buffers: shared hit=1224577
                                 ->  Subquery Scan on daily_prices  (cost=3.50..27.50 rows=200 width=32) (actual time=0.366..0.833 rows=79 loops=27834)
                                       Output: daily_prices.close
                                       Buffers: shared hit=1224577
                                       ->  Limit  (cost=3.50..25.50 rows=200 width=40) (actual time=0.360..0.794 rows=79 loops=27834)
                                             Output: (((ohlcv_1d_12.close)::numeric / 1000.0)), ohlcv_1d_12."timestamp"
                                             Buffers: shared hit=1224577
                                             ->  Result  (cost=3.50..77.21 rows=670 width=40) (actual time=0.358..0.763 rows=79 loops=27834)
                                                   Output: ((ohlcv_1d_12.close)::numeric / 1000.0), ohlcv_1d_12."timestamp"
                                                   Buffers: shared hit=1224577
                                                   ->  Custom Scan (ChunkAppend) on public.ohlcv_1d ohlcv_1d_12  (cost=3.50..67.16 rows=670 width=16) (actual time=0.328..0.628 rows=79 loops=27834)
                                                         Output: ohlcv_1d_12.close, ohlcv_1d_12."timestamp"
                                                         Order: ohlcv_1d_12."timestamp" DESC
                                                         Startup Exclusion: false
                                                         Runtime Exclusion: false
                                                         Buffers: shared hit=1224577
                                                         ->  Merge Append  (cost=3.50..67.16 rows=670 width=16) (actual time=0.184..0.227 rows=35 loops=27834)
                                                               Sort Key: _hyper_154_10092_chunk_12."timestamp" DESC
                                                               Buffers: shared hit=697187
                                                               ->  Index Only Scan using _hyper_154_10092_chunk_ohlcv_1d_ticker_ts_desc_inc on _timescaledb_internal._hyper_154_10092_chunk _hyper_154_10092_chunk_12  (cost=0.42..6.71 rows=84 width=16) (actual time=0.016..0.021 rows=5 loops=27834)
                                                                     Output: _hyper_154_10092_chunk_12.close, _hyper_154_10092_chunk_12."timestamp"
                                                                     Index Cond: ((_hyper_154_10092_chunk_12.ticker = s.ticker) AND (_hyper_154_10092_chunk_12."timestamp" >= (now() - '1 year'::interval)))
                                                                     Heap Fetches: 2582
                                                                     Buffers: shared hit=87262
                                                               ->  Index Only Scan using _hyper_154_10091_chunk_ohlcv_1d_ticker_ts_desc_inc on _timescaledb_internal._hyper_154_10091_chunk _hyper_154_10091_chunk_12  (cost=0.42..6.69 rows=83 width=16) (actual time=0.014..0.019 rows=4 loops=27834)
                                                                     Output: _hyper_154_10091_chunk_12.close, _hyper_154_10091_chunk_12."timestamp"
                                                                     Index Cond: ((_hyper_154_10091_chunk_12.ticker = s.ticker) AND (_hyper_154_10091_chunk_12."timestamp" >= (now() - '1 year'::interval)))
                                                                     Heap Fetches: 2409
                                                                     Buffers: shared hit=87058
                                                               ->  Index Only Scan using _hyper_154_10090_chunk_ohlcv_1d_ticker_ts_desc_inc on _timescaledb_internal._hyper_154_10090_chunk _hyper_154_10090_chunk_12  (cost=0.42..6.71 rows=84 width=16) (actual time=0.015..0.018 rows=4 loops=27834)
                                                                     Output: _hyper_154_10090_chunk_12.close, _hyper_154_10090_chunk_12."timestamp"
                                                                     Index Cond: ((_hyper_154_10090_chunk_12.ticker = s.ticker) AND (_hyper_154_10090_chunk_12."timestamp" >= (now() - '1 year'::interval)))
                                                                     Heap Fetches: 2574
                                                                     Buffers: shared hit=87217
                                                               ->  Index Only Scan using _hyper_154_10089_chunk_ohlcv_1d_ticker_ts_desc_inc on _timescaledb_internal._hyper_154_10089_chunk _hyper_154_10089_chunk_12  (cost=0.42..6.71 rows=84 width=16) (actual time=0.016..0.019 rows=4 loops=27834)
                                                                     Output: _hyper_154_10089_chunk_12.close, _hyper_154_10089_chunk_12."timestamp"
                                                                     Index Cond: ((_hyper_154_10089_chunk_12.ticker = s.ticker) AND (_hyper_154_10089_chunk_12."timestamp" >= (now() - '1 year'::interval)))
                                                                     Heap Fetches: 2594
                                                                     Buffers: shared hit=87237
                                                               ->  Index Only Scan using _hyper_154_10088_chunk_ohlcv_1d_ticker_ts_desc_inc on _timescaledb_internal._hyper_154_10088_chunk _hyper_154_10088_chunk_12  (cost=0.42..6.71 rows=84 width=16) (actual time=0.018..0.020 rows=4 loops=27834)
                                                                     Output: _hyper_154_10088_chunk_12.close, _hyper_154_10088_chunk_12."timestamp"
                                                                     Index Cond: ((_hyper_154_10088_chunk_12.ticker = s.ticker) AND (_hyper_154_10088_chunk_12."timestamp" >= (now() - '1 year'::interval)))
                                                                     Heap Fetches: 2376
                                                                     Buffers: shared hit=86987
                                                               ->  Index Only Scan using _hyper_154_10087_chunk_ohlcv_1d_ticker_ts_desc_inc on _timescaledb_internal._hyper_154_10087_chunk _hyper_154_10087_chunk_12  (cost=0.42..6.71 rows=84 width=16) (actual time=0.014..0.018 rows=4 loops=27834)
                                                                     Output: _hyper_154_10087_chunk_12.close, _hyper_154_10087_chunk_12."timestamp"
                                                                     Index Cond: ((_hyper_154_10087_chunk_12.ticker = s.ticker) AND (_hyper_154_10087_chunk_12."timestamp" >= (now() - '1 year'::interval)))
                                                                     Heap Fetches: 2502
                                                                     Buffers: shared hit=87140
                                                               ->  Index Only Scan using _hyper_154_10086_chunk_ohlcv_1d_ticker_ts_desc_inc on _timescaledb_internal._hyper_154_10086_chunk _hyper_154_10086_chunk_12  (cost=0.42..6.71 rows=84 width=16) (actual time=0.015..0.017 rows=5 loops=27834)
                                                                     Output: _hyper_154_10086_chunk_12.close, _hyper_154_10086_chunk_12."timestamp"
                                                                     Index Cond: ((_hyper_154_10086_chunk_12.ticker = s.ticker) AND (_hyper_154_10086_chunk_12."timestamp" >= (now() - '1 year'::interval)))
                                                                     Heap Fetches: 2551
                                                                     Buffers: shared hit=87214
                                                               ->  Index Only Scan using _hyper_154_10085_chunk_ohlcv_1d_ticker_ts_desc_inc on _timescaledb_internal._hyper_154_10085_chunk _hyper_154_10085_chunk_12  (cost=0.42..6.69 rows=83 width=16) (actual time=0.016..0.023 rows=4 loops=27834)
                                                                     Output: _hyper_154_10085_chunk_12.close, _hyper_154_10085_chunk_12."timestamp"
                                                                     Index Cond: ((_hyper_154_10085_chunk_12.ticker = s.ticker) AND (_hyper_154_10085_chunk_12."timestamp" >= (now() - '1 year'::interval)))
                                                                     Heap Fetches: 2489
                                                                     Buffers: shared hit=87072
                                                         ->  Merge Append  (cost=20.16..260.16 rows=8000 width=16) (actual time=0.346..0.367 rows=44 loops=27834)
                                                               Sort Key: _hyper_154_10116_chunk_12."timestamp" DESC
                                                               Buffers: shared hit=527390
                                                               ->  Custom Scan (DecompressChunk) on _timescaledb_internal._hyper_154_10116_chunk _hyper_154_10116_chunk_12  (cost=2.50..12.50 rows=1000 width=16) (actual time=0.027..0.028 rows=5 loops=27834)
                                                                     Output: _hyper_154_10116_chunk_12.close, _hyper_154_10116_chunk_12."timestamp"
                                                                     Vectorized Filter: (_hyper_154_10116_chunk_12."timestamp" >= (now() - '1 year'::interval))
                                                                     Rows Removed by Filter: 3
                                                                     Bulk Decompression: true
                                                                     Buffers: shared hit=65896
                                                                     ->  Index Scan using compress_hyper_156_10140_chun_ticker__ts_meta_min_1__ts_met_idx on _timescaledb_internal.compress_hyper_156_10140_chunk compress_hyper_156_10140_chunk_12  (cost=0.28..2.50 rows=1 width=88) (actual time=0.012..0.012 rows=0 loops=27834)
                                                                           Output: compress_hyper_156_10140_chunk_12._ts_meta_count, compress_hyper_156_10140_chunk_12.ticker, compress_hyper_156_10140_chunk_12.volume, compress_hyper_156_10140_chunk_12.open, compress_hyper_156_10140_chunk_12.close, compress_hyper_156_10140_chunk_12.high, compress_hyper_156_10140_chunk_12.low, compress_hyper_156_10140_chunk_12._ts_meta_min_1, compress_hyper_156_10140_chunk_12._ts_meta_max_1, compress_hyper_156_10140_chunk_12."timestamp", compress_hyper_156_10140_chunk_12.transactions
                                                                           Index Cond: ((compress_hyper_156_10140_chunk_12.ticker = s.ticker) AND (compress_hyper_156_10140_chunk_12._ts_meta_max_1 >= (now() - '1 year'::interval)))
                                                                           Buffers: shared hit=57141
                                                               ->  Custom Scan (DecompressChunk) on _timescaledb_internal._hyper_154_10115_chunk _hyper_154_10115_chunk_12  (cost=2.50..12.50 rows=1000 width=16) (actual time=0.025..0.026 rows=6 loops=27834)
                                                                     Output: _hyper_154_10115_chunk_12.close, _hyper_154_10115_chunk_12."timestamp"
                                                                     Vectorized Filter: (_hyper_154_10115_chunk_12."timestamp" >= (now() - '1 year'::interval))
                                                                     Rows Removed by Filter: 3
                                                                     Bulk Decompression: true
                                                                     Buffers: shared hit=66328
                                                                     ->  Index Scan using compress_hyper_156_10139_chun_ticker__ts_meta_min_1__ts_met_idx on _timescaledb_internal.compress_hyper_156_10139_chunk compress_hyper_156_10139_chunk_12  (cost=0.28..2.50 rows=1 width=88) (actual time=0.007..0.007 rows=0 loops=27834)
                                                                           Output: compress_hyper_156_10139_chunk_12._ts_meta_count, compress_hyper_156_10139_chunk_12.ticker, compress_hyper_156_10139_chunk_12.volume, compress_hyper_156_10139_chunk_12.open, compress_hyper_156_10139_chunk_12.close, compress_hyper_156_10139_chunk_12.high, compress_hyper_156_10139_chunk_12.low, compress_hyper_156_10139_chunk_12._ts_meta_min_1, compress_hyper_156_10139_chunk_12._ts_meta_max_1, compress_hyper_156_10139_chunk_12."timestamp", compress_hyper_156_10139_chunk_12.transactions
                                                                           Index Cond: ((compress_hyper_156_10139_chunk_12.ticker = s.ticker) AND (compress_hyper_156_10139_chunk_12._ts_meta_max_1 >= (now() - '1 year'::interval)))
                                                                           Buffers: shared hit=57213
                                                               ->  Custom Scan (DecompressChunk) on _timescaledb_internal._hyper_154_10114_chunk _hyper_154_10114_chunk_12  (cost=2.50..12.50 rows=1000 width=16) (actual time=0.024..0.025 rows=5 loops=27834)
                                                                     Output: _hyper_154_10114_chunk_12.close, _hyper_154_10114_chunk_12."timestamp"
                                                                     Vectorized Filter: (_hyper_154_10114_chunk_12."timestamp" >= (now() - '1 year'::interval))
                                                                     Rows Removed by Filter: 3
                                                                     Bulk Decompression: true
                                                                     Buffers: shared hit=65704
                                                                     ->  Index Scan using compress_hyper_156_10138_chun_ticker__ts_meta_min_1__ts_met_idx on _timescaledb_internal.compress_hyper_156_10138_chunk compress_hyper_156_10138_chunk_12  (cost=0.28..2.50 rows=1 width=89) (actual time=0.010..0.010 rows=0 loops=27834)
                                                                           Output: compress_hyper_156_10138_chunk_12._ts_meta_count, compress_hyper_156_10138_chunk_12.ticker, compress_hyper_156_10138_chunk_12.volume, compress_hyper_156_10138_chunk_12.open, compress_hyper_156_10138_chunk_12.close, compress_hyper_156_10138_chunk_12.high, compress_hyper_156_10138_chunk_12.low, compress_hyper_156_10138_chunk_12._ts_meta_min_1, compress_hyper_156_10138_chunk_12._ts_meta_max_1, compress_hyper_156_10138_chunk_12."timestamp", compress_hyper_156_10138_chunk_12.transactions
                                                                           Index Cond: ((compress_hyper_156_10138_chunk_12.ticker = s.ticker) AND (compress_hyper_156_10138_chunk_12._ts_meta_max_1 >= (now() - '1 year'::interval)))
                                                                           Buffers: shared hit=57121
                                                               ->  Custom Scan (DecompressChunk) on _timescaledb_internal._hyper_154_10113_chunk _hyper_154_10113_chunk_12  (cost=2.50..12.50 rows=1000 width=16) (actual time=0.022..0.023 rows=5 loops=27834)
                                                                     Output: _hyper_154_10113_chunk_12.close, _hyper_154_10113_chunk_12."timestamp"
                                                                     Vectorized Filter: (_hyper_154_10113_chunk_12."timestamp" >= (now() - '1 year'::interval))
                                                                     Rows Removed by Filter: 3
                                                                     Bulk Decompression: true
                                                                     Buffers: shared hit=65758
                                                                     ->  Index Scan using compress_hyper_156_10137_chun_ticker__ts_meta_min_1__ts_met_idx on _timescaledb_internal.compress_hyper_156_10137_chunk compress_hyper_156_10137_chunk_12  (cost=0.28..2.50 rows=1 width=88) (actual time=0.010..0.010 rows=0 loops=27834)
                                                                           Output: compress_hyper_156_10137_chunk_12._ts_meta_count, compress_hyper_156_10137_chunk_12.ticker, compress_hyper_156_10137_chunk_12.volume, compress_hyper_156_10137_chunk_12.open, compress_hyper_156_10137_chunk_12.close, compress_hyper_156_10137_chunk_12.high, compress_hyper_156_10137_chunk_12.low, compress_hyper_156_10137_chunk_12._ts_meta_min_1, compress_hyper_156_10137_chunk_12._ts_meta_max_1, compress_hyper_156_10137_chunk_12."timestamp", compress_hyper_156_10137_chunk_12.transactions
                                                                           Index Cond: ((compress_hyper_156_10137_chunk_12.ticker = s.ticker) AND (compress_hyper_156_10137_chunk_12._ts_meta_max_1 >= (now() - '1 year'::interval)))
                                                                           Buffers: shared hit=57130
                                                               ->  Custom Scan (DecompressChunk) on _timescaledb_internal._hyper_154_10112_chunk _hyper_154_10112_chunk_12  (cost=2.50..12.50 rows=1000 width=16) (actual time=0.022..0.022 rows=6 loops=27834)
                                                                     Output: _hyper_154_10112_chunk_12.close, _hyper_154_10112_chunk_12."timestamp"
                                                                     Vectorized Filter: (_hyper_154_10112_chunk_12."timestamp" >= (now() - '1 year'::interval))
                                                                     Rows Removed by Filter: 4
                                                                     Bulk Decompression: true
                                                                     Buffers: shared hit=66080
                                                                     ->  Index Scan using compress_hyper_156_10136_chun_ticker__ts_meta_min_1__ts_met_idx on _timescaledb_internal.compress_hyper_156_10136_chunk compress_hyper_156_10136_chunk_12  (cost=0.28..2.50 rows=1 width=88) (actual time=0.010..0.010 rows=0 loops=27834)
                                                                           Output: compress_hyper_156_10136_chunk_12._ts_meta_count, compress_hyper_156_10136_chunk_12.ticker, compress_hyper_156_10136_chunk_12.volume, compress_hyper_156_10136_chunk_12.open, compress_hyper_156_10136_chunk_12.close, compress_hyper_156_10136_chunk_12.high, compress_hyper_156_10136_chunk_12.low, compress_hyper_156_10136_chunk_12._ts_meta_min_1, compress_hyper_156_10136_chunk_12._ts_meta_max_1, compress_hyper_156_10136_chunk_12."timestamp", compress_hyper_156_10136_chunk_12.transactions
                                                                           Index Cond: ((compress_hyper_156_10136_chunk_12.ticker = s.ticker) AND (compress_hyper_156_10136_chunk_12._ts_meta_max_1 >= (now() - '1 year'::interval)))
                                                                           Buffers: shared hit=57184
                                                               ->  Custom Scan (DecompressChunk) on _timescaledb_internal._hyper_154_10111_chunk _hyper_154_10111_chunk_12  (cost=2.50..12.50 rows=1000 width=16) (actual time=0.025..0.026 rows=6 loops=27834)
                                                                     Output: _hyper_154_10111_chunk_12.close, _hyper_154_10111_chunk_12."timestamp"
                                                                     Vectorized Filter: (_hyper_154_10111_chunk_12."timestamp" >= (now() - '1 year'::interval))
                                                                     Rows Removed by Filter: 3
                                                                     Bulk Decompression: true
                                                                     Buffers: shared hit=66002
                                                                     ->  Index Scan using compress_hyper_156_10135_chun_ticker__ts_meta_min_1__ts_met_idx on _timescaledb_internal.compress_hyper_156_10135_chunk compress_hyper_156_10135_chunk_12  (cost=0.28..2.50 rows=1 width=88) (actual time=0.010..0.010 rows=0 loops=27834)
                                                                           Output: compress_hyper_156_10135_chunk_12._ts_meta_count, compress_hyper_156_10135_chunk_12.ticker, compress_hyper_156_10135_chunk_12.volume, compress_hyper_156_10135_chunk_12.open, compress_hyper_156_10135_chunk_12.close, compress_hyper_156_10135_chunk_12.high, compress_hyper_156_10135_chunk_12.low, compress_hyper_156_10135_chunk_12._ts_meta_min_1, compress_hyper_156_10135_chunk_12._ts_meta_max_1, compress_hyper_156_10135_chunk_12."timestamp", compress_hyper_156_10135_chunk_12.transactions
                                                                           Index Cond: ((compress_hyper_156_10135_chunk_12.ticker = s.ticker) AND (compress_hyper_156_10135_chunk_12._ts_meta_max_1 >= (now() - '1 year'::interval)))
                                                                           Buffers: shared hit=57170
                                                               ->  Custom Scan (DecompressChunk) on _timescaledb_internal._hyper_154_10110_chunk _hyper_154_10110_chunk_12  (cost=2.50..12.50 rows=1000 width=16) (actual time=0.028..0.029 rows=6 loops=27834)
                                                                     Output: _hyper_154_10110_chunk_12.close, _hyper_154_10110_chunk_12."timestamp"
                                                                     Vectorized Filter: (_hyper_154_10110_chunk_12."timestamp" >= (now() - '1 year'::interval))
                                                                     Rows Removed by Filter: 4
                                                                     Bulk Decompression: true
                                                                     Buffers: shared hit=66179
                                                                     ->  Index Scan using compress_hyper_156_10134_chun_ticker__ts_meta_min_1__ts_met_idx on _timescaledb_internal.compress_hyper_156_10134_chunk compress_hyper_156_10134_chunk_12  (cost=0.28..2.50 rows=1 width=88) (actual time=0.011..0.011 rows=0 loops=27834)
                                                                           Output: compress_hyper_156_10134_chunk_12._ts_meta_count, compress_hyper_156_10134_chunk_12.ticker, compress_hyper_156_10134_chunk_12.volume, compress_hyper_156_10134_chunk_12.open, compress_hyper_156_10134_chunk_12.close, compress_hyper_156_10134_chunk_12.high, compress_hyper_156_10134_chunk_12.low, compress_hyper_156_10134_chunk_12._ts_meta_min_1, compress_hyper_156_10134_chunk_12._ts_meta_max_1, compress_hyper_156_10134_chunk_12."timestamp", compress_hyper_156_10134_chunk_12.transactions
                                                                           Index Cond: ((compress_hyper_156_10134_chunk_12.ticker = s.ticker) AND (compress_hyper_156_10134_chunk_12._ts_meta_max_1 >= (now() - '1 year'::interval)))
                                                                           Buffers: shared hit=57190
                                                               ->  Custom Scan (DecompressChunk) on _timescaledb_internal._hyper_154_10109_chunk _hyper_154_10109_chunk_12  (cost=2.50..12.50 rows=1000 width=16) (actual time=0.023..0.024 rows=5 loops=27834)
                                                                     Output: _hyper_154_10109_chunk_12.close, _hyper_154_10109_chunk_12."timestamp"
                                                                     Vectorized Filter: (_hyper_154_10109_chunk_12."timestamp" >= (now() - '1 year'::interval))
                                                                     Rows Removed by Filter: 3
                                                                     Bulk Decompression: true
                                                                     Buffers: shared hit=65443
                                                                     ->  Index Scan using compress_hyper_156_10133_chun_ticker__ts_meta_min_1__ts_met_idx on _timescaledb_internal.compress_hyper_156_10133_chunk compress_hyper_156_10133_chunk_12  (cost=0.28..2.50 rows=1 width=88) (actual time=0.013..0.013 rows=0 loops=27834)
                                                                           Output: compress_hyper_156_10133_chunk_12._ts_meta_count, compress_hyper_156_10133_chunk_12.ticker, compress_hyper_156_10133_chunk_12.volume, compress_hyper_156_10133_chunk_12.open, compress_hyper_156_10133_chunk_12.close, compress_hyper_156_10133_chunk_12.high, compress_hyper_156_10133_chunk_12.low, compress_hyper_156_10133_chunk_12._ts_meta_min_1, compress_hyper_156_10133_chunk_12._ts_meta_max_1, compress_hyper_156_10133_chunk_12."timestamp", compress_hyper_156_10133_chunk_12.transactions
                                                                           Index Cond: ((compress_hyper_156_10133_chunk_12.ticker = s.ticker) AND (compress_hyper_156_10133_chunk_12._ts_meta_max_1 >= (now() - '1 year'::interval)))
                                                                           Buffers: shared hit=57094
               ->  Aggregate  (cost=9.74..9.77 rows=1 width=64) (actual time=0.313..0.313 rows=1 loops=27834)
                     Output: CASE WHEN (count(*) FILTER (WHERE ((row_number() OVER (?)) <= 7)) < 7) THEN NULL::numeric WHEN (avg((((ohlcv_1d_13.close)::numeric / 1000.0))) FILTER (WHERE ((row_number() OVER (?)) <= 7)) = '0'::numeric) THEN NULL::numeric ELSE ((stddev_samp((((ohlcv_1d_13.close)::numeric / 1000.0))) FILTER (WHERE ((row_number() OVER (?)) <= 7)) / avg((((ohlcv_1d_13.close)::numeric / 1000.0))) FILTER (WHERE ((row_number() OVER (?)) <= 7))) * '100'::numeric) END, CASE WHEN (count(*) FILTER (WHERE ((row_number() OVER (?)) <= 30)) < 30) THEN NULL::numeric WHEN (avg((((ohlcv_1d_13.close)::numeric / 1000.0))) FILTER (WHERE ((row_number() OVER (?)) <= 30)) = '0'::numeric) THEN NULL::numeric ELSE ((stddev_samp((((ohlcv_1d_13.close)::numeric / 1000.0))) FILTER (WHERE ((row_number() OVER (?)) <= 30)) / avg((((ohlcv_1d_13.close)::numeric / 1000.0))) FILTER (WHERE ((row_number() OVER (?)) <= 30))) * '100'::numeric) END
                     Buffers: shared hit=691158
                     ->  Limit  (cost=3.66..8.53 rows=30 width=48) (actual time=0.207..0.262 rows=12 loops=27834)
                           Output: (((ohlcv_1d_13.close)::numeric / 1000.0)), (row_number() OVER (?)), ohlcv_1d_13."timestamp"
                           Buffers: shared hit=691158
                           ->  WindowAgg  (cost=3.66..51.06 rows=292 width=48) (actual time=0.202..0.254 rows=12 loops=27834)
                                 Output: ((ohlcv_1d_13.close)::numeric / 1000.0), row_number() OVER (?), ohlcv_1d_13."timestamp"
                                 Buffers: shared hit=691158
                                 ->  Result  (cost=3.50..45.22 rows=292 width=16) (actual time=0.193..0.214 rows=12 loops=27834)
                                       Output: ohlcv_1d_13."timestamp", ohlcv_1d_13.close
                                       Buffers: shared hit=691158
                                       ->  Custom Scan (ChunkAppend) on public.ohlcv_1d ohlcv_1d_13  (cost=3.50..42.30 rows=292 width=16) (actual time=0.177..0.194 rows=12 loops=27834)
                                             Output: ohlcv_1d_13.close, ohlcv_1d_13."timestamp"
                                             Order: ohlcv_1d_13."timestamp" DESC
                                             Startup Exclusion: false
                                             Runtime Exclusion: false
                                             Buffers: shared hit=691158
                                             ->  Merge Append  (cost=3.50..42.30 rows=292 width=16) (actual time=0.176..0.189 rows=12 loops=27834)
                                                   Sort Key: _hyper_154_10092_chunk_13."timestamp" DESC
                                                   Buffers: shared hit=691158
                                                   ->  Index Only Scan using _hyper_154_10092_chunk_ohlcv_1d_ticker_ts_desc_inc on _timescaledb_internal._hyper_154_10092_chunk _hyper_154_10092_chunk_13  (cost=0.42..4.53 rows=36 width=16) (actual time=0.021..0.022 rows=2 loops=27834)
                                                         Output: _hyper_154_10092_chunk_13.close, _hyper_154_10092_chunk_13."timestamp"
                                                         Index Cond: ((_hyper_154_10092_chunk_13.ticker = s.ticker) AND (_hyper_154_10092_chunk_13."timestamp" >= (now() - '60 days'::interval)))
                                                         Heap Fetches: 2582
                                                         Buffers: shared hit=86474
                                                   ->  Index Only Scan using _hyper_154_10091_chunk_ohlcv_1d_ticker_ts_desc_inc on _timescaledb_internal._hyper_154_10091_chunk _hyper_154_10091_chunk_13  (cost=0.42..4.55 rows=37 width=16) (actual time=0.021..0.022 rows=2 loops=27834)
                                                         Output: _hyper_154_10091_chunk_13.close, _hyper_154_10091_chunk_13."timestamp"
                                                         Index Cond: ((_hyper_154_10091_chunk_13.ticker = s.ticker) AND (_hyper_154_10091_chunk_13."timestamp" >= (now() - '60 days'::interval)))
                                                         Heap Fetches: 2409
                                                         Buffers: shared hit=86293
                                                   ->  Index Only Scan using _hyper_154_10090_chunk_ohlcv_1d_ticker_ts_desc_inc on _timescaledb_internal._hyper_154_10090_chunk _hyper_154_10090_chunk_13  (cost=0.42..4.53 rows=36 width=16) (actual time=0.011..0.012 rows=2 loops=27834)
                                                         Output: _hyper_154_10090_chunk_13.close, _hyper_154_10090_chunk_13."timestamp"
                                                         Index Cond: ((_hyper_154_10090_chunk_13.ticker = s.ticker) AND (_hyper_154_10090_chunk_13."timestamp" >= (now() - '60 days'::interval)))
                                                         Heap Fetches: 2574
                                                         Buffers: shared hit=86457
                                                   ->  Index Only Scan using _hyper_154_10089_chunk_ohlcv_1d_ticker_ts_desc_inc on _timescaledb_internal._hyper_154_10089_chunk _hyper_154_10089_chunk_13  (cost=0.42..4.55 rows=37 width=16) (actual time=0.015..0.016 rows=2 loops=27834)
                                                         Output: _hyper_154_10089_chunk_13.close, _hyper_154_10089_chunk_13."timestamp"
                                                         Index Cond: ((_hyper_154_10089_chunk_13.ticker = s.ticker) AND (_hyper_154_10089_chunk_13."timestamp" >= (now() - '60 days'::interval)))
                                                         Heap Fetches: 2586
                                                         Buffers: shared hit=86461
                                                   ->  Index Only Scan using _hyper_154_10088_chunk_ohlcv_1d_ticker_ts_desc_inc on _timescaledb_internal._hyper_154_10088_chunk _hyper_154_10088_chunk_13  (cost=0.42..4.53 rows=36 width=16) (actual time=0.012..0.013 rows=1 loops=27834)
                                                         Output: _hyper_154_10088_chunk_13.close, _hyper_154_10088_chunk_13."timestamp"
                                                         Index Cond: ((_hyper_154_10088_chunk_13.ticker = s.ticker) AND (_hyper_154_10088_chunk_13."timestamp" >= (now() - '60 days'::interval)))
                                                         Heap Fetches: 2376
                                                         Buffers: shared hit=86259
                                                   ->  Index Only Scan using _hyper_154_10087_chunk_ohlcv_1d_ticker_ts_desc_inc on _timescaledb_internal._hyper_154_10087_chunk _hyper_154_10087_chunk_13  (cost=0.42..4.55 rows=37 width=16) (actual time=0.014..0.014 rows=2 loops=27834)
                                                         Output: _hyper_154_10087_chunk_13.close, _hyper_154_10087_chunk_13."timestamp"
                                                         Index Cond: ((_hyper_154_10087_chunk_13.ticker = s.ticker) AND (_hyper_154_10087_chunk_13."timestamp" >= (now() - '60 days'::interval)))
                                                         Heap Fetches: 2502
                                                         Buffers: shared hit=86395
                                                   ->  Index Only Scan using _hyper_154_10086_chunk_ohlcv_1d_ticker_ts_desc_inc on _timescaledb_internal._hyper_154_10086_chunk _hyper_154_10086_chunk_13  (cost=0.42..4.55 rows=37 width=16) (actual time=0.011..0.012 rows=2 loops=27834)
                                                         Output: _hyper_154_10086_chunk_13.close, _hyper_154_10086_chunk_13."timestamp"
                                                         Index Cond: ((_hyper_154_10086_chunk_13.ticker = s.ticker) AND (_hyper_154_10086_chunk_13."timestamp" >= (now() - '60 days'::interval)))
                                                         Heap Fetches: 2551
                                                         Buffers: shared hit=86458
                                                   ->  Index Only Scan using _hyper_154_10085_chunk_ohlcv_1d_ticker_ts_desc_inc on _timescaledb_internal._hyper_154_10085_chunk _hyper_154_10085_chunk_13  (cost=0.42..4.53 rows=36 width=16) (actual time=0.015..0.018 rows=1 loops=27834)
                                                         Output: _hyper_154_10085_chunk_13.close, _hyper_154_10085_chunk_13."timestamp"
                                                         Index Cond: ((_hyper_154_10085_chunk_13.ticker = s.ticker) AND (_hyper_154_10085_chunk_13."timestamp" >= (now() - '60 days'::interval)))
                                                         Heap Fetches: 2489
                                                         Buffers: shared hit=86361
         ->  Aggregate  (cost=5.95..5.96 rows=1 width=64) (actual time=0.163..0.163 rows=1 loops=27834)
               Output: avg(ohlcv_1d_14.volume), avg((((ohlcv_1d_14.volume * ohlcv_1d_14.close))::numeric / 1000.0))
               Buffers: shared hit=689080
               ->  Limit  (cost=3.50..5.63 rows=14 width=24) (actual time=0.135..0.144 rows=6 loops=27834)
                     Output: ohlcv_1d_14.volume, ohlcv_1d_14.close, ohlcv_1d_14."timestamp"
                     Buffers: shared hit=689080
                     ->  Custom Scan (ChunkAppend) on public.ohlcv_1d ohlcv_1d_14  (cost=3.50..27.90 rows=160 width=24) (actual time=0.120..0.129 rows=6 loops=27834)
                           Output: ohlcv_1d_14.volume, ohlcv_1d_14.close, ohlcv_1d_14."timestamp"
                           Order: ohlcv_1d_14."timestamp" DESC
                           Startup Exclusion: false
                           Runtime Exclusion: false
                           Buffers: shared hit=689080
                           ->  Merge Append  (cost=3.50..27.90 rows=160 width=24) (actual time=0.118..0.124 rows=6 loops=27834)
                                 Sort Key: _hyper_154_10092_chunk_14."timestamp" DESC
                                 Buffers: shared hit=689080
                                 ->  Index Only Scan using _hyper_154_10092_chunk_ohlcv_1d_ticker_ts_desc_inc on _timescaledb_internal._hyper_154_10092_chunk _hyper_154_10092_chunk_14  (cost=0.42..3.07 rows=20 width=24) (actual time=0.012..0.012 rows=1 loops=27834)
                                       Output: _hyper_154_10092_chunk_14.volume, _hyper_154_10092_chunk_14.close, _hyper_154_10092_chunk_14."timestamp"
                                       Index Cond: ((_hyper_154_10092_chunk_14.ticker = s.ticker) AND (_hyper_154_10092_chunk_14."timestamp" >= (now() - '30 days'::interval)))
                                       Heap Fetches: 2532
                                       Buffers: shared hit=86217
                                 ->  Index Only Scan using _hyper_154_10091_chunk_ohlcv_1d_ticker_ts_desc_inc on _timescaledb_internal._hyper_154_10091_chunk _hyper_154_10091_chunk_14  (cost=0.42..3.07 rows=20 width=24) (actual time=0.008..0.008 rows=1 loops=27834)
                                       Output: _hyper_154_10091_chunk_14.volume, _hyper_154_10091_chunk_14.close, _hyper_154_10091_chunk_14."timestamp"
                                       Index Cond: ((_hyper_154_10091_chunk_14.ticker = s.ticker) AND (_hyper_154_10091_chunk_14."timestamp" >= (now() - '30 days'::interval)))
                                       Heap Fetches: 2369
                                       Buffers: shared hit=86039
                                 ->  Index Only Scan using _hyper_154_10090_chunk_ohlcv_1d_ticker_ts_desc_inc on _timescaledb_internal._hyper_154_10090_chunk _hyper_154_10090_chunk_14  (cost=0.42..3.07 rows=20 width=24) (actual time=0.010..0.010 rows=1 loops=27834)
                                       Output: _hyper_154_10090_chunk_14.volume, _hyper_154_10090_chunk_14.close, _hyper_154_10090_chunk_14."timestamp"
                                       Index Cond: ((_hyper_154_10090_chunk_14.ticker = s.ticker) AND (_hyper_154_10090_chunk_14."timestamp" >= (now() - '30 days'::interval)))
                                       Heap Fetches: 2499
                                       Buffers: shared hit=86175
                                 ->  Index Only Scan using _hyper_154_10089_chunk_ohlcv_1d_ticker_ts_desc_inc on _timescaledb_internal._hyper_154_10089_chunk _hyper_154_10089_chunk_14  (cost=0.42..3.07 rows=20 width=24) (actual time=0.013..0.013 rows=1 loops=27834)
                                       Output: _hyper_154_10089_chunk_14.volume, _hyper_154_10089_chunk_14.close, _hyper_154_10089_chunk_14."timestamp"
                                       Index Cond: ((_hyper_154_10089_chunk_14.ticker = s.ticker) AND (_hyper_154_10089_chunk_14."timestamp" >= (now() - '30 days'::interval)))
                                       Heap Fetches: 2519
                                       Buffers: shared hit=86184
                                 ->  Index Only Scan using _hyper_154_10088_chunk_ohlcv_1d_ticker_ts_desc_inc on _timescaledb_internal._hyper_154_10088_chunk _hyper_154_10088_chunk_14  (cost=0.42..3.07 rows=20 width=24) (actual time=0.009..0.009 rows=1 loops=27834)
                                       Output: _hyper_154_10088_chunk_14.volume, _hyper_154_10088_chunk_14.close, _hyper_154_10088_chunk_14."timestamp"
                                       Index Cond: ((_hyper_154_10088_chunk_14.ticker = s.ticker) AND (_hyper_154_10088_chunk_14."timestamp" >= (now() - '30 days'::interval)))
                                       Heap Fetches: 2376
                                       Buffers: shared hit=86051
                                 ->  Index Only Scan using _hyper_154_10087_chunk_ohlcv_1d_ticker_ts_desc_inc on _timescaledb_internal._hyper_154_10087_chunk _hyper_154_10087_chunk_14  (cost=0.42..3.07 rows=20 width=24) (actual time=0.009..0.010 rows=1 loops=27834)
                                       Output: _hyper_154_10087_chunk_14.volume, _hyper_154_10087_chunk_14.close, _hyper_154_10087_chunk_14."timestamp"
                                       Index Cond: ((_hyper_154_10087_chunk_14.ticker = s.ticker) AND (_hyper_154_10087_chunk_14."timestamp" >= (now() - '30 days'::interval)))
                                       Heap Fetches: 2477
                                       Buffers: shared hit=86157
                                 ->  Index Only Scan using _hyper_154_10086_chunk_ohlcv_1d_ticker_ts_desc_inc on _timescaledb_internal._hyper_154_10086_chunk _hyper_154_10086_chunk_14  (cost=0.42..3.07 rows=20 width=24) (actual time=0.007..0.009 rows=1 loops=27834)
                                       Output: _hyper_154_10086_chunk_14.volume, _hyper_154_10086_chunk_14.close, _hyper_154_10086_chunk_14."timestamp"
                                       Index Cond: ((_hyper_154_10086_chunk_14.ticker = s.ticker) AND (_hyper_154_10086_chunk_14."timestamp" >= (now() - '30 days'::interval)))
                                       Heap Fetches: 2482
                                       Buffers: shared hit=86172
                                 ->  Index Only Scan using _hyper_154_10085_chunk_ohlcv_1d_ticker_ts_desc_inc on _timescaledb_internal._hyper_154_10085_chunk _hyper_154_10085_chunk_14  (cost=0.42..3.07 rows=20 width=24) (actual time=0.010..0.010 rows=1 loops=27834)
                                       Output: _hyper_154_10085_chunk_14.volume, _hyper_154_10085_chunk_14.close, _hyper_154_10085_chunk_14."timestamp"
                                       Index Cond: ((_hyper_154_10085_chunk_14.ticker = s.ticker) AND (_hyper_154_10085_chunk_14."timestamp" >= (now() - '30 days'::interval)))
                                       Heap Fetches: 2414
                                       Buffers: shared hit=86085
 Query Identifier: -6761494572342618189
 Planning:
   Buffers: shared hit=14833 read=451 dirtied=16
   I/O Timings: shared read=825.127
 Planning Time: 1921.076 ms
 Execution Time: 1152215.364 ms
(2901 rows)

psql:/dev/stdin:368: ERROR:  ON CONFLICT DO UPDATE command cannot affect row a second time
HINT:  Ensure that no rows proposed for insertion within the same command have duplicate constrained values.
psql:/dev/stdin:372: ERROR:  syntax error at or near "TRUNCATE"
LINE 2: TRUNCATE static_refs_daily_actives_stage;
        ^
                                                                                       QUERY PLAN                                                                                        
-----------------------------------------------------------------------------------------------------------------------------------------------------------------------------------------
 Limit  (cost=3250.92..35736.63 rows=10 width=64) (actual time=0.123..0.128 rows=0 loops=1)
   Output: s.ticker, (((ohlcv_1m.close)::numeric / 1000.0))
   ->  Nested Loop Left Join  (cost=3250.92..4421307.82 rows=1360 width=64) (actual time=0.120..0.124 rows=0 loops=1)
         Output: s.ticker, (((ohlcv_1m.close)::numeric / 1000.0))
         ->  Seq Scan on public.static_refs_1m_actives_stage s  (cost=0.00..23.60 rows=1360 width=32) (actual time=0.117..0.118 rows=0 loops=1)
               Output: s.ticker
         ->  Limit  (cost=3250.92..3250.92 rows=1 width=64) (never executed)
               Output: (((ohlcv_1m.close)::numeric / 1000.0)), (abs(EXTRACT(epoch FROM (ohlcv_1m."timestamp" - (now() - '00:01:00'::interval)))))
               ->  Sort  (cost=3250.92..3258.04 rows=2848 width=64) (never executed)
                     Output: (((ohlcv_1m.close)::numeric / 1000.0)), (abs(EXTRACT(epoch FROM (ohlcv_1m."timestamp" - (now() - '00:01:00'::interval)))))
                     Sort Key: (abs(EXTRACT(epoch FROM (ohlcv_1m."timestamp" - (now() - '00:01:00'::interval)))))
                     ->  Result  (cost=0.43..3236.68 rows=2848 width=64) (never executed)
                           Output: ((ohlcv_1m.close)::numeric / 1000.0), abs(EXTRACT(epoch FROM (ohlcv_1m."timestamp" - (now() - '00:01:00'::interval))))
                           ->  Custom Scan (ChunkAppend) on public.ohlcv_1m  (cost=0.43..3158.36 rows=2848 width=16) (never executed)
                                 Output: ohlcv_1m.close, ohlcv_1m."timestamp"
                                 Startup Exclusion: true
                                 Runtime Exclusion: true
                                 Chunks excluded during startup: 0
                                 ->  Index Scan using "10149_8270_ohlcv_1m_pkey" on _timescaledb_internal._hyper_153_10149_chunk  (cost=0.43..392.35 rows=358 width=16) (never executed)
                                       Output: _hyper_153_10149_chunk.close, _hyper_153_10149_chunk."timestamp"
                                       Index Cond: ((_hyper_153_10149_chunk.ticker = s.ticker) AND (_hyper_153_10149_chunk."timestamp" >= (now() - '5 days'::interval)))
                                 ->  Index Scan using "10150_8271_ohlcv_1m_pkey" on _timescaledb_internal._hyper_153_10150_chunk  (cost=0.43..407.45 rows=369 width=16) (never executed)
                                       Output: _hyper_153_10150_chunk.close, _hyper_153_10150_chunk."timestamp"
                                       Index Cond: ((_hyper_153_10150_chunk.ticker = s.ticker) AND (_hyper_153_10150_chunk."timestamp" >= (now() - '5 days'::interval)))
                                 ->  Index Scan using "10151_8272_ohlcv_1m_pkey" on _timescaledb_internal._hyper_153_10151_chunk  (cost=0.43..393.38 rows=357 width=16) (never executed)
                                       Output: _hyper_153_10151_chunk.close, _hyper_153_10151_chunk."timestamp"
                                       Index Cond: ((_hyper_153_10151_chunk.ticker = s.ticker) AND (_hyper_153_10151_chunk."timestamp" >= (now() - '5 days'::interval)))
                                 ->  Index Scan using "10152_8273_ohlcv_1m_pkey" on _timescaledb_internal._hyper_153_10152_chunk  (cost=0.43..384.94 rows=346 width=16) (never executed)
                                       Output: _hyper_153_10152_chunk.close, _hyper_153_10152_chunk."timestamp"
                                       Index Cond: ((_hyper_153_10152_chunk.ticker = s.ticker) AND (_hyper_153_10152_chunk."timestamp" >= (now() - '5 days'::interval)))
                                 ->  Index Scan using "10153_8274_ohlcv_1m_pkey" on _timescaledb_internal._hyper_153_10153_chunk  (cost=0.43..397.88 rows=358 width=16) (never executed)
                                       Output: _hyper_153_10153_chunk.close, _hyper_153_10153_chunk."timestamp"
                                       Index Cond: ((_hyper_153_10153_chunk.ticker = s.ticker) AND (_hyper_153_10153_chunk."timestamp" >= (now() - '5 days'::interval)))
                                 ->  Index Scan using "10154_8275_ohlcv_1m_pkey" on _timescaledb_internal._hyper_153_10154_chunk  (cost=0.43..409.69 rows=368 width=16) (never executed)
                                       Output: _hyper_153_10154_chunk.close, _hyper_153_10154_chunk."timestamp"
                                       Index Cond: ((_hyper_153_10154_chunk.ticker = s.ticker) AND (_hyper_153_10154_chunk."timestamp" >= (now() - '5 days'::interval)))
                                 ->  Index Scan using "10155_8276_ohlcv_1m_pkey" on _timescaledb_internal._hyper_153_10155_chunk  (cost=0.43..392.80 rows=352 width=16) (never executed)
                                       Output: _hyper_153_10155_chunk.close, _hyper_153_10155_chunk."timestamp"
                                       Index Cond: ((_hyper_153_10155_chunk.ticker = s.ticker) AND (_hyper_153_10155_chunk."timestamp" >= (now() - '5 days'::interval)))
                                 ->  Index Scan using "10156_8277_ohlcv_1m_pkey" on _timescaledb_internal._hyper_153_10156_chunk  (cost=0.43..379.87 rows=340 width=16) (never executed)
                                       Output: _hyper_153_10156_chunk.close, _hyper_153_10156_chunk."timestamp"
                                       Index Cond: ((_hyper_153_10156_chunk.ticker = s.ticker) AND (_hyper_153_10156_chunk."timestamp" >= (now() - '5 days'::interval)))
 Query Identifier: -5035764010509729479
 Planning:
   Buffers: shared hit=171 read=1 dirtied=1
   I/O Timings: shared read=2.677
 Planning Time: 35.312 ms
 Execution Time: 1.839 ms
(48 rows)

                                                                                       QUERY PLAN                                                                                        
-----------------------------------------------------------------------------------------------------------------------------------------------------------------------------------------
 Limit  (cost=3250.92..35736.63 rows=10 width=64) (actual time=0.031..0.033 rows=0 loops=1)
   Output: s.ticker, (((ohlcv_1m.close)::numeric / 1000.0))
   ->  Nested Loop Left Join  (cost=3250.92..4421307.82 rows=1360 width=64) (actual time=0.030..0.031 rows=0 loops=1)
         Output: s.ticker, (((ohlcv_1m.close)::numeric / 1000.0))
         ->  Seq Scan on public.static_refs_1m_actives_stage s  (cost=0.00..23.60 rows=1360 width=32) (actual time=0.029..0.029 rows=0 loops=1)
               Output: s.ticker
         ->  Limit  (cost=3250.92..3250.92 rows=1 width=64) (never executed)
               Output: (((ohlcv_1m.close)::numeric / 1000.0)), (abs(EXTRACT(epoch FROM (ohlcv_1m."timestamp" - (now() - '00:15:00'::interval)))))
               ->  Sort  (cost=3250.92..3258.04 rows=2848 width=64) (never executed)
                     Output: (((ohlcv_1m.close)::numeric / 1000.0)), (abs(EXTRACT(epoch FROM (ohlcv_1m."timestamp" - (now() - '00:15:00'::interval)))))
                     Sort Key: (abs(EXTRACT(epoch FROM (ohlcv_1m."timestamp" - (now() - '00:15:00'::interval)))))
                     ->  Result  (cost=0.43..3236.68 rows=2848 width=64) (never executed)
                           Output: ((ohlcv_1m.close)::numeric / 1000.0), abs(EXTRACT(epoch FROM (ohlcv_1m."timestamp" - (now() - '00:15:00'::interval))))
                           ->  Custom Scan (ChunkAppend) on public.ohlcv_1m  (cost=0.43..3158.36 rows=2848 width=16) (never executed)
                                 Output: ohlcv_1m.close, ohlcv_1m."timestamp"
                                 Startup Exclusion: true
                                 Runtime Exclusion: true
                                 Chunks excluded during startup: 0
                                 ->  Index Scan using "10149_8270_ohlcv_1m_pkey" on _timescaledb_internal._hyper_153_10149_chunk  (cost=0.43..392.35 rows=358 width=16) (never executed)
                                       Output: _hyper_153_10149_chunk.close, _hyper_153_10149_chunk."timestamp"
                                       Index Cond: ((_hyper_153_10149_chunk.ticker = s.ticker) AND (_hyper_153_10149_chunk."timestamp" >= (now() - '5 days'::interval)))
                                 ->  Index Scan using "10150_8271_ohlcv_1m_pkey" on _timescaledb_internal._hyper_153_10150_chunk  (cost=0.43..407.45 rows=369 width=16) (never executed)
                                       Output: _hyper_153_10150_chunk.close, _hyper_153_10150_chunk."timestamp"
                                       Index Cond: ((_hyper_153_10150_chunk.ticker = s.ticker) AND (_hyper_153_10150_chunk."timestamp" >= (now() - '5 days'::interval)))
                                 ->  Index Scan using "10151_8272_ohlcv_1m_pkey" on _timescaledb_internal._hyper_153_10151_chunk  (cost=0.43..393.38 rows=357 width=16) (never executed)
                                       Output: _hyper_153_10151_chunk.close, _hyper_153_10151_chunk."timestamp"
                                       Index Cond: ((_hyper_153_10151_chunk.ticker = s.ticker) AND (_hyper_153_10151_chunk."timestamp" >= (now() - '5 days'::interval)))
                                 ->  Index Scan using "10152_8273_ohlcv_1m_pkey" on _timescaledb_internal._hyper_153_10152_chunk  (cost=0.43..384.94 rows=346 width=16) (never executed)
                                       Output: _hyper_153_10152_chunk.close, _hyper_153_10152_chunk."timestamp"
                                       Index Cond: ((_hyper_153_10152_chunk.ticker = s.ticker) AND (_hyper_153_10152_chunk."timestamp" >= (now() - '5 days'::interval)))
                                 ->  Index Scan using "10153_8274_ohlcv_1m_pkey" on _timescaledb_internal._hyper_153_10153_chunk  (cost=0.43..397.88 rows=358 width=16) (never executed)
                                       Output: _hyper_153_10153_chunk.close, _hyper_153_10153_chunk."timestamp"
                                       Index Cond: ((_hyper_153_10153_chunk.ticker = s.ticker) AND (_hyper_153_10153_chunk."timestamp" >= (now() - '5 days'::interval)))
                                 ->  Index Scan using "10154_8275_ohlcv_1m_pkey" on _timescaledb_internal._hyper_153_10154_chunk  (cost=0.43..409.69 rows=368 width=16) (never executed)
                                       Output: _hyper_153_10154_chunk.close, _hyper_153_10154_chunk."timestamp"
                                       Index Cond: ((_hyper_153_10154_chunk.ticker = s.ticker) AND (_hyper_153_10154_chunk."timestamp" >= (now() - '5 days'::interval)))
                                 ->  Index Scan using "10155_8276_ohlcv_1m_pkey" on _timescaledb_internal._hyper_153_10155_chunk  (cost=0.43..392.80 rows=352 width=16) (never executed)
                                       Output: _hyper_153_10155_chunk.close, _hyper_153_10155_chunk."timestamp"
                                       Index Cond: ((_hyper_153_10155_chunk.ticker = s.ticker) AND (_hyper_153_10155_chunk."timestamp" >= (now() - '5 days'::interval)))
                                 ->  Index Scan using "10156_8277_ohlcv_1m_pkey" on _timescaledb_internal._hyper_153_10156_chunk  (cost=0.43..379.87 rows=340 width=16) (never executed)
                                       Output: _hyper_153_10156_chunk.close, _hyper_153_10156_chunk."timestamp"
                                       Index Cond: ((_hyper_153_10156_chunk.ticker = s.ticker) AND (_hyper_153_10156_chunk."timestamp" >= (now() - '5 days'::interval)))
 Query Identifier: -5035764010509729479
 Planning:
   Buffers: shared hit=104
 Planning Time: 1.576 ms
 Execution Time: 0.513 ms
(47 rows)

                                                                                                                                                                                                                                                                                                                                                                                                                                                                                                                                                                                     QUERY PLAN                                                                                                                                                                                                                                                                                                                                                                                                                                                                                                                                                                                     
------------------------------------------------------------------------------------------------------------------------------------------------------------------------------------------------------------------------------------------------------------------------------------------------------------------------------------------------------------------------------------------------------------------------------------------------------------------------------------------------------------------------------------------------------------------------------------------------------------------------------------------------------------------------------------------------------------------------------------------------------------------------------------------------------------------------------------------------------------------------------------------------------------------------------------------------------------------------------------------------------------------------------------------------------------------------------------------------------------------------------------------------------------------------------------
 Limit  (cost=22.12..243.78 rows=10 width=96) (actual time=0.095..0.100 rows=0 loops=1)
   Output: s.ticker, (CASE WHEN (count(*) FILTER (WHERE ((row_number() OVER (?)) <= 15)) < 15) THEN NULL::numeric WHEN ((min((((ohlcv_1m.low)::numeric / 1000.0))) FILTER (WHERE ((row_number() OVER (?)) <= 15)) = '0'::numeric) OR (min((((ohlcv_1m.low)::numeric / 1000.0))) FILTER (WHERE ((row_number() OVER (?)) <= 15)) IS NULL)) THEN NULL::numeric ELSE (((max((((ohlcv_1m.high)::numeric / 1000.0))) FILTER (WHERE ((row_number() OVER (?)) <= 15)) / min((((ohlcv_1m.low)::numeric / 1000.0))) FILTER (WHERE ((row_number() OVER (?)) <= 15))) - '1'::numeric) * '100'::numeric) END), (CASE WHEN (count(*) FILTER (WHERE ((row_number() OVER (?)) <= 60)) < 60) THEN NULL::numeric WHEN ((min((((ohlcv_1m.low)::numeric / 1000.0))) FILTER (WHERE ((row_number() OVER (?)) <= 60)) = '0'::numeric) OR (min((((ohlcv_1m.low)::numeric / 1000.0))) FILTER (WHERE ((row_number() OVER (?)) <= 60)) IS NULL)) THEN NULL::numeric ELSE (((max((((ohlcv_1m.high)::numeric / 1000.0))) FILTER (WHERE ((row_number() OVER (?)) <= 60)) / min((((ohlcv_1m.low)::numeric / 1000.0))) FILTER (WHERE ((row_number() OVER (?)) <= 60))) - '1'::numeric) * '100'::numeric) END)
   ->  Nested Loop Left Join  (cost=22.12..30168.00 rows=1360 width=96) (actual time=0.092..0.096 rows=0 loops=1)
         Output: s.ticker, (CASE WHEN (count(*) FILTER (WHERE ((row_number() OVER (?)) <= 15)) < 15) THEN NULL::numeric WHEN ((min((((ohlcv_1m.low)::numeric / 1000.0))) FILTER (WHERE ((row_number() OVER (?)) <= 15)) = '0'::numeric) OR (min((((ohlcv_1m.low)::numeric / 1000.0))) FILTER (WHERE ((row_number() OVER (?)) <= 15)) IS NULL)) THEN NULL::numeric ELSE (((max((((ohlcv_1m.high)::numeric / 1000.0))) FILTER (WHERE ((row_number() OVER (?)) <= 15)) / min((((ohlcv_1m.low)::numeric / 1000.0))) FILTER (WHERE ((row_number() OVER (?)) <= 15))) - '1'::numeric) * '100'::numeric) END), (CASE WHEN (count(*) FILTER (WHERE ((row_number() OVER (?)) <= 60)) < 60) THEN NULL::numeric WHEN ((min((((ohlcv_1m.low)::numeric / 1000.0))) FILTER (WHERE ((row_number() OVER (?)) <= 60)) = '0'::numeric) OR (min((((ohlcv_1m.low)::numeric / 1000.0))) FILTER (WHERE ((row_number() OVER (?)) <= 60)) IS NULL)) THEN NULL::numeric ELSE (((max((((ohlcv_1m.high)::numeric / 1000.0))) FILTER (WHERE ((row_number() OVER (?)) <= 60)) / min((((ohlcv_1m.low)::numeric / 1000.0))) FILTER (WHERE ((row_number() OVER (?)) <= 60))) - '1'::numeric) * '100'::numeric) END)
         ->  Seq Scan on public.static_refs_1m_actives_stage s  (cost=0.00..23.60 rows=1360 width=32) (actual time=0.089..0.090 rows=0 loops=1)
               Output: s.ticker
         ->  Aggregate  (cost=22.12..22.15 rows=1 width=64) (never executed)
               Output: CASE WHEN (count(*) FILTER (WHERE ((row_number() OVER (?)) <= 15)) < 15) THEN NULL::numeric WHEN ((min((((ohlcv_1m.low)::numeric / 1000.0))) FILTER (WHERE ((row_number() OVER (?)) <= 15)) = '0'::numeric) OR (min((((ohlcv_1m.low)::numeric / 1000.0))) FILTER (WHERE ((row_number() OVER (?)) <= 15)) IS NULL)) THEN NULL::numeric ELSE (((max((((ohlcv_1m.high)::numeric / 1000.0))) FILTER (WHERE ((row_number() OVER (?)) <= 15)) / min((((ohlcv_1m.low)::numeric / 1000.0))) FILTER (WHERE ((row_number() OVER (?)) <= 15))) - '1'::numeric) * '100'::numeric) END, CASE WHEN (count(*) FILTER (WHERE ((row_number() OVER (?)) <= 60)) < 60) THEN NULL::numeric WHEN ((min((((ohlcv_1m.low)::numeric / 1000.0))) FILTER (WHERE ((row_number() OVER (?)) <= 60)) = '0'::numeric) OR (min((((ohlcv_1m.low)::numeric / 1000.0))) FILTER (WHERE ((row_number() OVER (?)) <= 60)) IS NULL)) THEN NULL::numeric ELSE (((max((((ohlcv_1m.high)::numeric / 1000.0))) FILTER (WHERE ((row_number() OVER (?)) <= 60)) / min((((ohlcv_1m.low)::numeric / 1000.0))) FILTER (WHERE ((row_number() OVER (?)) <= 60))) - '1'::numeric) * '100'::numeric) END
               ->  Limit  (cost=5.85..21.80 rows=8 width=80) (never executed)
                     Output: (((ohlcv_1m.high)::numeric / 1000.0)), (((ohlcv_1m.low)::numeric / 1000.0)), (row_number() OVER (?)), ohlcv_1m."timestamp"
                     ->  WindowAgg  (cost=5.85..21.80 rows=8 width=80) (never executed)
                           Output: ((ohlcv_1m.high)::numeric / 1000.0), ((ohlcv_1m.low)::numeric / 1000.0), row_number() OVER (?), ohlcv_1m."timestamp"
                           ->  Result  (cost=3.58..21.60 rows=8 width=24) (never executed)
                                 Output: ohlcv_1m."timestamp", ohlcv_1m.high, ohlcv_1m.low
                                 ->  Custom Scan (ChunkAppend) on public.ohlcv_1m  (cost=3.58..21.52 rows=8 width=24) (never executed)
                                       Output: ohlcv_1m.high, ohlcv_1m.low, ohlcv_1m."timestamp"
                                       Order: ohlcv_1m."timestamp" DESC
                                       Startup Exclusion: false
                                       Runtime Exclusion: false
                                       ->  Merge Append  (cost=3.58..21.52 rows=8 width=24) (never executed)
                                             Sort Key: _hyper_153_10156_chunk."timestamp" DESC
                                             ->  Index Scan Backward using "10156_8277_ohlcv_1m_pkey" on _timescaledb_internal._hyper_153_10156_chunk  (cost=0.43..2.65 rows=1 width=24) (never executed)
                                                   Output: _hyper_153_10156_chunk.high, _hyper_153_10156_chunk.low, _hyper_153_10156_chunk."timestamp"
                                                   Index Cond: ((_hyper_153_10156_chunk.ticker = s.ticker) AND (_hyper_153_10156_chunk."timestamp" >= (now() - '02:00:00'::interval)))
                                             ->  Index Scan Backward using "10155_8276_ohlcv_1m_pkey" on _timescaledb_internal._hyper_153_10155_chunk  (cost=0.43..2.65 rows=1 width=24) (never executed)
                                                   Output: _hyper_153_10155_chunk.high, _hyper_153_10155_chunk.low, _hyper_153_10155_chunk."timestamp"
                                                   Index Cond: ((_hyper_153_10155_chunk.ticker = s.ticker) AND (_hyper_153_10155_chunk."timestamp" >= (now() - '02:00:00'::interval)))
                                             ->  Index Scan Backward using "10154_8275_ohlcv_1m_pkey" on _timescaledb_internal._hyper_153_10154_chunk  (cost=0.43..2.65 rows=1 width=24) (never executed)
                                                   Output: _hyper_153_10154_chunk.high, _hyper_153_10154_chunk.low, _hyper_153_10154_chunk."timestamp"
                                                   Index Cond: ((_hyper_153_10154_chunk.ticker = s.ticker) AND (_hyper_153_10154_chunk."timestamp" >= (now() - '02:00:00'::interval)))
                                             ->  Index Scan Backward using "10153_8274_ohlcv_1m_pkey" on _timescaledb_internal._hyper_153_10153_chunk  (cost=0.43..2.65 rows=1 width=24) (never executed)
                                                   Output: _hyper_153_10153_chunk.high, _hyper_153_10153_chunk.low, _hyper_153_10153_chunk."timestamp"
                                                   Index Cond: ((_hyper_153_10153_chunk.ticker = s.ticker) AND (_hyper_153_10153_chunk."timestamp" >= (now() - '02:00:00'::interval)))
                                             ->  Index Scan Backward using "10152_8273_ohlcv_1m_pkey" on _timescaledb_internal._hyper_153_10152_chunk  (cost=0.43..2.65 rows=1 width=24) (never executed)
                                                   Output: _hyper_153_10152_chunk.high, _hyper_153_10152_chunk.low, _hyper_153_10152_chunk."timestamp"
                                                   Index Cond: ((_hyper_153_10152_chunk.ticker = s.ticker) AND (_hyper_153_10152_chunk."timestamp" >= (now() - '02:00:00'::interval)))
                                             ->  Index Scan Backward using "10151_8272_ohlcv_1m_pkey" on _timescaledb_internal._hyper_153_10151_chunk  (cost=0.43..2.65 rows=1 width=24) (never executed)
                                                   Output: _hyper_153_10151_chunk.high, _hyper_153_10151_chunk.low, _hyper_153_10151_chunk."timestamp"
                                                   Index Cond: ((_hyper_153_10151_chunk.ticker = s.ticker) AND (_hyper_153_10151_chunk."timestamp" >= (now() - '02:00:00'::interval)))
                                             ->  Index Scan Backward using "10150_8271_ohlcv_1m_pkey" on _timescaledb_internal._hyper_153_10150_chunk  (cost=0.43..2.65 rows=1 width=24) (never executed)
                                                   Output: _hyper_153_10150_chunk.high, _hyper_153_10150_chunk.low, _hyper_153_10150_chunk."timestamp"
                                                   Index Cond: ((_hyper_153_10150_chunk.ticker = s.ticker) AND (_hyper_153_10150_chunk."timestamp" >= (now() - '02:00:00'::interval)))
                                             ->  Index Scan Backward using "10149_8270_ohlcv_1m_pkey" on _timescaledb_internal._hyper_153_10149_chunk  (cost=0.43..2.65 rows=1 width=24) (never executed)
                                                   Output: _hyper_153_10149_chunk.high, _hyper_153_10149_chunk.low, _hyper_153_10149_chunk."timestamp"
                                                   Index Cond: ((_hyper_153_10149_chunk.ticker = s.ticker) AND (_hyper_153_10149_chunk."timestamp" >= (now() - '02:00:00'::interval)))
 Query Identifier: 8162860318487846256
 Planning:
   Buffers: shared hit=105
 Planning Time: 14.858 ms
 Execution Time: 3.368 ms
(50 rows)

                                                                                          QUERY PLAN                                                                                          
----------------------------------------------------------------------------------------------------------------------------------------------------------------------------------------------
 Limit  (cost=21.70..238.97 rows=10 width=96) (actual time=0.093..0.097 rows=0 loops=1)
   Output: s.ticker, (avg(ohlcv_1m.volume)), (avg((((ohlcv_1m.volume * ohlcv_1m.close))::numeric / 1000.0)))
   ->  Nested Loop Left Join  (cost=21.70..29569.60 rows=1360 width=96) (actual time=0.089..0.093 rows=0 loops=1)
         Output: s.ticker, (avg(ohlcv_1m.volume)), (avg((((ohlcv_1m.volume * ohlcv_1m.close))::numeric / 1000.0)))
         ->  Seq Scan on public.static_refs_1m_actives_stage s  (cost=0.00..23.60 rows=1360 width=32) (actual time=0.087..0.088 rows=0 loops=1)
               Output: s.ticker
         ->  Aggregate  (cost=21.70..21.71 rows=1 width=64) (never executed)
               Output: avg(ohlcv_1m.volume), avg((((ohlcv_1m.volume * ohlcv_1m.close))::numeric / 1000.0))
               ->  Limit  (cost=3.58..21.52 rows=8 width=24) (never executed)
                     Output: ohlcv_1m.volume, ohlcv_1m.close, ohlcv_1m."timestamp"
                     ->  Custom Scan (ChunkAppend) on public.ohlcv_1m  (cost=3.58..21.52 rows=8 width=24) (never executed)
                           Output: ohlcv_1m.volume, ohlcv_1m.close, ohlcv_1m."timestamp"
                           Order: ohlcv_1m."timestamp" DESC
                           Startup Exclusion: false
                           Runtime Exclusion: false
                           ->  Merge Append  (cost=3.58..21.52 rows=8 width=24) (never executed)
                                 Sort Key: _hyper_153_10156_chunk."timestamp" DESC
                                 ->  Index Scan Backward using "10156_8277_ohlcv_1m_pkey" on _timescaledb_internal._hyper_153_10156_chunk  (cost=0.43..2.65 rows=1 width=24) (never executed)
                                       Output: _hyper_153_10156_chunk.volume, _hyper_153_10156_chunk.close, _hyper_153_10156_chunk."timestamp"
                                       Index Cond: ((_hyper_153_10156_chunk.ticker = s.ticker) AND (_hyper_153_10156_chunk."timestamp" >= (now() - '00:30:00'::interval)))
                                 ->  Index Scan Backward using "10155_8276_ohlcv_1m_pkey" on _timescaledb_internal._hyper_153_10155_chunk  (cost=0.43..2.65 rows=1 width=24) (never executed)
                                       Output: _hyper_153_10155_chunk.volume, _hyper_153_10155_chunk.close, _hyper_153_10155_chunk."timestamp"
                                       Index Cond: ((_hyper_153_10155_chunk.ticker = s.ticker) AND (_hyper_153_10155_chunk."timestamp" >= (now() - '00:30:00'::interval)))
                                 ->  Index Scan Backward using "10154_8275_ohlcv_1m_pkey" on _timescaledb_internal._hyper_153_10154_chunk  (cost=0.43..2.65 rows=1 width=24) (never executed)
                                       Output: _hyper_153_10154_chunk.volume, _hyper_153_10154_chunk.close, _hyper_153_10154_chunk."timestamp"
                                       Index Cond: ((_hyper_153_10154_chunk.ticker = s.ticker) AND (_hyper_153_10154_chunk."timestamp" >= (now() - '00:30:00'::interval)))
                                 ->  Index Scan Backward using "10153_8274_ohlcv_1m_pkey" on _timescaledb_internal._hyper_153_10153_chunk  (cost=0.43..2.65 rows=1 width=24) (never executed)
                                       Output: _hyper_153_10153_chunk.volume, _hyper_153_10153_chunk.close, _hyper_153_10153_chunk."timestamp"
                                       Index Cond: ((_hyper_153_10153_chunk.ticker = s.ticker) AND (_hyper_153_10153_chunk."timestamp" >= (now() - '00:30:00'::interval)))
                                 ->  Index Scan Backward using "10152_8273_ohlcv_1m_pkey" on _timescaledb_internal._hyper_153_10152_chunk  (cost=0.43..2.65 rows=1 width=24) (never executed)
                                       Output: _hyper_153_10152_chunk.volume, _hyper_153_10152_chunk.close, _hyper_153_10152_chunk."timestamp"
                                       Index Cond: ((_hyper_153_10152_chunk.ticker = s.ticker) AND (_hyper_153_10152_chunk."timestamp" >= (now() - '00:30:00'::interval)))
                                 ->  Index Scan Backward using "10151_8272_ohlcv_1m_pkey" on _timescaledb_internal._hyper_153_10151_chunk  (cost=0.43..2.65 rows=1 width=24) (never executed)
                                       Output: _hyper_153_10151_chunk.volume, _hyper_153_10151_chunk.close, _hyper_153_10151_chunk."timestamp"
                                       Index Cond: ((_hyper_153_10151_chunk.ticker = s.ticker) AND (_hyper_153_10151_chunk."timestamp" >= (now() - '00:30:00'::interval)))
                                 ->  Index Scan Backward using "10150_8271_ohlcv_1m_pkey" on _timescaledb_internal._hyper_153_10150_chunk  (cost=0.43..2.65 rows=1 width=24) (never executed)
                                       Output: _hyper_153_10150_chunk.volume, _hyper_153_10150_chunk.close, _hyper_153_10150_chunk."timestamp"
                                       Index Cond: ((_hyper_153_10150_chunk.ticker = s.ticker) AND (_hyper_153_10150_chunk."timestamp" >= (now() - '00:30:00'::interval)))
                                 ->  Index Scan Backward using "10149_8270_ohlcv_1m_pkey" on _timescaledb_internal._hyper_153_10149_chunk  (cost=0.43..2.65 rows=1 width=24) (never executed)
                                       Output: _hyper_153_10149_chunk.volume, _hyper_153_10149_chunk.close, _hyper_153_10149_chunk."timestamp"
                                       Index Cond: ((_hyper_153_10149_chunk.ticker = s.ticker) AND (_hyper_153_10149_chunk."timestamp" >= (now() - '00:30:00'::interval)))
 Query Identifier: -6241915526422785324
 Planning:
   Buffers: shared hit=105
 Planning Time: 5.084 ms
 Execution Time: 1.029 ms
(46 rows)

 schemaname |     tablename     |              indexname               |                                                                 indexdef                                                                  
------------+-------------------+--------------------------------------+-------------------------------------------------------------------------------------------------------------------------------------------
 public     | ohlcv_1d          | ohlcv_1d_pkey                        | CREATE UNIQUE INDEX ohlcv_1d_pkey ON public.ohlcv_1d USING btree (ticker, "timestamp")
 public     | ohlcv_1m          | ohlcv_1m_pkey                        | CREATE UNIQUE INDEX ohlcv_1m_pkey ON public.ohlcv_1m USING btree (ticker, "timestamp")
 public     | securities        | btree_securities_ticker_norm_pattern | CREATE INDEX btree_securities_ticker_norm_pattern ON public.securities USING btree (ticker_norm text_pattern_ops) WHERE (maxdate IS NULL)
 public     | securities        | btree_securities_upper_name_pattern  | CREATE INDEX btree_securities_upper_name_pattern ON public.securities USING btree (upper(name) text_pattern_ops) WHERE (maxdate IS NULL)
 public     | securities        | gin_securities_ticker_norm_trgm      | CREATE INDEX gin_securities_ticker_norm_trgm ON public.securities USING gin (ticker_norm gin_trgm_ops) WHERE (maxdate IS NULL)
 public     | securities        | gin_securities_upper_name_trgm       | CREATE INDEX gin_securities_upper_name_trgm ON public.securities USING gin (upper(name) gin_trgm_ops) WHERE (maxdate IS NULL)
 public     | securities        | idx_securities_active                | CREATE INDEX idx_securities_active ON public.securities USING btree (securityid) WHERE (maxdate IS NULL)
 public     | securities        | idx_securities_share_class_figi      | CREATE INDEX idx_securities_share_class_figi ON public.securities USING btree (share_class_figi)
 public     | securities        | idx_securities_sic_code              | CREATE INDEX idx_securities_sic_code ON public.securities USING btree (sic_code)
 public     | securities        | idx_securities_ticker_norm           | CREATE INDEX idx_securities_ticker_norm ON public.securities USING btree (ticker_norm)
 public     | securities        | idxtickerdaterange                   | CREATE INDEX idxtickerdaterange ON public.securities USING btree (ticker, mindate, maxdate)
 public     | securities        | securities_securityid_maxdate_key    | CREATE UNIQUE INDEX securities_securityid_maxdate_key ON public.securities USING btree (securityid, maxdate)
 public     | securities        | securities_securityid_mindate_key    | CREATE UNIQUE INDEX securities_securityid_mindate_key ON public.securities USING btree (securityid, mindate)
 public     | securities        | securities_ticker_maxdate_key        | CREATE UNIQUE INDEX securities_ticker_maxdate_key ON public.securities USING btree (ticker, maxdate)
 public     | securities        | securities_ticker_mindate_key        | CREATE UNIQUE INDEX securities_ticker_mindate_key ON public.securities USING btree (ticker, mindate)
 public     | securities        | trgm_idx_securities_name             | CREATE INDEX trgm_idx_securities_name ON public.securities USING gin (name gin_trgm_ops)
 public     | securities        | trgm_idx_securities_ticker           | CREATE INDEX trgm_idx_securities_ticker ON public.securities USING gin (ticker gin_trgm_ops)
 public     | securities        | unique_ticker_active                 | CREATE UNIQUE INDEX unique_ticker_active ON public.securities USING btree (ticker, active)
 public     | static_refs_1m    | static_refs_1m_pkey                  | CREATE UNIQUE INDEX static_refs_1m_pkey ON public.static_refs_1m USING btree (ticker)
 public     | static_refs_daily | static_refs_daily_pkey               | CREATE UNIQUE INDEX static_refs_daily_pkey ON public.static_refs_daily USING btree (ticker)
(20 rows)

psql:/dev/stdin:499: ERROR:  column "tablename" does not exist
LINE 3:     tablename,
            ^
                                         QUERY PLAN                                         
--------------------------------------------------------------------------------------------
 Result  (cost=0.00..0.26 rows=1 width=4) (actual time=93685.188..93685.192 rows=1 loops=1)
   Output: refresh_static_refs_1m()
   Buffers: shared hit=4919635 read=53982 dirtied=476 written=474
   I/O Timings: shared read=25201.873 write=47.376
 Query Identifier: -8833429440284902029
 Planning Time: 0.400 ms
 Execution Time: 93757.752 ms
(7 rows)

                                          QUERY PLAN                                          
----------------------------------------------------------------------------------------------
 Result  (cost=0.00..0.26 rows=1 width=4) (actual time=970003.575..970004.196 rows=1 loops=1)
   Output: refresh_static_refs()
   Buffers: shared hit=20946399 read=115174 dirtied=1963 written=1235
   I/O Timings: shared read=143890.618 write=144.779
 Query Identifier: -7610576229545213346
 Planning Time: 1.347 ms
 Execution Time: 970005.415 ms
(7 rows)

